================================================================
== Design Size Report
================================================================

* Instructions per Function for each Compilation Phase
+--------------------------------------+-------------------------+--------------+--------------------+----------------------+---------------+
| Function                             | Location                | Compile/Link | Unroll/Inline      | Performance/Pipeline | Optimizations |
+--------------------------------------+-------------------------+--------------+--------------------+----------------------+---------------+
| + ParamEst_NN                        | ParamEst_NN.cpp:6       | 11,004       | 533,093 *          | 135,003 *            | 133,541 *     |
|  + dense<ap_fixed<16, 6, AP_TRN...   | nnet_dense.h:36         |    947       |                    |                      |               |
|   + dense_latency<ap_fixed<16, 6...  | nnet_dense_latency.h:13 |    945       |                    |                      |               |
|      product                         | nnet_mult.h:70          |    151       |                    |                      |               |
|      cast<ap_fixed<16, 6, AP_TRN,... | nnet_mult.h:110         |      3       |                    |                      |               |
|  + normalize<ap_fixed<16, 6, AP...   | nnet_batchnorm.h:31     |    758       |   2,367            |     214              |     215       |
|     product                          | nnet_mult.h:80          |    453       |                    |                      |               |
|    linear<ap_fixed<16, 6, AP_TR...   | nnet_activation.h:28    |     65       |     480            |      33              |      34       |
|    relu<ap_fixed<16, 6, AP_RND_...   | nnet_activation.h:39    |    782       |   1,505            |     705              |     706       |
|  + dense<ap_ufixed<16, 0, AP_RN...   | nnet_dense.h:36         |    851       |                    |                      |               |
|   + dense_latency<ap_ufixed<16, ...  | nnet_dense_latency.h:13 |    849       |                    |                      |               |
|      product                         | nnet_mult.h:70          |    151       |                    |                      |               |
|      cast<ap_ufixed<16, 0, AP_RND... | nnet_mult.h:110         |      3       |                    |                      |               |
|  + normalize<ap_fixed<16, 6, AP...   | nnet_batchnorm.h:31     |    758       |   4,772            |     434              |     435       |
|     product                          | nnet_mult.h:80          |    453       |                    |                      |               |
|    linear<ap_fixed<16, 6, AP_TR...   | nnet_activation.h:28    |     65       |     960            |      65              |      66       |
|    relu<ap_fixed<16, 6, AP_RND_...   | nnet_activation.h:39    |    782       |   3,009            |   1,409              |   1,410       |
|  + dense<ap_ufixed<16, 0, AP_RN...   | nnet_dense.h:36         |    851       |                    |                      |               |
|   + dense_latency<ap_ufixed<16, ...  | nnet_dense_latency.h:13 |    849       |                    |                      |               |
|      product                         | nnet_mult.h:70          |    151       |                    |                      |               |
|      cast<ap_ufixed<16, 0, AP_RND... | nnet_mult.h:110         |      3       |                    |                      |               |
|  + normalize<ap_fixed<16, 6, AP...   | nnet_batchnorm.h:31     |    758       |   2,405            |     220              |     221       |
|     product                          | nnet_mult.h:80          |    453       |                    |                      |               |
|    linear<ap_fixed<16, 6, AP_TR...   | nnet_activation.h:28    |     65       |     480            |      33              |      34       |
|    relu<ap_fixed<16, 6, AP_RND_...   | nnet_activation.h:39    |    782       |   1,505            |     705              |     706       |
|  + dense<ap_ufixed<16, 0, AP_RN...   | nnet_dense.h:36         |    851       |                    |                      |               |
|   + dense_latency<ap_ufixed<16, ...  | nnet_dense_latency.h:13 |    849       |                    |                      |               |
|      product                         | nnet_mult.h:70          |    151       |                    |                      |               |
|      cast<ap_ufixed<16, 0, AP_RND... | nnet_mult.h:110         |      3       |                    |                      |               |
|  + normalize<ap_fixed<16, 6, AP...   | nnet_batchnorm.h:31     |    758       |     383            |      37              |      38       |
|     product                          | nnet_mult.h:80          |    453       |                    |                      |               |
|    linear<ap_fixed<16, 6, AP_TR...   | nnet_activation.h:28    |     65       |      75            |       6              |       7       |
|    hard_tanh<ap_fixed<16, 6, AP...   | nnet_activation.h:462   |  1,485       |     732            |     336              |     336       |
|  + dense_latency<ap_fixed<16, 6...   | nnet_dense_latency.h:13 |              |  69,481            |  17,127              |  17,128       |
|     cast<ap_fixed<16, 6, AP_TRN,...  | nnet_mult.h:110         |              |      96 (32 calls) |                      |               |
|  + dense_latency<ap_ufixed<16, ...   | nnet_dense_latency.h:13 |              | 214,203            |  52,615              |  52,616       |
|     cast<ap_ufixed<16, 0, AP_RND...  | nnet_mult.h:110         |              |     192 (64 calls) |                      |               |
|  + dense_latency<ap_ufixed<16, ...   | nnet_dense_latency.h:13 |              | 213,639            |  54,160              |  54,161       |
|     cast<ap_ufixed<16, 0, AP_RND...  | nnet_mult.h:110         |              |      96 (32 calls) |                      |               |
|  + dense_latency<ap_ufixed<16, ...   | nnet_dense_latency.h:13 |              |  16,916            |   4,342              |   4,343       |
|     cast<ap_ufixed<16, 0, AP_RND...  | nnet_mult.h:110         |              |      15 (5 calls)  |                      |               |
+--------------------------------------+-------------------------+--------------+--------------------+----------------------+---------------+
    * - Exceeded design size warning message threshold

* Description of Compilation Phases
+----------------------+------------------------------------------------------------+
| Compilation Phase    | Description                                                |
+----------------------+------------------------------------------------------------+
| Compile/Link         | All functions are compiled and linked into a single design |
| Unroll/Inline        | After user unroll and inline pragmas are applied           |
| Performance/Pipeline | After performance and pipeline pragmas are applied         |
| Optimizations        | After high level synthesis optimizations                   |
+----------------------+------------------------------------------------------------+

* Design Size Message Settings
+---------------------------------------------+--------+------------------------------------------------------------------+
| Message Setting                             | Value  | Description                                                      |
+---------------------------------------------+--------+------------------------------------------------------------------+
| config_compile -design_size_maximum_warning | 100000 | Show a warning when total design instructions exceeds this value |
+---------------------------------------------+--------+------------------------------------------------------------------+


