

================================================================
== Vitis HLS Report for 'linear_ap_fixed_ap_fixed_16_6_4_0_0_PARAMEST_NN_linear_config13_s'
================================================================
* Date:           Sun Apr 13 13:13:53 2025

* Version:        2023.1 (Build 3854077 on May  4 2023)
* Project:        ParamEst_NN_prj
* Solution:       solution1 (Vivado IP Flow Target)
* Product family: virtexuplus
* Target device:  xcu250-figd2104-2L-e


================================================================
== Performance Estimates
================================================================
+ Timing: 
    * Summary: 
    +--------+---------+----------+------------+
    |  Clock |  Target | Estimated| Uncertainty|
    +--------+---------+----------+------------+
    |ap_clk  |  5.00 ns|      0 ns|     0.62 ns|
    +--------+---------+----------+------------+

+ Latency: 
    * Summary: 
    +---------+---------+----------+----------+-----+-----+---------+
    |  Latency (cycles) |  Latency (absolute) |  Interval | Pipeline|
    |   min   |   max   |    min   |    max   | min | max |   Type  |
    +---------+---------+----------+----------+-----+-----+---------+
    |        0|        0|      0 ns|      0 ns|    1|    1|      yes|
    +---------+---------+----------+----------+-----+-----+---------+

    + Detail: 
        * Instance: 
        N/A

        * Loop: 
        N/A



================================================================
== Utilization Estimates
================================================================
* Summary: 
+---------------------+---------+-------+---------+---------+------+
|         Name        | BRAM_18K|  DSP  |    FF   |   LUT   | URAM |
+---------------------+---------+-------+---------+---------+------+
|DSP                  |        -|      -|        -|        -|     -|
|Expression           |        -|      -|        -|        -|     -|
|FIFO                 |        -|      -|        -|        -|     -|
|Instance             |        -|      -|        -|        -|     -|
|Memory               |        -|      -|        -|        -|     -|
|Multiplexer          |        -|      -|        -|        -|     -|
|Register             |        -|      -|        -|        -|     -|
+---------------------+---------+-------+---------+---------+------+
|Total                |        0|      0|        0|        0|     0|
+---------------------+---------+-------+---------+---------+------+
|Available SLR        |     1344|   3072|   864000|   432000|   320|
+---------------------+---------+-------+---------+---------+------+
|Utilization SLR (%)  |        0|      0|        0|        0|     0|
+---------------------+---------+-------+---------+---------+------+
|Available            |     5376|  12288|  3456000|  1728000|  1280|
+---------------------+---------+-------+---------+---------+------+
|Utilization (%)      |        0|      0|        0|        0|     0|
+---------------------+---------+-------+---------+---------+------+

+ Detail: 
    * Instance: 
    N/A

    * DSP: 
    N/A

    * Memory: 
    N/A

    * FIFO: 
    N/A

    * Expression: 
    N/A

    * Multiplexer: 
    N/A

    * Register: 
    N/A



================================================================
== Interface
================================================================
* Summary: 
+-------------+-----+-----+------------+-------------------------------------------------------------------+--------------+
|  RTL Ports  | Dir | Bits|  Protocol  |                           Source Object                           |    C Type    |
+-------------+-----+-----+------------+-------------------------------------------------------------------+--------------+
|ap_ready     |  out|    1|  ap_ctrl_hs|  linear<ap_fixed,ap_fixed<16,6,4,0,0>,PARAMEST_NN_linear_config13>|  return value|
|ap_return_0  |  out|   16|  ap_ctrl_hs|  linear<ap_fixed,ap_fixed<16,6,4,0,0>,PARAMEST_NN_linear_config13>|  return value|
|ap_return_1  |  out|   16|  ap_ctrl_hs|  linear<ap_fixed,ap_fixed<16,6,4,0,0>,PARAMEST_NN_linear_config13>|  return value|
|ap_return_2  |  out|   16|  ap_ctrl_hs|  linear<ap_fixed,ap_fixed<16,6,4,0,0>,PARAMEST_NN_linear_config13>|  return value|
|ap_return_3  |  out|   16|  ap_ctrl_hs|  linear<ap_fixed,ap_fixed<16,6,4,0,0>,PARAMEST_NN_linear_config13>|  return value|
|ap_return_4  |  out|   16|  ap_ctrl_hs|  linear<ap_fixed,ap_fixed<16,6,4,0,0>,PARAMEST_NN_linear_config13>|  return value|
|data_0_val   |   in|   16|     ap_none|                                                         data_0_val|        scalar|
|data_1_val   |   in|   16|     ap_none|                                                         data_1_val|        scalar|
|data_2_val   |   in|   16|     ap_none|                                                         data_2_val|        scalar|
|data_3_val   |   in|   16|     ap_none|                                                         data_3_val|        scalar|
|data_4_val   |   in|   16|     ap_none|                                                         data_4_val|        scalar|
+-------------+-----+-----+------------+-------------------------------------------------------------------+--------------+

