

================================================================
== Vitis HLS Report for 'relu_ap_fixed_ap_ufixed_16_0_4_0_0_PARAMEST_NN_relu_config5_s'
================================================================
* Date:           Sun Apr 13 13:12:27 2025

* Version:        2023.1 (Build 3854077 on May  4 2023)
* Project:        ParamEst_NN_prj
* Solution:       solution1 (Vivado IP Flow Target)
* Product family: virtexuplus
* Target device:  xcu250-figd2104-2L-e


================================================================
== Performance Estimates
================================================================
+ Timing: 
    * Summary: 
    +--------+---------+----------+------------+
    |  Clock |  Target | Estimated| Uncertainty|
    +--------+---------+----------+------------+
    |ap_clk  |  5.00 ns|  1.028 ns|     0.62 ns|
    +--------+---------+----------+------------+

+ Latency: 
    * Summary: 
    +---------+---------+----------+----------+-----+-----+---------+
    |  Latency (cycles) |  Latency (absolute) |  Interval | Pipeline|
    |   min   |   max   |    min   |    max   | min | max |   Type  |
    +---------+---------+----------+----------+-----+-----+---------+
    |        0|        0|      0 ns|      0 ns|    1|    1|      yes|
    +---------+---------+----------+----------+-----+-----+---------+

    + Detail: 
        * Instance: 
        N/A

        * Loop: 
        N/A



================================================================
== Utilization Estimates
================================================================
* Summary: 
+---------------------+---------+-------+---------+---------+------+
|         Name        | BRAM_18K|  DSP  |    FF   |   LUT   | URAM |
+---------------------+---------+-------+---------+---------+------+
|DSP                  |        -|      -|        -|        -|     -|
|Expression           |        -|      -|        0|     2176|     -|
|FIFO                 |        -|      -|        -|        -|     -|
|Instance             |        -|      -|        -|        -|     -|
|Memory               |        -|      -|        -|        -|     -|
|Multiplexer          |        -|      -|        -|        -|     -|
|Register             |        -|      -|        -|        -|     -|
+---------------------+---------+-------+---------+---------+------+
|Total                |        0|      0|        0|     2176|     0|
+---------------------+---------+-------+---------+---------+------+
|Available SLR        |     1344|   3072|   864000|   432000|   320|
+---------------------+---------+-------+---------+---------+------+
|Utilization SLR (%)  |        0|      0|        0|       ~0|     0|
+---------------------+---------+-------+---------+---------+------+
|Available            |     5376|  12288|  3456000|  1728000|  1280|
+---------------------+---------+-------+---------+---------+------+
|Utilization (%)      |        0|      0|        0|       ~0|     0|
+---------------------+---------+-------+---------+---------+------+

+ Detail: 
    * Instance: 
    N/A

    * DSP: 
    N/A

    * Memory: 
    N/A

    * FIFO: 
    N/A

    * Expression: 
    +---------------------------+----------+----+---+----+------------+------------+
    |       Variable Name       | Operation| DSP| FF| LUT| Bitwidth P0| Bitwidth P1|
    +---------------------------+----------+----+---+----+------------+------------+
    |icmp_ln45_64_fu_326_p2     |      icmp|   0|  0|  23|          16|           1|
    |icmp_ln45_65_fu_370_p2     |      icmp|   0|  0|  23|          16|           1|
    |icmp_ln45_66_fu_414_p2     |      icmp|   0|  0|  23|          16|           1|
    |icmp_ln45_67_fu_458_p2     |      icmp|   0|  0|  23|          16|           1|
    |icmp_ln45_68_fu_502_p2     |      icmp|   0|  0|  23|          16|           1|
    |icmp_ln45_69_fu_546_p2     |      icmp|   0|  0|  23|          16|           1|
    |icmp_ln45_70_fu_590_p2     |      icmp|   0|  0|  23|          16|           1|
    |icmp_ln45_71_fu_634_p2     |      icmp|   0|  0|  23|          16|           1|
    |icmp_ln45_72_fu_678_p2     |      icmp|   0|  0|  23|          16|           1|
    |icmp_ln45_73_fu_722_p2     |      icmp|   0|  0|  23|          16|           1|
    |icmp_ln45_74_fu_766_p2     |      icmp|   0|  0|  23|          16|           1|
    |icmp_ln45_75_fu_810_p2     |      icmp|   0|  0|  23|          16|           1|
    |icmp_ln45_76_fu_854_p2     |      icmp|   0|  0|  23|          16|           1|
    |icmp_ln45_77_fu_898_p2     |      icmp|   0|  0|  23|          16|           1|
    |icmp_ln45_78_fu_942_p2     |      icmp|   0|  0|  23|          16|           1|
    |icmp_ln45_79_fu_986_p2     |      icmp|   0|  0|  23|          16|           1|
    |icmp_ln45_80_fu_1030_p2    |      icmp|   0|  0|  23|          16|           1|
    |icmp_ln45_81_fu_1074_p2    |      icmp|   0|  0|  23|          16|           1|
    |icmp_ln45_82_fu_1118_p2    |      icmp|   0|  0|  23|          16|           1|
    |icmp_ln45_83_fu_1162_p2    |      icmp|   0|  0|  23|          16|           1|
    |icmp_ln45_84_fu_1206_p2    |      icmp|   0|  0|  23|          16|           1|
    |icmp_ln45_85_fu_1250_p2    |      icmp|   0|  0|  23|          16|           1|
    |icmp_ln45_86_fu_1294_p2    |      icmp|   0|  0|  23|          16|           1|
    |icmp_ln45_87_fu_1338_p2    |      icmp|   0|  0|  23|          16|           1|
    |icmp_ln45_88_fu_1382_p2    |      icmp|   0|  0|  23|          16|           1|
    |icmp_ln45_89_fu_1426_p2    |      icmp|   0|  0|  23|          16|           1|
    |icmp_ln45_90_fu_1470_p2    |      icmp|   0|  0|  23|          16|           1|
    |icmp_ln45_91_fu_1514_p2    |      icmp|   0|  0|  23|          16|           1|
    |icmp_ln45_92_fu_1558_p2    |      icmp|   0|  0|  23|          16|           1|
    |icmp_ln45_93_fu_1602_p2    |      icmp|   0|  0|  23|          16|           1|
    |icmp_ln45_94_fu_1646_p2    |      icmp|   0|  0|  23|          16|           1|
    |icmp_ln45_fu_282_p2        |      icmp|   0|  0|  23|          16|           1|
    |icmp_ln46_64_fu_348_p2     |      icmp|   0|  0|  13|           6|           1|
    |icmp_ln46_65_fu_392_p2     |      icmp|   0|  0|  13|           6|           1|
    |icmp_ln46_66_fu_436_p2     |      icmp|   0|  0|  13|           6|           1|
    |icmp_ln46_67_fu_480_p2     |      icmp|   0|  0|  13|           6|           1|
    |icmp_ln46_68_fu_524_p2     |      icmp|   0|  0|  13|           6|           1|
    |icmp_ln46_69_fu_568_p2     |      icmp|   0|  0|  13|           6|           1|
    |icmp_ln46_70_fu_612_p2     |      icmp|   0|  0|  13|           6|           1|
    |icmp_ln46_71_fu_656_p2     |      icmp|   0|  0|  13|           6|           1|
    |icmp_ln46_72_fu_700_p2     |      icmp|   0|  0|  13|           6|           1|
    |icmp_ln46_73_fu_744_p2     |      icmp|   0|  0|  13|           6|           1|
    |icmp_ln46_74_fu_788_p2     |      icmp|   0|  0|  13|           6|           1|
    |icmp_ln46_75_fu_832_p2     |      icmp|   0|  0|  13|           6|           1|
    |icmp_ln46_76_fu_876_p2     |      icmp|   0|  0|  13|           6|           1|
    |icmp_ln46_77_fu_920_p2     |      icmp|   0|  0|  13|           6|           1|
    |icmp_ln46_78_fu_964_p2     |      icmp|   0|  0|  13|           6|           1|
    |icmp_ln46_79_fu_1008_p2    |      icmp|   0|  0|  13|           6|           1|
    |icmp_ln46_80_fu_1052_p2    |      icmp|   0|  0|  13|           6|           1|
    |icmp_ln46_81_fu_1096_p2    |      icmp|   0|  0|  13|           6|           1|
    |icmp_ln46_82_fu_1140_p2    |      icmp|   0|  0|  13|           6|           1|
    |icmp_ln46_83_fu_1184_p2    |      icmp|   0|  0|  13|           6|           1|
    |icmp_ln46_84_fu_1228_p2    |      icmp|   0|  0|  13|           6|           1|
    |icmp_ln46_85_fu_1272_p2    |      icmp|   0|  0|  13|           6|           1|
    |icmp_ln46_86_fu_1316_p2    |      icmp|   0|  0|  13|           6|           1|
    |icmp_ln46_87_fu_1360_p2    |      icmp|   0|  0|  13|           6|           1|
    |icmp_ln46_88_fu_1404_p2    |      icmp|   0|  0|  13|           6|           1|
    |icmp_ln46_89_fu_1448_p2    |      icmp|   0|  0|  13|           6|           1|
    |icmp_ln46_90_fu_1492_p2    |      icmp|   0|  0|  13|           6|           1|
    |icmp_ln46_91_fu_1536_p2    |      icmp|   0|  0|  13|           6|           1|
    |icmp_ln46_92_fu_1580_p2    |      icmp|   0|  0|  13|           6|           1|
    |icmp_ln46_93_fu_1624_p2    |      icmp|   0|  0|  13|           6|           1|
    |icmp_ln46_94_fu_1668_p2    |      icmp|   0|  0|  13|           6|           1|
    |icmp_ln46_fu_304_p2        |      icmp|   0|  0|  13|           6|           1|
    |select_ln45_64_fu_362_p3   |    select|   0|  0|  16|           1|          16|
    |select_ln45_65_fu_406_p3   |    select|   0|  0|  16|           1|          16|
    |select_ln45_66_fu_450_p3   |    select|   0|  0|  16|           1|          16|
    |select_ln45_67_fu_494_p3   |    select|   0|  0|  16|           1|          16|
    |select_ln45_68_fu_538_p3   |    select|   0|  0|  16|           1|          16|
    |select_ln45_69_fu_582_p3   |    select|   0|  0|  16|           1|          16|
    |select_ln45_70_fu_626_p3   |    select|   0|  0|  16|           1|          16|
    |select_ln45_71_fu_670_p3   |    select|   0|  0|  16|           1|          16|
    |select_ln45_72_fu_714_p3   |    select|   0|  0|  16|           1|          16|
    |select_ln45_73_fu_758_p3   |    select|   0|  0|  16|           1|          16|
    |select_ln45_74_fu_802_p3   |    select|   0|  0|  16|           1|          16|
    |select_ln45_75_fu_846_p3   |    select|   0|  0|  16|           1|          16|
    |select_ln45_76_fu_890_p3   |    select|   0|  0|  16|           1|          16|
    |select_ln45_77_fu_934_p3   |    select|   0|  0|  16|           1|          16|
    |select_ln45_78_fu_978_p3   |    select|   0|  0|  16|           1|          16|
    |select_ln45_79_fu_1022_p3  |    select|   0|  0|  16|           1|          16|
    |select_ln45_80_fu_1066_p3  |    select|   0|  0|  16|           1|          16|
    |select_ln45_81_fu_1110_p3  |    select|   0|  0|  16|           1|          16|
    |select_ln45_82_fu_1154_p3  |    select|   0|  0|  16|           1|          16|
    |select_ln45_83_fu_1198_p3  |    select|   0|  0|  16|           1|          16|
    |select_ln45_84_fu_1242_p3  |    select|   0|  0|  16|           1|          16|
    |select_ln45_85_fu_1286_p3  |    select|   0|  0|  16|           1|          16|
    |select_ln45_86_fu_1330_p3  |    select|   0|  0|  16|           1|          16|
    |select_ln45_87_fu_1374_p3  |    select|   0|  0|  16|           1|          16|
    |select_ln45_88_fu_1418_p3  |    select|   0|  0|  16|           1|          16|
    |select_ln45_89_fu_1462_p3  |    select|   0|  0|  16|           1|          16|
    |select_ln45_90_fu_1506_p3  |    select|   0|  0|  16|           1|          16|
    |select_ln45_91_fu_1550_p3  |    select|   0|  0|  16|           1|          16|
    |select_ln45_92_fu_1594_p3  |    select|   0|  0|  16|           1|          16|
    |select_ln45_93_fu_1638_p3  |    select|   0|  0|  16|           1|          16|
    |select_ln45_94_fu_1682_p3  |    select|   0|  0|  16|           1|          16|
    |select_ln45_fu_318_p3      |    select|   0|  0|  16|           1|          16|
    |select_ln46_64_fu_354_p3   |    select|   0|  0|  16|           1|           2|
    |select_ln46_65_fu_398_p3   |    select|   0|  0|  16|           1|           2|
    |select_ln46_66_fu_442_p3   |    select|   0|  0|  16|           1|           2|
    |select_ln46_67_fu_486_p3   |    select|   0|  0|  16|           1|           2|
    |select_ln46_68_fu_530_p3   |    select|   0|  0|  16|           1|           2|
    |select_ln46_69_fu_574_p3   |    select|   0|  0|  16|           1|           2|
    |select_ln46_70_fu_618_p3   |    select|   0|  0|  16|           1|           2|
    |select_ln46_71_fu_662_p3   |    select|   0|  0|  16|           1|           2|
    |select_ln46_72_fu_706_p3   |    select|   0|  0|  16|           1|           2|
    |select_ln46_73_fu_750_p3   |    select|   0|  0|  16|           1|           2|
    |select_ln46_74_fu_794_p3   |    select|   0|  0|  16|           1|           2|
    |select_ln46_75_fu_838_p3   |    select|   0|  0|  16|           1|           2|
    |select_ln46_76_fu_882_p3   |    select|   0|  0|  16|           1|           2|
    |select_ln46_77_fu_926_p3   |    select|   0|  0|  16|           1|           2|
    |select_ln46_78_fu_970_p3   |    select|   0|  0|  16|           1|           2|
    |select_ln46_79_fu_1014_p3  |    select|   0|  0|  16|           1|           2|
    |select_ln46_80_fu_1058_p3  |    select|   0|  0|  16|           1|           2|
    |select_ln46_81_fu_1102_p3  |    select|   0|  0|  16|           1|           2|
    |select_ln46_82_fu_1146_p3  |    select|   0|  0|  16|           1|           2|
    |select_ln46_83_fu_1190_p3  |    select|   0|  0|  16|           1|           2|
    |select_ln46_84_fu_1234_p3  |    select|   0|  0|  16|           1|           2|
    |select_ln46_85_fu_1278_p3  |    select|   0|  0|  16|           1|           2|
    |select_ln46_86_fu_1322_p3  |    select|   0|  0|  16|           1|           2|
    |select_ln46_87_fu_1366_p3  |    select|   0|  0|  16|           1|           2|
    |select_ln46_88_fu_1410_p3  |    select|   0|  0|  16|           1|           2|
    |select_ln46_89_fu_1454_p3  |    select|   0|  0|  16|           1|           2|
    |select_ln46_90_fu_1498_p3  |    select|   0|  0|  16|           1|           2|
    |select_ln46_91_fu_1542_p3  |    select|   0|  0|  16|           1|           2|
    |select_ln46_92_fu_1586_p3  |    select|   0|  0|  16|           1|           2|
    |select_ln46_93_fu_1630_p3  |    select|   0|  0|  16|           1|           2|
    |select_ln46_94_fu_1674_p3  |    select|   0|  0|  16|           1|           2|
    |select_ln46_fu_310_p3      |    select|   0|  0|  16|           1|           2|
    +---------------------------+----------+----+---+----+------------+------------+
    |Total                      |          |   0|  0|2176|         768|         640|
    +---------------------------+----------+----+---+----+------------+------------+

    * Multiplexer: 
    N/A

    * Register: 
    N/A



================================================================
== Interface
================================================================
* Summary: 
+--------------+-----+-----+------------+---------------------------------------------------------------+--------------+
|   RTL Ports  | Dir | Bits|  Protocol  |                         Source Object                         |    C Type    |
+--------------+-----+-----+------------+---------------------------------------------------------------+--------------+
|ap_ready      |  out|    1|  ap_ctrl_hs|  relu<ap_fixed,ap_ufixed<16,0,4,0,0>,PARAMEST_NN_relu_config5>|  return value|
|ap_return_0   |  out|   16|  ap_ctrl_hs|  relu<ap_fixed,ap_ufixed<16,0,4,0,0>,PARAMEST_NN_relu_config5>|  return value|
|ap_return_1   |  out|   16|  ap_ctrl_hs|  relu<ap_fixed,ap_ufixed<16,0,4,0,0>,PARAMEST_NN_relu_config5>|  return value|
|ap_return_2   |  out|   16|  ap_ctrl_hs|  relu<ap_fixed,ap_ufixed<16,0,4,0,0>,PARAMEST_NN_relu_config5>|  return value|
|ap_return_3   |  out|   16|  ap_ctrl_hs|  relu<ap_fixed,ap_ufixed<16,0,4,0,0>,PARAMEST_NN_relu_config5>|  return value|
|ap_return_4   |  out|   16|  ap_ctrl_hs|  relu<ap_fixed,ap_ufixed<16,0,4,0,0>,PARAMEST_NN_relu_config5>|  return value|
|ap_return_5   |  out|   16|  ap_ctrl_hs|  relu<ap_fixed,ap_ufixed<16,0,4,0,0>,PARAMEST_NN_relu_config5>|  return value|
|ap_return_6   |  out|   16|  ap_ctrl_hs|  relu<ap_fixed,ap_ufixed<16,0,4,0,0>,PARAMEST_NN_relu_config5>|  return value|
|ap_return_7   |  out|   16|  ap_ctrl_hs|  relu<ap_fixed,ap_ufixed<16,0,4,0,0>,PARAMEST_NN_relu_config5>|  return value|
|ap_return_8   |  out|   16|  ap_ctrl_hs|  relu<ap_fixed,ap_ufixed<16,0,4,0,0>,PARAMEST_NN_relu_config5>|  return value|
|ap_return_9   |  out|   16|  ap_ctrl_hs|  relu<ap_fixed,ap_ufixed<16,0,4,0,0>,PARAMEST_NN_relu_config5>|  return value|
|ap_return_10  |  out|   16|  ap_ctrl_hs|  relu<ap_fixed,ap_ufixed<16,0,4,0,0>,PARAMEST_NN_relu_config5>|  return value|
|ap_return_11  |  out|   16|  ap_ctrl_hs|  relu<ap_fixed,ap_ufixed<16,0,4,0,0>,PARAMEST_NN_relu_config5>|  return value|
|ap_return_12  |  out|   16|  ap_ctrl_hs|  relu<ap_fixed,ap_ufixed<16,0,4,0,0>,PARAMEST_NN_relu_config5>|  return value|
|ap_return_13  |  out|   16|  ap_ctrl_hs|  relu<ap_fixed,ap_ufixed<16,0,4,0,0>,PARAMEST_NN_relu_config5>|  return value|
|ap_return_14  |  out|   16|  ap_ctrl_hs|  relu<ap_fixed,ap_ufixed<16,0,4,0,0>,PARAMEST_NN_relu_config5>|  return value|
|ap_return_15  |  out|   16|  ap_ctrl_hs|  relu<ap_fixed,ap_ufixed<16,0,4,0,0>,PARAMEST_NN_relu_config5>|  return value|
|ap_return_16  |  out|   16|  ap_ctrl_hs|  relu<ap_fixed,ap_ufixed<16,0,4,0,0>,PARAMEST_NN_relu_config5>|  return value|
|ap_return_17  |  out|   16|  ap_ctrl_hs|  relu<ap_fixed,ap_ufixed<16,0,4,0,0>,PARAMEST_NN_relu_config5>|  return value|
|ap_return_18  |  out|   16|  ap_ctrl_hs|  relu<ap_fixed,ap_ufixed<16,0,4,0,0>,PARAMEST_NN_relu_config5>|  return value|
|ap_return_19  |  out|   16|  ap_ctrl_hs|  relu<ap_fixed,ap_ufixed<16,0,4,0,0>,PARAMEST_NN_relu_config5>|  return value|
|ap_return_20  |  out|   16|  ap_ctrl_hs|  relu<ap_fixed,ap_ufixed<16,0,4,0,0>,PARAMEST_NN_relu_config5>|  return value|
|ap_return_21  |  out|   16|  ap_ctrl_hs|  relu<ap_fixed,ap_ufixed<16,0,4,0,0>,PARAMEST_NN_relu_config5>|  return value|
|ap_return_22  |  out|   16|  ap_ctrl_hs|  relu<ap_fixed,ap_ufixed<16,0,4,0,0>,PARAMEST_NN_relu_config5>|  return value|
|ap_return_23  |  out|   16|  ap_ctrl_hs|  relu<ap_fixed,ap_ufixed<16,0,4,0,0>,PARAMEST_NN_relu_config5>|  return value|
|ap_return_24  |  out|   16|  ap_ctrl_hs|  relu<ap_fixed,ap_ufixed<16,0,4,0,0>,PARAMEST_NN_relu_config5>|  return value|
|ap_return_25  |  out|   16|  ap_ctrl_hs|  relu<ap_fixed,ap_ufixed<16,0,4,0,0>,PARAMEST_NN_relu_config5>|  return value|
|ap_return_26  |  out|   16|  ap_ctrl_hs|  relu<ap_fixed,ap_ufixed<16,0,4,0,0>,PARAMEST_NN_relu_config5>|  return value|
|ap_return_27  |  out|   16|  ap_ctrl_hs|  relu<ap_fixed,ap_ufixed<16,0,4,0,0>,PARAMEST_NN_relu_config5>|  return value|
|ap_return_28  |  out|   16|  ap_ctrl_hs|  relu<ap_fixed,ap_ufixed<16,0,4,0,0>,PARAMEST_NN_relu_config5>|  return value|
|ap_return_29  |  out|   16|  ap_ctrl_hs|  relu<ap_fixed,ap_ufixed<16,0,4,0,0>,PARAMEST_NN_relu_config5>|  return value|
|ap_return_30  |  out|   16|  ap_ctrl_hs|  relu<ap_fixed,ap_ufixed<16,0,4,0,0>,PARAMEST_NN_relu_config5>|  return value|
|ap_return_31  |  out|   16|  ap_ctrl_hs|  relu<ap_fixed,ap_ufixed<16,0,4,0,0>,PARAMEST_NN_relu_config5>|  return value|
|data_0_val    |   in|   16|     ap_none|                                                     data_0_val|        scalar|
|data_1_val    |   in|   16|     ap_none|                                                     data_1_val|        scalar|
|data_2_val    |   in|   16|     ap_none|                                                     data_2_val|        scalar|
|data_3_val    |   in|   16|     ap_none|                                                     data_3_val|        scalar|
|data_4_val    |   in|   16|     ap_none|                                                     data_4_val|        scalar|
|data_5_val    |   in|   16|     ap_none|                                                     data_5_val|        scalar|
|data_6_val    |   in|   16|     ap_none|                                                     data_6_val|        scalar|
|data_7_val    |   in|   16|     ap_none|                                                     data_7_val|        scalar|
|data_8_val    |   in|   16|     ap_none|                                                     data_8_val|        scalar|
|data_9_val    |   in|   16|     ap_none|                                                     data_9_val|        scalar|
|data_10_val   |   in|   16|     ap_none|                                                    data_10_val|        scalar|
|data_11_val   |   in|   16|     ap_none|                                                    data_11_val|        scalar|
|data_12_val   |   in|   16|     ap_none|                                                    data_12_val|        scalar|
|data_13_val   |   in|   16|     ap_none|                                                    data_13_val|        scalar|
|data_14_val   |   in|   16|     ap_none|                                                    data_14_val|        scalar|
|data_15_val   |   in|   16|     ap_none|                                                    data_15_val|        scalar|
|data_16_val   |   in|   16|     ap_none|                                                    data_16_val|        scalar|
|data_17_val   |   in|   16|     ap_none|                                                    data_17_val|        scalar|
|data_18_val   |   in|   16|     ap_none|                                                    data_18_val|        scalar|
|data_19_val   |   in|   16|     ap_none|                                                    data_19_val|        scalar|
|data_20_val   |   in|   16|     ap_none|                                                    data_20_val|        scalar|
|data_21_val   |   in|   16|     ap_none|                                                    data_21_val|        scalar|
|data_22_val   |   in|   16|     ap_none|                                                    data_22_val|        scalar|
|data_23_val   |   in|   16|     ap_none|                                                    data_23_val|        scalar|
|data_24_val   |   in|   16|     ap_none|                                                    data_24_val|        scalar|
|data_25_val   |   in|   16|     ap_none|                                                    data_25_val|        scalar|
|data_26_val   |   in|   16|     ap_none|                                                    data_26_val|        scalar|
|data_27_val   |   in|   16|     ap_none|                                                    data_27_val|        scalar|
|data_28_val   |   in|   16|     ap_none|                                                    data_28_val|        scalar|
|data_29_val   |   in|   16|     ap_none|                                                    data_29_val|        scalar|
|data_30_val   |   in|   16|     ap_none|                                                    data_30_val|        scalar|
|data_31_val   |   in|   16|     ap_none|                                                    data_31_val|        scalar|
+--------------+-----+-----+------------+---------------------------------------------------------------+--------------+

