

================================================================
== Vitis HLS Report for 'linear_ap_fixed_ap_fixed_16_6_4_0_0_PARAMEST_NN_linear_config13_s'
================================================================
* Date:           Sun Apr 13 13:13:53 2025

* Version:        2023.1 (Build 3854077 on May  4 2023)
* Project:        ParamEst_NN_prj
* Solution:       solution1 (Vivado IP Flow Target)
* Product family: virtexuplus
* Target device:  xcu250-figd2104-2L-e


================================================================
== Performance Estimates
================================================================
+ Timing: 
    * Summary: 
    +--------+---------+----------+------------+
    |  Clock |  Target | Estimated| Uncertainty|
    +--------+---------+----------+------------+
    |ap_clk  |  5.00 ns|      0 ns|     0.62 ns|
    +--------+---------+----------+------------+

+ Latency: 
    * Summary: 
    +---------+---------+----------+----------+-----+-----+---------+
    |  Latency (cycles) |  Latency (absolute) |  Interval | Pipeline|
    |   min   |   max   |    min   |    max   | min | max |   Type  |
    +---------+---------+----------+----------+-----+-----+---------+
    |        0|        0|      0 ns|      0 ns|    1|    1|      yes|
    +---------+---------+----------+----------+-----+-----+---------+

    + Detail: 
        * Instance: 
        N/A

        * Loop: 
        N/A



================================================================
== Utilization Estimates
================================================================
* Summary: 
+---------------------+---------+-------+---------+---------+------+
|         Name        | BRAM_18K|  DSP  |    FF   |   LUT   | URAM |
+---------------------+---------+-------+---------+---------+------+
|DSP                  |        -|      -|        -|        -|     -|
|Expression           |        -|      -|        -|        -|     -|
|FIFO                 |        -|      -|        -|        -|     -|
|Instance             |        -|      -|        -|        -|     -|
|Memory               |        -|      -|        -|        -|     -|
|Multiplexer          |        -|      -|        -|        -|     -|
|Register             |        -|      -|        -|        -|     -|
+---------------------+---------+-------+---------+---------+------+
|Total                |        0|      0|        0|        0|     0|
+---------------------+---------+-------+---------+---------+------+
|Available SLR        |     1344|   3072|   864000|   432000|   320|
+---------------------+---------+-------+---------+---------+------+
|Utilization SLR (%)  |        0|      0|        0|        0|     0|
+---------------------+---------+-------+---------+---------+------+
|Available            |     5376|  12288|  3456000|  1728000|  1280|
+---------------------+---------+-------+---------+---------+------+
|Utilization (%)      |        0|      0|        0|        0|     0|
+---------------------+---------+-------+---------+---------+------+

+ Detail: 
    * Instance: 
    N/A

    * DSP: 
    N/A

    * Memory: 
    N/A

    * FIFO: 
    N/A

    * Expression: 
    N/A

    * Multiplexer: 
    N/A

    * Register: 
    N/A



================================================================
== Interface
================================================================
* Summary: 
+-------------+-----+-----+------------+-------------------------------------------------------------------+--------------+
|  RTL Ports  | Dir | Bits|  Protocol  |                           Source Object                           |    C Type    |
+-------------+-----+-----+------------+-------------------------------------------------------------------+--------------+
|ap_ready     |  out|    1|  ap_ctrl_hs|  linear<ap_fixed,ap_fixed<16,6,4,0,0>,PARAMEST_NN_linear_config13>|  return value|
|ap_return_0  |  out|   16|  ap_ctrl_hs|  linear<ap_fixed,ap_fixed<16,6,4,0,0>,PARAMEST_NN_linear_config13>|  return value|
|ap_return_1  |  out|   16|  ap_ctrl_hs|  linear<ap_fixed,ap_fixed<16,6,4,0,0>,PARAMEST_NN_linear_config13>|  return value|
|ap_return_2  |  out|   16|  ap_ctrl_hs|  linear<ap_fixed,ap_fixed<16,6,4,0,0>,PARAMEST_NN_linear_config13>|  return value|
|ap_return_3  |  out|   16|  ap_ctrl_hs|  linear<ap_fixed,ap_fixed<16,6,4,0,0>,PARAMEST_NN_linear_config13>|  return value|
|ap_return_4  |  out|   16|  ap_ctrl_hs|  linear<ap_fixed,ap_fixed<16,6,4,0,0>,PARAMEST_NN_linear_config13>|  return value|
|data_0_val   |   in|   16|     ap_none|                                                         data_0_val|        scalar|
|data_1_val   |   in|   16|     ap_none|                                                         data_1_val|        scalar|
|data_2_val   |   in|   16|     ap_none|                                                         data_2_val|        scalar|
|data_3_val   |   in|   16|     ap_none|                                                         data_3_val|        scalar|
|data_4_val   |   in|   16|     ap_none|                                                         data_4_val|        scalar|
+-------------+-----+-----+------------+-------------------------------------------------------------------+--------------+

============================================================
+ Verbose Summary: Synthesis Manager
============================================================
InlineROM: 1
ExposeGlobal: 0
============================================================
+ Verbose Summary: CDFG Model
============================================================
IsTopModel: 0
ResetActiveHigh: 1
IsCombinational: 1
IsDatapathOnly: 2
HasWiredReturn: 1
HasMFsm: 2
HasVarLatency: 0
IsPipeline: 1
IsRtlPipelined: 0
IsInstanceOverlapped: 0
IsDontTouch: 0
HasImplIP: 0
IsGatedGlobalClock: 0

+ Individual pipeline summary: 
  * Pipeline-0: initiation interval (II) = 1, depth = 1


============================================================
+ Verbose Summary: Schedule
============================================================
* Number of FSM states : 1
* Pipeline : 1
  Pipeline-0 : II = 1, D = 1, States = { 1 }
* Dataflow Pipeline: 0

* FSM state transitions: 
1 --> 

* FSM state operations: 

State 1 <SV = 0> <Delay = 0.00>
ST_1 : Operation 2 [1/1] (0.00ns)   --->   "%specpipeline_ln31 = specpipeline void @_ssdm_op_SpecPipeline, i32 4294967295, i32 0, i32 0, i32 0, void @empty_0" [firmware/nnet_utils/nnet_activation.h:31]   --->   Operation 2 'specpipeline' 'specpipeline_ln31' <Predicate = true> <Delay = 0.00>
ST_1 : Operation 3 [1/1] (0.00ns)   --->   "%data_4_val_read = read i16 @_ssdm_op_Read.ap_auto.i16, i16 %data_4_val" [firmware/nnet_utils/nnet_activation.h:34]   --->   Operation 3 'read' 'data_4_val_read' <Predicate = true> <Delay = 0.00>
ST_1 : Operation 4 [1/1] (0.00ns)   --->   "%data_3_val_read = read i16 @_ssdm_op_Read.ap_auto.i16, i16 %data_3_val" [firmware/nnet_utils/nnet_activation.h:34]   --->   Operation 4 'read' 'data_3_val_read' <Predicate = true> <Delay = 0.00>
ST_1 : Operation 5 [1/1] (0.00ns)   --->   "%data_2_val_read = read i16 @_ssdm_op_Read.ap_auto.i16, i16 %data_2_val" [firmware/nnet_utils/nnet_activation.h:34]   --->   Operation 5 'read' 'data_2_val_read' <Predicate = true> <Delay = 0.00>
ST_1 : Operation 6 [1/1] (0.00ns)   --->   "%data_1_val_read = read i16 @_ssdm_op_Read.ap_auto.i16, i16 %data_1_val" [firmware/nnet_utils/nnet_activation.h:34]   --->   Operation 6 'read' 'data_1_val_read' <Predicate = true> <Delay = 0.00>
ST_1 : Operation 7 [1/1] (0.00ns)   --->   "%data_0_val_read = read i16 @_ssdm_op_Read.ap_auto.i16, i16 %data_0_val" [firmware/nnet_utils/nnet_activation.h:34]   --->   Operation 7 'read' 'data_0_val_read' <Predicate = true> <Delay = 0.00>
ST_1 : Operation 8 [1/1] (0.00ns)   --->   "%mrv = insertvalue i80 <undef>, i16 %data_0_val_read" [firmware/nnet_utils/nnet_activation.h:34]   --->   Operation 8 'insertvalue' 'mrv' <Predicate = true> <Delay = 0.00>
ST_1 : Operation 9 [1/1] (0.00ns)   --->   "%mrv_1 = insertvalue i80 %mrv, i16 %data_1_val_read" [firmware/nnet_utils/nnet_activation.h:34]   --->   Operation 9 'insertvalue' 'mrv_1' <Predicate = true> <Delay = 0.00>
ST_1 : Operation 10 [1/1] (0.00ns)   --->   "%mrv_2 = insertvalue i80 %mrv_1, i16 %data_2_val_read" [firmware/nnet_utils/nnet_activation.h:34]   --->   Operation 10 'insertvalue' 'mrv_2' <Predicate = true> <Delay = 0.00>
ST_1 : Operation 11 [1/1] (0.00ns)   --->   "%mrv_3 = insertvalue i80 %mrv_2, i16 %data_3_val_read" [firmware/nnet_utils/nnet_activation.h:34]   --->   Operation 11 'insertvalue' 'mrv_3' <Predicate = true> <Delay = 0.00>
ST_1 : Operation 12 [1/1] (0.00ns)   --->   "%mrv_4 = insertvalue i80 %mrv_3, i16 %data_4_val_read" [firmware/nnet_utils/nnet_activation.h:34]   --->   Operation 12 'insertvalue' 'mrv_4' <Predicate = true> <Delay = 0.00>
ST_1 : Operation 13 [1/1] (0.00ns)   --->   "%ret_ln34 = ret i80 %mrv_4" [firmware/nnet_utils/nnet_activation.h:34]   --->   Operation 13 'ret' 'ret_ln34' <Predicate = true> <Delay = 0.00>


============================================================
+ Verbose Summary: Binding
============================================================
STG Binding: 
---------------- STG Properties BEGIN ----------------
- Is combinational: 1
- Is one-state seq: 0
- Is datapath-only: 0
- Is pipelined: 1
- Is top level: 0
Port [ Return ] is wired: 1; IO mode=ap_ctrl_hs:ce=0
Port [ data_0_val]:  wired=1; compound=0; hidden=0; nouse=0; global=0; static=0; extern=0; dir=0; type=0; pingpong=0; private_global=0; IO mode=ap_none:ce=0
Port [ data_1_val]:  wired=1; compound=0; hidden=0; nouse=0; global=0; static=0; extern=0; dir=0; type=0; pingpong=0; private_global=0; IO mode=ap_none:ce=0
Port [ data_2_val]:  wired=1; compound=0; hidden=0; nouse=0; global=0; static=0; extern=0; dir=0; type=0; pingpong=0; private_global=0; IO mode=ap_none:ce=0
Port [ data_3_val]:  wired=1; compound=0; hidden=0; nouse=0; global=0; static=0; extern=0; dir=0; type=0; pingpong=0; private_global=0; IO mode=ap_none:ce=0
Port [ data_4_val]:  wired=1; compound=0; hidden=0; nouse=0; global=0; static=0; extern=0; dir=0; type=0; pingpong=0; private_global=0; IO mode=ap_none:ce=0
---------------- STG Properties END ------------------

---------------- Datapath Model BEGIN ----------------

<LifeTime>
<method=bitvector/>
specpipeline_ln31 (specpipeline) [ 00]
data_4_val_read   (read        ) [ 00]
data_3_val_read   (read        ) [ 00]
data_2_val_read   (read        ) [ 00]
data_1_val_read   (read        ) [ 00]
data_0_val_read   (read        ) [ 00]
mrv               (insertvalue ) [ 00]
mrv_1             (insertvalue ) [ 00]
mrv_2             (insertvalue ) [ 00]
mrv_3             (insertvalue ) [ 00]
mrv_4             (insertvalue ) [ 00]
ret_ln34          (ret         ) [ 00]
</LifeTime>

<model>

<comp_list>
<comp id="0" class="1000" name="data_0_val">
<pin_list>
<pin id="1" dir="1" index="0" bw="1" slack="0"/>
</pin_list>
<bind>
<StgValue><ssdm name="data_0_val"/></StgValue>
</bind>
</comp>

<comp id="2" class="1000" name="data_1_val">
<pin_list>
<pin id="3" dir="1" index="0" bw="1" slack="0"/>
</pin_list>
<bind>
<StgValue><ssdm name="data_1_val"/></StgValue>
</bind>
</comp>

<comp id="4" class="1000" name="data_2_val">
<pin_list>
<pin id="5" dir="1" index="0" bw="1" slack="0"/>
</pin_list>
<bind>
<StgValue><ssdm name="data_2_val"/></StgValue>
</bind>
</comp>

<comp id="6" class="1000" name="data_3_val">
<pin_list>
<pin id="7" dir="1" index="0" bw="1" slack="0"/>
</pin_list>
<bind>
<StgValue><ssdm name="data_3_val"/></StgValue>
</bind>
</comp>

<comp id="8" class="1000" name="data_4_val">
<pin_list>
<pin id="9" dir="1" index="0" bw="1" slack="0"/>
</pin_list>
<bind>
<StgValue><ssdm name="data_4_val"/></StgValue>
</bind>
</comp>

<comp id="10" class="1001" name="const_10">
<pin_list>
<pin id="11" dir="1" index="0" bw="1" slack="2147483647"/>
</pin_list>
<bind>
<StgValue><ssdm name="_ssdm_op_SpecPipeline"/></StgValue>
</bind>
</comp>

<comp id="12" class="1001" name="const_12">
<pin_list>
<pin id="13" dir="1" index="0" bw="1" slack="2147483647"/>
</pin_list>
<bind>
<StgValue><ssdm name=""/></StgValue>
</bind>
</comp>

<comp id="14" class="1001" name="const_14">
<pin_list>
<pin id="15" dir="1" index="0" bw="1" slack="2147483647"/>
</pin_list>
<bind>
<StgValue><ssdm name=""/></StgValue>
</bind>
</comp>

<comp id="16" class="1001" name="const_16">
<pin_list>
<pin id="17" dir="1" index="0" bw="1" slack="2147483647"/>
</pin_list>
<bind>
<StgValue><ssdm name="empty_0"/></StgValue>
</bind>
</comp>

<comp id="18" class="1001" name="const_18">
<pin_list>
<pin id="19" dir="1" index="0" bw="1" slack="0"/>
</pin_list>
<bind>
<StgValue><ssdm name="_ssdm_op_Read.ap_auto.i16"/></StgValue>
</bind>
</comp>

<comp id="20" class="1001" name="const_20">
<pin_list>
<pin id="21" dir="1" index="0" bw="1" slack="0"/>
</pin_list>
<bind>
<StgValue><ssdm name=""/></StgValue>
</bind>
</comp>

<comp id="22" class="1004" name="data_4_val_read_read_fu_22">
<pin_list>
<pin id="23" dir="0" index="0" bw="16" slack="0"/>
<pin id="24" dir="0" index="1" bw="16" slack="0"/>
<pin id="25" dir="1" index="2" bw="16" slack="0"/>
</pin_list>
<bind>
<opcode="read(1150) " fcode="read"/>
<opset="data_4_val_read/1 "/>
</bind>
</comp>

<comp id="28" class="1004" name="data_3_val_read_read_fu_28">
<pin_list>
<pin id="29" dir="0" index="0" bw="16" slack="0"/>
<pin id="30" dir="0" index="1" bw="16" slack="0"/>
<pin id="31" dir="1" index="2" bw="16" slack="0"/>
</pin_list>
<bind>
<opcode="read(1150) " fcode="read"/>
<opset="data_3_val_read/1 "/>
</bind>
</comp>

<comp id="34" class="1004" name="data_2_val_read_read_fu_34">
<pin_list>
<pin id="35" dir="0" index="0" bw="16" slack="0"/>
<pin id="36" dir="0" index="1" bw="16" slack="0"/>
<pin id="37" dir="1" index="2" bw="16" slack="0"/>
</pin_list>
<bind>
<opcode="read(1150) " fcode="read"/>
<opset="data_2_val_read/1 "/>
</bind>
</comp>

<comp id="40" class="1004" name="data_1_val_read_read_fu_40">
<pin_list>
<pin id="41" dir="0" index="0" bw="16" slack="0"/>
<pin id="42" dir="0" index="1" bw="16" slack="0"/>
<pin id="43" dir="1" index="2" bw="16" slack="0"/>
</pin_list>
<bind>
<opcode="read(1150) " fcode="read"/>
<opset="data_1_val_read/1 "/>
</bind>
</comp>

<comp id="46" class="1004" name="data_0_val_read_read_fu_46">
<pin_list>
<pin id="47" dir="0" index="0" bw="16" slack="0"/>
<pin id="48" dir="0" index="1" bw="16" slack="0"/>
<pin id="49" dir="1" index="2" bw="16" slack="0"/>
</pin_list>
<bind>
<opcode="read(1150) " fcode="read"/>
<opset="data_0_val_read/1 "/>
</bind>
</comp>

<comp id="52" class="1004" name="mrv_fu_52">
<pin_list>
<pin id="53" dir="0" index="0" bw="80" slack="0"/>
<pin id="54" dir="0" index="1" bw="16" slack="0"/>
<pin id="55" dir="1" index="2" bw="80" slack="0"/>
</pin_list>
<bind>
<opcode="insertvalue(57) " fcode="insertvalue"/>
<opset="mrv/1 "/>
</bind>
</comp>

<comp id="58" class="1004" name="mrv_1_fu_58">
<pin_list>
<pin id="59" dir="0" index="0" bw="80" slack="0"/>
<pin id="60" dir="0" index="1" bw="16" slack="0"/>
<pin id="61" dir="1" index="2" bw="80" slack="0"/>
</pin_list>
<bind>
<opcode="insertvalue(57) " fcode="insertvalue"/>
<opset="mrv_1/1 "/>
</bind>
</comp>

<comp id="64" class="1004" name="mrv_2_fu_64">
<pin_list>
<pin id="65" dir="0" index="0" bw="80" slack="0"/>
<pin id="66" dir="0" index="1" bw="16" slack="0"/>
<pin id="67" dir="1" index="2" bw="80" slack="0"/>
</pin_list>
<bind>
<opcode="insertvalue(57) " fcode="insertvalue"/>
<opset="mrv_2/1 "/>
</bind>
</comp>

<comp id="70" class="1004" name="mrv_3_fu_70">
<pin_list>
<pin id="71" dir="0" index="0" bw="80" slack="0"/>
<pin id="72" dir="0" index="1" bw="16" slack="0"/>
<pin id="73" dir="1" index="2" bw="80" slack="0"/>
</pin_list>
<bind>
<opcode="insertvalue(57) " fcode="insertvalue"/>
<opset="mrv_3/1 "/>
</bind>
</comp>

<comp id="76" class="1004" name="mrv_4_fu_76">
<pin_list>
<pin id="77" dir="0" index="0" bw="80" slack="0"/>
<pin id="78" dir="0" index="1" bw="16" slack="0"/>
<pin id="79" dir="1" index="2" bw="80" slack="2147483647"/>
</pin_list>
<bind>
<opcode="insertvalue(57) " fcode="insertvalue"/>
<opset="mrv_4/1 "/>
</bind>
</comp>

</comp_list>

<net_list>
<net id="26"><net_src comp="18" pin="0"/><net_sink comp="22" pin=0"/></net>

<net id="27"><net_src comp="8" pin="0"/><net_sink comp="22" pin=1"/></net>

<net id="32"><net_src comp="18" pin="0"/><net_sink comp="28" pin=0"/></net>

<net id="33"><net_src comp="6" pin="0"/><net_sink comp="28" pin=1"/></net>

<net id="38"><net_src comp="18" pin="0"/><net_sink comp="34" pin=0"/></net>

<net id="39"><net_src comp="4" pin="0"/><net_sink comp="34" pin=1"/></net>

<net id="44"><net_src comp="18" pin="0"/><net_sink comp="40" pin=0"/></net>

<net id="45"><net_src comp="2" pin="0"/><net_sink comp="40" pin=1"/></net>

<net id="50"><net_src comp="18" pin="0"/><net_sink comp="46" pin=0"/></net>

<net id="51"><net_src comp="0" pin="0"/><net_sink comp="46" pin=1"/></net>

<net id="56"><net_src comp="20" pin="0"/><net_sink comp="52" pin=0"/></net>

<net id="57"><net_src comp="46" pin="2"/><net_sink comp="52" pin=1"/></net>

<net id="62"><net_src comp="52" pin="2"/><net_sink comp="58" pin=0"/></net>

<net id="63"><net_src comp="40" pin="2"/><net_sink comp="58" pin=1"/></net>

<net id="68"><net_src comp="58" pin="2"/><net_sink comp="64" pin=0"/></net>

<net id="69"><net_src comp="34" pin="2"/><net_sink comp="64" pin=1"/></net>

<net id="74"><net_src comp="64" pin="2"/><net_sink comp="70" pin=0"/></net>

<net id="75"><net_src comp="28" pin="2"/><net_sink comp="70" pin=1"/></net>

<net id="80"><net_src comp="70" pin="2"/><net_sink comp="76" pin=0"/></net>

<net id="81"><net_src comp="22" pin="2"/><net_sink comp="76" pin=1"/></net>

</net_list>

</model> 
---------------- Datapath Model END ------------------

* FSMD analyzer results:
  - Output states:
 - Input state : 
	Port: linear<ap_fixed,ap_fixed<16,6,4,0,0>,PARAMEST_NN_linear_config13> : data_0_val | {1 }
	Port: linear<ap_fixed,ap_fixed<16,6,4,0,0>,PARAMEST_NN_linear_config13> : data_1_val | {1 }
	Port: linear<ap_fixed,ap_fixed<16,6,4,0,0>,PARAMEST_NN_linear_config13> : data_2_val | {1 }
	Port: linear<ap_fixed,ap_fixed<16,6,4,0,0>,PARAMEST_NN_linear_config13> : data_3_val | {1 }
	Port: linear<ap_fixed,ap_fixed<16,6,4,0,0>,PARAMEST_NN_linear_config13> : data_4_val | {1 }
  - Chain level:
	State 1
		mrv_1 : 1
		mrv_2 : 2
		mrv_3 : 3
		mrv_4 : 4
		ret_ln34 : 5


============================================================
+ Verbose Summary: Datapath Resource usage 
============================================================

* Functional unit list:
|----------|----------------------------|
| Operation|       Functional Unit      |
|----------|----------------------------|
|          | data_4_val_read_read_fu_22 |
|          | data_3_val_read_read_fu_28 |
|   read   | data_2_val_read_read_fu_34 |
|          | data_1_val_read_read_fu_40 |
|          | data_0_val_read_read_fu_46 |
|----------|----------------------------|
|          |          mrv_fu_52         |
|          |         mrv_1_fu_58        |
|insertvalue|         mrv_2_fu_64        |
|          |         mrv_3_fu_70        |
|          |         mrv_4_fu_76        |
|----------|----------------------------|
|   Total  |                            |
|----------|----------------------------|

Memories:
N/A

* Register list:
N/A

* Multiplexer (MUX) list: 
|--------|------|------|------|--------|
|  Comp  |  Pin | Size |  BW  | S x BW |
|--------|------|------|------|--------|
|  Total |      |      |      |    0   |
|--------|------|------|------|--------|



* Summary:
+-----------+
|           |
+-----------+
|  Function |
|   Memory  |
|Multiplexer|
|  Register |
+-----------+
|   Total   |
+-----------+
