

================================================================
== Vitis HLS Report for 'linear_ap_fixed_ap_fixed_16_6_4_0_0_PARAMEST_NN_linear_config10_s'
================================================================
* Date:           Sun Apr 13 13:12:09 2025

* Version:        2023.1 (Build 3854077 on May  4 2023)
* Project:        ParamEst_NN_prj
* Solution:       solution1 (Vivado IP Flow Target)
* Product family: virtexuplus
* Target device:  xcu250-figd2104-2L-e


================================================================
== Performance Estimates
================================================================
+ Timing: 
    * Summary: 
    +--------+---------+----------+------------+
    |  Clock |  Target | Estimated| Uncertainty|
    +--------+---------+----------+------------+
    |ap_clk  |  5.00 ns|      0 ns|     0.62 ns|
    +--------+---------+----------+------------+

+ Latency: 
    * Summary: 
    +---------+---------+----------+----------+-----+-----+---------+
    |  Latency (cycles) |  Latency (absolute) |  Interval | Pipeline|
    |   min   |   max   |    min   |    max   | min | max |   Type  |
    +---------+---------+----------+----------+-----+-----+---------+
    |        0|        0|      0 ns|      0 ns|    1|    1|      yes|
    +---------+---------+----------+----------+-----+-----+---------+

    + Detail: 
        * Instance: 
        N/A

        * Loop: 
        N/A

============================================================
+ Verbose Summary: Synthesis Manager
============================================================
InlineROM: 1
ExposeGlobal: 0
============================================================
+ Verbose Summary: CDFG Model
============================================================
IsTopModel: 0
ResetActiveHigh: 1
IsCombinational: 0
IsDatapathOnly: 0
HasWiredReturn: 1
HasMFsm: 2
HasVarLatency: 0
IsPipeline: 1
IsRtlPipelined: 0
IsInstanceOverlapped: 0
IsDontTouch: 0
HasImplIP: 0
IsGatedGlobalClock: 0

+ Individual pipeline summary: 
  * Pipeline-0: initiation interval (II) = 1, depth = 1


============================================================
+ Verbose Summary: Schedule
============================================================
* Number of FSM states : 1
* Pipeline : 1
  Pipeline-0 : II = 1, D = 1, States = { 1 }
* Dataflow Pipeline: 0

* FSM state transitions: 
1 --> 

* FSM state operations: 

State 1 <SV = 0> <Delay = 0.00>
ST_1 : Operation 2 [1/1] (0.00ns)   --->   "%specpipeline_ln31 = specpipeline void @_ssdm_op_SpecPipeline, i32 4294967295, i32 0, i32 0, i32 0, void @empty_0" [firmware/nnet_utils/nnet_activation.h:31]   --->   Operation 2 'specpipeline' 'specpipeline_ln31' <Predicate = true> <Delay = 0.00>
ST_1 : Operation 3 [1/1] (0.00ns)   --->   "%data_31_val_read = read i16 @_ssdm_op_Read.ap_auto.i16, i16 %data_31_val"   --->   Operation 3 'read' 'data_31_val_read' <Predicate = true> <Delay = 0.00>
ST_1 : Operation 4 [1/1] (0.00ns)   --->   "%data_30_val_read = read i16 @_ssdm_op_Read.ap_auto.i16, i16 %data_30_val"   --->   Operation 4 'read' 'data_30_val_read' <Predicate = true> <Delay = 0.00>
ST_1 : Operation 5 [1/1] (0.00ns)   --->   "%data_29_val_read = read i16 @_ssdm_op_Read.ap_auto.i16, i16 %data_29_val"   --->   Operation 5 'read' 'data_29_val_read' <Predicate = true> <Delay = 0.00>
ST_1 : Operation 6 [1/1] (0.00ns)   --->   "%data_28_val_read = read i16 @_ssdm_op_Read.ap_auto.i16, i16 %data_28_val"   --->   Operation 6 'read' 'data_28_val_read' <Predicate = true> <Delay = 0.00>
ST_1 : Operation 7 [1/1] (0.00ns)   --->   "%data_27_val_read = read i16 @_ssdm_op_Read.ap_auto.i16, i16 %data_27_val"   --->   Operation 7 'read' 'data_27_val_read' <Predicate = true> <Delay = 0.00>
ST_1 : Operation 8 [1/1] (0.00ns)   --->   "%data_26_val_read = read i16 @_ssdm_op_Read.ap_auto.i16, i16 %data_26_val"   --->   Operation 8 'read' 'data_26_val_read' <Predicate = true> <Delay = 0.00>
ST_1 : Operation 9 [1/1] (0.00ns)   --->   "%data_25_val_read = read i16 @_ssdm_op_Read.ap_auto.i16, i16 %data_25_val"   --->   Operation 9 'read' 'data_25_val_read' <Predicate = true> <Delay = 0.00>
ST_1 : Operation 10 [1/1] (0.00ns)   --->   "%data_24_val_read = read i16 @_ssdm_op_Read.ap_auto.i16, i16 %data_24_val"   --->   Operation 10 'read' 'data_24_val_read' <Predicate = true> <Delay = 0.00>
ST_1 : Operation 11 [1/1] (0.00ns)   --->   "%data_23_val_read = read i16 @_ssdm_op_Read.ap_auto.i16, i16 %data_23_val"   --->   Operation 11 'read' 'data_23_val_read' <Predicate = true> <Delay = 0.00>
ST_1 : Operation 12 [1/1] (0.00ns)   --->   "%data_22_val_read = read i16 @_ssdm_op_Read.ap_auto.i16, i16 %data_22_val"   --->   Operation 12 'read' 'data_22_val_read' <Predicate = true> <Delay = 0.00>
ST_1 : Operation 13 [1/1] (0.00ns)   --->   "%data_21_val_read = read i16 @_ssdm_op_Read.ap_auto.i16, i16 %data_21_val"   --->   Operation 13 'read' 'data_21_val_read' <Predicate = true> <Delay = 0.00>
ST_1 : Operation 14 [1/1] (0.00ns)   --->   "%data_20_val_read = read i16 @_ssdm_op_Read.ap_auto.i16, i16 %data_20_val"   --->   Operation 14 'read' 'data_20_val_read' <Predicate = true> <Delay = 0.00>
ST_1 : Operation 15 [1/1] (0.00ns)   --->   "%data_19_val_read = read i16 @_ssdm_op_Read.ap_auto.i16, i16 %data_19_val"   --->   Operation 15 'read' 'data_19_val_read' <Predicate = true> <Delay = 0.00>
ST_1 : Operation 16 [1/1] (0.00ns)   --->   "%data_18_val_read = read i16 @_ssdm_op_Read.ap_auto.i16, i16 %data_18_val"   --->   Operation 16 'read' 'data_18_val_read' <Predicate = true> <Delay = 0.00>
ST_1 : Operation 17 [1/1] (0.00ns)   --->   "%data_17_val_read = read i16 @_ssdm_op_Read.ap_auto.i16, i16 %data_17_val"   --->   Operation 17 'read' 'data_17_val_read' <Predicate = true> <Delay = 0.00>
ST_1 : Operation 18 [1/1] (0.00ns)   --->   "%data_16_val_read = read i16 @_ssdm_op_Read.ap_auto.i16, i16 %data_16_val"   --->   Operation 18 'read' 'data_16_val_read' <Predicate = true> <Delay = 0.00>
ST_1 : Operation 19 [1/1] (0.00ns)   --->   "%data_15_val_read = read i16 @_ssdm_op_Read.ap_auto.i16, i16 %data_15_val"   --->   Operation 19 'read' 'data_15_val_read' <Predicate = true> <Delay = 0.00>
ST_1 : Operation 20 [1/1] (0.00ns)   --->   "%data_14_val_read = read i16 @_ssdm_op_Read.ap_auto.i16, i16 %data_14_val"   --->   Operation 20 'read' 'data_14_val_read' <Predicate = true> <Delay = 0.00>
ST_1 : Operation 21 [1/1] (0.00ns)   --->   "%data_13_val_read = read i16 @_ssdm_op_Read.ap_auto.i16, i16 %data_13_val"   --->   Operation 21 'read' 'data_13_val_read' <Predicate = true> <Delay = 0.00>
ST_1 : Operation 22 [1/1] (0.00ns)   --->   "%data_12_val_read = read i16 @_ssdm_op_Read.ap_auto.i16, i16 %data_12_val"   --->   Operation 22 'read' 'data_12_val_read' <Predicate = true> <Delay = 0.00>
ST_1 : Operation 23 [1/1] (0.00ns)   --->   "%data_10_val_read = read i16 @_ssdm_op_Read.ap_auto.i16, i16 %data_10_val"   --->   Operation 23 'read' 'data_10_val_read' <Predicate = true> <Delay = 0.00>
ST_1 : Operation 24 [1/1] (0.00ns)   --->   "%data_9_val_read = read i16 @_ssdm_op_Read.ap_auto.i16, i16 %data_9_val"   --->   Operation 24 'read' 'data_9_val_read' <Predicate = true> <Delay = 0.00>
ST_1 : Operation 25 [1/1] (0.00ns)   --->   "%data_8_val_read = read i16 @_ssdm_op_Read.ap_auto.i16, i16 %data_8_val"   --->   Operation 25 'read' 'data_8_val_read' <Predicate = true> <Delay = 0.00>
ST_1 : Operation 26 [1/1] (0.00ns)   --->   "%data_7_val_read = read i16 @_ssdm_op_Read.ap_auto.i16, i16 %data_7_val"   --->   Operation 26 'read' 'data_7_val_read' <Predicate = true> <Delay = 0.00>
ST_1 : Operation 27 [1/1] (0.00ns)   --->   "%data_6_val_read = read i16 @_ssdm_op_Read.ap_auto.i16, i16 %data_6_val"   --->   Operation 27 'read' 'data_6_val_read' <Predicate = true> <Delay = 0.00>
ST_1 : Operation 28 [1/1] (0.00ns)   --->   "%data_5_val_read = read i16 @_ssdm_op_Read.ap_auto.i16, i16 %data_5_val"   --->   Operation 28 'read' 'data_5_val_read' <Predicate = true> <Delay = 0.00>
ST_1 : Operation 29 [1/1] (0.00ns)   --->   "%data_4_val_read = read i16 @_ssdm_op_Read.ap_auto.i16, i16 %data_4_val"   --->   Operation 29 'read' 'data_4_val_read' <Predicate = true> <Delay = 0.00>
ST_1 : Operation 30 [1/1] (0.00ns)   --->   "%data_3_val_read = read i16 @_ssdm_op_Read.ap_auto.i16, i16 %data_3_val"   --->   Operation 30 'read' 'data_3_val_read' <Predicate = true> <Delay = 0.00>
ST_1 : Operation 31 [1/1] (0.00ns)   --->   "%data_2_val_read = read i16 @_ssdm_op_Read.ap_auto.i16, i16 %data_2_val"   --->   Operation 31 'read' 'data_2_val_read' <Predicate = true> <Delay = 0.00>
ST_1 : Operation 32 [1/1] (0.00ns)   --->   "%data_1_val_read = read i16 @_ssdm_op_Read.ap_auto.i16, i16 %data_1_val"   --->   Operation 32 'read' 'data_1_val_read' <Predicate = true> <Delay = 0.00>
ST_1 : Operation 33 [1/1] (0.00ns)   --->   "%data_0_val_read = read i16 @_ssdm_op_Read.ap_auto.i16, i16 %data_0_val"   --->   Operation 33 'read' 'data_0_val_read' <Predicate = true> <Delay = 0.00>
ST_1 : Operation 34 [1/1] (0.00ns)   --->   "%newret = insertvalue i496 <undef>, i16 %data_0_val_read"   --->   Operation 34 'insertvalue' 'newret' <Predicate = true> <Delay = 0.00>
ST_1 : Operation 35 [1/1] (0.00ns)   --->   "%newret2 = insertvalue i496 %newret, i16 %data_1_val_read"   --->   Operation 35 'insertvalue' 'newret2' <Predicate = true> <Delay = 0.00>
ST_1 : Operation 36 [1/1] (0.00ns)   --->   "%newret4 = insertvalue i496 %newret2, i16 %data_2_val_read"   --->   Operation 36 'insertvalue' 'newret4' <Predicate = true> <Delay = 0.00>
ST_1 : Operation 37 [1/1] (0.00ns)   --->   "%newret6 = insertvalue i496 %newret4, i16 %data_3_val_read"   --->   Operation 37 'insertvalue' 'newret6' <Predicate = true> <Delay = 0.00>
ST_1 : Operation 38 [1/1] (0.00ns)   --->   "%newret8 = insertvalue i496 %newret6, i16 %data_4_val_read"   --->   Operation 38 'insertvalue' 'newret8' <Predicate = true> <Delay = 0.00>
ST_1 : Operation 39 [1/1] (0.00ns)   --->   "%newret10 = insertvalue i496 %newret8, i16 %data_5_val_read"   --->   Operation 39 'insertvalue' 'newret10' <Predicate = true> <Delay = 0.00>
ST_1 : Operation 40 [1/1] (0.00ns)   --->   "%newret12 = insertvalue i496 %newret10, i16 %data_6_val_read"   --->   Operation 40 'insertvalue' 'newret12' <Predicate = true> <Delay = 0.00>
ST_1 : Operation 41 [1/1] (0.00ns)   --->   "%newret14 = insertvalue i496 %newret12, i16 %data_7_val_read"   --->   Operation 41 'insertvalue' 'newret14' <Predicate = true> <Delay = 0.00>
ST_1 : Operation 42 [1/1] (0.00ns)   --->   "%newret16 = insertvalue i496 %newret14, i16 %data_8_val_read"   --->   Operation 42 'insertvalue' 'newret16' <Predicate = true> <Delay = 0.00>
ST_1 : Operation 43 [1/1] (0.00ns)   --->   "%newret18 = insertvalue i496 %newret16, i16 %data_9_val_read"   --->   Operation 43 'insertvalue' 'newret18' <Predicate = true> <Delay = 0.00>
ST_1 : Operation 44 [1/1] (0.00ns)   --->   "%newret20 = insertvalue i496 %newret18, i16 %data_10_val_read"   --->   Operation 44 'insertvalue' 'newret20' <Predicate = true> <Delay = 0.00>
ST_1 : Operation 45 [1/1] (0.00ns)   --->   "%newret22 = insertvalue i496 %newret20, i16 %data_12_val_read"   --->   Operation 45 'insertvalue' 'newret22' <Predicate = true> <Delay = 0.00>
ST_1 : Operation 46 [1/1] (0.00ns)   --->   "%newret24 = insertvalue i496 %newret22, i16 %data_13_val_read"   --->   Operation 46 'insertvalue' 'newret24' <Predicate = true> <Delay = 0.00>
ST_1 : Operation 47 [1/1] (0.00ns)   --->   "%newret26 = insertvalue i496 %newret24, i16 %data_14_val_read"   --->   Operation 47 'insertvalue' 'newret26' <Predicate = true> <Delay = 0.00>
ST_1 : Operation 48 [1/1] (0.00ns)   --->   "%newret28 = insertvalue i496 %newret26, i16 %data_15_val_read"   --->   Operation 48 'insertvalue' 'newret28' <Predicate = true> <Delay = 0.00>
ST_1 : Operation 49 [1/1] (0.00ns)   --->   "%newret30 = insertvalue i496 %newret28, i16 %data_16_val_read"   --->   Operation 49 'insertvalue' 'newret30' <Predicate = true> <Delay = 0.00>
ST_1 : Operation 50 [1/1] (0.00ns)   --->   "%newret32 = insertvalue i496 %newret30, i16 %data_17_val_read"   --->   Operation 50 'insertvalue' 'newret32' <Predicate = true> <Delay = 0.00>
ST_1 : Operation 51 [1/1] (0.00ns)   --->   "%newret34 = insertvalue i496 %newret32, i16 %data_18_val_read"   --->   Operation 51 'insertvalue' 'newret34' <Predicate = true> <Delay = 0.00>
ST_1 : Operation 52 [1/1] (0.00ns)   --->   "%newret36 = insertvalue i496 %newret34, i16 %data_19_val_read"   --->   Operation 52 'insertvalue' 'newret36' <Predicate = true> <Delay = 0.00>
ST_1 : Operation 53 [1/1] (0.00ns)   --->   "%newret38 = insertvalue i496 %newret36, i16 %data_20_val_read"   --->   Operation 53 'insertvalue' 'newret38' <Predicate = true> <Delay = 0.00>
ST_1 : Operation 54 [1/1] (0.00ns)   --->   "%newret40 = insertvalue i496 %newret38, i16 %data_21_val_read"   --->   Operation 54 'insertvalue' 'newret40' <Predicate = true> <Delay = 0.00>
ST_1 : Operation 55 [1/1] (0.00ns)   --->   "%newret42 = insertvalue i496 %newret40, i16 %data_22_val_read"   --->   Operation 55 'insertvalue' 'newret42' <Predicate = true> <Delay = 0.00>
ST_1 : Operation 56 [1/1] (0.00ns)   --->   "%newret44 = insertvalue i496 %newret42, i16 %data_23_val_read"   --->   Operation 56 'insertvalue' 'newret44' <Predicate = true> <Delay = 0.00>
ST_1 : Operation 57 [1/1] (0.00ns)   --->   "%newret46 = insertvalue i496 %newret44, i16 %data_24_val_read"   --->   Operation 57 'insertvalue' 'newret46' <Predicate = true> <Delay = 0.00>
ST_1 : Operation 58 [1/1] (0.00ns)   --->   "%newret47 = insertvalue i496 %newret46, i16 %data_25_val_read"   --->   Operation 58 'insertvalue' 'newret47' <Predicate = true> <Delay = 0.00>
ST_1 : Operation 59 [1/1] (0.00ns)   --->   "%newret48 = insertvalue i496 %newret47, i16 %data_26_val_read"   --->   Operation 59 'insertvalue' 'newret48' <Predicate = true> <Delay = 0.00>
ST_1 : Operation 60 [1/1] (0.00ns)   --->   "%newret49 = insertvalue i496 %newret48, i16 %data_27_val_read"   --->   Operation 60 'insertvalue' 'newret49' <Predicate = true> <Delay = 0.00>
ST_1 : Operation 61 [1/1] (0.00ns)   --->   "%newret50 = insertvalue i496 %newret49, i16 %data_28_val_read"   --->   Operation 61 'insertvalue' 'newret50' <Predicate = true> <Delay = 0.00>
ST_1 : Operation 62 [1/1] (0.00ns)   --->   "%newret51 = insertvalue i496 %newret50, i16 %data_29_val_read"   --->   Operation 62 'insertvalue' 'newret51' <Predicate = true> <Delay = 0.00>
ST_1 : Operation 63 [1/1] (0.00ns)   --->   "%newret52 = insertvalue i496 %newret51, i16 %data_30_val_read"   --->   Operation 63 'insertvalue' 'newret52' <Predicate = true> <Delay = 0.00>
ST_1 : Operation 64 [1/1] (0.00ns)   --->   "%newret53 = insertvalue i496 %newret52, i16 %data_31_val_read"   --->   Operation 64 'insertvalue' 'newret53' <Predicate = true> <Delay = 0.00>
ST_1 : Operation 65 [1/1] (0.00ns)   --->   "%ret_ln0 = ret i496 %newret53"   --->   Operation 65 'ret' 'ret_ln0' <Predicate = true> <Delay = 0.00>


============================================================
+ Verbose Summary: Binding
============================================================
STG Binding: 
---------------- STG Properties BEGIN ----------------
- Is combinational: 1
- Is one-state seq: 0
- Is datapath-only: 0
- Is pipelined: 1
- Is top level: 0
Port [ Return ] is wired: 1; IO mode=ap_ctrl_hs:ce=0
Port [ data_0_val]:  wired=1; compound=0; hidden=0; nouse=0; global=0; static=0; extern=0; dir=0; type=0; pingpong=0; private_global=0; IO mode=ap_none:ce=0
Port [ data_1_val]:  wired=1; compound=0; hidden=0; nouse=0; global=0; static=0; extern=0; dir=0; type=0; pingpong=0; private_global=0; IO mode=ap_none:ce=0
Port [ data_2_val]:  wired=1; compound=0; hidden=0; nouse=0; global=0; static=0; extern=0; dir=0; type=0; pingpong=0; private_global=0; IO mode=ap_none:ce=0
Port [ data_3_val]:  wired=1; compound=0; hidden=0; nouse=0; global=0; static=0; extern=0; dir=0; type=0; pingpong=0; private_global=0; IO mode=ap_none:ce=0
Port [ data_4_val]:  wired=1; compound=0; hidden=0; nouse=0; global=0; static=0; extern=0; dir=0; type=0; pingpong=0; private_global=0; IO mode=ap_none:ce=0
Port [ data_5_val]:  wired=1; compound=0; hidden=0; nouse=0; global=0; static=0; extern=0; dir=0; type=0; pingpong=0; private_global=0; IO mode=ap_none:ce=0
Port [ data_6_val]:  wired=1; compound=0; hidden=0; nouse=0; global=0; static=0; extern=0; dir=0; type=0; pingpong=0; private_global=0; IO mode=ap_none:ce=0
Port [ data_7_val]:  wired=1; compound=0; hidden=0; nouse=0; global=0; static=0; extern=0; dir=0; type=0; pingpong=0; private_global=0; IO mode=ap_none:ce=0
Port [ data_8_val]:  wired=1; compound=0; hidden=0; nouse=0; global=0; static=0; extern=0; dir=0; type=0; pingpong=0; private_global=0; IO mode=ap_none:ce=0
Port [ data_9_val]:  wired=1; compound=0; hidden=0; nouse=0; global=0; static=0; extern=0; dir=0; type=0; pingpong=0; private_global=0; IO mode=ap_none:ce=0
Port [ data_10_val]:  wired=1; compound=0; hidden=0; nouse=0; global=0; static=0; extern=0; dir=0; type=0; pingpong=0; private_global=0; IO mode=ap_none:ce=0
Port [ data_12_val]:  wired=1; compound=0; hidden=0; nouse=0; global=0; static=0; extern=0; dir=0; type=0; pingpong=0; private_global=0; IO mode=ap_none:ce=0
Port [ data_13_val]:  wired=1; compound=0; hidden=0; nouse=0; global=0; static=0; extern=0; dir=0; type=0; pingpong=0; private_global=0; IO mode=ap_none:ce=0
Port [ data_14_val]:  wired=1; compound=0; hidden=0; nouse=0; global=0; static=0; extern=0; dir=0; type=0; pingpong=0; private_global=0; IO mode=ap_none:ce=0
Port [ data_15_val]:  wired=1; compound=0; hidden=0; nouse=0; global=0; static=0; extern=0; dir=0; type=0; pingpong=0; private_global=0; IO mode=ap_none:ce=0
Port [ data_16_val]:  wired=1; compound=0; hidden=0; nouse=0; global=0; static=0; extern=0; dir=0; type=0; pingpong=0; private_global=0; IO mode=ap_none:ce=0
Port [ data_17_val]:  wired=1; compound=0; hidden=0; nouse=0; global=0; static=0; extern=0; dir=0; type=0; pingpong=0; private_global=0; IO mode=ap_none:ce=0
Port [ data_18_val]:  wired=1; compound=0; hidden=0; nouse=0; global=0; static=0; extern=0; dir=0; type=0; pingpong=0; private_global=0; IO mode=ap_none:ce=0
Port [ data_19_val]:  wired=1; compound=0; hidden=0; nouse=0; global=0; static=0; extern=0; dir=0; type=0; pingpong=0; private_global=0; IO mode=ap_none:ce=0
Port [ data_20_val]:  wired=1; compound=0; hidden=0; nouse=0; global=0; static=0; extern=0; dir=0; type=0; pingpong=0; private_global=0; IO mode=ap_none:ce=0
Port [ data_21_val]:  wired=1; compound=0; hidden=0; nouse=0; global=0; static=0; extern=0; dir=0; type=0; pingpong=0; private_global=0; IO mode=ap_none:ce=0
Port [ data_22_val]:  wired=1; compound=0; hidden=0; nouse=0; global=0; static=0; extern=0; dir=0; type=0; pingpong=0; private_global=0; IO mode=ap_none:ce=0
Port [ data_23_val]:  wired=1; compound=0; hidden=0; nouse=0; global=0; static=0; extern=0; dir=0; type=0; pingpong=0; private_global=0; IO mode=ap_none:ce=0
Port [ data_24_val]:  wired=1; compound=0; hidden=0; nouse=0; global=0; static=0; extern=0; dir=0; type=0; pingpong=0; private_global=0; IO mode=ap_none:ce=0
Port [ data_25_val]:  wired=1; compound=0; hidden=0; nouse=0; global=0; static=0; extern=0; dir=0; type=0; pingpong=0; private_global=0; IO mode=ap_none:ce=0
Port [ data_26_val]:  wired=1; compound=0; hidden=0; nouse=0; global=0; static=0; extern=0; dir=0; type=0; pingpong=0; private_global=0; IO mode=ap_none:ce=0
Port [ data_27_val]:  wired=1; compound=0; hidden=0; nouse=0; global=0; static=0; extern=0; dir=0; type=0; pingpong=0; private_global=0; IO mode=ap_none:ce=0
Port [ data_28_val]:  wired=1; compound=0; hidden=0; nouse=0; global=0; static=0; extern=0; dir=0; type=0; pingpong=0; private_global=0; IO mode=ap_none:ce=0
Port [ data_29_val]:  wired=1; compound=0; hidden=0; nouse=0; global=0; static=0; extern=0; dir=0; type=0; pingpong=0; private_global=0; IO mode=ap_none:ce=0
Port [ data_30_val]:  wired=1; compound=0; hidden=0; nouse=0; global=0; static=0; extern=0; dir=0; type=0; pingpong=0; private_global=0; IO mode=ap_none:ce=0
Port [ data_31_val]:  wired=1; compound=0; hidden=0; nouse=0; global=0; static=0; extern=0; dir=0; type=0; pingpong=0; private_global=0; IO mode=ap_none:ce=0
---------------- STG Properties END ------------------

---------------- Datapath Model BEGIN ----------------

<LifeTime>
<method=bitvector/>
specpipeline_ln31 (specpipeline) [ 00]
data_31_val_read  (read        ) [ 00]
data_30_val_read  (read        ) [ 00]
data_29_val_read  (read        ) [ 00]
data_28_val_read  (read        ) [ 00]
data_27_val_read  (read        ) [ 00]
data_26_val_read  (read        ) [ 00]
data_25_val_read  (read        ) [ 00]
data_24_val_read  (read        ) [ 00]
data_23_val_read  (read        ) [ 00]
data_22_val_read  (read        ) [ 00]
data_21_val_read  (read        ) [ 00]
data_20_val_read  (read        ) [ 00]
data_19_val_read  (read        ) [ 00]
data_18_val_read  (read        ) [ 00]
data_17_val_read  (read        ) [ 00]
data_16_val_read  (read        ) [ 00]
data_15_val_read  (read        ) [ 00]
data_14_val_read  (read        ) [ 00]
data_13_val_read  (read        ) [ 00]
data_12_val_read  (read        ) [ 00]
data_10_val_read  (read        ) [ 00]
data_9_val_read   (read        ) [ 00]
data_8_val_read   (read        ) [ 00]
data_7_val_read   (read        ) [ 00]
data_6_val_read   (read        ) [ 00]
data_5_val_read   (read        ) [ 00]
data_4_val_read   (read        ) [ 00]
data_3_val_read   (read        ) [ 00]
data_2_val_read   (read        ) [ 00]
data_1_val_read   (read        ) [ 00]
data_0_val_read   (read        ) [ 00]
newret            (insertvalue ) [ 00]
newret2           (insertvalue ) [ 00]
newret4           (insertvalue ) [ 00]
newret6           (insertvalue ) [ 00]
newret8           (insertvalue ) [ 00]
newret10          (insertvalue ) [ 00]
newret12          (insertvalue ) [ 00]
newret14          (insertvalue ) [ 00]
newret16          (insertvalue ) [ 00]
newret18          (insertvalue ) [ 00]
newret20          (insertvalue ) [ 00]
newret22          (insertvalue ) [ 00]
newret24          (insertvalue ) [ 00]
newret26          (insertvalue ) [ 00]
newret28          (insertvalue ) [ 00]
newret30          (insertvalue ) [ 00]
newret32          (insertvalue ) [ 00]
newret34          (insertvalue ) [ 00]
newret36          (insertvalue ) [ 00]
newret38          (insertvalue ) [ 00]
newret40          (insertvalue ) [ 00]
newret42          (insertvalue ) [ 00]
newret44          (insertvalue ) [ 00]
newret46          (insertvalue ) [ 00]
newret47          (insertvalue ) [ 00]
newret48          (insertvalue ) [ 00]
newret49          (insertvalue ) [ 00]
newret50          (insertvalue ) [ 00]
newret51          (insertvalue ) [ 00]
newret52          (insertvalue ) [ 00]
newret53          (insertvalue ) [ 00]
ret_ln0           (ret         ) [ 00]
</LifeTime>

<model>

<comp_list>
<comp id="0" class="1000" name="data_0_val">
<pin_list>
<pin id="1" dir="1" index="0" bw="1" slack="0"/>
</pin_list>
<bind>
<StgValue><ssdm name="data_0_val"/></StgValue>
</bind>
</comp>

<comp id="2" class="1000" name="data_1_val">
<pin_list>
<pin id="3" dir="1" index="0" bw="1" slack="0"/>
</pin_list>
<bind>
<StgValue><ssdm name="data_1_val"/></StgValue>
</bind>
</comp>

<comp id="4" class="1000" name="data_2_val">
<pin_list>
<pin id="5" dir="1" index="0" bw="1" slack="0"/>
</pin_list>
<bind>
<StgValue><ssdm name="data_2_val"/></StgValue>
</bind>
</comp>

<comp id="6" class="1000" name="data_3_val">
<pin_list>
<pin id="7" dir="1" index="0" bw="1" slack="0"/>
</pin_list>
<bind>
<StgValue><ssdm name="data_3_val"/></StgValue>
</bind>
</comp>

<comp id="8" class="1000" name="data_4_val">
<pin_list>
<pin id="9" dir="1" index="0" bw="1" slack="0"/>
</pin_list>
<bind>
<StgValue><ssdm name="data_4_val"/></StgValue>
</bind>
</comp>

<comp id="10" class="1000" name="data_5_val">
<pin_list>
<pin id="11" dir="1" index="0" bw="1" slack="0"/>
</pin_list>
<bind>
<StgValue><ssdm name="data_5_val"/></StgValue>
</bind>
</comp>

<comp id="12" class="1000" name="data_6_val">
<pin_list>
<pin id="13" dir="1" index="0" bw="1" slack="0"/>
</pin_list>
<bind>
<StgValue><ssdm name="data_6_val"/></StgValue>
</bind>
</comp>

<comp id="14" class="1000" name="data_7_val">
<pin_list>
<pin id="15" dir="1" index="0" bw="1" slack="0"/>
</pin_list>
<bind>
<StgValue><ssdm name="data_7_val"/></StgValue>
</bind>
</comp>

<comp id="16" class="1000" name="data_8_val">
<pin_list>
<pin id="17" dir="1" index="0" bw="1" slack="0"/>
</pin_list>
<bind>
<StgValue><ssdm name="data_8_val"/></StgValue>
</bind>
</comp>

<comp id="18" class="1000" name="data_9_val">
<pin_list>
<pin id="19" dir="1" index="0" bw="1" slack="0"/>
</pin_list>
<bind>
<StgValue><ssdm name="data_9_val"/></StgValue>
</bind>
</comp>

<comp id="20" class="1000" name="data_10_val">
<pin_list>
<pin id="21" dir="1" index="0" bw="1" slack="0"/>
</pin_list>
<bind>
<StgValue><ssdm name="data_10_val"/></StgValue>
</bind>
</comp>

<comp id="22" class="1000" name="data_12_val">
<pin_list>
<pin id="23" dir="1" index="0" bw="1" slack="0"/>
</pin_list>
<bind>
<StgValue><ssdm name="data_12_val"/></StgValue>
</bind>
</comp>

<comp id="24" class="1000" name="data_13_val">
<pin_list>
<pin id="25" dir="1" index="0" bw="1" slack="0"/>
</pin_list>
<bind>
<StgValue><ssdm name="data_13_val"/></StgValue>
</bind>
</comp>

<comp id="26" class="1000" name="data_14_val">
<pin_list>
<pin id="27" dir="1" index="0" bw="1" slack="0"/>
</pin_list>
<bind>
<StgValue><ssdm name="data_14_val"/></StgValue>
</bind>
</comp>

<comp id="28" class="1000" name="data_15_val">
<pin_list>
<pin id="29" dir="1" index="0" bw="1" slack="0"/>
</pin_list>
<bind>
<StgValue><ssdm name="data_15_val"/></StgValue>
</bind>
</comp>

<comp id="30" class="1000" name="data_16_val">
<pin_list>
<pin id="31" dir="1" index="0" bw="1" slack="0"/>
</pin_list>
<bind>
<StgValue><ssdm name="data_16_val"/></StgValue>
</bind>
</comp>

<comp id="32" class="1000" name="data_17_val">
<pin_list>
<pin id="33" dir="1" index="0" bw="1" slack="0"/>
</pin_list>
<bind>
<StgValue><ssdm name="data_17_val"/></StgValue>
</bind>
</comp>

<comp id="34" class="1000" name="data_18_val">
<pin_list>
<pin id="35" dir="1" index="0" bw="1" slack="0"/>
</pin_list>
<bind>
<StgValue><ssdm name="data_18_val"/></StgValue>
</bind>
</comp>

<comp id="36" class="1000" name="data_19_val">
<pin_list>
<pin id="37" dir="1" index="0" bw="1" slack="0"/>
</pin_list>
<bind>
<StgValue><ssdm name="data_19_val"/></StgValue>
</bind>
</comp>

<comp id="38" class="1000" name="data_20_val">
<pin_list>
<pin id="39" dir="1" index="0" bw="1" slack="0"/>
</pin_list>
<bind>
<StgValue><ssdm name="data_20_val"/></StgValue>
</bind>
</comp>

<comp id="40" class="1000" name="data_21_val">
<pin_list>
<pin id="41" dir="1" index="0" bw="1" slack="0"/>
</pin_list>
<bind>
<StgValue><ssdm name="data_21_val"/></StgValue>
</bind>
</comp>

<comp id="42" class="1000" name="data_22_val">
<pin_list>
<pin id="43" dir="1" index="0" bw="1" slack="0"/>
</pin_list>
<bind>
<StgValue><ssdm name="data_22_val"/></StgValue>
</bind>
</comp>

<comp id="44" class="1000" name="data_23_val">
<pin_list>
<pin id="45" dir="1" index="0" bw="1" slack="0"/>
</pin_list>
<bind>
<StgValue><ssdm name="data_23_val"/></StgValue>
</bind>
</comp>

<comp id="46" class="1000" name="data_24_val">
<pin_list>
<pin id="47" dir="1" index="0" bw="1" slack="0"/>
</pin_list>
<bind>
<StgValue><ssdm name="data_24_val"/></StgValue>
</bind>
</comp>

<comp id="48" class="1000" name="data_25_val">
<pin_list>
<pin id="49" dir="1" index="0" bw="1" slack="0"/>
</pin_list>
<bind>
<StgValue><ssdm name="data_25_val"/></StgValue>
</bind>
</comp>

<comp id="50" class="1000" name="data_26_val">
<pin_list>
<pin id="51" dir="1" index="0" bw="1" slack="0"/>
</pin_list>
<bind>
<StgValue><ssdm name="data_26_val"/></StgValue>
</bind>
</comp>

<comp id="52" class="1000" name="data_27_val">
<pin_list>
<pin id="53" dir="1" index="0" bw="1" slack="0"/>
</pin_list>
<bind>
<StgValue><ssdm name="data_27_val"/></StgValue>
</bind>
</comp>

<comp id="54" class="1000" name="data_28_val">
<pin_list>
<pin id="55" dir="1" index="0" bw="1" slack="0"/>
</pin_list>
<bind>
<StgValue><ssdm name="data_28_val"/></StgValue>
</bind>
</comp>

<comp id="56" class="1000" name="data_29_val">
<pin_list>
<pin id="57" dir="1" index="0" bw="1" slack="0"/>
</pin_list>
<bind>
<StgValue><ssdm name="data_29_val"/></StgValue>
</bind>
</comp>

<comp id="58" class="1000" name="data_30_val">
<pin_list>
<pin id="59" dir="1" index="0" bw="1" slack="0"/>
</pin_list>
<bind>
<StgValue><ssdm name="data_30_val"/></StgValue>
</bind>
</comp>

<comp id="60" class="1000" name="data_31_val">
<pin_list>
<pin id="61" dir="1" index="0" bw="1" slack="0"/>
</pin_list>
<bind>
<StgValue><ssdm name="data_31_val"/></StgValue>
</bind>
</comp>

<comp id="62" class="1001" name="const_62">
<pin_list>
<pin id="63" dir="1" index="0" bw="1" slack="2147483647"/>
</pin_list>
<bind>
<StgValue><ssdm name="_ssdm_op_SpecPipeline"/></StgValue>
</bind>
</comp>

<comp id="64" class="1001" name="const_64">
<pin_list>
<pin id="65" dir="1" index="0" bw="1" slack="2147483647"/>
</pin_list>
<bind>
<StgValue><ssdm name=""/></StgValue>
</bind>
</comp>

<comp id="66" class="1001" name="const_66">
<pin_list>
<pin id="67" dir="1" index="0" bw="1" slack="2147483647"/>
</pin_list>
<bind>
<StgValue><ssdm name=""/></StgValue>
</bind>
</comp>

<comp id="68" class="1001" name="const_68">
<pin_list>
<pin id="69" dir="1" index="0" bw="1" slack="2147483647"/>
</pin_list>
<bind>
<StgValue><ssdm name="empty_0"/></StgValue>
</bind>
</comp>

<comp id="70" class="1001" name="const_70">
<pin_list>
<pin id="71" dir="1" index="0" bw="1" slack="0"/>
</pin_list>
<bind>
<StgValue><ssdm name="_ssdm_op_Read.ap_auto.i16"/></StgValue>
</bind>
</comp>

<comp id="72" class="1001" name="const_72">
<pin_list>
<pin id="73" dir="1" index="0" bw="1" slack="0"/>
</pin_list>
<bind>
<StgValue><ssdm name=""/></StgValue>
</bind>
</comp>

<comp id="74" class="1004" name="data_31_val_read_read_fu_74">
<pin_list>
<pin id="75" dir="0" index="0" bw="16" slack="0"/>
<pin id="76" dir="0" index="1" bw="16" slack="0"/>
<pin id="77" dir="1" index="2" bw="16" slack="0"/>
</pin_list>
<bind>
<opcode="read(1150) " fcode="read"/>
<opset="data_31_val_read/1 "/>
</bind>
</comp>

<comp id="80" class="1004" name="data_30_val_read_read_fu_80">
<pin_list>
<pin id="81" dir="0" index="0" bw="16" slack="0"/>
<pin id="82" dir="0" index="1" bw="16" slack="0"/>
<pin id="83" dir="1" index="2" bw="16" slack="0"/>
</pin_list>
<bind>
<opcode="read(1150) " fcode="read"/>
<opset="data_30_val_read/1 "/>
</bind>
</comp>

<comp id="86" class="1004" name="data_29_val_read_read_fu_86">
<pin_list>
<pin id="87" dir="0" index="0" bw="16" slack="0"/>
<pin id="88" dir="0" index="1" bw="16" slack="0"/>
<pin id="89" dir="1" index="2" bw="16" slack="0"/>
</pin_list>
<bind>
<opcode="read(1150) " fcode="read"/>
<opset="data_29_val_read/1 "/>
</bind>
</comp>

<comp id="92" class="1004" name="data_28_val_read_read_fu_92">
<pin_list>
<pin id="93" dir="0" index="0" bw="16" slack="0"/>
<pin id="94" dir="0" index="1" bw="16" slack="0"/>
<pin id="95" dir="1" index="2" bw="16" slack="0"/>
</pin_list>
<bind>
<opcode="read(1150) " fcode="read"/>
<opset="data_28_val_read/1 "/>
</bind>
</comp>

<comp id="98" class="1004" name="data_27_val_read_read_fu_98">
<pin_list>
<pin id="99" dir="0" index="0" bw="16" slack="0"/>
<pin id="100" dir="0" index="1" bw="16" slack="0"/>
<pin id="101" dir="1" index="2" bw="16" slack="0"/>
</pin_list>
<bind>
<opcode="read(1150) " fcode="read"/>
<opset="data_27_val_read/1 "/>
</bind>
</comp>

<comp id="104" class="1004" name="data_26_val_read_read_fu_104">
<pin_list>
<pin id="105" dir="0" index="0" bw="16" slack="0"/>
<pin id="106" dir="0" index="1" bw="16" slack="0"/>
<pin id="107" dir="1" index="2" bw="16" slack="0"/>
</pin_list>
<bind>
<opcode="read(1150) " fcode="read"/>
<opset="data_26_val_read/1 "/>
</bind>
</comp>

<comp id="110" class="1004" name="data_25_val_read_read_fu_110">
<pin_list>
<pin id="111" dir="0" index="0" bw="16" slack="0"/>
<pin id="112" dir="0" index="1" bw="16" slack="0"/>
<pin id="113" dir="1" index="2" bw="16" slack="0"/>
</pin_list>
<bind>
<opcode="read(1150) " fcode="read"/>
<opset="data_25_val_read/1 "/>
</bind>
</comp>

<comp id="116" class="1004" name="data_24_val_read_read_fu_116">
<pin_list>
<pin id="117" dir="0" index="0" bw="16" slack="0"/>
<pin id="118" dir="0" index="1" bw="16" slack="0"/>
<pin id="119" dir="1" index="2" bw="16" slack="0"/>
</pin_list>
<bind>
<opcode="read(1150) " fcode="read"/>
<opset="data_24_val_read/1 "/>
</bind>
</comp>

<comp id="122" class="1004" name="data_23_val_read_read_fu_122">
<pin_list>
<pin id="123" dir="0" index="0" bw="16" slack="0"/>
<pin id="124" dir="0" index="1" bw="16" slack="0"/>
<pin id="125" dir="1" index="2" bw="16" slack="0"/>
</pin_list>
<bind>
<opcode="read(1150) " fcode="read"/>
<opset="data_23_val_read/1 "/>
</bind>
</comp>

<comp id="128" class="1004" name="data_22_val_read_read_fu_128">
<pin_list>
<pin id="129" dir="0" index="0" bw="16" slack="0"/>
<pin id="130" dir="0" index="1" bw="16" slack="0"/>
<pin id="131" dir="1" index="2" bw="16" slack="0"/>
</pin_list>
<bind>
<opcode="read(1150) " fcode="read"/>
<opset="data_22_val_read/1 "/>
</bind>
</comp>

<comp id="134" class="1004" name="data_21_val_read_read_fu_134">
<pin_list>
<pin id="135" dir="0" index="0" bw="16" slack="0"/>
<pin id="136" dir="0" index="1" bw="16" slack="0"/>
<pin id="137" dir="1" index="2" bw="16" slack="0"/>
</pin_list>
<bind>
<opcode="read(1150) " fcode="read"/>
<opset="data_21_val_read/1 "/>
</bind>
</comp>

<comp id="140" class="1004" name="data_20_val_read_read_fu_140">
<pin_list>
<pin id="141" dir="0" index="0" bw="16" slack="0"/>
<pin id="142" dir="0" index="1" bw="16" slack="0"/>
<pin id="143" dir="1" index="2" bw="16" slack="0"/>
</pin_list>
<bind>
<opcode="read(1150) " fcode="read"/>
<opset="data_20_val_read/1 "/>
</bind>
</comp>

<comp id="146" class="1004" name="data_19_val_read_read_fu_146">
<pin_list>
<pin id="147" dir="0" index="0" bw="16" slack="0"/>
<pin id="148" dir="0" index="1" bw="16" slack="0"/>
<pin id="149" dir="1" index="2" bw="16" slack="0"/>
</pin_list>
<bind>
<opcode="read(1150) " fcode="read"/>
<opset="data_19_val_read/1 "/>
</bind>
</comp>

<comp id="152" class="1004" name="data_18_val_read_read_fu_152">
<pin_list>
<pin id="153" dir="0" index="0" bw="16" slack="0"/>
<pin id="154" dir="0" index="1" bw="16" slack="0"/>
<pin id="155" dir="1" index="2" bw="16" slack="0"/>
</pin_list>
<bind>
<opcode="read(1150) " fcode="read"/>
<opset="data_18_val_read/1 "/>
</bind>
</comp>

<comp id="158" class="1004" name="data_17_val_read_read_fu_158">
<pin_list>
<pin id="159" dir="0" index="0" bw="16" slack="0"/>
<pin id="160" dir="0" index="1" bw="16" slack="0"/>
<pin id="161" dir="1" index="2" bw="16" slack="0"/>
</pin_list>
<bind>
<opcode="read(1150) " fcode="read"/>
<opset="data_17_val_read/1 "/>
</bind>
</comp>

<comp id="164" class="1004" name="data_16_val_read_read_fu_164">
<pin_list>
<pin id="165" dir="0" index="0" bw="16" slack="0"/>
<pin id="166" dir="0" index="1" bw="16" slack="0"/>
<pin id="167" dir="1" index="2" bw="16" slack="0"/>
</pin_list>
<bind>
<opcode="read(1150) " fcode="read"/>
<opset="data_16_val_read/1 "/>
</bind>
</comp>

<comp id="170" class="1004" name="data_15_val_read_read_fu_170">
<pin_list>
<pin id="171" dir="0" index="0" bw="16" slack="0"/>
<pin id="172" dir="0" index="1" bw="16" slack="0"/>
<pin id="173" dir="1" index="2" bw="16" slack="0"/>
</pin_list>
<bind>
<opcode="read(1150) " fcode="read"/>
<opset="data_15_val_read/1 "/>
</bind>
</comp>

<comp id="176" class="1004" name="data_14_val_read_read_fu_176">
<pin_list>
<pin id="177" dir="0" index="0" bw="16" slack="0"/>
<pin id="178" dir="0" index="1" bw="16" slack="0"/>
<pin id="179" dir="1" index="2" bw="16" slack="0"/>
</pin_list>
<bind>
<opcode="read(1150) " fcode="read"/>
<opset="data_14_val_read/1 "/>
</bind>
</comp>

<comp id="182" class="1004" name="data_13_val_read_read_fu_182">
<pin_list>
<pin id="183" dir="0" index="0" bw="16" slack="0"/>
<pin id="184" dir="0" index="1" bw="16" slack="0"/>
<pin id="185" dir="1" index="2" bw="16" slack="0"/>
</pin_list>
<bind>
<opcode="read(1150) " fcode="read"/>
<opset="data_13_val_read/1 "/>
</bind>
</comp>

<comp id="188" class="1004" name="data_12_val_read_read_fu_188">
<pin_list>
<pin id="189" dir="0" index="0" bw="16" slack="0"/>
<pin id="190" dir="0" index="1" bw="16" slack="0"/>
<pin id="191" dir="1" index="2" bw="16" slack="0"/>
</pin_list>
<bind>
<opcode="read(1150) " fcode="read"/>
<opset="data_12_val_read/1 "/>
</bind>
</comp>

<comp id="194" class="1004" name="data_10_val_read_read_fu_194">
<pin_list>
<pin id="195" dir="0" index="0" bw="16" slack="0"/>
<pin id="196" dir="0" index="1" bw="16" slack="0"/>
<pin id="197" dir="1" index="2" bw="16" slack="0"/>
</pin_list>
<bind>
<opcode="read(1150) " fcode="read"/>
<opset="data_10_val_read/1 "/>
</bind>
</comp>

<comp id="200" class="1004" name="data_9_val_read_read_fu_200">
<pin_list>
<pin id="201" dir="0" index="0" bw="16" slack="0"/>
<pin id="202" dir="0" index="1" bw="16" slack="0"/>
<pin id="203" dir="1" index="2" bw="16" slack="0"/>
</pin_list>
<bind>
<opcode="read(1150) " fcode="read"/>
<opset="data_9_val_read/1 "/>
</bind>
</comp>

<comp id="206" class="1004" name="data_8_val_read_read_fu_206">
<pin_list>
<pin id="207" dir="0" index="0" bw="16" slack="0"/>
<pin id="208" dir="0" index="1" bw="16" slack="0"/>
<pin id="209" dir="1" index="2" bw="16" slack="0"/>
</pin_list>
<bind>
<opcode="read(1150) " fcode="read"/>
<opset="data_8_val_read/1 "/>
</bind>
</comp>

<comp id="212" class="1004" name="data_7_val_read_read_fu_212">
<pin_list>
<pin id="213" dir="0" index="0" bw="16" slack="0"/>
<pin id="214" dir="0" index="1" bw="16" slack="0"/>
<pin id="215" dir="1" index="2" bw="16" slack="0"/>
</pin_list>
<bind>
<opcode="read(1150) " fcode="read"/>
<opset="data_7_val_read/1 "/>
</bind>
</comp>

<comp id="218" class="1004" name="data_6_val_read_read_fu_218">
<pin_list>
<pin id="219" dir="0" index="0" bw="16" slack="0"/>
<pin id="220" dir="0" index="1" bw="16" slack="0"/>
<pin id="221" dir="1" index="2" bw="16" slack="0"/>
</pin_list>
<bind>
<opcode="read(1150) " fcode="read"/>
<opset="data_6_val_read/1 "/>
</bind>
</comp>

<comp id="224" class="1004" name="data_5_val_read_read_fu_224">
<pin_list>
<pin id="225" dir="0" index="0" bw="16" slack="0"/>
<pin id="226" dir="0" index="1" bw="16" slack="0"/>
<pin id="227" dir="1" index="2" bw="16" slack="0"/>
</pin_list>
<bind>
<opcode="read(1150) " fcode="read"/>
<opset="data_5_val_read/1 "/>
</bind>
</comp>

<comp id="230" class="1004" name="data_4_val_read_read_fu_230">
<pin_list>
<pin id="231" dir="0" index="0" bw="16" slack="0"/>
<pin id="232" dir="0" index="1" bw="16" slack="0"/>
<pin id="233" dir="1" index="2" bw="16" slack="0"/>
</pin_list>
<bind>
<opcode="read(1150) " fcode="read"/>
<opset="data_4_val_read/1 "/>
</bind>
</comp>

<comp id="236" class="1004" name="data_3_val_read_read_fu_236">
<pin_list>
<pin id="237" dir="0" index="0" bw="16" slack="0"/>
<pin id="238" dir="0" index="1" bw="16" slack="0"/>
<pin id="239" dir="1" index="2" bw="16" slack="0"/>
</pin_list>
<bind>
<opcode="read(1150) " fcode="read"/>
<opset="data_3_val_read/1 "/>
</bind>
</comp>

<comp id="242" class="1004" name="data_2_val_read_read_fu_242">
<pin_list>
<pin id="243" dir="0" index="0" bw="16" slack="0"/>
<pin id="244" dir="0" index="1" bw="16" slack="0"/>
<pin id="245" dir="1" index="2" bw="16" slack="0"/>
</pin_list>
<bind>
<opcode="read(1150) " fcode="read"/>
<opset="data_2_val_read/1 "/>
</bind>
</comp>

<comp id="248" class="1004" name="data_1_val_read_read_fu_248">
<pin_list>
<pin id="249" dir="0" index="0" bw="16" slack="0"/>
<pin id="250" dir="0" index="1" bw="16" slack="0"/>
<pin id="251" dir="1" index="2" bw="16" slack="0"/>
</pin_list>
<bind>
<opcode="read(1150) " fcode="read"/>
<opset="data_1_val_read/1 "/>
</bind>
</comp>

<comp id="254" class="1004" name="data_0_val_read_read_fu_254">
<pin_list>
<pin id="255" dir="0" index="0" bw="16" slack="0"/>
<pin id="256" dir="0" index="1" bw="16" slack="0"/>
<pin id="257" dir="1" index="2" bw="16" slack="0"/>
</pin_list>
<bind>
<opcode="read(1150) " fcode="read"/>
<opset="data_0_val_read/1 "/>
</bind>
</comp>

<comp id="260" class="1004" name="newret_fu_260">
<pin_list>
<pin id="261" dir="0" index="0" bw="496" slack="0"/>
<pin id="262" dir="0" index="1" bw="16" slack="0"/>
<pin id="263" dir="1" index="2" bw="496" slack="0"/>
</pin_list>
<bind>
<opcode="insertvalue(57) " fcode="insertvalue"/>
<opset="newret/1 "/>
</bind>
</comp>

<comp id="266" class="1004" name="newret2_fu_266">
<pin_list>
<pin id="267" dir="0" index="0" bw="496" slack="0"/>
<pin id="268" dir="0" index="1" bw="16" slack="0"/>
<pin id="269" dir="1" index="2" bw="496" slack="0"/>
</pin_list>
<bind>
<opcode="insertvalue(57) " fcode="insertvalue"/>
<opset="newret2/1 "/>
</bind>
</comp>

<comp id="272" class="1004" name="newret4_fu_272">
<pin_list>
<pin id="273" dir="0" index="0" bw="496" slack="0"/>
<pin id="274" dir="0" index="1" bw="16" slack="0"/>
<pin id="275" dir="1" index="2" bw="496" slack="0"/>
</pin_list>
<bind>
<opcode="insertvalue(57) " fcode="insertvalue"/>
<opset="newret4/1 "/>
</bind>
</comp>

<comp id="278" class="1004" name="newret6_fu_278">
<pin_list>
<pin id="279" dir="0" index="0" bw="496" slack="0"/>
<pin id="280" dir="0" index="1" bw="16" slack="0"/>
<pin id="281" dir="1" index="2" bw="496" slack="0"/>
</pin_list>
<bind>
<opcode="insertvalue(57) " fcode="insertvalue"/>
<opset="newret6/1 "/>
</bind>
</comp>

<comp id="284" class="1004" name="newret8_fu_284">
<pin_list>
<pin id="285" dir="0" index="0" bw="496" slack="0"/>
<pin id="286" dir="0" index="1" bw="16" slack="0"/>
<pin id="287" dir="1" index="2" bw="496" slack="0"/>
</pin_list>
<bind>
<opcode="insertvalue(57) " fcode="insertvalue"/>
<opset="newret8/1 "/>
</bind>
</comp>

<comp id="290" class="1004" name="newret10_fu_290">
<pin_list>
<pin id="291" dir="0" index="0" bw="496" slack="0"/>
<pin id="292" dir="0" index="1" bw="16" slack="0"/>
<pin id="293" dir="1" index="2" bw="496" slack="0"/>
</pin_list>
<bind>
<opcode="insertvalue(57) " fcode="insertvalue"/>
<opset="newret10/1 "/>
</bind>
</comp>

<comp id="296" class="1004" name="newret12_fu_296">
<pin_list>
<pin id="297" dir="0" index="0" bw="496" slack="0"/>
<pin id="298" dir="0" index="1" bw="16" slack="0"/>
<pin id="299" dir="1" index="2" bw="496" slack="0"/>
</pin_list>
<bind>
<opcode="insertvalue(57) " fcode="insertvalue"/>
<opset="newret12/1 "/>
</bind>
</comp>

<comp id="302" class="1004" name="newret14_fu_302">
<pin_list>
<pin id="303" dir="0" index="0" bw="496" slack="0"/>
<pin id="304" dir="0" index="1" bw="16" slack="0"/>
<pin id="305" dir="1" index="2" bw="496" slack="0"/>
</pin_list>
<bind>
<opcode="insertvalue(57) " fcode="insertvalue"/>
<opset="newret14/1 "/>
</bind>
</comp>

<comp id="308" class="1004" name="newret16_fu_308">
<pin_list>
<pin id="309" dir="0" index="0" bw="496" slack="0"/>
<pin id="310" dir="0" index="1" bw="16" slack="0"/>
<pin id="311" dir="1" index="2" bw="496" slack="0"/>
</pin_list>
<bind>
<opcode="insertvalue(57) " fcode="insertvalue"/>
<opset="newret16/1 "/>
</bind>
</comp>

<comp id="314" class="1004" name="newret18_fu_314">
<pin_list>
<pin id="315" dir="0" index="0" bw="496" slack="0"/>
<pin id="316" dir="0" index="1" bw="16" slack="0"/>
<pin id="317" dir="1" index="2" bw="496" slack="0"/>
</pin_list>
<bind>
<opcode="insertvalue(57) " fcode="insertvalue"/>
<opset="newret18/1 "/>
</bind>
</comp>

<comp id="320" class="1004" name="newret20_fu_320">
<pin_list>
<pin id="321" dir="0" index="0" bw="496" slack="0"/>
<pin id="322" dir="0" index="1" bw="16" slack="0"/>
<pin id="323" dir="1" index="2" bw="496" slack="0"/>
</pin_list>
<bind>
<opcode="insertvalue(57) " fcode="insertvalue"/>
<opset="newret20/1 "/>
</bind>
</comp>

<comp id="326" class="1004" name="newret22_fu_326">
<pin_list>
<pin id="327" dir="0" index="0" bw="496" slack="0"/>
<pin id="328" dir="0" index="1" bw="16" slack="0"/>
<pin id="329" dir="1" index="2" bw="496" slack="0"/>
</pin_list>
<bind>
<opcode="insertvalue(57) " fcode="insertvalue"/>
<opset="newret22/1 "/>
</bind>
</comp>

<comp id="332" class="1004" name="newret24_fu_332">
<pin_list>
<pin id="333" dir="0" index="0" bw="496" slack="0"/>
<pin id="334" dir="0" index="1" bw="16" slack="0"/>
<pin id="335" dir="1" index="2" bw="496" slack="0"/>
</pin_list>
<bind>
<opcode="insertvalue(57) " fcode="insertvalue"/>
<opset="newret24/1 "/>
</bind>
</comp>

<comp id="338" class="1004" name="newret26_fu_338">
<pin_list>
<pin id="339" dir="0" index="0" bw="496" slack="0"/>
<pin id="340" dir="0" index="1" bw="16" slack="0"/>
<pin id="341" dir="1" index="2" bw="496" slack="0"/>
</pin_list>
<bind>
<opcode="insertvalue(57) " fcode="insertvalue"/>
<opset="newret26/1 "/>
</bind>
</comp>

<comp id="344" class="1004" name="newret28_fu_344">
<pin_list>
<pin id="345" dir="0" index="0" bw="496" slack="0"/>
<pin id="346" dir="0" index="1" bw="16" slack="0"/>
<pin id="347" dir="1" index="2" bw="496" slack="0"/>
</pin_list>
<bind>
<opcode="insertvalue(57) " fcode="insertvalue"/>
<opset="newret28/1 "/>
</bind>
</comp>

<comp id="350" class="1004" name="newret30_fu_350">
<pin_list>
<pin id="351" dir="0" index="0" bw="496" slack="0"/>
<pin id="352" dir="0" index="1" bw="16" slack="0"/>
<pin id="353" dir="1" index="2" bw="496" slack="0"/>
</pin_list>
<bind>
<opcode="insertvalue(57) " fcode="insertvalue"/>
<opset="newret30/1 "/>
</bind>
</comp>

<comp id="356" class="1004" name="newret32_fu_356">
<pin_list>
<pin id="357" dir="0" index="0" bw="496" slack="0"/>
<pin id="358" dir="0" index="1" bw="16" slack="0"/>
<pin id="359" dir="1" index="2" bw="496" slack="0"/>
</pin_list>
<bind>
<opcode="insertvalue(57) " fcode="insertvalue"/>
<opset="newret32/1 "/>
</bind>
</comp>

<comp id="362" class="1004" name="newret34_fu_362">
<pin_list>
<pin id="363" dir="0" index="0" bw="496" slack="0"/>
<pin id="364" dir="0" index="1" bw="16" slack="0"/>
<pin id="365" dir="1" index="2" bw="496" slack="0"/>
</pin_list>
<bind>
<opcode="insertvalue(57) " fcode="insertvalue"/>
<opset="newret34/1 "/>
</bind>
</comp>

<comp id="368" class="1004" name="newret36_fu_368">
<pin_list>
<pin id="369" dir="0" index="0" bw="496" slack="0"/>
<pin id="370" dir="0" index="1" bw="16" slack="0"/>
<pin id="371" dir="1" index="2" bw="496" slack="0"/>
</pin_list>
<bind>
<opcode="insertvalue(57) " fcode="insertvalue"/>
<opset="newret36/1 "/>
</bind>
</comp>

<comp id="374" class="1004" name="newret38_fu_374">
<pin_list>
<pin id="375" dir="0" index="0" bw="496" slack="0"/>
<pin id="376" dir="0" index="1" bw="16" slack="0"/>
<pin id="377" dir="1" index="2" bw="496" slack="0"/>
</pin_list>
<bind>
<opcode="insertvalue(57) " fcode="insertvalue"/>
<opset="newret38/1 "/>
</bind>
</comp>

<comp id="380" class="1004" name="newret40_fu_380">
<pin_list>
<pin id="381" dir="0" index="0" bw="496" slack="0"/>
<pin id="382" dir="0" index="1" bw="16" slack="0"/>
<pin id="383" dir="1" index="2" bw="496" slack="0"/>
</pin_list>
<bind>
<opcode="insertvalue(57) " fcode="insertvalue"/>
<opset="newret40/1 "/>
</bind>
</comp>

<comp id="386" class="1004" name="newret42_fu_386">
<pin_list>
<pin id="387" dir="0" index="0" bw="496" slack="0"/>
<pin id="388" dir="0" index="1" bw="16" slack="0"/>
<pin id="389" dir="1" index="2" bw="496" slack="0"/>
</pin_list>
<bind>
<opcode="insertvalue(57) " fcode="insertvalue"/>
<opset="newret42/1 "/>
</bind>
</comp>

<comp id="392" class="1004" name="newret44_fu_392">
<pin_list>
<pin id="393" dir="0" index="0" bw="496" slack="0"/>
<pin id="394" dir="0" index="1" bw="16" slack="0"/>
<pin id="395" dir="1" index="2" bw="496" slack="0"/>
</pin_list>
<bind>
<opcode="insertvalue(57) " fcode="insertvalue"/>
<opset="newret44/1 "/>
</bind>
</comp>

<comp id="398" class="1004" name="newret46_fu_398">
<pin_list>
<pin id="399" dir="0" index="0" bw="496" slack="0"/>
<pin id="400" dir="0" index="1" bw="16" slack="0"/>
<pin id="401" dir="1" index="2" bw="496" slack="0"/>
</pin_list>
<bind>
<opcode="insertvalue(57) " fcode="insertvalue"/>
<opset="newret46/1 "/>
</bind>
</comp>

<comp id="404" class="1004" name="newret47_fu_404">
<pin_list>
<pin id="405" dir="0" index="0" bw="496" slack="0"/>
<pin id="406" dir="0" index="1" bw="16" slack="0"/>
<pin id="407" dir="1" index="2" bw="496" slack="0"/>
</pin_list>
<bind>
<opcode="insertvalue(57) " fcode="insertvalue"/>
<opset="newret47/1 "/>
</bind>
</comp>

<comp id="410" class="1004" name="newret48_fu_410">
<pin_list>
<pin id="411" dir="0" index="0" bw="496" slack="0"/>
<pin id="412" dir="0" index="1" bw="16" slack="0"/>
<pin id="413" dir="1" index="2" bw="496" slack="0"/>
</pin_list>
<bind>
<opcode="insertvalue(57) " fcode="insertvalue"/>
<opset="newret48/1 "/>
</bind>
</comp>

<comp id="416" class="1004" name="newret49_fu_416">
<pin_list>
<pin id="417" dir="0" index="0" bw="496" slack="0"/>
<pin id="418" dir="0" index="1" bw="16" slack="0"/>
<pin id="419" dir="1" index="2" bw="496" slack="0"/>
</pin_list>
<bind>
<opcode="insertvalue(57) " fcode="insertvalue"/>
<opset="newret49/1 "/>
</bind>
</comp>

<comp id="422" class="1004" name="newret50_fu_422">
<pin_list>
<pin id="423" dir="0" index="0" bw="496" slack="0"/>
<pin id="424" dir="0" index="1" bw="16" slack="0"/>
<pin id="425" dir="1" index="2" bw="496" slack="0"/>
</pin_list>
<bind>
<opcode="insertvalue(57) " fcode="insertvalue"/>
<opset="newret50/1 "/>
</bind>
</comp>

<comp id="428" class="1004" name="newret51_fu_428">
<pin_list>
<pin id="429" dir="0" index="0" bw="496" slack="0"/>
<pin id="430" dir="0" index="1" bw="16" slack="0"/>
<pin id="431" dir="1" index="2" bw="496" slack="0"/>
</pin_list>
<bind>
<opcode="insertvalue(57) " fcode="insertvalue"/>
<opset="newret51/1 "/>
</bind>
</comp>

<comp id="434" class="1004" name="newret52_fu_434">
<pin_list>
<pin id="435" dir="0" index="0" bw="496" slack="0"/>
<pin id="436" dir="0" index="1" bw="16" slack="0"/>
<pin id="437" dir="1" index="2" bw="496" slack="0"/>
</pin_list>
<bind>
<opcode="insertvalue(57) " fcode="insertvalue"/>
<opset="newret52/1 "/>
</bind>
</comp>

<comp id="440" class="1004" name="newret53_fu_440">
<pin_list>
<pin id="441" dir="0" index="0" bw="496" slack="0"/>
<pin id="442" dir="0" index="1" bw="16" slack="0"/>
<pin id="443" dir="1" index="2" bw="496" slack="2147483647"/>
</pin_list>
<bind>
<opcode="insertvalue(57) " fcode="insertvalue"/>
<opset="newret53/1 "/>
</bind>
</comp>

</comp_list>

<net_list>
<net id="78"><net_src comp="70" pin="0"/><net_sink comp="74" pin=0"/></net>

<net id="79"><net_src comp="60" pin="0"/><net_sink comp="74" pin=1"/></net>

<net id="84"><net_src comp="70" pin="0"/><net_sink comp="80" pin=0"/></net>

<net id="85"><net_src comp="58" pin="0"/><net_sink comp="80" pin=1"/></net>

<net id="90"><net_src comp="70" pin="0"/><net_sink comp="86" pin=0"/></net>

<net id="91"><net_src comp="56" pin="0"/><net_sink comp="86" pin=1"/></net>

<net id="96"><net_src comp="70" pin="0"/><net_sink comp="92" pin=0"/></net>

<net id="97"><net_src comp="54" pin="0"/><net_sink comp="92" pin=1"/></net>

<net id="102"><net_src comp="70" pin="0"/><net_sink comp="98" pin=0"/></net>

<net id="103"><net_src comp="52" pin="0"/><net_sink comp="98" pin=1"/></net>

<net id="108"><net_src comp="70" pin="0"/><net_sink comp="104" pin=0"/></net>

<net id="109"><net_src comp="50" pin="0"/><net_sink comp="104" pin=1"/></net>

<net id="114"><net_src comp="70" pin="0"/><net_sink comp="110" pin=0"/></net>

<net id="115"><net_src comp="48" pin="0"/><net_sink comp="110" pin=1"/></net>

<net id="120"><net_src comp="70" pin="0"/><net_sink comp="116" pin=0"/></net>

<net id="121"><net_src comp="46" pin="0"/><net_sink comp="116" pin=1"/></net>

<net id="126"><net_src comp="70" pin="0"/><net_sink comp="122" pin=0"/></net>

<net id="127"><net_src comp="44" pin="0"/><net_sink comp="122" pin=1"/></net>

<net id="132"><net_src comp="70" pin="0"/><net_sink comp="128" pin=0"/></net>

<net id="133"><net_src comp="42" pin="0"/><net_sink comp="128" pin=1"/></net>

<net id="138"><net_src comp="70" pin="0"/><net_sink comp="134" pin=0"/></net>

<net id="139"><net_src comp="40" pin="0"/><net_sink comp="134" pin=1"/></net>

<net id="144"><net_src comp="70" pin="0"/><net_sink comp="140" pin=0"/></net>

<net id="145"><net_src comp="38" pin="0"/><net_sink comp="140" pin=1"/></net>

<net id="150"><net_src comp="70" pin="0"/><net_sink comp="146" pin=0"/></net>

<net id="151"><net_src comp="36" pin="0"/><net_sink comp="146" pin=1"/></net>

<net id="156"><net_src comp="70" pin="0"/><net_sink comp="152" pin=0"/></net>

<net id="157"><net_src comp="34" pin="0"/><net_sink comp="152" pin=1"/></net>

<net id="162"><net_src comp="70" pin="0"/><net_sink comp="158" pin=0"/></net>

<net id="163"><net_src comp="32" pin="0"/><net_sink comp="158" pin=1"/></net>

<net id="168"><net_src comp="70" pin="0"/><net_sink comp="164" pin=0"/></net>

<net id="169"><net_src comp="30" pin="0"/><net_sink comp="164" pin=1"/></net>

<net id="174"><net_src comp="70" pin="0"/><net_sink comp="170" pin=0"/></net>

<net id="175"><net_src comp="28" pin="0"/><net_sink comp="170" pin=1"/></net>

<net id="180"><net_src comp="70" pin="0"/><net_sink comp="176" pin=0"/></net>

<net id="181"><net_src comp="26" pin="0"/><net_sink comp="176" pin=1"/></net>

<net id="186"><net_src comp="70" pin="0"/><net_sink comp="182" pin=0"/></net>

<net id="187"><net_src comp="24" pin="0"/><net_sink comp="182" pin=1"/></net>

<net id="192"><net_src comp="70" pin="0"/><net_sink comp="188" pin=0"/></net>

<net id="193"><net_src comp="22" pin="0"/><net_sink comp="188" pin=1"/></net>

<net id="198"><net_src comp="70" pin="0"/><net_sink comp="194" pin=0"/></net>

<net id="199"><net_src comp="20" pin="0"/><net_sink comp="194" pin=1"/></net>

<net id="204"><net_src comp="70" pin="0"/><net_sink comp="200" pin=0"/></net>

<net id="205"><net_src comp="18" pin="0"/><net_sink comp="200" pin=1"/></net>

<net id="210"><net_src comp="70" pin="0"/><net_sink comp="206" pin=0"/></net>

<net id="211"><net_src comp="16" pin="0"/><net_sink comp="206" pin=1"/></net>

<net id="216"><net_src comp="70" pin="0"/><net_sink comp="212" pin=0"/></net>

<net id="217"><net_src comp="14" pin="0"/><net_sink comp="212" pin=1"/></net>

<net id="222"><net_src comp="70" pin="0"/><net_sink comp="218" pin=0"/></net>

<net id="223"><net_src comp="12" pin="0"/><net_sink comp="218" pin=1"/></net>

<net id="228"><net_src comp="70" pin="0"/><net_sink comp="224" pin=0"/></net>

<net id="229"><net_src comp="10" pin="0"/><net_sink comp="224" pin=1"/></net>

<net id="234"><net_src comp="70" pin="0"/><net_sink comp="230" pin=0"/></net>

<net id="235"><net_src comp="8" pin="0"/><net_sink comp="230" pin=1"/></net>

<net id="240"><net_src comp="70" pin="0"/><net_sink comp="236" pin=0"/></net>

<net id="241"><net_src comp="6" pin="0"/><net_sink comp="236" pin=1"/></net>

<net id="246"><net_src comp="70" pin="0"/><net_sink comp="242" pin=0"/></net>

<net id="247"><net_src comp="4" pin="0"/><net_sink comp="242" pin=1"/></net>

<net id="252"><net_src comp="70" pin="0"/><net_sink comp="248" pin=0"/></net>

<net id="253"><net_src comp="2" pin="0"/><net_sink comp="248" pin=1"/></net>

<net id="258"><net_src comp="70" pin="0"/><net_sink comp="254" pin=0"/></net>

<net id="259"><net_src comp="0" pin="0"/><net_sink comp="254" pin=1"/></net>

<net id="264"><net_src comp="72" pin="0"/><net_sink comp="260" pin=0"/></net>

<net id="265"><net_src comp="254" pin="2"/><net_sink comp="260" pin=1"/></net>

<net id="270"><net_src comp="260" pin="2"/><net_sink comp="266" pin=0"/></net>

<net id="271"><net_src comp="248" pin="2"/><net_sink comp="266" pin=1"/></net>

<net id="276"><net_src comp="266" pin="2"/><net_sink comp="272" pin=0"/></net>

<net id="277"><net_src comp="242" pin="2"/><net_sink comp="272" pin=1"/></net>

<net id="282"><net_src comp="272" pin="2"/><net_sink comp="278" pin=0"/></net>

<net id="283"><net_src comp="236" pin="2"/><net_sink comp="278" pin=1"/></net>

<net id="288"><net_src comp="278" pin="2"/><net_sink comp="284" pin=0"/></net>

<net id="289"><net_src comp="230" pin="2"/><net_sink comp="284" pin=1"/></net>

<net id="294"><net_src comp="284" pin="2"/><net_sink comp="290" pin=0"/></net>

<net id="295"><net_src comp="224" pin="2"/><net_sink comp="290" pin=1"/></net>

<net id="300"><net_src comp="290" pin="2"/><net_sink comp="296" pin=0"/></net>

<net id="301"><net_src comp="218" pin="2"/><net_sink comp="296" pin=1"/></net>

<net id="306"><net_src comp="296" pin="2"/><net_sink comp="302" pin=0"/></net>

<net id="307"><net_src comp="212" pin="2"/><net_sink comp="302" pin=1"/></net>

<net id="312"><net_src comp="302" pin="2"/><net_sink comp="308" pin=0"/></net>

<net id="313"><net_src comp="206" pin="2"/><net_sink comp="308" pin=1"/></net>

<net id="318"><net_src comp="308" pin="2"/><net_sink comp="314" pin=0"/></net>

<net id="319"><net_src comp="200" pin="2"/><net_sink comp="314" pin=1"/></net>

<net id="324"><net_src comp="314" pin="2"/><net_sink comp="320" pin=0"/></net>

<net id="325"><net_src comp="194" pin="2"/><net_sink comp="320" pin=1"/></net>

<net id="330"><net_src comp="320" pin="2"/><net_sink comp="326" pin=0"/></net>

<net id="331"><net_src comp="188" pin="2"/><net_sink comp="326" pin=1"/></net>

<net id="336"><net_src comp="326" pin="2"/><net_sink comp="332" pin=0"/></net>

<net id="337"><net_src comp="182" pin="2"/><net_sink comp="332" pin=1"/></net>

<net id="342"><net_src comp="332" pin="2"/><net_sink comp="338" pin=0"/></net>

<net id="343"><net_src comp="176" pin="2"/><net_sink comp="338" pin=1"/></net>

<net id="348"><net_src comp="338" pin="2"/><net_sink comp="344" pin=0"/></net>

<net id="349"><net_src comp="170" pin="2"/><net_sink comp="344" pin=1"/></net>

<net id="354"><net_src comp="344" pin="2"/><net_sink comp="350" pin=0"/></net>

<net id="355"><net_src comp="164" pin="2"/><net_sink comp="350" pin=1"/></net>

<net id="360"><net_src comp="350" pin="2"/><net_sink comp="356" pin=0"/></net>

<net id="361"><net_src comp="158" pin="2"/><net_sink comp="356" pin=1"/></net>

<net id="366"><net_src comp="356" pin="2"/><net_sink comp="362" pin=0"/></net>

<net id="367"><net_src comp="152" pin="2"/><net_sink comp="362" pin=1"/></net>

<net id="372"><net_src comp="362" pin="2"/><net_sink comp="368" pin=0"/></net>

<net id="373"><net_src comp="146" pin="2"/><net_sink comp="368" pin=1"/></net>

<net id="378"><net_src comp="368" pin="2"/><net_sink comp="374" pin=0"/></net>

<net id="379"><net_src comp="140" pin="2"/><net_sink comp="374" pin=1"/></net>

<net id="384"><net_src comp="374" pin="2"/><net_sink comp="380" pin=0"/></net>

<net id="385"><net_src comp="134" pin="2"/><net_sink comp="380" pin=1"/></net>

<net id="390"><net_src comp="380" pin="2"/><net_sink comp="386" pin=0"/></net>

<net id="391"><net_src comp="128" pin="2"/><net_sink comp="386" pin=1"/></net>

<net id="396"><net_src comp="386" pin="2"/><net_sink comp="392" pin=0"/></net>

<net id="397"><net_src comp="122" pin="2"/><net_sink comp="392" pin=1"/></net>

<net id="402"><net_src comp="392" pin="2"/><net_sink comp="398" pin=0"/></net>

<net id="403"><net_src comp="116" pin="2"/><net_sink comp="398" pin=1"/></net>

<net id="408"><net_src comp="398" pin="2"/><net_sink comp="404" pin=0"/></net>

<net id="409"><net_src comp="110" pin="2"/><net_sink comp="404" pin=1"/></net>

<net id="414"><net_src comp="404" pin="2"/><net_sink comp="410" pin=0"/></net>

<net id="415"><net_src comp="104" pin="2"/><net_sink comp="410" pin=1"/></net>

<net id="420"><net_src comp="410" pin="2"/><net_sink comp="416" pin=0"/></net>

<net id="421"><net_src comp="98" pin="2"/><net_sink comp="416" pin=1"/></net>

<net id="426"><net_src comp="416" pin="2"/><net_sink comp="422" pin=0"/></net>

<net id="427"><net_src comp="92" pin="2"/><net_sink comp="422" pin=1"/></net>

<net id="432"><net_src comp="422" pin="2"/><net_sink comp="428" pin=0"/></net>

<net id="433"><net_src comp="86" pin="2"/><net_sink comp="428" pin=1"/></net>

<net id="438"><net_src comp="428" pin="2"/><net_sink comp="434" pin=0"/></net>

<net id="439"><net_src comp="80" pin="2"/><net_sink comp="434" pin=1"/></net>

<net id="444"><net_src comp="434" pin="2"/><net_sink comp="440" pin=0"/></net>

<net id="445"><net_src comp="74" pin="2"/><net_sink comp="440" pin=1"/></net>

</net_list>

</model> 
---------------- Datapath Model END ------------------

* FSMD analyzer results:
  - Output states:
 - Input state : 
	Port: linear<ap_fixed,ap_fixed<16,6,4,0,0>,PARAMEST_NN_linear_config10> : data_0_val | {1 }
	Port: linear<ap_fixed,ap_fixed<16,6,4,0,0>,PARAMEST_NN_linear_config10> : data_1_val | {1 }
	Port: linear<ap_fixed,ap_fixed<16,6,4,0,0>,PARAMEST_NN_linear_config10> : data_2_val | {1 }
	Port: linear<ap_fixed,ap_fixed<16,6,4,0,0>,PARAMEST_NN_linear_config10> : data_3_val | {1 }
	Port: linear<ap_fixed,ap_fixed<16,6,4,0,0>,PARAMEST_NN_linear_config10> : data_4_val | {1 }
	Port: linear<ap_fixed,ap_fixed<16,6,4,0,0>,PARAMEST_NN_linear_config10> : data_5_val | {1 }
	Port: linear<ap_fixed,ap_fixed<16,6,4,0,0>,PARAMEST_NN_linear_config10> : data_6_val | {1 }
	Port: linear<ap_fixed,ap_fixed<16,6,4,0,0>,PARAMEST_NN_linear_config10> : data_7_val | {1 }
	Port: linear<ap_fixed,ap_fixed<16,6,4,0,0>,PARAMEST_NN_linear_config10> : data_8_val | {1 }
	Port: linear<ap_fixed,ap_fixed<16,6,4,0,0>,PARAMEST_NN_linear_config10> : data_9_val | {1 }
	Port: linear<ap_fixed,ap_fixed<16,6,4,0,0>,PARAMEST_NN_linear_config10> : data_10_val | {1 }
	Port: linear<ap_fixed,ap_fixed<16,6,4,0,0>,PARAMEST_NN_linear_config10> : data_12_val | {1 }
	Port: linear<ap_fixed,ap_fixed<16,6,4,0,0>,PARAMEST_NN_linear_config10> : data_13_val | {1 }
	Port: linear<ap_fixed,ap_fixed<16,6,4,0,0>,PARAMEST_NN_linear_config10> : data_14_val | {1 }
	Port: linear<ap_fixed,ap_fixed<16,6,4,0,0>,PARAMEST_NN_linear_config10> : data_15_val | {1 }
	Port: linear<ap_fixed,ap_fixed<16,6,4,0,0>,PARAMEST_NN_linear_config10> : data_16_val | {1 }
	Port: linear<ap_fixed,ap_fixed<16,6,4,0,0>,PARAMEST_NN_linear_config10> : data_17_val | {1 }
	Port: linear<ap_fixed,ap_fixed<16,6,4,0,0>,PARAMEST_NN_linear_config10> : data_18_val | {1 }
	Port: linear<ap_fixed,ap_fixed<16,6,4,0,0>,PARAMEST_NN_linear_config10> : data_19_val | {1 }
	Port: linear<ap_fixed,ap_fixed<16,6,4,0,0>,PARAMEST_NN_linear_config10> : data_20_val | {1 }
	Port: linear<ap_fixed,ap_fixed<16,6,4,0,0>,PARAMEST_NN_linear_config10> : data_21_val | {1 }
	Port: linear<ap_fixed,ap_fixed<16,6,4,0,0>,PARAMEST_NN_linear_config10> : data_22_val | {1 }
	Port: linear<ap_fixed,ap_fixed<16,6,4,0,0>,PARAMEST_NN_linear_config10> : data_23_val | {1 }
	Port: linear<ap_fixed,ap_fixed<16,6,4,0,0>,PARAMEST_NN_linear_config10> : data_24_val | {1 }
	Port: linear<ap_fixed,ap_fixed<16,6,4,0,0>,PARAMEST_NN_linear_config10> : data_25_val | {1 }
	Port: linear<ap_fixed,ap_fixed<16,6,4,0,0>,PARAMEST_NN_linear_config10> : data_26_val | {1 }
	Port: linear<ap_fixed,ap_fixed<16,6,4,0,0>,PARAMEST_NN_linear_config10> : data_27_val | {1 }
	Port: linear<ap_fixed,ap_fixed<16,6,4,0,0>,PARAMEST_NN_linear_config10> : data_28_val | {1 }
	Port: linear<ap_fixed,ap_fixed<16,6,4,0,0>,PARAMEST_NN_linear_config10> : data_29_val | {1 }
	Port: linear<ap_fixed,ap_fixed<16,6,4,0,0>,PARAMEST_NN_linear_config10> : data_30_val | {1 }
	Port: linear<ap_fixed,ap_fixed<16,6,4,0,0>,PARAMEST_NN_linear_config10> : data_31_val | {1 }
  - Chain level:
	State 1
		newret2 : 1
		newret4 : 2
		newret6 : 3
		newret8 : 4
		newret10 : 5
		newret12 : 6
		newret14 : 7
		newret16 : 8
		newret18 : 9
		newret20 : 10
		newret22 : 11
		newret24 : 12
		newret26 : 13
		newret28 : 14
		newret30 : 15
		newret32 : 16
		newret34 : 17
		newret36 : 18
		newret38 : 19
		newret40 : 20
		newret42 : 21
		newret44 : 22
		newret46 : 23
		newret47 : 24
		newret48 : 25
		newret49 : 26
		newret50 : 27
		newret51 : 28
		newret52 : 29
		newret53 : 30
		ret_ln0 : 31


============================================================
+ Verbose Summary: Datapath Resource usage 
============================================================

* Functional unit list:
|----------|------------------------------|
| Operation|        Functional Unit       |
|----------|------------------------------|
|          |  data_31_val_read_read_fu_74 |
|          |  data_30_val_read_read_fu_80 |
|          |  data_29_val_read_read_fu_86 |
|          |  data_28_val_read_read_fu_92 |
|          |  data_27_val_read_read_fu_98 |
|          | data_26_val_read_read_fu_104 |
|          | data_25_val_read_read_fu_110 |
|          | data_24_val_read_read_fu_116 |
|          | data_23_val_read_read_fu_122 |
|          | data_22_val_read_read_fu_128 |
|          | data_21_val_read_read_fu_134 |
|          | data_20_val_read_read_fu_140 |
|          | data_19_val_read_read_fu_146 |
|          | data_18_val_read_read_fu_152 |
|          | data_17_val_read_read_fu_158 |
|   read   | data_16_val_read_read_fu_164 |
|          | data_15_val_read_read_fu_170 |
|          | data_14_val_read_read_fu_176 |
|          | data_13_val_read_read_fu_182 |
|          | data_12_val_read_read_fu_188 |
|          | data_10_val_read_read_fu_194 |
|          |  data_9_val_read_read_fu_200 |
|          |  data_8_val_read_read_fu_206 |
|          |  data_7_val_read_read_fu_212 |
|          |  data_6_val_read_read_fu_218 |
|          |  data_5_val_read_read_fu_224 |
|          |  data_4_val_read_read_fu_230 |
|          |  data_3_val_read_read_fu_236 |
|          |  data_2_val_read_read_fu_242 |
|          |  data_1_val_read_read_fu_248 |
|          |  data_0_val_read_read_fu_254 |
|----------|------------------------------|
|          |         newret_fu_260        |
|          |        newret2_fu_266        |
|          |        newret4_fu_272        |
|          |        newret6_fu_278        |
|          |        newret8_fu_284        |
|          |        newret10_fu_290       |
|          |        newret12_fu_296       |
|          |        newret14_fu_302       |
|          |        newret16_fu_308       |
|          |        newret18_fu_314       |
|          |        newret20_fu_320       |
|          |        newret22_fu_326       |
|          |        newret24_fu_332       |
|          |        newret26_fu_338       |
|          |        newret28_fu_344       |
|insertvalue|        newret30_fu_350       |
|          |        newret32_fu_356       |
|          |        newret34_fu_362       |
|          |        newret36_fu_368       |
|          |        newret38_fu_374       |
|          |        newret40_fu_380       |
|          |        newret42_fu_386       |
|          |        newret44_fu_392       |
|          |        newret46_fu_398       |
|          |        newret47_fu_404       |
|          |        newret48_fu_410       |
|          |        newret49_fu_416       |
|          |        newret50_fu_422       |
|          |        newret51_fu_428       |
|          |        newret52_fu_434       |
|          |        newret53_fu_440       |
|----------|------------------------------|
|   Total  |                              |
|----------|------------------------------|

Memories:
N/A

* Register list:
N/A

* Multiplexer (MUX) list: 
|--------|------|------|------|--------|
|  Comp  |  Pin | Size |  BW  | S x BW |
|--------|------|------|------|--------|
|  Total |      |      |      |    0   |
|--------|------|------|------|--------|



* Summary:
+-----------+
|           |
+-----------+
|  Function |
|   Memory  |
|Multiplexer|
|  Register |
+-----------+
|   Total   |
+-----------+
