

================================================================
== Vitis HLS Report for 'linear_ap_fixed_ap_fixed_16_6_4_0_0_PARAMEST_NN_linear_config4_s'
================================================================
* Date:           Sun Apr 13 13:12:27 2025

* Version:        2023.1 (Build 3854077 on May  4 2023)
* Project:        ParamEst_NN_prj
* Solution:       solution1 (Vivado IP Flow Target)
* Product family: virtexuplus
* Target device:  xcu250-figd2104-2L-e


================================================================
== Performance Estimates
================================================================
+ Timing: 
    * Summary: 
    +--------+---------+----------+------------+
    |  Clock |  Target | Estimated| Uncertainty|
    +--------+---------+----------+------------+
    |ap_clk  |  5.00 ns|      0 ns|     0.62 ns|
    +--------+---------+----------+------------+

+ Latency: 
    * Summary: 
    +---------+---------+----------+----------+-----+-----+---------+
    |  Latency (cycles) |  Latency (absolute) |  Interval | Pipeline|
    |   min   |   max   |    min   |    max   | min | max |   Type  |
    +---------+---------+----------+----------+-----+-----+---------+
    |        0|        0|      0 ns|      0 ns|    1|    1|      yes|
    +---------+---------+----------+----------+-----+-----+---------+

    + Detail: 
        * Instance: 
        N/A

        * Loop: 
        N/A



================================================================
== Utilization Estimates
================================================================
* Summary: 
+---------------------+---------+-------+---------+---------+------+
|         Name        | BRAM_18K|  DSP  |    FF   |   LUT   | URAM |
+---------------------+---------+-------+---------+---------+------+
|DSP                  |        -|      -|        -|        -|     -|
|Expression           |        -|      -|        -|        -|     -|
|FIFO                 |        -|      -|        -|        -|     -|
|Instance             |        -|      -|        -|        -|     -|
|Memory               |        -|      -|        -|        -|     -|
|Multiplexer          |        -|      -|        -|        -|     -|
|Register             |        -|      -|        -|        -|     -|
+---------------------+---------+-------+---------+---------+------+
|Total                |        0|      0|        0|        0|     0|
+---------------------+---------+-------+---------+---------+------+
|Available SLR        |     1344|   3072|   864000|   432000|   320|
+---------------------+---------+-------+---------+---------+------+
|Utilization SLR (%)  |        0|      0|        0|        0|     0|
+---------------------+---------+-------+---------+---------+------+
|Available            |     5376|  12288|  3456000|  1728000|  1280|
+---------------------+---------+-------+---------+---------+------+
|Utilization (%)      |        0|      0|        0|        0|     0|
+---------------------+---------+-------+---------+---------+------+

+ Detail: 
    * Instance: 
    N/A

    * DSP: 
    N/A

    * Memory: 
    N/A

    * FIFO: 
    N/A

    * Expression: 
    N/A

    * Multiplexer: 
    N/A

    * Register: 
    N/A



================================================================
== Interface
================================================================
* Summary: 
+--------------+-----+-----+------------+------------------------------------------------------------------+--------------+
|   RTL Ports  | Dir | Bits|  Protocol  |                           Source Object                          |    C Type    |
+--------------+-----+-----+------------+------------------------------------------------------------------+--------------+
|ap_ready      |  out|    1|  ap_ctrl_hs|  linear<ap_fixed,ap_fixed<16,6,4,0,0>,PARAMEST_NN_linear_config4>|  return value|
|ap_return_0   |  out|   16|  ap_ctrl_hs|  linear<ap_fixed,ap_fixed<16,6,4,0,0>,PARAMEST_NN_linear_config4>|  return value|
|ap_return_1   |  out|   16|  ap_ctrl_hs|  linear<ap_fixed,ap_fixed<16,6,4,0,0>,PARAMEST_NN_linear_config4>|  return value|
|ap_return_2   |  out|   16|  ap_ctrl_hs|  linear<ap_fixed,ap_fixed<16,6,4,0,0>,PARAMEST_NN_linear_config4>|  return value|
|ap_return_3   |  out|   16|  ap_ctrl_hs|  linear<ap_fixed,ap_fixed<16,6,4,0,0>,PARAMEST_NN_linear_config4>|  return value|
|ap_return_4   |  out|   16|  ap_ctrl_hs|  linear<ap_fixed,ap_fixed<16,6,4,0,0>,PARAMEST_NN_linear_config4>|  return value|
|ap_return_5   |  out|   16|  ap_ctrl_hs|  linear<ap_fixed,ap_fixed<16,6,4,0,0>,PARAMEST_NN_linear_config4>|  return value|
|ap_return_6   |  out|   16|  ap_ctrl_hs|  linear<ap_fixed,ap_fixed<16,6,4,0,0>,PARAMEST_NN_linear_config4>|  return value|
|ap_return_7   |  out|   16|  ap_ctrl_hs|  linear<ap_fixed,ap_fixed<16,6,4,0,0>,PARAMEST_NN_linear_config4>|  return value|
|ap_return_8   |  out|   16|  ap_ctrl_hs|  linear<ap_fixed,ap_fixed<16,6,4,0,0>,PARAMEST_NN_linear_config4>|  return value|
|ap_return_9   |  out|   16|  ap_ctrl_hs|  linear<ap_fixed,ap_fixed<16,6,4,0,0>,PARAMEST_NN_linear_config4>|  return value|
|ap_return_10  |  out|   16|  ap_ctrl_hs|  linear<ap_fixed,ap_fixed<16,6,4,0,0>,PARAMEST_NN_linear_config4>|  return value|
|ap_return_11  |  out|   16|  ap_ctrl_hs|  linear<ap_fixed,ap_fixed<16,6,4,0,0>,PARAMEST_NN_linear_config4>|  return value|
|ap_return_12  |  out|   16|  ap_ctrl_hs|  linear<ap_fixed,ap_fixed<16,6,4,0,0>,PARAMEST_NN_linear_config4>|  return value|
|ap_return_13  |  out|   16|  ap_ctrl_hs|  linear<ap_fixed,ap_fixed<16,6,4,0,0>,PARAMEST_NN_linear_config4>|  return value|
|ap_return_14  |  out|   16|  ap_ctrl_hs|  linear<ap_fixed,ap_fixed<16,6,4,0,0>,PARAMEST_NN_linear_config4>|  return value|
|ap_return_15  |  out|   16|  ap_ctrl_hs|  linear<ap_fixed,ap_fixed<16,6,4,0,0>,PARAMEST_NN_linear_config4>|  return value|
|ap_return_16  |  out|   16|  ap_ctrl_hs|  linear<ap_fixed,ap_fixed<16,6,4,0,0>,PARAMEST_NN_linear_config4>|  return value|
|ap_return_17  |  out|   16|  ap_ctrl_hs|  linear<ap_fixed,ap_fixed<16,6,4,0,0>,PARAMEST_NN_linear_config4>|  return value|
|ap_return_18  |  out|   16|  ap_ctrl_hs|  linear<ap_fixed,ap_fixed<16,6,4,0,0>,PARAMEST_NN_linear_config4>|  return value|
|ap_return_19  |  out|   16|  ap_ctrl_hs|  linear<ap_fixed,ap_fixed<16,6,4,0,0>,PARAMEST_NN_linear_config4>|  return value|
|ap_return_20  |  out|   16|  ap_ctrl_hs|  linear<ap_fixed,ap_fixed<16,6,4,0,0>,PARAMEST_NN_linear_config4>|  return value|
|ap_return_21  |  out|   16|  ap_ctrl_hs|  linear<ap_fixed,ap_fixed<16,6,4,0,0>,PARAMEST_NN_linear_config4>|  return value|
|ap_return_22  |  out|   16|  ap_ctrl_hs|  linear<ap_fixed,ap_fixed<16,6,4,0,0>,PARAMEST_NN_linear_config4>|  return value|
|ap_return_23  |  out|   16|  ap_ctrl_hs|  linear<ap_fixed,ap_fixed<16,6,4,0,0>,PARAMEST_NN_linear_config4>|  return value|
|ap_return_24  |  out|   16|  ap_ctrl_hs|  linear<ap_fixed,ap_fixed<16,6,4,0,0>,PARAMEST_NN_linear_config4>|  return value|
|ap_return_25  |  out|   16|  ap_ctrl_hs|  linear<ap_fixed,ap_fixed<16,6,4,0,0>,PARAMEST_NN_linear_config4>|  return value|
|ap_return_26  |  out|   16|  ap_ctrl_hs|  linear<ap_fixed,ap_fixed<16,6,4,0,0>,PARAMEST_NN_linear_config4>|  return value|
|ap_return_27  |  out|   16|  ap_ctrl_hs|  linear<ap_fixed,ap_fixed<16,6,4,0,0>,PARAMEST_NN_linear_config4>|  return value|
|ap_return_28  |  out|   16|  ap_ctrl_hs|  linear<ap_fixed,ap_fixed<16,6,4,0,0>,PARAMEST_NN_linear_config4>|  return value|
|ap_return_29  |  out|   16|  ap_ctrl_hs|  linear<ap_fixed,ap_fixed<16,6,4,0,0>,PARAMEST_NN_linear_config4>|  return value|
|ap_return_30  |  out|   16|  ap_ctrl_hs|  linear<ap_fixed,ap_fixed<16,6,4,0,0>,PARAMEST_NN_linear_config4>|  return value|
|ap_return_31  |  out|   16|  ap_ctrl_hs|  linear<ap_fixed,ap_fixed<16,6,4,0,0>,PARAMEST_NN_linear_config4>|  return value|
|data_0_val    |   in|   16|     ap_none|                                                        data_0_val|        scalar|
|data_1_val    |   in|   16|     ap_none|                                                        data_1_val|        scalar|
|data_2_val    |   in|   16|     ap_none|                                                        data_2_val|        scalar|
|data_3_val    |   in|   16|     ap_none|                                                        data_3_val|        scalar|
|data_4_val    |   in|   16|     ap_none|                                                        data_4_val|        scalar|
|data_5_val    |   in|   16|     ap_none|                                                        data_5_val|        scalar|
|data_6_val    |   in|   16|     ap_none|                                                        data_6_val|        scalar|
|data_7_val    |   in|   16|     ap_none|                                                        data_7_val|        scalar|
|data_8_val    |   in|   16|     ap_none|                                                        data_8_val|        scalar|
|data_9_val    |   in|   16|     ap_none|                                                        data_9_val|        scalar|
|data_10_val   |   in|   16|     ap_none|                                                       data_10_val|        scalar|
|data_11_val   |   in|   16|     ap_none|                                                       data_11_val|        scalar|
|data_12_val   |   in|   16|     ap_none|                                                       data_12_val|        scalar|
|data_13_val   |   in|   16|     ap_none|                                                       data_13_val|        scalar|
|data_14_val   |   in|   16|     ap_none|                                                       data_14_val|        scalar|
|data_15_val   |   in|   16|     ap_none|                                                       data_15_val|        scalar|
|data_16_val   |   in|   16|     ap_none|                                                       data_16_val|        scalar|
|data_17_val   |   in|   16|     ap_none|                                                       data_17_val|        scalar|
|data_18_val   |   in|   16|     ap_none|                                                       data_18_val|        scalar|
|data_19_val   |   in|   16|     ap_none|                                                       data_19_val|        scalar|
|data_20_val   |   in|   16|     ap_none|                                                       data_20_val|        scalar|
|data_21_val   |   in|   16|     ap_none|                                                       data_21_val|        scalar|
|data_22_val   |   in|   16|     ap_none|                                                       data_22_val|        scalar|
|data_23_val   |   in|   16|     ap_none|                                                       data_23_val|        scalar|
|data_24_val   |   in|   16|     ap_none|                                                       data_24_val|        scalar|
|data_25_val   |   in|   16|     ap_none|                                                       data_25_val|        scalar|
|data_26_val   |   in|   16|     ap_none|                                                       data_26_val|        scalar|
|data_27_val   |   in|   16|     ap_none|                                                       data_27_val|        scalar|
|data_28_val   |   in|   16|     ap_none|                                                       data_28_val|        scalar|
|data_29_val   |   in|   16|     ap_none|                                                       data_29_val|        scalar|
|data_30_val   |   in|   16|     ap_none|                                                       data_30_val|        scalar|
|data_31_val   |   in|   16|     ap_none|                                                       data_31_val|        scalar|
+--------------+-----+-----+------------+------------------------------------------------------------------+--------------+

============================================================
+ Verbose Summary: Synthesis Manager
============================================================
InlineROM: 1
ExposeGlobal: 0
============================================================
+ Verbose Summary: CDFG Model
============================================================
IsTopModel: 0
ResetActiveHigh: 1
IsCombinational: 1
IsDatapathOnly: 2
HasWiredReturn: 1
HasMFsm: 2
HasVarLatency: 0
IsPipeline: 1
IsRtlPipelined: 0
IsInstanceOverlapped: 0
IsDontTouch: 0
HasImplIP: 0
IsGatedGlobalClock: 0

+ Individual pipeline summary: 
  * Pipeline-0: initiation interval (II) = 1, depth = 1


============================================================
+ Verbose Summary: Schedule
============================================================
* Number of FSM states : 1
* Pipeline : 1
  Pipeline-0 : II = 1, D = 1, States = { 1 }
* Dataflow Pipeline: 0

* FSM state transitions: 
1 --> 

* FSM state operations: 

State 1 <SV = 0> <Delay = 0.00>
ST_1 : Operation 2 [1/1] (0.00ns)   --->   "%specpipeline_ln31 = specpipeline void @_ssdm_op_SpecPipeline, i32 4294967295, i32 0, i32 0, i32 0, void @empty_0" [firmware/nnet_utils/nnet_activation.h:31]   --->   Operation 2 'specpipeline' 'specpipeline_ln31' <Predicate = true> <Delay = 0.00>
ST_1 : Operation 3 [1/1] (0.00ns)   --->   "%data_31_val_read = read i16 @_ssdm_op_Read.ap_auto.i16, i16 %data_31_val" [firmware/nnet_utils/nnet_activation.h:34]   --->   Operation 3 'read' 'data_31_val_read' <Predicate = true> <Delay = 0.00>
ST_1 : Operation 4 [1/1] (0.00ns)   --->   "%data_30_val_read = read i16 @_ssdm_op_Read.ap_auto.i16, i16 %data_30_val" [firmware/nnet_utils/nnet_activation.h:34]   --->   Operation 4 'read' 'data_30_val_read' <Predicate = true> <Delay = 0.00>
ST_1 : Operation 5 [1/1] (0.00ns)   --->   "%data_29_val_read = read i16 @_ssdm_op_Read.ap_auto.i16, i16 %data_29_val" [firmware/nnet_utils/nnet_activation.h:34]   --->   Operation 5 'read' 'data_29_val_read' <Predicate = true> <Delay = 0.00>
ST_1 : Operation 6 [1/1] (0.00ns)   --->   "%data_28_val_read = read i16 @_ssdm_op_Read.ap_auto.i16, i16 %data_28_val" [firmware/nnet_utils/nnet_activation.h:34]   --->   Operation 6 'read' 'data_28_val_read' <Predicate = true> <Delay = 0.00>
ST_1 : Operation 7 [1/1] (0.00ns)   --->   "%data_27_val_read = read i16 @_ssdm_op_Read.ap_auto.i16, i16 %data_27_val" [firmware/nnet_utils/nnet_activation.h:34]   --->   Operation 7 'read' 'data_27_val_read' <Predicate = true> <Delay = 0.00>
ST_1 : Operation 8 [1/1] (0.00ns)   --->   "%data_26_val_read = read i16 @_ssdm_op_Read.ap_auto.i16, i16 %data_26_val" [firmware/nnet_utils/nnet_activation.h:34]   --->   Operation 8 'read' 'data_26_val_read' <Predicate = true> <Delay = 0.00>
ST_1 : Operation 9 [1/1] (0.00ns)   --->   "%data_25_val_read = read i16 @_ssdm_op_Read.ap_auto.i16, i16 %data_25_val" [firmware/nnet_utils/nnet_activation.h:34]   --->   Operation 9 'read' 'data_25_val_read' <Predicate = true> <Delay = 0.00>
ST_1 : Operation 10 [1/1] (0.00ns)   --->   "%data_24_val_read = read i16 @_ssdm_op_Read.ap_auto.i16, i16 %data_24_val" [firmware/nnet_utils/nnet_activation.h:34]   --->   Operation 10 'read' 'data_24_val_read' <Predicate = true> <Delay = 0.00>
ST_1 : Operation 11 [1/1] (0.00ns)   --->   "%data_23_val_read = read i16 @_ssdm_op_Read.ap_auto.i16, i16 %data_23_val" [firmware/nnet_utils/nnet_activation.h:34]   --->   Operation 11 'read' 'data_23_val_read' <Predicate = true> <Delay = 0.00>
ST_1 : Operation 12 [1/1] (0.00ns)   --->   "%data_22_val_read = read i16 @_ssdm_op_Read.ap_auto.i16, i16 %data_22_val" [firmware/nnet_utils/nnet_activation.h:34]   --->   Operation 12 'read' 'data_22_val_read' <Predicate = true> <Delay = 0.00>
ST_1 : Operation 13 [1/1] (0.00ns)   --->   "%data_21_val_read = read i16 @_ssdm_op_Read.ap_auto.i16, i16 %data_21_val" [firmware/nnet_utils/nnet_activation.h:34]   --->   Operation 13 'read' 'data_21_val_read' <Predicate = true> <Delay = 0.00>
ST_1 : Operation 14 [1/1] (0.00ns)   --->   "%data_20_val_read = read i16 @_ssdm_op_Read.ap_auto.i16, i16 %data_20_val" [firmware/nnet_utils/nnet_activation.h:34]   --->   Operation 14 'read' 'data_20_val_read' <Predicate = true> <Delay = 0.00>
ST_1 : Operation 15 [1/1] (0.00ns)   --->   "%data_19_val_read = read i16 @_ssdm_op_Read.ap_auto.i16, i16 %data_19_val" [firmware/nnet_utils/nnet_activation.h:34]   --->   Operation 15 'read' 'data_19_val_read' <Predicate = true> <Delay = 0.00>
ST_1 : Operation 16 [1/1] (0.00ns)   --->   "%data_18_val_read = read i16 @_ssdm_op_Read.ap_auto.i16, i16 %data_18_val" [firmware/nnet_utils/nnet_activation.h:34]   --->   Operation 16 'read' 'data_18_val_read' <Predicate = true> <Delay = 0.00>
ST_1 : Operation 17 [1/1] (0.00ns)   --->   "%data_17_val_read = read i16 @_ssdm_op_Read.ap_auto.i16, i16 %data_17_val" [firmware/nnet_utils/nnet_activation.h:34]   --->   Operation 17 'read' 'data_17_val_read' <Predicate = true> <Delay = 0.00>
ST_1 : Operation 18 [1/1] (0.00ns)   --->   "%data_16_val_read = read i16 @_ssdm_op_Read.ap_auto.i16, i16 %data_16_val" [firmware/nnet_utils/nnet_activation.h:34]   --->   Operation 18 'read' 'data_16_val_read' <Predicate = true> <Delay = 0.00>
ST_1 : Operation 19 [1/1] (0.00ns)   --->   "%data_15_val_read = read i16 @_ssdm_op_Read.ap_auto.i16, i16 %data_15_val" [firmware/nnet_utils/nnet_activation.h:34]   --->   Operation 19 'read' 'data_15_val_read' <Predicate = true> <Delay = 0.00>
ST_1 : Operation 20 [1/1] (0.00ns)   --->   "%data_14_val_read = read i16 @_ssdm_op_Read.ap_auto.i16, i16 %data_14_val" [firmware/nnet_utils/nnet_activation.h:34]   --->   Operation 20 'read' 'data_14_val_read' <Predicate = true> <Delay = 0.00>
ST_1 : Operation 21 [1/1] (0.00ns)   --->   "%data_13_val_read = read i16 @_ssdm_op_Read.ap_auto.i16, i16 %data_13_val" [firmware/nnet_utils/nnet_activation.h:34]   --->   Operation 21 'read' 'data_13_val_read' <Predicate = true> <Delay = 0.00>
ST_1 : Operation 22 [1/1] (0.00ns)   --->   "%data_12_val_read = read i16 @_ssdm_op_Read.ap_auto.i16, i16 %data_12_val" [firmware/nnet_utils/nnet_activation.h:34]   --->   Operation 22 'read' 'data_12_val_read' <Predicate = true> <Delay = 0.00>
ST_1 : Operation 23 [1/1] (0.00ns)   --->   "%data_11_val_read = read i16 @_ssdm_op_Read.ap_auto.i16, i16 %data_11_val" [firmware/nnet_utils/nnet_activation.h:34]   --->   Operation 23 'read' 'data_11_val_read' <Predicate = true> <Delay = 0.00>
ST_1 : Operation 24 [1/1] (0.00ns)   --->   "%data_10_val_read = read i16 @_ssdm_op_Read.ap_auto.i16, i16 %data_10_val" [firmware/nnet_utils/nnet_activation.h:34]   --->   Operation 24 'read' 'data_10_val_read' <Predicate = true> <Delay = 0.00>
ST_1 : Operation 25 [1/1] (0.00ns)   --->   "%data_9_val_read = read i16 @_ssdm_op_Read.ap_auto.i16, i16 %data_9_val" [firmware/nnet_utils/nnet_activation.h:34]   --->   Operation 25 'read' 'data_9_val_read' <Predicate = true> <Delay = 0.00>
ST_1 : Operation 26 [1/1] (0.00ns)   --->   "%data_8_val_read = read i16 @_ssdm_op_Read.ap_auto.i16, i16 %data_8_val" [firmware/nnet_utils/nnet_activation.h:34]   --->   Operation 26 'read' 'data_8_val_read' <Predicate = true> <Delay = 0.00>
ST_1 : Operation 27 [1/1] (0.00ns)   --->   "%data_7_val_read = read i16 @_ssdm_op_Read.ap_auto.i16, i16 %data_7_val" [firmware/nnet_utils/nnet_activation.h:34]   --->   Operation 27 'read' 'data_7_val_read' <Predicate = true> <Delay = 0.00>
ST_1 : Operation 28 [1/1] (0.00ns)   --->   "%data_6_val_read = read i16 @_ssdm_op_Read.ap_auto.i16, i16 %data_6_val" [firmware/nnet_utils/nnet_activation.h:34]   --->   Operation 28 'read' 'data_6_val_read' <Predicate = true> <Delay = 0.00>
ST_1 : Operation 29 [1/1] (0.00ns)   --->   "%data_5_val_read = read i16 @_ssdm_op_Read.ap_auto.i16, i16 %data_5_val" [firmware/nnet_utils/nnet_activation.h:34]   --->   Operation 29 'read' 'data_5_val_read' <Predicate = true> <Delay = 0.00>
ST_1 : Operation 30 [1/1] (0.00ns)   --->   "%data_4_val_read = read i16 @_ssdm_op_Read.ap_auto.i16, i16 %data_4_val" [firmware/nnet_utils/nnet_activation.h:34]   --->   Operation 30 'read' 'data_4_val_read' <Predicate = true> <Delay = 0.00>
ST_1 : Operation 31 [1/1] (0.00ns)   --->   "%data_3_val_read = read i16 @_ssdm_op_Read.ap_auto.i16, i16 %data_3_val" [firmware/nnet_utils/nnet_activation.h:34]   --->   Operation 31 'read' 'data_3_val_read' <Predicate = true> <Delay = 0.00>
ST_1 : Operation 32 [1/1] (0.00ns)   --->   "%data_2_val_read = read i16 @_ssdm_op_Read.ap_auto.i16, i16 %data_2_val" [firmware/nnet_utils/nnet_activation.h:34]   --->   Operation 32 'read' 'data_2_val_read' <Predicate = true> <Delay = 0.00>
ST_1 : Operation 33 [1/1] (0.00ns)   --->   "%data_1_val_read = read i16 @_ssdm_op_Read.ap_auto.i16, i16 %data_1_val" [firmware/nnet_utils/nnet_activation.h:34]   --->   Operation 33 'read' 'data_1_val_read' <Predicate = true> <Delay = 0.00>
ST_1 : Operation 34 [1/1] (0.00ns)   --->   "%data_0_val_read = read i16 @_ssdm_op_Read.ap_auto.i16, i16 %data_0_val" [firmware/nnet_utils/nnet_activation.h:34]   --->   Operation 34 'read' 'data_0_val_read' <Predicate = true> <Delay = 0.00>
ST_1 : Operation 35 [1/1] (0.00ns)   --->   "%mrv = insertvalue i512 <undef>, i16 %data_0_val_read" [firmware/nnet_utils/nnet_activation.h:34]   --->   Operation 35 'insertvalue' 'mrv' <Predicate = true> <Delay = 0.00>
ST_1 : Operation 36 [1/1] (0.00ns)   --->   "%mrv_1 = insertvalue i512 %mrv, i16 %data_1_val_read" [firmware/nnet_utils/nnet_activation.h:34]   --->   Operation 36 'insertvalue' 'mrv_1' <Predicate = true> <Delay = 0.00>
ST_1 : Operation 37 [1/1] (0.00ns)   --->   "%mrv_2 = insertvalue i512 %mrv_1, i16 %data_2_val_read" [firmware/nnet_utils/nnet_activation.h:34]   --->   Operation 37 'insertvalue' 'mrv_2' <Predicate = true> <Delay = 0.00>
ST_1 : Operation 38 [1/1] (0.00ns)   --->   "%mrv_3 = insertvalue i512 %mrv_2, i16 %data_3_val_read" [firmware/nnet_utils/nnet_activation.h:34]   --->   Operation 38 'insertvalue' 'mrv_3' <Predicate = true> <Delay = 0.00>
ST_1 : Operation 39 [1/1] (0.00ns)   --->   "%mrv_4 = insertvalue i512 %mrv_3, i16 %data_4_val_read" [firmware/nnet_utils/nnet_activation.h:34]   --->   Operation 39 'insertvalue' 'mrv_4' <Predicate = true> <Delay = 0.00>
ST_1 : Operation 40 [1/1] (0.00ns)   --->   "%mrv_5 = insertvalue i512 %mrv_4, i16 %data_5_val_read" [firmware/nnet_utils/nnet_activation.h:34]   --->   Operation 40 'insertvalue' 'mrv_5' <Predicate = true> <Delay = 0.00>
ST_1 : Operation 41 [1/1] (0.00ns)   --->   "%mrv_6 = insertvalue i512 %mrv_5, i16 %data_6_val_read" [firmware/nnet_utils/nnet_activation.h:34]   --->   Operation 41 'insertvalue' 'mrv_6' <Predicate = true> <Delay = 0.00>
ST_1 : Operation 42 [1/1] (0.00ns)   --->   "%mrv_7 = insertvalue i512 %mrv_6, i16 %data_7_val_read" [firmware/nnet_utils/nnet_activation.h:34]   --->   Operation 42 'insertvalue' 'mrv_7' <Predicate = true> <Delay = 0.00>
ST_1 : Operation 43 [1/1] (0.00ns)   --->   "%mrv_8 = insertvalue i512 %mrv_7, i16 %data_8_val_read" [firmware/nnet_utils/nnet_activation.h:34]   --->   Operation 43 'insertvalue' 'mrv_8' <Predicate = true> <Delay = 0.00>
ST_1 : Operation 44 [1/1] (0.00ns)   --->   "%mrv_9 = insertvalue i512 %mrv_8, i16 %data_9_val_read" [firmware/nnet_utils/nnet_activation.h:34]   --->   Operation 44 'insertvalue' 'mrv_9' <Predicate = true> <Delay = 0.00>
ST_1 : Operation 45 [1/1] (0.00ns)   --->   "%mrv_10 = insertvalue i512 %mrv_9, i16 %data_10_val_read" [firmware/nnet_utils/nnet_activation.h:34]   --->   Operation 45 'insertvalue' 'mrv_10' <Predicate = true> <Delay = 0.00>
ST_1 : Operation 46 [1/1] (0.00ns)   --->   "%mrv_11 = insertvalue i512 %mrv_10, i16 %data_11_val_read" [firmware/nnet_utils/nnet_activation.h:34]   --->   Operation 46 'insertvalue' 'mrv_11' <Predicate = true> <Delay = 0.00>
ST_1 : Operation 47 [1/1] (0.00ns)   --->   "%mrv_12 = insertvalue i512 %mrv_11, i16 %data_12_val_read" [firmware/nnet_utils/nnet_activation.h:34]   --->   Operation 47 'insertvalue' 'mrv_12' <Predicate = true> <Delay = 0.00>
ST_1 : Operation 48 [1/1] (0.00ns)   --->   "%mrv_13 = insertvalue i512 %mrv_12, i16 %data_13_val_read" [firmware/nnet_utils/nnet_activation.h:34]   --->   Operation 48 'insertvalue' 'mrv_13' <Predicate = true> <Delay = 0.00>
ST_1 : Operation 49 [1/1] (0.00ns)   --->   "%mrv_14 = insertvalue i512 %mrv_13, i16 %data_14_val_read" [firmware/nnet_utils/nnet_activation.h:34]   --->   Operation 49 'insertvalue' 'mrv_14' <Predicate = true> <Delay = 0.00>
ST_1 : Operation 50 [1/1] (0.00ns)   --->   "%mrv_15 = insertvalue i512 %mrv_14, i16 %data_15_val_read" [firmware/nnet_utils/nnet_activation.h:34]   --->   Operation 50 'insertvalue' 'mrv_15' <Predicate = true> <Delay = 0.00>
ST_1 : Operation 51 [1/1] (0.00ns)   --->   "%mrv_16 = insertvalue i512 %mrv_15, i16 %data_16_val_read" [firmware/nnet_utils/nnet_activation.h:34]   --->   Operation 51 'insertvalue' 'mrv_16' <Predicate = true> <Delay = 0.00>
ST_1 : Operation 52 [1/1] (0.00ns)   --->   "%mrv_17 = insertvalue i512 %mrv_16, i16 %data_17_val_read" [firmware/nnet_utils/nnet_activation.h:34]   --->   Operation 52 'insertvalue' 'mrv_17' <Predicate = true> <Delay = 0.00>
ST_1 : Operation 53 [1/1] (0.00ns)   --->   "%mrv_18 = insertvalue i512 %mrv_17, i16 %data_18_val_read" [firmware/nnet_utils/nnet_activation.h:34]   --->   Operation 53 'insertvalue' 'mrv_18' <Predicate = true> <Delay = 0.00>
ST_1 : Operation 54 [1/1] (0.00ns)   --->   "%mrv_19 = insertvalue i512 %mrv_18, i16 %data_19_val_read" [firmware/nnet_utils/nnet_activation.h:34]   --->   Operation 54 'insertvalue' 'mrv_19' <Predicate = true> <Delay = 0.00>
ST_1 : Operation 55 [1/1] (0.00ns)   --->   "%mrv_20 = insertvalue i512 %mrv_19, i16 %data_20_val_read" [firmware/nnet_utils/nnet_activation.h:34]   --->   Operation 55 'insertvalue' 'mrv_20' <Predicate = true> <Delay = 0.00>
ST_1 : Operation 56 [1/1] (0.00ns)   --->   "%mrv_21 = insertvalue i512 %mrv_20, i16 %data_21_val_read" [firmware/nnet_utils/nnet_activation.h:34]   --->   Operation 56 'insertvalue' 'mrv_21' <Predicate = true> <Delay = 0.00>
ST_1 : Operation 57 [1/1] (0.00ns)   --->   "%mrv_22 = insertvalue i512 %mrv_21, i16 %data_22_val_read" [firmware/nnet_utils/nnet_activation.h:34]   --->   Operation 57 'insertvalue' 'mrv_22' <Predicate = true> <Delay = 0.00>
ST_1 : Operation 58 [1/1] (0.00ns)   --->   "%mrv_23 = insertvalue i512 %mrv_22, i16 %data_23_val_read" [firmware/nnet_utils/nnet_activation.h:34]   --->   Operation 58 'insertvalue' 'mrv_23' <Predicate = true> <Delay = 0.00>
ST_1 : Operation 59 [1/1] (0.00ns)   --->   "%mrv_24 = insertvalue i512 %mrv_23, i16 %data_24_val_read" [firmware/nnet_utils/nnet_activation.h:34]   --->   Operation 59 'insertvalue' 'mrv_24' <Predicate = true> <Delay = 0.00>
ST_1 : Operation 60 [1/1] (0.00ns)   --->   "%mrv_25 = insertvalue i512 %mrv_24, i16 %data_25_val_read" [firmware/nnet_utils/nnet_activation.h:34]   --->   Operation 60 'insertvalue' 'mrv_25' <Predicate = true> <Delay = 0.00>
ST_1 : Operation 61 [1/1] (0.00ns)   --->   "%mrv_26 = insertvalue i512 %mrv_25, i16 %data_26_val_read" [firmware/nnet_utils/nnet_activation.h:34]   --->   Operation 61 'insertvalue' 'mrv_26' <Predicate = true> <Delay = 0.00>
ST_1 : Operation 62 [1/1] (0.00ns)   --->   "%mrv_27 = insertvalue i512 %mrv_26, i16 %data_27_val_read" [firmware/nnet_utils/nnet_activation.h:34]   --->   Operation 62 'insertvalue' 'mrv_27' <Predicate = true> <Delay = 0.00>
ST_1 : Operation 63 [1/1] (0.00ns)   --->   "%mrv_28 = insertvalue i512 %mrv_27, i16 %data_28_val_read" [firmware/nnet_utils/nnet_activation.h:34]   --->   Operation 63 'insertvalue' 'mrv_28' <Predicate = true> <Delay = 0.00>
ST_1 : Operation 64 [1/1] (0.00ns)   --->   "%mrv_29 = insertvalue i512 %mrv_28, i16 %data_29_val_read" [firmware/nnet_utils/nnet_activation.h:34]   --->   Operation 64 'insertvalue' 'mrv_29' <Predicate = true> <Delay = 0.00>
ST_1 : Operation 65 [1/1] (0.00ns)   --->   "%mrv_30 = insertvalue i512 %mrv_29, i16 %data_30_val_read" [firmware/nnet_utils/nnet_activation.h:34]   --->   Operation 65 'insertvalue' 'mrv_30' <Predicate = true> <Delay = 0.00>
ST_1 : Operation 66 [1/1] (0.00ns)   --->   "%mrv_31 = insertvalue i512 %mrv_30, i16 %data_31_val_read" [firmware/nnet_utils/nnet_activation.h:34]   --->   Operation 66 'insertvalue' 'mrv_31' <Predicate = true> <Delay = 0.00>
ST_1 : Operation 67 [1/1] (0.00ns)   --->   "%ret_ln34 = ret i512 %mrv_31" [firmware/nnet_utils/nnet_activation.h:34]   --->   Operation 67 'ret' 'ret_ln34' <Predicate = true> <Delay = 0.00>


============================================================
+ Verbose Summary: Binding
============================================================
STG Binding: 
---------------- STG Properties BEGIN ----------------
- Is combinational: 1
- Is one-state seq: 0
- Is datapath-only: 0
- Is pipelined: 1
- Is top level: 0
Port [ Return ] is wired: 1; IO mode=ap_ctrl_hs:ce=0
Port [ data_0_val]:  wired=1; compound=0; hidden=0; nouse=0; global=0; static=0; extern=0; dir=0; type=0; pingpong=0; private_global=0; IO mode=ap_none:ce=0
Port [ data_1_val]:  wired=1; compound=0; hidden=0; nouse=0; global=0; static=0; extern=0; dir=0; type=0; pingpong=0; private_global=0; IO mode=ap_none:ce=0
Port [ data_2_val]:  wired=1; compound=0; hidden=0; nouse=0; global=0; static=0; extern=0; dir=0; type=0; pingpong=0; private_global=0; IO mode=ap_none:ce=0
Port [ data_3_val]:  wired=1; compound=0; hidden=0; nouse=0; global=0; static=0; extern=0; dir=0; type=0; pingpong=0; private_global=0; IO mode=ap_none:ce=0
Port [ data_4_val]:  wired=1; compound=0; hidden=0; nouse=0; global=0; static=0; extern=0; dir=0; type=0; pingpong=0; private_global=0; IO mode=ap_none:ce=0
Port [ data_5_val]:  wired=1; compound=0; hidden=0; nouse=0; global=0; static=0; extern=0; dir=0; type=0; pingpong=0; private_global=0; IO mode=ap_none:ce=0
Port [ data_6_val]:  wired=1; compound=0; hidden=0; nouse=0; global=0; static=0; extern=0; dir=0; type=0; pingpong=0; private_global=0; IO mode=ap_none:ce=0
Port [ data_7_val]:  wired=1; compound=0; hidden=0; nouse=0; global=0; static=0; extern=0; dir=0; type=0; pingpong=0; private_global=0; IO mode=ap_none:ce=0
Port [ data_8_val]:  wired=1; compound=0; hidden=0; nouse=0; global=0; static=0; extern=0; dir=0; type=0; pingpong=0; private_global=0; IO mode=ap_none:ce=0
Port [ data_9_val]:  wired=1; compound=0; hidden=0; nouse=0; global=0; static=0; extern=0; dir=0; type=0; pingpong=0; private_global=0; IO mode=ap_none:ce=0
Port [ data_10_val]:  wired=1; compound=0; hidden=0; nouse=0; global=0; static=0; extern=0; dir=0; type=0; pingpong=0; private_global=0; IO mode=ap_none:ce=0
Port [ data_11_val]:  wired=1; compound=0; hidden=0; nouse=0; global=0; static=0; extern=0; dir=0; type=0; pingpong=0; private_global=0; IO mode=ap_none:ce=0
Port [ data_12_val]:  wired=1; compound=0; hidden=0; nouse=0; global=0; static=0; extern=0; dir=0; type=0; pingpong=0; private_global=0; IO mode=ap_none:ce=0
Port [ data_13_val]:  wired=1; compound=0; hidden=0; nouse=0; global=0; static=0; extern=0; dir=0; type=0; pingpong=0; private_global=0; IO mode=ap_none:ce=0
Port [ data_14_val]:  wired=1; compound=0; hidden=0; nouse=0; global=0; static=0; extern=0; dir=0; type=0; pingpong=0; private_global=0; IO mode=ap_none:ce=0
Port [ data_15_val]:  wired=1; compound=0; hidden=0; nouse=0; global=0; static=0; extern=0; dir=0; type=0; pingpong=0; private_global=0; IO mode=ap_none:ce=0
Port [ data_16_val]:  wired=1; compound=0; hidden=0; nouse=0; global=0; static=0; extern=0; dir=0; type=0; pingpong=0; private_global=0; IO mode=ap_none:ce=0
Port [ data_17_val]:  wired=1; compound=0; hidden=0; nouse=0; global=0; static=0; extern=0; dir=0; type=0; pingpong=0; private_global=0; IO mode=ap_none:ce=0
Port [ data_18_val]:  wired=1; compound=0; hidden=0; nouse=0; global=0; static=0; extern=0; dir=0; type=0; pingpong=0; private_global=0; IO mode=ap_none:ce=0
Port [ data_19_val]:  wired=1; compound=0; hidden=0; nouse=0; global=0; static=0; extern=0; dir=0; type=0; pingpong=0; private_global=0; IO mode=ap_none:ce=0
Port [ data_20_val]:  wired=1; compound=0; hidden=0; nouse=0; global=0; static=0; extern=0; dir=0; type=0; pingpong=0; private_global=0; IO mode=ap_none:ce=0
Port [ data_21_val]:  wired=1; compound=0; hidden=0; nouse=0; global=0; static=0; extern=0; dir=0; type=0; pingpong=0; private_global=0; IO mode=ap_none:ce=0
Port [ data_22_val]:  wired=1; compound=0; hidden=0; nouse=0; global=0; static=0; extern=0; dir=0; type=0; pingpong=0; private_global=0; IO mode=ap_none:ce=0
Port [ data_23_val]:  wired=1; compound=0; hidden=0; nouse=0; global=0; static=0; extern=0; dir=0; type=0; pingpong=0; private_global=0; IO mode=ap_none:ce=0
Port [ data_24_val]:  wired=1; compound=0; hidden=0; nouse=0; global=0; static=0; extern=0; dir=0; type=0; pingpong=0; private_global=0; IO mode=ap_none:ce=0
Port [ data_25_val]:  wired=1; compound=0; hidden=0; nouse=0; global=0; static=0; extern=0; dir=0; type=0; pingpong=0; private_global=0; IO mode=ap_none:ce=0
Port [ data_26_val]:  wired=1; compound=0; hidden=0; nouse=0; global=0; static=0; extern=0; dir=0; type=0; pingpong=0; private_global=0; IO mode=ap_none:ce=0
Port [ data_27_val]:  wired=1; compound=0; hidden=0; nouse=0; global=0; static=0; extern=0; dir=0; type=0; pingpong=0; private_global=0; IO mode=ap_none:ce=0
Port [ data_28_val]:  wired=1; compound=0; hidden=0; nouse=0; global=0; static=0; extern=0; dir=0; type=0; pingpong=0; private_global=0; IO mode=ap_none:ce=0
Port [ data_29_val]:  wired=1; compound=0; hidden=0; nouse=0; global=0; static=0; extern=0; dir=0; type=0; pingpong=0; private_global=0; IO mode=ap_none:ce=0
Port [ data_30_val]:  wired=1; compound=0; hidden=0; nouse=0; global=0; static=0; extern=0; dir=0; type=0; pingpong=0; private_global=0; IO mode=ap_none:ce=0
Port [ data_31_val]:  wired=1; compound=0; hidden=0; nouse=0; global=0; static=0; extern=0; dir=0; type=0; pingpong=0; private_global=0; IO mode=ap_none:ce=0
---------------- STG Properties END ------------------

---------------- Datapath Model BEGIN ----------------

<LifeTime>
<method=bitvector/>
specpipeline_ln31 (specpipeline) [ 00]
data_31_val_read  (read        ) [ 00]
data_30_val_read  (read        ) [ 00]
data_29_val_read  (read        ) [ 00]
data_28_val_read  (read        ) [ 00]
data_27_val_read  (read        ) [ 00]
data_26_val_read  (read        ) [ 00]
data_25_val_read  (read        ) [ 00]
data_24_val_read  (read        ) [ 00]
data_23_val_read  (read        ) [ 00]
data_22_val_read  (read        ) [ 00]
data_21_val_read  (read        ) [ 00]
data_20_val_read  (read        ) [ 00]
data_19_val_read  (read        ) [ 00]
data_18_val_read  (read        ) [ 00]
data_17_val_read  (read        ) [ 00]
data_16_val_read  (read        ) [ 00]
data_15_val_read  (read        ) [ 00]
data_14_val_read  (read        ) [ 00]
data_13_val_read  (read        ) [ 00]
data_12_val_read  (read        ) [ 00]
data_11_val_read  (read        ) [ 00]
data_10_val_read  (read        ) [ 00]
data_9_val_read   (read        ) [ 00]
data_8_val_read   (read        ) [ 00]
data_7_val_read   (read        ) [ 00]
data_6_val_read   (read        ) [ 00]
data_5_val_read   (read        ) [ 00]
data_4_val_read   (read        ) [ 00]
data_3_val_read   (read        ) [ 00]
data_2_val_read   (read        ) [ 00]
data_1_val_read   (read        ) [ 00]
data_0_val_read   (read        ) [ 00]
mrv               (insertvalue ) [ 00]
mrv_1             (insertvalue ) [ 00]
mrv_2             (insertvalue ) [ 00]
mrv_3             (insertvalue ) [ 00]
mrv_4             (insertvalue ) [ 00]
mrv_5             (insertvalue ) [ 00]
mrv_6             (insertvalue ) [ 00]
mrv_7             (insertvalue ) [ 00]
mrv_8             (insertvalue ) [ 00]
mrv_9             (insertvalue ) [ 00]
mrv_10            (insertvalue ) [ 00]
mrv_11            (insertvalue ) [ 00]
mrv_12            (insertvalue ) [ 00]
mrv_13            (insertvalue ) [ 00]
mrv_14            (insertvalue ) [ 00]
mrv_15            (insertvalue ) [ 00]
mrv_16            (insertvalue ) [ 00]
mrv_17            (insertvalue ) [ 00]
mrv_18            (insertvalue ) [ 00]
mrv_19            (insertvalue ) [ 00]
mrv_20            (insertvalue ) [ 00]
mrv_21            (insertvalue ) [ 00]
mrv_22            (insertvalue ) [ 00]
mrv_23            (insertvalue ) [ 00]
mrv_24            (insertvalue ) [ 00]
mrv_25            (insertvalue ) [ 00]
mrv_26            (insertvalue ) [ 00]
mrv_27            (insertvalue ) [ 00]
mrv_28            (insertvalue ) [ 00]
mrv_29            (insertvalue ) [ 00]
mrv_30            (insertvalue ) [ 00]
mrv_31            (insertvalue ) [ 00]
ret_ln34          (ret         ) [ 00]
</LifeTime>

<model>

<comp_list>
<comp id="0" class="1000" name="data_0_val">
<pin_list>
<pin id="1" dir="1" index="0" bw="1" slack="0"/>
</pin_list>
<bind>
<StgValue><ssdm name="data_0_val"/></StgValue>
</bind>
</comp>

<comp id="2" class="1000" name="data_1_val">
<pin_list>
<pin id="3" dir="1" index="0" bw="1" slack="0"/>
</pin_list>
<bind>
<StgValue><ssdm name="data_1_val"/></StgValue>
</bind>
</comp>

<comp id="4" class="1000" name="data_2_val">
<pin_list>
<pin id="5" dir="1" index="0" bw="1" slack="0"/>
</pin_list>
<bind>
<StgValue><ssdm name="data_2_val"/></StgValue>
</bind>
</comp>

<comp id="6" class="1000" name="data_3_val">
<pin_list>
<pin id="7" dir="1" index="0" bw="1" slack="0"/>
</pin_list>
<bind>
<StgValue><ssdm name="data_3_val"/></StgValue>
</bind>
</comp>

<comp id="8" class="1000" name="data_4_val">
<pin_list>
<pin id="9" dir="1" index="0" bw="1" slack="0"/>
</pin_list>
<bind>
<StgValue><ssdm name="data_4_val"/></StgValue>
</bind>
</comp>

<comp id="10" class="1000" name="data_5_val">
<pin_list>
<pin id="11" dir="1" index="0" bw="1" slack="0"/>
</pin_list>
<bind>
<StgValue><ssdm name="data_5_val"/></StgValue>
</bind>
</comp>

<comp id="12" class="1000" name="data_6_val">
<pin_list>
<pin id="13" dir="1" index="0" bw="1" slack="0"/>
</pin_list>
<bind>
<StgValue><ssdm name="data_6_val"/></StgValue>
</bind>
</comp>

<comp id="14" class="1000" name="data_7_val">
<pin_list>
<pin id="15" dir="1" index="0" bw="1" slack="0"/>
</pin_list>
<bind>
<StgValue><ssdm name="data_7_val"/></StgValue>
</bind>
</comp>

<comp id="16" class="1000" name="data_8_val">
<pin_list>
<pin id="17" dir="1" index="0" bw="1" slack="0"/>
</pin_list>
<bind>
<StgValue><ssdm name="data_8_val"/></StgValue>
</bind>
</comp>

<comp id="18" class="1000" name="data_9_val">
<pin_list>
<pin id="19" dir="1" index="0" bw="1" slack="0"/>
</pin_list>
<bind>
<StgValue><ssdm name="data_9_val"/></StgValue>
</bind>
</comp>

<comp id="20" class="1000" name="data_10_val">
<pin_list>
<pin id="21" dir="1" index="0" bw="1" slack="0"/>
</pin_list>
<bind>
<StgValue><ssdm name="data_10_val"/></StgValue>
</bind>
</comp>

<comp id="22" class="1000" name="data_11_val">
<pin_list>
<pin id="23" dir="1" index="0" bw="1" slack="0"/>
</pin_list>
<bind>
<StgValue><ssdm name="data_11_val"/></StgValue>
</bind>
</comp>

<comp id="24" class="1000" name="data_12_val">
<pin_list>
<pin id="25" dir="1" index="0" bw="1" slack="0"/>
</pin_list>
<bind>
<StgValue><ssdm name="data_12_val"/></StgValue>
</bind>
</comp>

<comp id="26" class="1000" name="data_13_val">
<pin_list>
<pin id="27" dir="1" index="0" bw="1" slack="0"/>
</pin_list>
<bind>
<StgValue><ssdm name="data_13_val"/></StgValue>
</bind>
</comp>

<comp id="28" class="1000" name="data_14_val">
<pin_list>
<pin id="29" dir="1" index="0" bw="1" slack="0"/>
</pin_list>
<bind>
<StgValue><ssdm name="data_14_val"/></StgValue>
</bind>
</comp>

<comp id="30" class="1000" name="data_15_val">
<pin_list>
<pin id="31" dir="1" index="0" bw="1" slack="0"/>
</pin_list>
<bind>
<StgValue><ssdm name="data_15_val"/></StgValue>
</bind>
</comp>

<comp id="32" class="1000" name="data_16_val">
<pin_list>
<pin id="33" dir="1" index="0" bw="1" slack="0"/>
</pin_list>
<bind>
<StgValue><ssdm name="data_16_val"/></StgValue>
</bind>
</comp>

<comp id="34" class="1000" name="data_17_val">
<pin_list>
<pin id="35" dir="1" index="0" bw="1" slack="0"/>
</pin_list>
<bind>
<StgValue><ssdm name="data_17_val"/></StgValue>
</bind>
</comp>

<comp id="36" class="1000" name="data_18_val">
<pin_list>
<pin id="37" dir="1" index="0" bw="1" slack="0"/>
</pin_list>
<bind>
<StgValue><ssdm name="data_18_val"/></StgValue>
</bind>
</comp>

<comp id="38" class="1000" name="data_19_val">
<pin_list>
<pin id="39" dir="1" index="0" bw="1" slack="0"/>
</pin_list>
<bind>
<StgValue><ssdm name="data_19_val"/></StgValue>
</bind>
</comp>

<comp id="40" class="1000" name="data_20_val">
<pin_list>
<pin id="41" dir="1" index="0" bw="1" slack="0"/>
</pin_list>
<bind>
<StgValue><ssdm name="data_20_val"/></StgValue>
</bind>
</comp>

<comp id="42" class="1000" name="data_21_val">
<pin_list>
<pin id="43" dir="1" index="0" bw="1" slack="0"/>
</pin_list>
<bind>
<StgValue><ssdm name="data_21_val"/></StgValue>
</bind>
</comp>

<comp id="44" class="1000" name="data_22_val">
<pin_list>
<pin id="45" dir="1" index="0" bw="1" slack="0"/>
</pin_list>
<bind>
<StgValue><ssdm name="data_22_val"/></StgValue>
</bind>
</comp>

<comp id="46" class="1000" name="data_23_val">
<pin_list>
<pin id="47" dir="1" index="0" bw="1" slack="0"/>
</pin_list>
<bind>
<StgValue><ssdm name="data_23_val"/></StgValue>
</bind>
</comp>

<comp id="48" class="1000" name="data_24_val">
<pin_list>
<pin id="49" dir="1" index="0" bw="1" slack="0"/>
</pin_list>
<bind>
<StgValue><ssdm name="data_24_val"/></StgValue>
</bind>
</comp>

<comp id="50" class="1000" name="data_25_val">
<pin_list>
<pin id="51" dir="1" index="0" bw="1" slack="0"/>
</pin_list>
<bind>
<StgValue><ssdm name="data_25_val"/></StgValue>
</bind>
</comp>

<comp id="52" class="1000" name="data_26_val">
<pin_list>
<pin id="53" dir="1" index="0" bw="1" slack="0"/>
</pin_list>
<bind>
<StgValue><ssdm name="data_26_val"/></StgValue>
</bind>
</comp>

<comp id="54" class="1000" name="data_27_val">
<pin_list>
<pin id="55" dir="1" index="0" bw="1" slack="0"/>
</pin_list>
<bind>
<StgValue><ssdm name="data_27_val"/></StgValue>
</bind>
</comp>

<comp id="56" class="1000" name="data_28_val">
<pin_list>
<pin id="57" dir="1" index="0" bw="1" slack="0"/>
</pin_list>
<bind>
<StgValue><ssdm name="data_28_val"/></StgValue>
</bind>
</comp>

<comp id="58" class="1000" name="data_29_val">
<pin_list>
<pin id="59" dir="1" index="0" bw="1" slack="0"/>
</pin_list>
<bind>
<StgValue><ssdm name="data_29_val"/></StgValue>
</bind>
</comp>

<comp id="60" class="1000" name="data_30_val">
<pin_list>
<pin id="61" dir="1" index="0" bw="1" slack="0"/>
</pin_list>
<bind>
<StgValue><ssdm name="data_30_val"/></StgValue>
</bind>
</comp>

<comp id="62" class="1000" name="data_31_val">
<pin_list>
<pin id="63" dir="1" index="0" bw="1" slack="0"/>
</pin_list>
<bind>
<StgValue><ssdm name="data_31_val"/></StgValue>
</bind>
</comp>

<comp id="64" class="1001" name="const_64">
<pin_list>
<pin id="65" dir="1" index="0" bw="1" slack="2147483647"/>
</pin_list>
<bind>
<StgValue><ssdm name="_ssdm_op_SpecPipeline"/></StgValue>
</bind>
</comp>

<comp id="66" class="1001" name="const_66">
<pin_list>
<pin id="67" dir="1" index="0" bw="1" slack="2147483647"/>
</pin_list>
<bind>
<StgValue><ssdm name=""/></StgValue>
</bind>
</comp>

<comp id="68" class="1001" name="const_68">
<pin_list>
<pin id="69" dir="1" index="0" bw="1" slack="2147483647"/>
</pin_list>
<bind>
<StgValue><ssdm name=""/></StgValue>
</bind>
</comp>

<comp id="70" class="1001" name="const_70">
<pin_list>
<pin id="71" dir="1" index="0" bw="1" slack="2147483647"/>
</pin_list>
<bind>
<StgValue><ssdm name="empty_0"/></StgValue>
</bind>
</comp>

<comp id="72" class="1001" name="const_72">
<pin_list>
<pin id="73" dir="1" index="0" bw="1" slack="0"/>
</pin_list>
<bind>
<StgValue><ssdm name="_ssdm_op_Read.ap_auto.i16"/></StgValue>
</bind>
</comp>

<comp id="74" class="1001" name="const_74">
<pin_list>
<pin id="75" dir="1" index="0" bw="1" slack="0"/>
</pin_list>
<bind>
<StgValue><ssdm name=""/></StgValue>
</bind>
</comp>

<comp id="76" class="1004" name="data_31_val_read_read_fu_76">
<pin_list>
<pin id="77" dir="0" index="0" bw="16" slack="0"/>
<pin id="78" dir="0" index="1" bw="16" slack="0"/>
<pin id="79" dir="1" index="2" bw="16" slack="0"/>
</pin_list>
<bind>
<opcode="read(1150) " fcode="read"/>
<opset="data_31_val_read/1 "/>
</bind>
</comp>

<comp id="82" class="1004" name="data_30_val_read_read_fu_82">
<pin_list>
<pin id="83" dir="0" index="0" bw="16" slack="0"/>
<pin id="84" dir="0" index="1" bw="16" slack="0"/>
<pin id="85" dir="1" index="2" bw="16" slack="0"/>
</pin_list>
<bind>
<opcode="read(1150) " fcode="read"/>
<opset="data_30_val_read/1 "/>
</bind>
</comp>

<comp id="88" class="1004" name="data_29_val_read_read_fu_88">
<pin_list>
<pin id="89" dir="0" index="0" bw="16" slack="0"/>
<pin id="90" dir="0" index="1" bw="16" slack="0"/>
<pin id="91" dir="1" index="2" bw="16" slack="0"/>
</pin_list>
<bind>
<opcode="read(1150) " fcode="read"/>
<opset="data_29_val_read/1 "/>
</bind>
</comp>

<comp id="94" class="1004" name="data_28_val_read_read_fu_94">
<pin_list>
<pin id="95" dir="0" index="0" bw="16" slack="0"/>
<pin id="96" dir="0" index="1" bw="16" slack="0"/>
<pin id="97" dir="1" index="2" bw="16" slack="0"/>
</pin_list>
<bind>
<opcode="read(1150) " fcode="read"/>
<opset="data_28_val_read/1 "/>
</bind>
</comp>

<comp id="100" class="1004" name="data_27_val_read_read_fu_100">
<pin_list>
<pin id="101" dir="0" index="0" bw="16" slack="0"/>
<pin id="102" dir="0" index="1" bw="16" slack="0"/>
<pin id="103" dir="1" index="2" bw="16" slack="0"/>
</pin_list>
<bind>
<opcode="read(1150) " fcode="read"/>
<opset="data_27_val_read/1 "/>
</bind>
</comp>

<comp id="106" class="1004" name="data_26_val_read_read_fu_106">
<pin_list>
<pin id="107" dir="0" index="0" bw="16" slack="0"/>
<pin id="108" dir="0" index="1" bw="16" slack="0"/>
<pin id="109" dir="1" index="2" bw="16" slack="0"/>
</pin_list>
<bind>
<opcode="read(1150) " fcode="read"/>
<opset="data_26_val_read/1 "/>
</bind>
</comp>

<comp id="112" class="1004" name="data_25_val_read_read_fu_112">
<pin_list>
<pin id="113" dir="0" index="0" bw="16" slack="0"/>
<pin id="114" dir="0" index="1" bw="16" slack="0"/>
<pin id="115" dir="1" index="2" bw="16" slack="0"/>
</pin_list>
<bind>
<opcode="read(1150) " fcode="read"/>
<opset="data_25_val_read/1 "/>
</bind>
</comp>

<comp id="118" class="1004" name="data_24_val_read_read_fu_118">
<pin_list>
<pin id="119" dir="0" index="0" bw="16" slack="0"/>
<pin id="120" dir="0" index="1" bw="16" slack="0"/>
<pin id="121" dir="1" index="2" bw="16" slack="0"/>
</pin_list>
<bind>
<opcode="read(1150) " fcode="read"/>
<opset="data_24_val_read/1 "/>
</bind>
</comp>

<comp id="124" class="1004" name="data_23_val_read_read_fu_124">
<pin_list>
<pin id="125" dir="0" index="0" bw="16" slack="0"/>
<pin id="126" dir="0" index="1" bw="16" slack="0"/>
<pin id="127" dir="1" index="2" bw="16" slack="0"/>
</pin_list>
<bind>
<opcode="read(1150) " fcode="read"/>
<opset="data_23_val_read/1 "/>
</bind>
</comp>

<comp id="130" class="1004" name="data_22_val_read_read_fu_130">
<pin_list>
<pin id="131" dir="0" index="0" bw="16" slack="0"/>
<pin id="132" dir="0" index="1" bw="16" slack="0"/>
<pin id="133" dir="1" index="2" bw="16" slack="0"/>
</pin_list>
<bind>
<opcode="read(1150) " fcode="read"/>
<opset="data_22_val_read/1 "/>
</bind>
</comp>

<comp id="136" class="1004" name="data_21_val_read_read_fu_136">
<pin_list>
<pin id="137" dir="0" index="0" bw="16" slack="0"/>
<pin id="138" dir="0" index="1" bw="16" slack="0"/>
<pin id="139" dir="1" index="2" bw="16" slack="0"/>
</pin_list>
<bind>
<opcode="read(1150) " fcode="read"/>
<opset="data_21_val_read/1 "/>
</bind>
</comp>

<comp id="142" class="1004" name="data_20_val_read_read_fu_142">
<pin_list>
<pin id="143" dir="0" index="0" bw="16" slack="0"/>
<pin id="144" dir="0" index="1" bw="16" slack="0"/>
<pin id="145" dir="1" index="2" bw="16" slack="0"/>
</pin_list>
<bind>
<opcode="read(1150) " fcode="read"/>
<opset="data_20_val_read/1 "/>
</bind>
</comp>

<comp id="148" class="1004" name="data_19_val_read_read_fu_148">
<pin_list>
<pin id="149" dir="0" index="0" bw="16" slack="0"/>
<pin id="150" dir="0" index="1" bw="16" slack="0"/>
<pin id="151" dir="1" index="2" bw="16" slack="0"/>
</pin_list>
<bind>
<opcode="read(1150) " fcode="read"/>
<opset="data_19_val_read/1 "/>
</bind>
</comp>

<comp id="154" class="1004" name="data_18_val_read_read_fu_154">
<pin_list>
<pin id="155" dir="0" index="0" bw="16" slack="0"/>
<pin id="156" dir="0" index="1" bw="16" slack="0"/>
<pin id="157" dir="1" index="2" bw="16" slack="0"/>
</pin_list>
<bind>
<opcode="read(1150) " fcode="read"/>
<opset="data_18_val_read/1 "/>
</bind>
</comp>

<comp id="160" class="1004" name="data_17_val_read_read_fu_160">
<pin_list>
<pin id="161" dir="0" index="0" bw="16" slack="0"/>
<pin id="162" dir="0" index="1" bw="16" slack="0"/>
<pin id="163" dir="1" index="2" bw="16" slack="0"/>
</pin_list>
<bind>
<opcode="read(1150) " fcode="read"/>
<opset="data_17_val_read/1 "/>
</bind>
</comp>

<comp id="166" class="1004" name="data_16_val_read_read_fu_166">
<pin_list>
<pin id="167" dir="0" index="0" bw="16" slack="0"/>
<pin id="168" dir="0" index="1" bw="16" slack="0"/>
<pin id="169" dir="1" index="2" bw="16" slack="0"/>
</pin_list>
<bind>
<opcode="read(1150) " fcode="read"/>
<opset="data_16_val_read/1 "/>
</bind>
</comp>

<comp id="172" class="1004" name="data_15_val_read_read_fu_172">
<pin_list>
<pin id="173" dir="0" index="0" bw="16" slack="0"/>
<pin id="174" dir="0" index="1" bw="16" slack="0"/>
<pin id="175" dir="1" index="2" bw="16" slack="0"/>
</pin_list>
<bind>
<opcode="read(1150) " fcode="read"/>
<opset="data_15_val_read/1 "/>
</bind>
</comp>

<comp id="178" class="1004" name="data_14_val_read_read_fu_178">
<pin_list>
<pin id="179" dir="0" index="0" bw="16" slack="0"/>
<pin id="180" dir="0" index="1" bw="16" slack="0"/>
<pin id="181" dir="1" index="2" bw="16" slack="0"/>
</pin_list>
<bind>
<opcode="read(1150) " fcode="read"/>
<opset="data_14_val_read/1 "/>
</bind>
</comp>

<comp id="184" class="1004" name="data_13_val_read_read_fu_184">
<pin_list>
<pin id="185" dir="0" index="0" bw="16" slack="0"/>
<pin id="186" dir="0" index="1" bw="16" slack="0"/>
<pin id="187" dir="1" index="2" bw="16" slack="0"/>
</pin_list>
<bind>
<opcode="read(1150) " fcode="read"/>
<opset="data_13_val_read/1 "/>
</bind>
</comp>

<comp id="190" class="1004" name="data_12_val_read_read_fu_190">
<pin_list>
<pin id="191" dir="0" index="0" bw="16" slack="0"/>
<pin id="192" dir="0" index="1" bw="16" slack="0"/>
<pin id="193" dir="1" index="2" bw="16" slack="0"/>
</pin_list>
<bind>
<opcode="read(1150) " fcode="read"/>
<opset="data_12_val_read/1 "/>
</bind>
</comp>

<comp id="196" class="1004" name="data_11_val_read_read_fu_196">
<pin_list>
<pin id="197" dir="0" index="0" bw="16" slack="0"/>
<pin id="198" dir="0" index="1" bw="16" slack="0"/>
<pin id="199" dir="1" index="2" bw="16" slack="0"/>
</pin_list>
<bind>
<opcode="read(1150) " fcode="read"/>
<opset="data_11_val_read/1 "/>
</bind>
</comp>

<comp id="202" class="1004" name="data_10_val_read_read_fu_202">
<pin_list>
<pin id="203" dir="0" index="0" bw="16" slack="0"/>
<pin id="204" dir="0" index="1" bw="16" slack="0"/>
<pin id="205" dir="1" index="2" bw="16" slack="0"/>
</pin_list>
<bind>
<opcode="read(1150) " fcode="read"/>
<opset="data_10_val_read/1 "/>
</bind>
</comp>

<comp id="208" class="1004" name="data_9_val_read_read_fu_208">
<pin_list>
<pin id="209" dir="0" index="0" bw="16" slack="0"/>
<pin id="210" dir="0" index="1" bw="16" slack="0"/>
<pin id="211" dir="1" index="2" bw="16" slack="0"/>
</pin_list>
<bind>
<opcode="read(1150) " fcode="read"/>
<opset="data_9_val_read/1 "/>
</bind>
</comp>

<comp id="214" class="1004" name="data_8_val_read_read_fu_214">
<pin_list>
<pin id="215" dir="0" index="0" bw="16" slack="0"/>
<pin id="216" dir="0" index="1" bw="16" slack="0"/>
<pin id="217" dir="1" index="2" bw="16" slack="0"/>
</pin_list>
<bind>
<opcode="read(1150) " fcode="read"/>
<opset="data_8_val_read/1 "/>
</bind>
</comp>

<comp id="220" class="1004" name="data_7_val_read_read_fu_220">
<pin_list>
<pin id="221" dir="0" index="0" bw="16" slack="0"/>
<pin id="222" dir="0" index="1" bw="16" slack="0"/>
<pin id="223" dir="1" index="2" bw="16" slack="0"/>
</pin_list>
<bind>
<opcode="read(1150) " fcode="read"/>
<opset="data_7_val_read/1 "/>
</bind>
</comp>

<comp id="226" class="1004" name="data_6_val_read_read_fu_226">
<pin_list>
<pin id="227" dir="0" index="0" bw="16" slack="0"/>
<pin id="228" dir="0" index="1" bw="16" slack="0"/>
<pin id="229" dir="1" index="2" bw="16" slack="0"/>
</pin_list>
<bind>
<opcode="read(1150) " fcode="read"/>
<opset="data_6_val_read/1 "/>
</bind>
</comp>

<comp id="232" class="1004" name="data_5_val_read_read_fu_232">
<pin_list>
<pin id="233" dir="0" index="0" bw="16" slack="0"/>
<pin id="234" dir="0" index="1" bw="16" slack="0"/>
<pin id="235" dir="1" index="2" bw="16" slack="0"/>
</pin_list>
<bind>
<opcode="read(1150) " fcode="read"/>
<opset="data_5_val_read/1 "/>
</bind>
</comp>

<comp id="238" class="1004" name="data_4_val_read_read_fu_238">
<pin_list>
<pin id="239" dir="0" index="0" bw="16" slack="0"/>
<pin id="240" dir="0" index="1" bw="16" slack="0"/>
<pin id="241" dir="1" index="2" bw="16" slack="0"/>
</pin_list>
<bind>
<opcode="read(1150) " fcode="read"/>
<opset="data_4_val_read/1 "/>
</bind>
</comp>

<comp id="244" class="1004" name="data_3_val_read_read_fu_244">
<pin_list>
<pin id="245" dir="0" index="0" bw="16" slack="0"/>
<pin id="246" dir="0" index="1" bw="16" slack="0"/>
<pin id="247" dir="1" index="2" bw="16" slack="0"/>
</pin_list>
<bind>
<opcode="read(1150) " fcode="read"/>
<opset="data_3_val_read/1 "/>
</bind>
</comp>

<comp id="250" class="1004" name="data_2_val_read_read_fu_250">
<pin_list>
<pin id="251" dir="0" index="0" bw="16" slack="0"/>
<pin id="252" dir="0" index="1" bw="16" slack="0"/>
<pin id="253" dir="1" index="2" bw="16" slack="0"/>
</pin_list>
<bind>
<opcode="read(1150) " fcode="read"/>
<opset="data_2_val_read/1 "/>
</bind>
</comp>

<comp id="256" class="1004" name="data_1_val_read_read_fu_256">
<pin_list>
<pin id="257" dir="0" index="0" bw="16" slack="0"/>
<pin id="258" dir="0" index="1" bw="16" slack="0"/>
<pin id="259" dir="1" index="2" bw="16" slack="0"/>
</pin_list>
<bind>
<opcode="read(1150) " fcode="read"/>
<opset="data_1_val_read/1 "/>
</bind>
</comp>

<comp id="262" class="1004" name="data_0_val_read_read_fu_262">
<pin_list>
<pin id="263" dir="0" index="0" bw="16" slack="0"/>
<pin id="264" dir="0" index="1" bw="16" slack="0"/>
<pin id="265" dir="1" index="2" bw="16" slack="0"/>
</pin_list>
<bind>
<opcode="read(1150) " fcode="read"/>
<opset="data_0_val_read/1 "/>
</bind>
</comp>

<comp id="268" class="1004" name="mrv_fu_268">
<pin_list>
<pin id="269" dir="0" index="0" bw="512" slack="0"/>
<pin id="270" dir="0" index="1" bw="16" slack="0"/>
<pin id="271" dir="1" index="2" bw="512" slack="0"/>
</pin_list>
<bind>
<opcode="insertvalue(57) " fcode="insertvalue"/>
<opset="mrv/1 "/>
</bind>
</comp>

<comp id="274" class="1004" name="mrv_1_fu_274">
<pin_list>
<pin id="275" dir="0" index="0" bw="512" slack="0"/>
<pin id="276" dir="0" index="1" bw="16" slack="0"/>
<pin id="277" dir="1" index="2" bw="512" slack="0"/>
</pin_list>
<bind>
<opcode="insertvalue(57) " fcode="insertvalue"/>
<opset="mrv_1/1 "/>
</bind>
</comp>

<comp id="280" class="1004" name="mrv_2_fu_280">
<pin_list>
<pin id="281" dir="0" index="0" bw="512" slack="0"/>
<pin id="282" dir="0" index="1" bw="16" slack="0"/>
<pin id="283" dir="1" index="2" bw="512" slack="0"/>
</pin_list>
<bind>
<opcode="insertvalue(57) " fcode="insertvalue"/>
<opset="mrv_2/1 "/>
</bind>
</comp>

<comp id="286" class="1004" name="mrv_3_fu_286">
<pin_list>
<pin id="287" dir="0" index="0" bw="512" slack="0"/>
<pin id="288" dir="0" index="1" bw="16" slack="0"/>
<pin id="289" dir="1" index="2" bw="512" slack="0"/>
</pin_list>
<bind>
<opcode="insertvalue(57) " fcode="insertvalue"/>
<opset="mrv_3/1 "/>
</bind>
</comp>

<comp id="292" class="1004" name="mrv_4_fu_292">
<pin_list>
<pin id="293" dir="0" index="0" bw="512" slack="0"/>
<pin id="294" dir="0" index="1" bw="16" slack="0"/>
<pin id="295" dir="1" index="2" bw="512" slack="0"/>
</pin_list>
<bind>
<opcode="insertvalue(57) " fcode="insertvalue"/>
<opset="mrv_4/1 "/>
</bind>
</comp>

<comp id="298" class="1004" name="mrv_5_fu_298">
<pin_list>
<pin id="299" dir="0" index="0" bw="512" slack="0"/>
<pin id="300" dir="0" index="1" bw="16" slack="0"/>
<pin id="301" dir="1" index="2" bw="512" slack="0"/>
</pin_list>
<bind>
<opcode="insertvalue(57) " fcode="insertvalue"/>
<opset="mrv_5/1 "/>
</bind>
</comp>

<comp id="304" class="1004" name="mrv_6_fu_304">
<pin_list>
<pin id="305" dir="0" index="0" bw="512" slack="0"/>
<pin id="306" dir="0" index="1" bw="16" slack="0"/>
<pin id="307" dir="1" index="2" bw="512" slack="0"/>
</pin_list>
<bind>
<opcode="insertvalue(57) " fcode="insertvalue"/>
<opset="mrv_6/1 "/>
</bind>
</comp>

<comp id="310" class="1004" name="mrv_7_fu_310">
<pin_list>
<pin id="311" dir="0" index="0" bw="512" slack="0"/>
<pin id="312" dir="0" index="1" bw="16" slack="0"/>
<pin id="313" dir="1" index="2" bw="512" slack="0"/>
</pin_list>
<bind>
<opcode="insertvalue(57) " fcode="insertvalue"/>
<opset="mrv_7/1 "/>
</bind>
</comp>

<comp id="316" class="1004" name="mrv_8_fu_316">
<pin_list>
<pin id="317" dir="0" index="0" bw="512" slack="0"/>
<pin id="318" dir="0" index="1" bw="16" slack="0"/>
<pin id="319" dir="1" index="2" bw="512" slack="0"/>
</pin_list>
<bind>
<opcode="insertvalue(57) " fcode="insertvalue"/>
<opset="mrv_8/1 "/>
</bind>
</comp>

<comp id="322" class="1004" name="mrv_9_fu_322">
<pin_list>
<pin id="323" dir="0" index="0" bw="512" slack="0"/>
<pin id="324" dir="0" index="1" bw="16" slack="0"/>
<pin id="325" dir="1" index="2" bw="512" slack="0"/>
</pin_list>
<bind>
<opcode="insertvalue(57) " fcode="insertvalue"/>
<opset="mrv_9/1 "/>
</bind>
</comp>

<comp id="328" class="1004" name="mrv_10_fu_328">
<pin_list>
<pin id="329" dir="0" index="0" bw="512" slack="0"/>
<pin id="330" dir="0" index="1" bw="16" slack="0"/>
<pin id="331" dir="1" index="2" bw="512" slack="0"/>
</pin_list>
<bind>
<opcode="insertvalue(57) " fcode="insertvalue"/>
<opset="mrv_10/1 "/>
</bind>
</comp>

<comp id="334" class="1004" name="mrv_11_fu_334">
<pin_list>
<pin id="335" dir="0" index="0" bw="512" slack="0"/>
<pin id="336" dir="0" index="1" bw="16" slack="0"/>
<pin id="337" dir="1" index="2" bw="512" slack="0"/>
</pin_list>
<bind>
<opcode="insertvalue(57) " fcode="insertvalue"/>
<opset="mrv_11/1 "/>
</bind>
</comp>

<comp id="340" class="1004" name="mrv_12_fu_340">
<pin_list>
<pin id="341" dir="0" index="0" bw="512" slack="0"/>
<pin id="342" dir="0" index="1" bw="16" slack="0"/>
<pin id="343" dir="1" index="2" bw="512" slack="0"/>
</pin_list>
<bind>
<opcode="insertvalue(57) " fcode="insertvalue"/>
<opset="mrv_12/1 "/>
</bind>
</comp>

<comp id="346" class="1004" name="mrv_13_fu_346">
<pin_list>
<pin id="347" dir="0" index="0" bw="512" slack="0"/>
<pin id="348" dir="0" index="1" bw="16" slack="0"/>
<pin id="349" dir="1" index="2" bw="512" slack="0"/>
</pin_list>
<bind>
<opcode="insertvalue(57) " fcode="insertvalue"/>
<opset="mrv_13/1 "/>
</bind>
</comp>

<comp id="352" class="1004" name="mrv_14_fu_352">
<pin_list>
<pin id="353" dir="0" index="0" bw="512" slack="0"/>
<pin id="354" dir="0" index="1" bw="16" slack="0"/>
<pin id="355" dir="1" index="2" bw="512" slack="0"/>
</pin_list>
<bind>
<opcode="insertvalue(57) " fcode="insertvalue"/>
<opset="mrv_14/1 "/>
</bind>
</comp>

<comp id="358" class="1004" name="mrv_15_fu_358">
<pin_list>
<pin id="359" dir="0" index="0" bw="512" slack="0"/>
<pin id="360" dir="0" index="1" bw="16" slack="0"/>
<pin id="361" dir="1" index="2" bw="512" slack="0"/>
</pin_list>
<bind>
<opcode="insertvalue(57) " fcode="insertvalue"/>
<opset="mrv_15/1 "/>
</bind>
</comp>

<comp id="364" class="1004" name="mrv_16_fu_364">
<pin_list>
<pin id="365" dir="0" index="0" bw="512" slack="0"/>
<pin id="366" dir="0" index="1" bw="16" slack="0"/>
<pin id="367" dir="1" index="2" bw="512" slack="0"/>
</pin_list>
<bind>
<opcode="insertvalue(57) " fcode="insertvalue"/>
<opset="mrv_16/1 "/>
</bind>
</comp>

<comp id="370" class="1004" name="mrv_17_fu_370">
<pin_list>
<pin id="371" dir="0" index="0" bw="512" slack="0"/>
<pin id="372" dir="0" index="1" bw="16" slack="0"/>
<pin id="373" dir="1" index="2" bw="512" slack="0"/>
</pin_list>
<bind>
<opcode="insertvalue(57) " fcode="insertvalue"/>
<opset="mrv_17/1 "/>
</bind>
</comp>

<comp id="376" class="1004" name="mrv_18_fu_376">
<pin_list>
<pin id="377" dir="0" index="0" bw="512" slack="0"/>
<pin id="378" dir="0" index="1" bw="16" slack="0"/>
<pin id="379" dir="1" index="2" bw="512" slack="0"/>
</pin_list>
<bind>
<opcode="insertvalue(57) " fcode="insertvalue"/>
<opset="mrv_18/1 "/>
</bind>
</comp>

<comp id="382" class="1004" name="mrv_19_fu_382">
<pin_list>
<pin id="383" dir="0" index="0" bw="512" slack="0"/>
<pin id="384" dir="0" index="1" bw="16" slack="0"/>
<pin id="385" dir="1" index="2" bw="512" slack="0"/>
</pin_list>
<bind>
<opcode="insertvalue(57) " fcode="insertvalue"/>
<opset="mrv_19/1 "/>
</bind>
</comp>

<comp id="388" class="1004" name="mrv_20_fu_388">
<pin_list>
<pin id="389" dir="0" index="0" bw="512" slack="0"/>
<pin id="390" dir="0" index="1" bw="16" slack="0"/>
<pin id="391" dir="1" index="2" bw="512" slack="0"/>
</pin_list>
<bind>
<opcode="insertvalue(57) " fcode="insertvalue"/>
<opset="mrv_20/1 "/>
</bind>
</comp>

<comp id="394" class="1004" name="mrv_21_fu_394">
<pin_list>
<pin id="395" dir="0" index="0" bw="512" slack="0"/>
<pin id="396" dir="0" index="1" bw="16" slack="0"/>
<pin id="397" dir="1" index="2" bw="512" slack="0"/>
</pin_list>
<bind>
<opcode="insertvalue(57) " fcode="insertvalue"/>
<opset="mrv_21/1 "/>
</bind>
</comp>

<comp id="400" class="1004" name="mrv_22_fu_400">
<pin_list>
<pin id="401" dir="0" index="0" bw="512" slack="0"/>
<pin id="402" dir="0" index="1" bw="16" slack="0"/>
<pin id="403" dir="1" index="2" bw="512" slack="0"/>
</pin_list>
<bind>
<opcode="insertvalue(57) " fcode="insertvalue"/>
<opset="mrv_22/1 "/>
</bind>
</comp>

<comp id="406" class="1004" name="mrv_23_fu_406">
<pin_list>
<pin id="407" dir="0" index="0" bw="512" slack="0"/>
<pin id="408" dir="0" index="1" bw="16" slack="0"/>
<pin id="409" dir="1" index="2" bw="512" slack="0"/>
</pin_list>
<bind>
<opcode="insertvalue(57) " fcode="insertvalue"/>
<opset="mrv_23/1 "/>
</bind>
</comp>

<comp id="412" class="1004" name="mrv_24_fu_412">
<pin_list>
<pin id="413" dir="0" index="0" bw="512" slack="0"/>
<pin id="414" dir="0" index="1" bw="16" slack="0"/>
<pin id="415" dir="1" index="2" bw="512" slack="0"/>
</pin_list>
<bind>
<opcode="insertvalue(57) " fcode="insertvalue"/>
<opset="mrv_24/1 "/>
</bind>
</comp>

<comp id="418" class="1004" name="mrv_25_fu_418">
<pin_list>
<pin id="419" dir="0" index="0" bw="512" slack="0"/>
<pin id="420" dir="0" index="1" bw="16" slack="0"/>
<pin id="421" dir="1" index="2" bw="512" slack="0"/>
</pin_list>
<bind>
<opcode="insertvalue(57) " fcode="insertvalue"/>
<opset="mrv_25/1 "/>
</bind>
</comp>

<comp id="424" class="1004" name="mrv_26_fu_424">
<pin_list>
<pin id="425" dir="0" index="0" bw="512" slack="0"/>
<pin id="426" dir="0" index="1" bw="16" slack="0"/>
<pin id="427" dir="1" index="2" bw="512" slack="0"/>
</pin_list>
<bind>
<opcode="insertvalue(57) " fcode="insertvalue"/>
<opset="mrv_26/1 "/>
</bind>
</comp>

<comp id="430" class="1004" name="mrv_27_fu_430">
<pin_list>
<pin id="431" dir="0" index="0" bw="512" slack="0"/>
<pin id="432" dir="0" index="1" bw="16" slack="0"/>
<pin id="433" dir="1" index="2" bw="512" slack="0"/>
</pin_list>
<bind>
<opcode="insertvalue(57) " fcode="insertvalue"/>
<opset="mrv_27/1 "/>
</bind>
</comp>

<comp id="436" class="1004" name="mrv_28_fu_436">
<pin_list>
<pin id="437" dir="0" index="0" bw="512" slack="0"/>
<pin id="438" dir="0" index="1" bw="16" slack="0"/>
<pin id="439" dir="1" index="2" bw="512" slack="0"/>
</pin_list>
<bind>
<opcode="insertvalue(57) " fcode="insertvalue"/>
<opset="mrv_28/1 "/>
</bind>
</comp>

<comp id="442" class="1004" name="mrv_29_fu_442">
<pin_list>
<pin id="443" dir="0" index="0" bw="512" slack="0"/>
<pin id="444" dir="0" index="1" bw="16" slack="0"/>
<pin id="445" dir="1" index="2" bw="512" slack="0"/>
</pin_list>
<bind>
<opcode="insertvalue(57) " fcode="insertvalue"/>
<opset="mrv_29/1 "/>
</bind>
</comp>

<comp id="448" class="1004" name="mrv_30_fu_448">
<pin_list>
<pin id="449" dir="0" index="0" bw="512" slack="0"/>
<pin id="450" dir="0" index="1" bw="16" slack="0"/>
<pin id="451" dir="1" index="2" bw="512" slack="0"/>
</pin_list>
<bind>
<opcode="insertvalue(57) " fcode="insertvalue"/>
<opset="mrv_30/1 "/>
</bind>
</comp>

<comp id="454" class="1004" name="mrv_31_fu_454">
<pin_list>
<pin id="455" dir="0" index="0" bw="512" slack="0"/>
<pin id="456" dir="0" index="1" bw="16" slack="0"/>
<pin id="457" dir="1" index="2" bw="512" slack="2147483647"/>
</pin_list>
<bind>
<opcode="insertvalue(57) " fcode="insertvalue"/>
<opset="mrv_31/1 "/>
</bind>
</comp>

</comp_list>

<net_list>
<net id="80"><net_src comp="72" pin="0"/><net_sink comp="76" pin=0"/></net>

<net id="81"><net_src comp="62" pin="0"/><net_sink comp="76" pin=1"/></net>

<net id="86"><net_src comp="72" pin="0"/><net_sink comp="82" pin=0"/></net>

<net id="87"><net_src comp="60" pin="0"/><net_sink comp="82" pin=1"/></net>

<net id="92"><net_src comp="72" pin="0"/><net_sink comp="88" pin=0"/></net>

<net id="93"><net_src comp="58" pin="0"/><net_sink comp="88" pin=1"/></net>

<net id="98"><net_src comp="72" pin="0"/><net_sink comp="94" pin=0"/></net>

<net id="99"><net_src comp="56" pin="0"/><net_sink comp="94" pin=1"/></net>

<net id="104"><net_src comp="72" pin="0"/><net_sink comp="100" pin=0"/></net>

<net id="105"><net_src comp="54" pin="0"/><net_sink comp="100" pin=1"/></net>

<net id="110"><net_src comp="72" pin="0"/><net_sink comp="106" pin=0"/></net>

<net id="111"><net_src comp="52" pin="0"/><net_sink comp="106" pin=1"/></net>

<net id="116"><net_src comp="72" pin="0"/><net_sink comp="112" pin=0"/></net>

<net id="117"><net_src comp="50" pin="0"/><net_sink comp="112" pin=1"/></net>

<net id="122"><net_src comp="72" pin="0"/><net_sink comp="118" pin=0"/></net>

<net id="123"><net_src comp="48" pin="0"/><net_sink comp="118" pin=1"/></net>

<net id="128"><net_src comp="72" pin="0"/><net_sink comp="124" pin=0"/></net>

<net id="129"><net_src comp="46" pin="0"/><net_sink comp="124" pin=1"/></net>

<net id="134"><net_src comp="72" pin="0"/><net_sink comp="130" pin=0"/></net>

<net id="135"><net_src comp="44" pin="0"/><net_sink comp="130" pin=1"/></net>

<net id="140"><net_src comp="72" pin="0"/><net_sink comp="136" pin=0"/></net>

<net id="141"><net_src comp="42" pin="0"/><net_sink comp="136" pin=1"/></net>

<net id="146"><net_src comp="72" pin="0"/><net_sink comp="142" pin=0"/></net>

<net id="147"><net_src comp="40" pin="0"/><net_sink comp="142" pin=1"/></net>

<net id="152"><net_src comp="72" pin="0"/><net_sink comp="148" pin=0"/></net>

<net id="153"><net_src comp="38" pin="0"/><net_sink comp="148" pin=1"/></net>

<net id="158"><net_src comp="72" pin="0"/><net_sink comp="154" pin=0"/></net>

<net id="159"><net_src comp="36" pin="0"/><net_sink comp="154" pin=1"/></net>

<net id="164"><net_src comp="72" pin="0"/><net_sink comp="160" pin=0"/></net>

<net id="165"><net_src comp="34" pin="0"/><net_sink comp="160" pin=1"/></net>

<net id="170"><net_src comp="72" pin="0"/><net_sink comp="166" pin=0"/></net>

<net id="171"><net_src comp="32" pin="0"/><net_sink comp="166" pin=1"/></net>

<net id="176"><net_src comp="72" pin="0"/><net_sink comp="172" pin=0"/></net>

<net id="177"><net_src comp="30" pin="0"/><net_sink comp="172" pin=1"/></net>

<net id="182"><net_src comp="72" pin="0"/><net_sink comp="178" pin=0"/></net>

<net id="183"><net_src comp="28" pin="0"/><net_sink comp="178" pin=1"/></net>

<net id="188"><net_src comp="72" pin="0"/><net_sink comp="184" pin=0"/></net>

<net id="189"><net_src comp="26" pin="0"/><net_sink comp="184" pin=1"/></net>

<net id="194"><net_src comp="72" pin="0"/><net_sink comp="190" pin=0"/></net>

<net id="195"><net_src comp="24" pin="0"/><net_sink comp="190" pin=1"/></net>

<net id="200"><net_src comp="72" pin="0"/><net_sink comp="196" pin=0"/></net>

<net id="201"><net_src comp="22" pin="0"/><net_sink comp="196" pin=1"/></net>

<net id="206"><net_src comp="72" pin="0"/><net_sink comp="202" pin=0"/></net>

<net id="207"><net_src comp="20" pin="0"/><net_sink comp="202" pin=1"/></net>

<net id="212"><net_src comp="72" pin="0"/><net_sink comp="208" pin=0"/></net>

<net id="213"><net_src comp="18" pin="0"/><net_sink comp="208" pin=1"/></net>

<net id="218"><net_src comp="72" pin="0"/><net_sink comp="214" pin=0"/></net>

<net id="219"><net_src comp="16" pin="0"/><net_sink comp="214" pin=1"/></net>

<net id="224"><net_src comp="72" pin="0"/><net_sink comp="220" pin=0"/></net>

<net id="225"><net_src comp="14" pin="0"/><net_sink comp="220" pin=1"/></net>

<net id="230"><net_src comp="72" pin="0"/><net_sink comp="226" pin=0"/></net>

<net id="231"><net_src comp="12" pin="0"/><net_sink comp="226" pin=1"/></net>

<net id="236"><net_src comp="72" pin="0"/><net_sink comp="232" pin=0"/></net>

<net id="237"><net_src comp="10" pin="0"/><net_sink comp="232" pin=1"/></net>

<net id="242"><net_src comp="72" pin="0"/><net_sink comp="238" pin=0"/></net>

<net id="243"><net_src comp="8" pin="0"/><net_sink comp="238" pin=1"/></net>

<net id="248"><net_src comp="72" pin="0"/><net_sink comp="244" pin=0"/></net>

<net id="249"><net_src comp="6" pin="0"/><net_sink comp="244" pin=1"/></net>

<net id="254"><net_src comp="72" pin="0"/><net_sink comp="250" pin=0"/></net>

<net id="255"><net_src comp="4" pin="0"/><net_sink comp="250" pin=1"/></net>

<net id="260"><net_src comp="72" pin="0"/><net_sink comp="256" pin=0"/></net>

<net id="261"><net_src comp="2" pin="0"/><net_sink comp="256" pin=1"/></net>

<net id="266"><net_src comp="72" pin="0"/><net_sink comp="262" pin=0"/></net>

<net id="267"><net_src comp="0" pin="0"/><net_sink comp="262" pin=1"/></net>

<net id="272"><net_src comp="74" pin="0"/><net_sink comp="268" pin=0"/></net>

<net id="273"><net_src comp="262" pin="2"/><net_sink comp="268" pin=1"/></net>

<net id="278"><net_src comp="268" pin="2"/><net_sink comp="274" pin=0"/></net>

<net id="279"><net_src comp="256" pin="2"/><net_sink comp="274" pin=1"/></net>

<net id="284"><net_src comp="274" pin="2"/><net_sink comp="280" pin=0"/></net>

<net id="285"><net_src comp="250" pin="2"/><net_sink comp="280" pin=1"/></net>

<net id="290"><net_src comp="280" pin="2"/><net_sink comp="286" pin=0"/></net>

<net id="291"><net_src comp="244" pin="2"/><net_sink comp="286" pin=1"/></net>

<net id="296"><net_src comp="286" pin="2"/><net_sink comp="292" pin=0"/></net>

<net id="297"><net_src comp="238" pin="2"/><net_sink comp="292" pin=1"/></net>

<net id="302"><net_src comp="292" pin="2"/><net_sink comp="298" pin=0"/></net>

<net id="303"><net_src comp="232" pin="2"/><net_sink comp="298" pin=1"/></net>

<net id="308"><net_src comp="298" pin="2"/><net_sink comp="304" pin=0"/></net>

<net id="309"><net_src comp="226" pin="2"/><net_sink comp="304" pin=1"/></net>

<net id="314"><net_src comp="304" pin="2"/><net_sink comp="310" pin=0"/></net>

<net id="315"><net_src comp="220" pin="2"/><net_sink comp="310" pin=1"/></net>

<net id="320"><net_src comp="310" pin="2"/><net_sink comp="316" pin=0"/></net>

<net id="321"><net_src comp="214" pin="2"/><net_sink comp="316" pin=1"/></net>

<net id="326"><net_src comp="316" pin="2"/><net_sink comp="322" pin=0"/></net>

<net id="327"><net_src comp="208" pin="2"/><net_sink comp="322" pin=1"/></net>

<net id="332"><net_src comp="322" pin="2"/><net_sink comp="328" pin=0"/></net>

<net id="333"><net_src comp="202" pin="2"/><net_sink comp="328" pin=1"/></net>

<net id="338"><net_src comp="328" pin="2"/><net_sink comp="334" pin=0"/></net>

<net id="339"><net_src comp="196" pin="2"/><net_sink comp="334" pin=1"/></net>

<net id="344"><net_src comp="334" pin="2"/><net_sink comp="340" pin=0"/></net>

<net id="345"><net_src comp="190" pin="2"/><net_sink comp="340" pin=1"/></net>

<net id="350"><net_src comp="340" pin="2"/><net_sink comp="346" pin=0"/></net>

<net id="351"><net_src comp="184" pin="2"/><net_sink comp="346" pin=1"/></net>

<net id="356"><net_src comp="346" pin="2"/><net_sink comp="352" pin=0"/></net>

<net id="357"><net_src comp="178" pin="2"/><net_sink comp="352" pin=1"/></net>

<net id="362"><net_src comp="352" pin="2"/><net_sink comp="358" pin=0"/></net>

<net id="363"><net_src comp="172" pin="2"/><net_sink comp="358" pin=1"/></net>

<net id="368"><net_src comp="358" pin="2"/><net_sink comp="364" pin=0"/></net>

<net id="369"><net_src comp="166" pin="2"/><net_sink comp="364" pin=1"/></net>

<net id="374"><net_src comp="364" pin="2"/><net_sink comp="370" pin=0"/></net>

<net id="375"><net_src comp="160" pin="2"/><net_sink comp="370" pin=1"/></net>

<net id="380"><net_src comp="370" pin="2"/><net_sink comp="376" pin=0"/></net>

<net id="381"><net_src comp="154" pin="2"/><net_sink comp="376" pin=1"/></net>

<net id="386"><net_src comp="376" pin="2"/><net_sink comp="382" pin=0"/></net>

<net id="387"><net_src comp="148" pin="2"/><net_sink comp="382" pin=1"/></net>

<net id="392"><net_src comp="382" pin="2"/><net_sink comp="388" pin=0"/></net>

<net id="393"><net_src comp="142" pin="2"/><net_sink comp="388" pin=1"/></net>

<net id="398"><net_src comp="388" pin="2"/><net_sink comp="394" pin=0"/></net>

<net id="399"><net_src comp="136" pin="2"/><net_sink comp="394" pin=1"/></net>

<net id="404"><net_src comp="394" pin="2"/><net_sink comp="400" pin=0"/></net>

<net id="405"><net_src comp="130" pin="2"/><net_sink comp="400" pin=1"/></net>

<net id="410"><net_src comp="400" pin="2"/><net_sink comp="406" pin=0"/></net>

<net id="411"><net_src comp="124" pin="2"/><net_sink comp="406" pin=1"/></net>

<net id="416"><net_src comp="406" pin="2"/><net_sink comp="412" pin=0"/></net>

<net id="417"><net_src comp="118" pin="2"/><net_sink comp="412" pin=1"/></net>

<net id="422"><net_src comp="412" pin="2"/><net_sink comp="418" pin=0"/></net>

<net id="423"><net_src comp="112" pin="2"/><net_sink comp="418" pin=1"/></net>

<net id="428"><net_src comp="418" pin="2"/><net_sink comp="424" pin=0"/></net>

<net id="429"><net_src comp="106" pin="2"/><net_sink comp="424" pin=1"/></net>

<net id="434"><net_src comp="424" pin="2"/><net_sink comp="430" pin=0"/></net>

<net id="435"><net_src comp="100" pin="2"/><net_sink comp="430" pin=1"/></net>

<net id="440"><net_src comp="430" pin="2"/><net_sink comp="436" pin=0"/></net>

<net id="441"><net_src comp="94" pin="2"/><net_sink comp="436" pin=1"/></net>

<net id="446"><net_src comp="436" pin="2"/><net_sink comp="442" pin=0"/></net>

<net id="447"><net_src comp="88" pin="2"/><net_sink comp="442" pin=1"/></net>

<net id="452"><net_src comp="442" pin="2"/><net_sink comp="448" pin=0"/></net>

<net id="453"><net_src comp="82" pin="2"/><net_sink comp="448" pin=1"/></net>

<net id="458"><net_src comp="448" pin="2"/><net_sink comp="454" pin=0"/></net>

<net id="459"><net_src comp="76" pin="2"/><net_sink comp="454" pin=1"/></net>

</net_list>

</model> 
---------------- Datapath Model END ------------------

* FSMD analyzer results:
  - Output states:
 - Input state : 
	Port: linear<ap_fixed,ap_fixed<16,6,4,0,0>,PARAMEST_NN_linear_config4> : data_0_val | {1 }
	Port: linear<ap_fixed,ap_fixed<16,6,4,0,0>,PARAMEST_NN_linear_config4> : data_1_val | {1 }
	Port: linear<ap_fixed,ap_fixed<16,6,4,0,0>,PARAMEST_NN_linear_config4> : data_2_val | {1 }
	Port: linear<ap_fixed,ap_fixed<16,6,4,0,0>,PARAMEST_NN_linear_config4> : data_3_val | {1 }
	Port: linear<ap_fixed,ap_fixed<16,6,4,0,0>,PARAMEST_NN_linear_config4> : data_4_val | {1 }
	Port: linear<ap_fixed,ap_fixed<16,6,4,0,0>,PARAMEST_NN_linear_config4> : data_5_val | {1 }
	Port: linear<ap_fixed,ap_fixed<16,6,4,0,0>,PARAMEST_NN_linear_config4> : data_6_val | {1 }
	Port: linear<ap_fixed,ap_fixed<16,6,4,0,0>,PARAMEST_NN_linear_config4> : data_7_val | {1 }
	Port: linear<ap_fixed,ap_fixed<16,6,4,0,0>,PARAMEST_NN_linear_config4> : data_8_val | {1 }
	Port: linear<ap_fixed,ap_fixed<16,6,4,0,0>,PARAMEST_NN_linear_config4> : data_9_val | {1 }
	Port: linear<ap_fixed,ap_fixed<16,6,4,0,0>,PARAMEST_NN_linear_config4> : data_10_val | {1 }
	Port: linear<ap_fixed,ap_fixed<16,6,4,0,0>,PARAMEST_NN_linear_config4> : data_11_val | {1 }
	Port: linear<ap_fixed,ap_fixed<16,6,4,0,0>,PARAMEST_NN_linear_config4> : data_12_val | {1 }
	Port: linear<ap_fixed,ap_fixed<16,6,4,0,0>,PARAMEST_NN_linear_config4> : data_13_val | {1 }
	Port: linear<ap_fixed,ap_fixed<16,6,4,0,0>,PARAMEST_NN_linear_config4> : data_14_val | {1 }
	Port: linear<ap_fixed,ap_fixed<16,6,4,0,0>,PARAMEST_NN_linear_config4> : data_15_val | {1 }
	Port: linear<ap_fixed,ap_fixed<16,6,4,0,0>,PARAMEST_NN_linear_config4> : data_16_val | {1 }
	Port: linear<ap_fixed,ap_fixed<16,6,4,0,0>,PARAMEST_NN_linear_config4> : data_17_val | {1 }
	Port: linear<ap_fixed,ap_fixed<16,6,4,0,0>,PARAMEST_NN_linear_config4> : data_18_val | {1 }
	Port: linear<ap_fixed,ap_fixed<16,6,4,0,0>,PARAMEST_NN_linear_config4> : data_19_val | {1 }
	Port: linear<ap_fixed,ap_fixed<16,6,4,0,0>,PARAMEST_NN_linear_config4> : data_20_val | {1 }
	Port: linear<ap_fixed,ap_fixed<16,6,4,0,0>,PARAMEST_NN_linear_config4> : data_21_val | {1 }
	Port: linear<ap_fixed,ap_fixed<16,6,4,0,0>,PARAMEST_NN_linear_config4> : data_22_val | {1 }
	Port: linear<ap_fixed,ap_fixed<16,6,4,0,0>,PARAMEST_NN_linear_config4> : data_23_val | {1 }
	Port: linear<ap_fixed,ap_fixed<16,6,4,0,0>,PARAMEST_NN_linear_config4> : data_24_val | {1 }
	Port: linear<ap_fixed,ap_fixed<16,6,4,0,0>,PARAMEST_NN_linear_config4> : data_25_val | {1 }
	Port: linear<ap_fixed,ap_fixed<16,6,4,0,0>,PARAMEST_NN_linear_config4> : data_26_val | {1 }
	Port: linear<ap_fixed,ap_fixed<16,6,4,0,0>,PARAMEST_NN_linear_config4> : data_27_val | {1 }
	Port: linear<ap_fixed,ap_fixed<16,6,4,0,0>,PARAMEST_NN_linear_config4> : data_28_val | {1 }
	Port: linear<ap_fixed,ap_fixed<16,6,4,0,0>,PARAMEST_NN_linear_config4> : data_29_val | {1 }
	Port: linear<ap_fixed,ap_fixed<16,6,4,0,0>,PARAMEST_NN_linear_config4> : data_30_val | {1 }
	Port: linear<ap_fixed,ap_fixed<16,6,4,0,0>,PARAMEST_NN_linear_config4> : data_31_val | {1 }
  - Chain level:
	State 1
		mrv_1 : 1
		mrv_2 : 2
		mrv_3 : 3
		mrv_4 : 4
		mrv_5 : 5
		mrv_6 : 6
		mrv_7 : 7
		mrv_8 : 8
		mrv_9 : 9
		mrv_10 : 10
		mrv_11 : 11
		mrv_12 : 12
		mrv_13 : 13
		mrv_14 : 14
		mrv_15 : 15
		mrv_16 : 16
		mrv_17 : 17
		mrv_18 : 18
		mrv_19 : 19
		mrv_20 : 20
		mrv_21 : 21
		mrv_22 : 22
		mrv_23 : 23
		mrv_24 : 24
		mrv_25 : 25
		mrv_26 : 26
		mrv_27 : 27
		mrv_28 : 28
		mrv_29 : 29
		mrv_30 : 30
		mrv_31 : 31
		ret_ln34 : 32


============================================================
+ Verbose Summary: Datapath Resource usage 
============================================================

* Functional unit list:
|----------|------------------------------|
| Operation|        Functional Unit       |
|----------|------------------------------|
|          |  data_31_val_read_read_fu_76 |
|          |  data_30_val_read_read_fu_82 |
|          |  data_29_val_read_read_fu_88 |
|          |  data_28_val_read_read_fu_94 |
|          | data_27_val_read_read_fu_100 |
|          | data_26_val_read_read_fu_106 |
|          | data_25_val_read_read_fu_112 |
|          | data_24_val_read_read_fu_118 |
|          | data_23_val_read_read_fu_124 |
|          | data_22_val_read_read_fu_130 |
|          | data_21_val_read_read_fu_136 |
|          | data_20_val_read_read_fu_142 |
|          | data_19_val_read_read_fu_148 |
|          | data_18_val_read_read_fu_154 |
|          | data_17_val_read_read_fu_160 |
|   read   | data_16_val_read_read_fu_166 |
|          | data_15_val_read_read_fu_172 |
|          | data_14_val_read_read_fu_178 |
|          | data_13_val_read_read_fu_184 |
|          | data_12_val_read_read_fu_190 |
|          | data_11_val_read_read_fu_196 |
|          | data_10_val_read_read_fu_202 |
|          |  data_9_val_read_read_fu_208 |
|          |  data_8_val_read_read_fu_214 |
|          |  data_7_val_read_read_fu_220 |
|          |  data_6_val_read_read_fu_226 |
|          |  data_5_val_read_read_fu_232 |
|          |  data_4_val_read_read_fu_238 |
|          |  data_3_val_read_read_fu_244 |
|          |  data_2_val_read_read_fu_250 |
|          |  data_1_val_read_read_fu_256 |
|          |  data_0_val_read_read_fu_262 |
|----------|------------------------------|
|          |          mrv_fu_268          |
|          |         mrv_1_fu_274         |
|          |         mrv_2_fu_280         |
|          |         mrv_3_fu_286         |
|          |         mrv_4_fu_292         |
|          |         mrv_5_fu_298         |
|          |         mrv_6_fu_304         |
|          |         mrv_7_fu_310         |
|          |         mrv_8_fu_316         |
|          |         mrv_9_fu_322         |
|          |         mrv_10_fu_328        |
|          |         mrv_11_fu_334        |
|          |         mrv_12_fu_340        |
|          |         mrv_13_fu_346        |
|          |         mrv_14_fu_352        |
|insertvalue|         mrv_15_fu_358        |
|          |         mrv_16_fu_364        |
|          |         mrv_17_fu_370        |
|          |         mrv_18_fu_376        |
|          |         mrv_19_fu_382        |
|          |         mrv_20_fu_388        |
|          |         mrv_21_fu_394        |
|          |         mrv_22_fu_400        |
|          |         mrv_23_fu_406        |
|          |         mrv_24_fu_412        |
|          |         mrv_25_fu_418        |
|          |         mrv_26_fu_424        |
|          |         mrv_27_fu_430        |
|          |         mrv_28_fu_436        |
|          |         mrv_29_fu_442        |
|          |         mrv_30_fu_448        |
|          |         mrv_31_fu_454        |
|----------|------------------------------|
|   Total  |                              |
|----------|------------------------------|

Memories:
N/A

* Register list:
N/A

* Multiplexer (MUX) list: 
|--------|------|------|------|--------|
|  Comp  |  Pin | Size |  BW  | S x BW |
|--------|------|------|------|--------|
|  Total |      |      |      |    0   |
|--------|------|------|------|--------|



* Summary:
+-----------+
|           |
+-----------+
|  Function |
|   Memory  |
|Multiplexer|
|  Register |
+-----------+
|   Total   |
+-----------+
