

================================================================
== Vitis HLS Report for 'normalize_ap_fixed_ap_fixed_16_6_5_3_0_PARAMEST_NN_config18_s'
================================================================
* Date:           Sun Apr 13 13:12:13 2025

* Version:        2023.1 (Build 3854077 on May  4 2023)
* Project:        ParamEst_NN_prj
* Solution:       solution1 (Vivado IP Flow Target)
* Product family: virtexuplus
* Target device:  xcu250-figd2104-2L-e


================================================================
== Performance Estimates
================================================================
+ Timing: 
    * Summary: 
    +--------+---------+----------+------------+
    |  Clock |  Target | Estimated| Uncertainty|
    +--------+---------+----------+------------+
    |ap_clk  |  5.00 ns|  0.833 ns|     0.62 ns|
    +--------+---------+----------+------------+

+ Latency: 
    * Summary: 
    +---------+---------+----------+----------+-----+-----+---------+
    |  Latency (cycles) |  Latency (absolute) |  Interval | Pipeline|
    |   min   |   max   |    min   |    max   | min | max |   Type  |
    +---------+---------+----------+----------+-----+-----+---------+
    |        0|        0|      0 ns|      0 ns|    1|    1|      yes|
    +---------+---------+----------+----------+-----+-----+---------+

    + Detail: 
        * Instance: 
        N/A

        * Loop: 
        N/A

============================================================
+ Verbose Summary: Synthesis Manager
============================================================
InlineROM: 1
ExposeGlobal: 0
============================================================
+ Verbose Summary: CDFG Model
============================================================
IsTopModel: 0
ResetActiveHigh: 1
IsCombinational: 0
IsDatapathOnly: 0
HasWiredReturn: 1
HasMFsm: 2
HasVarLatency: 0
IsPipeline: 1
IsRtlPipelined: 0
IsInstanceOverlapped: 0
IsDontTouch: 0
HasImplIP: 0
IsGatedGlobalClock: 0

+ Individual pipeline summary: 
  * Pipeline-0: initiation interval (II) = 1, depth = 1


============================================================
+ Verbose Summary: Schedule
============================================================
* Number of FSM states : 1
* Pipeline : 1
  Pipeline-0 : II = 1, D = 1, States = { 1 }
* Dataflow Pipeline: 0

* FSM state transitions: 
1 --> 

* FSM state operations: 

State 1 <SV = 0> <Delay = 0.83>
ST_1 : Operation 2 [1/1] (0.00ns)   --->   "%specpipeline_ln48 = specpipeline void @_ssdm_op_SpecPipeline, i32 1, i32 0, i32 0, i32 0, void @empty_0" [firmware/nnet_utils/nnet_batchnorm.h:48]   --->   Operation 2 'specpipeline' 'specpipeline_ln48' <Predicate = true> <Delay = 0.00>
ST_1 : Operation 3 [1/1] (0.00ns)   --->   "%specresourcelimit_ln48 = specresourcelimit void @_ssdm_op_SpecResourceLimit, i64 5, void @empty_1, void @empty_0, void @empty_0, void @empty_0" [firmware/nnet_utils/nnet_batchnorm.h:48]   --->   Operation 3 'specresourcelimit' 'specresourcelimit_ln48' <Predicate = true> <Delay = 0.00>
ST_1 : Operation 4 [1/1] (0.00ns)   --->   "%data_4_val_read = read i16 @_ssdm_op_Read.ap_auto.i16, i16 %data_4_val" [firmware/nnet_utils/nnet_mult.h:80->firmware/nnet_utils/nnet_batchnorm.h:54]   --->   Operation 4 'read' 'data_4_val_read' <Predicate = true> <Delay = 0.00>
ST_1 : Operation 5 [1/1] (0.00ns)   --->   "%data_3_val_read = read i16 @_ssdm_op_Read.ap_auto.i16, i16 %data_3_val" [firmware/nnet_utils/nnet_mult.h:80->firmware/nnet_utils/nnet_batchnorm.h:54]   --->   Operation 5 'read' 'data_3_val_read' <Predicate = true> <Delay = 0.00>
ST_1 : Operation 6 [1/1] (0.00ns)   --->   "%data_2_val_read = read i16 @_ssdm_op_Read.ap_auto.i16, i16 %data_2_val" [firmware/nnet_utils/nnet_mult.h:80->firmware/nnet_utils/nnet_batchnorm.h:54]   --->   Operation 6 'read' 'data_2_val_read' <Predicate = true> <Delay = 0.00>
ST_1 : Operation 7 [1/1] (0.00ns)   --->   "%data_1_val_read = read i16 @_ssdm_op_Read.ap_auto.i16, i16 %data_1_val" [firmware/nnet_utils/nnet_mult.h:80->firmware/nnet_utils/nnet_batchnorm.h:54]   --->   Operation 7 'read' 'data_1_val_read' <Predicate = true> <Delay = 0.00>
ST_1 : Operation 8 [1/1] (0.00ns)   --->   "%data_0_val_read = read i16 @_ssdm_op_Read.ap_auto.i16, i16 %data_0_val" [firmware/nnet_utils/nnet_mult.h:80->firmware/nnet_utils/nnet_batchnorm.h:54]   --->   Operation 8 'read' 'data_0_val_read' <Predicate = true> <Delay = 0.00>
ST_1 : Operation 9 [1/1] (0.00ns)   --->   "%y = bitconcatenate i24 @_ssdm_op_BitConcatenate.i24.i16.i8, i16 %data_0_val_read, i8 0" [firmware/nnet_utils/nnet_mult.h:85->firmware/nnet_utils/nnet_batchnorm.h:54]   --->   Operation 9 'bitconcatenate' 'y' <Predicate = true> <Delay = 0.00>
ST_1 : Operation 10 [1/1] (0.83ns)   --->   "%add_ln54 = add i24 %y, i24 47616" [firmware/nnet_utils/nnet_batchnorm.h:54]   --->   Operation 10 'add' 'add_ln54' <Predicate = true> <Delay = 0.83> <CoreInst = "Adder">   --->   Core 1 'Adder' <Latency = 0> <II = 1> <Delay = 0.83> <FuncUnit> <Opcode : 'add' 'sub'> <InPorts = 2> <OutPorts = 1>
ST_1 : Operation 11 [1/1] (0.00ns)   --->   "%trunc_ln = partselect i16 @_ssdm_op_PartSelect.i16.i24.i32.i32, i24 %add_ln54, i32 8, i32 23" [firmware/nnet_utils/nnet_batchnorm.h:54]   --->   Operation 11 'partselect' 'trunc_ln' <Predicate = true> <Delay = 0.00>
ST_1 : Operation 12 [1/1] (0.00ns)   --->   "%y_1 = bitconcatenate i23 @_ssdm_op_BitConcatenate.i23.i16.i7, i16 %data_1_val_read, i7 0" [firmware/nnet_utils/nnet_mult.h:85->firmware/nnet_utils/nnet_batchnorm.h:54]   --->   Operation 12 'bitconcatenate' 'y_1' <Predicate = true> <Delay = 0.00>
ST_1 : Operation 13 [1/1] (0.00ns)   --->   "%sext_ln54 = sext i23 %y_1" [firmware/nnet_utils/nnet_batchnorm.h:54]   --->   Operation 13 'sext' 'sext_ln54' <Predicate = true> <Delay = 0.00>
ST_1 : Operation 14 [1/1] (0.82ns)   --->   "%add_ln54_1 = add i24 %sext_ln54, i24 21960" [firmware/nnet_utils/nnet_batchnorm.h:54]   --->   Operation 14 'add' 'add_ln54_1' <Predicate = true> <Delay = 0.82> <CoreInst = "Adder">   --->   Core 1 'Adder' <Latency = 0> <II = 1> <Delay = 0.82> <FuncUnit> <Opcode : 'add' 'sub'> <InPorts = 2> <OutPorts = 1>
ST_1 : Operation 15 [1/1] (0.00ns)   --->   "%trunc_ln54_1 = partselect i16 @_ssdm_op_PartSelect.i16.i24.i32.i32, i24 %add_ln54_1, i32 8, i32 23" [firmware/nnet_utils/nnet_batchnorm.h:54]   --->   Operation 15 'partselect' 'trunc_ln54_1' <Predicate = true> <Delay = 0.00>
ST_1 : Operation 16 [1/1] (0.00ns)   --->   "%y_2 = bitconcatenate i23 @_ssdm_op_BitConcatenate.i23.i16.i7, i16 %data_2_val_read, i7 0" [firmware/nnet_utils/nnet_mult.h:85->firmware/nnet_utils/nnet_batchnorm.h:54]   --->   Operation 16 'bitconcatenate' 'y_2' <Predicate = true> <Delay = 0.00>
ST_1 : Operation 17 [1/1] (0.00ns)   --->   "%sext_ln54_1 = sext i23 %y_2" [firmware/nnet_utils/nnet_batchnorm.h:54]   --->   Operation 17 'sext' 'sext_ln54_1' <Predicate = true> <Delay = 0.00>
ST_1 : Operation 18 [1/1] (0.82ns)   --->   "%add_ln54_2 = add i24 %sext_ln54_1, i24 34736" [firmware/nnet_utils/nnet_batchnorm.h:54]   --->   Operation 18 'add' 'add_ln54_2' <Predicate = true> <Delay = 0.82> <CoreInst = "Adder">   --->   Core 1 'Adder' <Latency = 0> <II = 1> <Delay = 0.82> <FuncUnit> <Opcode : 'add' 'sub'> <InPorts = 2> <OutPorts = 1>
ST_1 : Operation 19 [1/1] (0.00ns)   --->   "%trunc_ln54_2 = partselect i16 @_ssdm_op_PartSelect.i16.i24.i32.i32, i24 %add_ln54_2, i32 8, i32 23" [firmware/nnet_utils/nnet_batchnorm.h:54]   --->   Operation 19 'partselect' 'trunc_ln54_2' <Predicate = true> <Delay = 0.00>
ST_1 : Operation 20 [1/1] (0.00ns)   --->   "%y_3 = bitconcatenate i24 @_ssdm_op_BitConcatenate.i24.i16.i8, i16 %data_3_val_read, i8 0" [firmware/nnet_utils/nnet_mult.h:85->firmware/nnet_utils/nnet_batchnorm.h:54]   --->   Operation 20 'bitconcatenate' 'y_3' <Predicate = true> <Delay = 0.00>
ST_1 : Operation 21 [1/1] (0.83ns)   --->   "%add_ln54_3 = add i24 %y_3, i24 256" [firmware/nnet_utils/nnet_batchnorm.h:54]   --->   Operation 21 'add' 'add_ln54_3' <Predicate = true> <Delay = 0.83> <CoreInst = "Adder">   --->   Core 1 'Adder' <Latency = 0> <II = 1> <Delay = 0.83> <FuncUnit> <Opcode : 'add' 'sub'> <InPorts = 2> <OutPorts = 1>
ST_1 : Operation 22 [1/1] (0.00ns)   --->   "%trunc_ln54_3 = partselect i16 @_ssdm_op_PartSelect.i16.i24.i32.i32, i24 %add_ln54_3, i32 8, i32 23" [firmware/nnet_utils/nnet_batchnorm.h:54]   --->   Operation 22 'partselect' 'trunc_ln54_3' <Predicate = true> <Delay = 0.00>
ST_1 : Operation 23 [1/1] (0.00ns)   --->   "%y_4 = bitconcatenate i24 @_ssdm_op_BitConcatenate.i24.i16.i8, i16 %data_4_val_read, i8 0" [firmware/nnet_utils/nnet_mult.h:85->firmware/nnet_utils/nnet_batchnorm.h:54]   --->   Operation 23 'bitconcatenate' 'y_4' <Predicate = true> <Delay = 0.00>
ST_1 : Operation 24 [1/1] (0.83ns)   --->   "%add_ln54_4 = add i24 %y_4, i24 61696" [firmware/nnet_utils/nnet_batchnorm.h:54]   --->   Operation 24 'add' 'add_ln54_4' <Predicate = true> <Delay = 0.83> <CoreInst = "Adder">   --->   Core 1 'Adder' <Latency = 0> <II = 1> <Delay = 0.83> <FuncUnit> <Opcode : 'add' 'sub'> <InPorts = 2> <OutPorts = 1>
ST_1 : Operation 25 [1/1] (0.00ns)   --->   "%trunc_ln54_4 = partselect i16 @_ssdm_op_PartSelect.i16.i24.i32.i32, i24 %add_ln54_4, i32 8, i32 23" [firmware/nnet_utils/nnet_batchnorm.h:54]   --->   Operation 25 'partselect' 'trunc_ln54_4' <Predicate = true> <Delay = 0.00>
ST_1 : Operation 26 [1/1] (0.00ns)   --->   "%mrv = insertvalue i80 <undef>, i16 %trunc_ln" [firmware/nnet_utils/nnet_batchnorm.h:63]   --->   Operation 26 'insertvalue' 'mrv' <Predicate = true> <Delay = 0.00>
ST_1 : Operation 27 [1/1] (0.00ns)   --->   "%mrv_1 = insertvalue i80 %mrv, i16 %trunc_ln54_1" [firmware/nnet_utils/nnet_batchnorm.h:63]   --->   Operation 27 'insertvalue' 'mrv_1' <Predicate = true> <Delay = 0.00>
ST_1 : Operation 28 [1/1] (0.00ns)   --->   "%mrv_2 = insertvalue i80 %mrv_1, i16 %trunc_ln54_2" [firmware/nnet_utils/nnet_batchnorm.h:63]   --->   Operation 28 'insertvalue' 'mrv_2' <Predicate = true> <Delay = 0.00>
ST_1 : Operation 29 [1/1] (0.00ns)   --->   "%mrv_3 = insertvalue i80 %mrv_2, i16 %trunc_ln54_3" [firmware/nnet_utils/nnet_batchnorm.h:63]   --->   Operation 29 'insertvalue' 'mrv_3' <Predicate = true> <Delay = 0.00>
ST_1 : Operation 30 [1/1] (0.00ns)   --->   "%mrv_4 = insertvalue i80 %mrv_3, i16 %trunc_ln54_4" [firmware/nnet_utils/nnet_batchnorm.h:63]   --->   Operation 30 'insertvalue' 'mrv_4' <Predicate = true> <Delay = 0.00>
ST_1 : Operation 31 [1/1] (0.00ns)   --->   "%ret_ln63 = ret i80 %mrv_4" [firmware/nnet_utils/nnet_batchnorm.h:63]   --->   Operation 31 'ret' 'ret_ln63' <Predicate = true> <Delay = 0.00>


============================================================
+ Verbose Summary: Timing violations
============================================================
Target clock period: 5.000ns, clock uncertainty: 0.625ns.

 <State 1>: 0.833ns
The critical path consists of the following:
	wire read operation ('data_0_val_read', firmware/nnet_utils/nnet_mult.h:80->firmware/nnet_utils/nnet_batchnorm.h:54) on port 'data_0_val' (firmware/nnet_utils/nnet_mult.h:80->firmware/nnet_utils/nnet_batchnorm.h:54) [12]  (0.000 ns)
	'add' operation ('add_ln54', firmware/nnet_utils/nnet_batchnorm.h:54) [14]  (0.833 ns)


============================================================
+ Verbose Summary: Binding
============================================================
N/A
* FSMD analyzer results:
  - Output states:
 - Input state : 
  - Chain level:
	State 1


============================================================
+ Verbose Summary: Datapath Resource usage 
============================================================
N/A
