

================================================================
== Vitis HLS Report for 'normalize_ap_fixed_ap_fixed_16_6_5_3_0_PARAMEST_NN_config18_s'
================================================================
* Date:           Sun Apr 13 13:12:13 2025

* Version:        2023.1 (Build 3854077 on May  4 2023)
* Project:        ParamEst_NN_prj
* Solution:       solution1 (Vivado IP Flow Target)
* Product family: virtexuplus
* Target device:  xcu250-figd2104-2L-e


================================================================
== Performance Estimates
================================================================
+ Timing: 
    * Summary: 
    +--------+---------+----------+------------+
    |  Clock |  Target | Estimated| Uncertainty|
    +--------+---------+----------+------------+
    |ap_clk  |  5.00 ns|  0.833 ns|     0.62 ns|
    +--------+---------+----------+------------+

+ Latency: 
    * Summary: 
    +---------+---------+----------+----------+-----+-----+---------+
    |  Latency (cycles) |  Latency (absolute) |  Interval | Pipeline|
    |   min   |   max   |    min   |    max   | min | max |   Type  |
    +---------+---------+----------+----------+-----+-----+---------+
    |        0|        0|      0 ns|      0 ns|    1|    1|      yes|
    +---------+---------+----------+----------+-----+-----+---------+

    + Detail: 
        * Instance: 
        N/A

        * Loop: 
        N/A

============================================================
+ Verbose Summary: Synthesis Manager
============================================================
InlineROM: 1
ExposeGlobal: 0
============================================================
+ Verbose Summary: CDFG Model
============================================================
IsTopModel: 0
ResetActiveHigh: 1
IsCombinational: 0
IsDatapathOnly: 0
HasWiredReturn: 1
HasMFsm: 2
HasVarLatency: 0
IsPipeline: 1
IsRtlPipelined: 0
IsInstanceOverlapped: 0
IsDontTouch: 0
HasImplIP: 0
IsGatedGlobalClock: 0

+ Individual pipeline summary: 
  * Pipeline-0: initiation interval (II) = 1, depth = 1


============================================================
+ Verbose Summary: Schedule
============================================================
* Number of FSM states : 1
* Pipeline : 1
  Pipeline-0 : II = 1, D = 1, States = { 1 }
* Dataflow Pipeline: 0

* FSM state transitions: 
1 --> 

* FSM state operations: 

State 1 <SV = 0> <Delay = 0.83>
ST_1 : Operation 2 [1/1] (0.00ns)   --->   "%specpipeline_ln48 = specpipeline void @_ssdm_op_SpecPipeline, i32 1, i32 0, i32 0, i32 0, void @empty_0" [firmware/nnet_utils/nnet_batchnorm.h:48]   --->   Operation 2 'specpipeline' 'specpipeline_ln48' <Predicate = true> <Delay = 0.00>
ST_1 : Operation 3 [1/1] (0.00ns)   --->   "%specresourcelimit_ln48 = specresourcelimit void @_ssdm_op_SpecResourceLimit, i64 5, void @empty_1, void @empty_0, void @empty_0, void @empty_0" [firmware/nnet_utils/nnet_batchnorm.h:48]   --->   Operation 3 'specresourcelimit' 'specresourcelimit_ln48' <Predicate = true> <Delay = 0.00>
ST_1 : Operation 4 [1/1] (0.00ns)   --->   "%data_4_val_read = read i16 @_ssdm_op_Read.ap_auto.i16, i16 %data_4_val" [firmware/nnet_utils/nnet_mult.h:80->firmware/nnet_utils/nnet_batchnorm.h:54]   --->   Operation 4 'read' 'data_4_val_read' <Predicate = true> <Delay = 0.00>
ST_1 : Operation 5 [1/1] (0.00ns)   --->   "%data_3_val_read = read i16 @_ssdm_op_Read.ap_auto.i16, i16 %data_3_val" [firmware/nnet_utils/nnet_mult.h:80->firmware/nnet_utils/nnet_batchnorm.h:54]   --->   Operation 5 'read' 'data_3_val_read' <Predicate = true> <Delay = 0.00>
ST_1 : Operation 6 [1/1] (0.00ns)   --->   "%data_2_val_read = read i16 @_ssdm_op_Read.ap_auto.i16, i16 %data_2_val" [firmware/nnet_utils/nnet_mult.h:80->firmware/nnet_utils/nnet_batchnorm.h:54]   --->   Operation 6 'read' 'data_2_val_read' <Predicate = true> <Delay = 0.00>
ST_1 : Operation 7 [1/1] (0.00ns)   --->   "%data_1_val_read = read i16 @_ssdm_op_Read.ap_auto.i16, i16 %data_1_val" [firmware/nnet_utils/nnet_mult.h:80->firmware/nnet_utils/nnet_batchnorm.h:54]   --->   Operation 7 'read' 'data_1_val_read' <Predicate = true> <Delay = 0.00>
ST_1 : Operation 8 [1/1] (0.00ns)   --->   "%data_0_val_read = read i16 @_ssdm_op_Read.ap_auto.i16, i16 %data_0_val" [firmware/nnet_utils/nnet_mult.h:80->firmware/nnet_utils/nnet_batchnorm.h:54]   --->   Operation 8 'read' 'data_0_val_read' <Predicate = true> <Delay = 0.00>
ST_1 : Operation 9 [1/1] (0.00ns)   --->   "%y = bitconcatenate i24 @_ssdm_op_BitConcatenate.i24.i16.i8, i16 %data_0_val_read, i8 0" [firmware/nnet_utils/nnet_mult.h:85->firmware/nnet_utils/nnet_batchnorm.h:54]   --->   Operation 9 'bitconcatenate' 'y' <Predicate = true> <Delay = 0.00>
ST_1 : Operation 10 [1/1] (0.83ns)   --->   "%add_ln54 = add i24 %y, i24 47616" [firmware/nnet_utils/nnet_batchnorm.h:54]   --->   Operation 10 'add' 'add_ln54' <Predicate = true> <Delay = 0.83> <CoreInst = "Adder">   --->   Core 1 'Adder' <Latency = 0> <II = 1> <Delay = 0.83> <FuncUnit> <Opcode : 'add' 'sub'> <InPorts = 2> <OutPorts = 1>
ST_1 : Operation 11 [1/1] (0.00ns)   --->   "%trunc_ln = partselect i16 @_ssdm_op_PartSelect.i16.i24.i32.i32, i24 %add_ln54, i32 8, i32 23" [firmware/nnet_utils/nnet_batchnorm.h:54]   --->   Operation 11 'partselect' 'trunc_ln' <Predicate = true> <Delay = 0.00>
ST_1 : Operation 12 [1/1] (0.00ns)   --->   "%y_1 = bitconcatenate i23 @_ssdm_op_BitConcatenate.i23.i16.i7, i16 %data_1_val_read, i7 0" [firmware/nnet_utils/nnet_mult.h:85->firmware/nnet_utils/nnet_batchnorm.h:54]   --->   Operation 12 'bitconcatenate' 'y_1' <Predicate = true> <Delay = 0.00>
ST_1 : Operation 13 [1/1] (0.00ns)   --->   "%sext_ln54 = sext i23 %y_1" [firmware/nnet_utils/nnet_batchnorm.h:54]   --->   Operation 13 'sext' 'sext_ln54' <Predicate = true> <Delay = 0.00>
ST_1 : Operation 14 [1/1] (0.82ns)   --->   "%add_ln54_1 = add i24 %sext_ln54, i24 21960" [firmware/nnet_utils/nnet_batchnorm.h:54]   --->   Operation 14 'add' 'add_ln54_1' <Predicate = true> <Delay = 0.82> <CoreInst = "Adder">   --->   Core 1 'Adder' <Latency = 0> <II = 1> <Delay = 0.82> <FuncUnit> <Opcode : 'add' 'sub'> <InPorts = 2> <OutPorts = 1>
ST_1 : Operation 15 [1/1] (0.00ns)   --->   "%trunc_ln54_1 = partselect i16 @_ssdm_op_PartSelect.i16.i24.i32.i32, i24 %add_ln54_1, i32 8, i32 23" [firmware/nnet_utils/nnet_batchnorm.h:54]   --->   Operation 15 'partselect' 'trunc_ln54_1' <Predicate = true> <Delay = 0.00>
ST_1 : Operation 16 [1/1] (0.00ns)   --->   "%y_2 = bitconcatenate i23 @_ssdm_op_BitConcatenate.i23.i16.i7, i16 %data_2_val_read, i7 0" [firmware/nnet_utils/nnet_mult.h:85->firmware/nnet_utils/nnet_batchnorm.h:54]   --->   Operation 16 'bitconcatenate' 'y_2' <Predicate = true> <Delay = 0.00>
ST_1 : Operation 17 [1/1] (0.00ns)   --->   "%sext_ln54_1 = sext i23 %y_2" [firmware/nnet_utils/nnet_batchnorm.h:54]   --->   Operation 17 'sext' 'sext_ln54_1' <Predicate = true> <Delay = 0.00>
ST_1 : Operation 18 [1/1] (0.82ns)   --->   "%add_ln54_2 = add i24 %sext_ln54_1, i24 34736" [firmware/nnet_utils/nnet_batchnorm.h:54]   --->   Operation 18 'add' 'add_ln54_2' <Predicate = true> <Delay = 0.82> <CoreInst = "Adder">   --->   Core 1 'Adder' <Latency = 0> <II = 1> <Delay = 0.82> <FuncUnit> <Opcode : 'add' 'sub'> <InPorts = 2> <OutPorts = 1>
ST_1 : Operation 19 [1/1] (0.00ns)   --->   "%trunc_ln54_2 = partselect i16 @_ssdm_op_PartSelect.i16.i24.i32.i32, i24 %add_ln54_2, i32 8, i32 23" [firmware/nnet_utils/nnet_batchnorm.h:54]   --->   Operation 19 'partselect' 'trunc_ln54_2' <Predicate = true> <Delay = 0.00>
ST_1 : Operation 20 [1/1] (0.00ns)   --->   "%y_3 = bitconcatenate i24 @_ssdm_op_BitConcatenate.i24.i16.i8, i16 %data_3_val_read, i8 0" [firmware/nnet_utils/nnet_mult.h:85->firmware/nnet_utils/nnet_batchnorm.h:54]   --->   Operation 20 'bitconcatenate' 'y_3' <Predicate = true> <Delay = 0.00>
ST_1 : Operation 21 [1/1] (0.83ns)   --->   "%add_ln54_3 = add i24 %y_3, i24 256" [firmware/nnet_utils/nnet_batchnorm.h:54]   --->   Operation 21 'add' 'add_ln54_3' <Predicate = true> <Delay = 0.83> <CoreInst = "Adder">   --->   Core 1 'Adder' <Latency = 0> <II = 1> <Delay = 0.83> <FuncUnit> <Opcode : 'add' 'sub'> <InPorts = 2> <OutPorts = 1>
ST_1 : Operation 22 [1/1] (0.00ns)   --->   "%trunc_ln54_3 = partselect i16 @_ssdm_op_PartSelect.i16.i24.i32.i32, i24 %add_ln54_3, i32 8, i32 23" [firmware/nnet_utils/nnet_batchnorm.h:54]   --->   Operation 22 'partselect' 'trunc_ln54_3' <Predicate = true> <Delay = 0.00>
ST_1 : Operation 23 [1/1] (0.00ns)   --->   "%y_4 = bitconcatenate i24 @_ssdm_op_BitConcatenate.i24.i16.i8, i16 %data_4_val_read, i8 0" [firmware/nnet_utils/nnet_mult.h:85->firmware/nnet_utils/nnet_batchnorm.h:54]   --->   Operation 23 'bitconcatenate' 'y_4' <Predicate = true> <Delay = 0.00>
ST_1 : Operation 24 [1/1] (0.83ns)   --->   "%add_ln54_4 = add i24 %y_4, i24 61696" [firmware/nnet_utils/nnet_batchnorm.h:54]   --->   Operation 24 'add' 'add_ln54_4' <Predicate = true> <Delay = 0.83> <CoreInst = "Adder">   --->   Core 1 'Adder' <Latency = 0> <II = 1> <Delay = 0.83> <FuncUnit> <Opcode : 'add' 'sub'> <InPorts = 2> <OutPorts = 1>
ST_1 : Operation 25 [1/1] (0.00ns)   --->   "%trunc_ln54_4 = partselect i16 @_ssdm_op_PartSelect.i16.i24.i32.i32, i24 %add_ln54_4, i32 8, i32 23" [firmware/nnet_utils/nnet_batchnorm.h:54]   --->   Operation 25 'partselect' 'trunc_ln54_4' <Predicate = true> <Delay = 0.00>
ST_1 : Operation 26 [1/1] (0.00ns)   --->   "%mrv = insertvalue i80 <undef>, i16 %trunc_ln" [firmware/nnet_utils/nnet_batchnorm.h:63]   --->   Operation 26 'insertvalue' 'mrv' <Predicate = true> <Delay = 0.00>
ST_1 : Operation 27 [1/1] (0.00ns)   --->   "%mrv_1 = insertvalue i80 %mrv, i16 %trunc_ln54_1" [firmware/nnet_utils/nnet_batchnorm.h:63]   --->   Operation 27 'insertvalue' 'mrv_1' <Predicate = true> <Delay = 0.00>
ST_1 : Operation 28 [1/1] (0.00ns)   --->   "%mrv_2 = insertvalue i80 %mrv_1, i16 %trunc_ln54_2" [firmware/nnet_utils/nnet_batchnorm.h:63]   --->   Operation 28 'insertvalue' 'mrv_2' <Predicate = true> <Delay = 0.00>
ST_1 : Operation 29 [1/1] (0.00ns)   --->   "%mrv_3 = insertvalue i80 %mrv_2, i16 %trunc_ln54_3" [firmware/nnet_utils/nnet_batchnorm.h:63]   --->   Operation 29 'insertvalue' 'mrv_3' <Predicate = true> <Delay = 0.00>
ST_1 : Operation 30 [1/1] (0.00ns)   --->   "%mrv_4 = insertvalue i80 %mrv_3, i16 %trunc_ln54_4" [firmware/nnet_utils/nnet_batchnorm.h:63]   --->   Operation 30 'insertvalue' 'mrv_4' <Predicate = true> <Delay = 0.00>
ST_1 : Operation 31 [1/1] (0.00ns)   --->   "%ret_ln63 = ret i80 %mrv_4" [firmware/nnet_utils/nnet_batchnorm.h:63]   --->   Operation 31 'ret' 'ret_ln63' <Predicate = true> <Delay = 0.00>


============================================================
+ Verbose Summary: Binding
============================================================
STG Binding: 
---------------- STG Properties BEGIN ----------------
- Is combinational: 1
- Is one-state seq: 0
- Is datapath-only: 0
- Is pipelined: 1
- Is top level: 0
Port [ Return ] is wired: 1; IO mode=ap_ctrl_hs:ce=0
Port [ data_0_val]:  wired=1; compound=0; hidden=0; nouse=0; global=0; static=0; extern=0; dir=0; type=0; pingpong=0; private_global=0; IO mode=ap_none:ce=0
Port [ data_1_val]:  wired=1; compound=0; hidden=0; nouse=0; global=0; static=0; extern=0; dir=0; type=0; pingpong=0; private_global=0; IO mode=ap_none:ce=0
Port [ data_2_val]:  wired=1; compound=0; hidden=0; nouse=0; global=0; static=0; extern=0; dir=0; type=0; pingpong=0; private_global=0; IO mode=ap_none:ce=0
Port [ data_3_val]:  wired=1; compound=0; hidden=0; nouse=0; global=0; static=0; extern=0; dir=0; type=0; pingpong=0; private_global=0; IO mode=ap_none:ce=0
Port [ data_4_val]:  wired=1; compound=0; hidden=0; nouse=0; global=0; static=0; extern=0; dir=0; type=0; pingpong=0; private_global=0; IO mode=ap_none:ce=0
---------------- STG Properties END ------------------

---------------- Datapath Model BEGIN ----------------

<LifeTime>
<method=bitvector/>
specpipeline_ln48      (specpipeline     ) [ 00]
specresourcelimit_ln48 (specresourcelimit) [ 00]
data_4_val_read        (read             ) [ 00]
data_3_val_read        (read             ) [ 00]
data_2_val_read        (read             ) [ 00]
data_1_val_read        (read             ) [ 00]
data_0_val_read        (read             ) [ 00]
y                      (bitconcatenate   ) [ 00]
add_ln54               (add              ) [ 00]
trunc_ln               (partselect       ) [ 00]
y_1                    (bitconcatenate   ) [ 00]
sext_ln54              (sext             ) [ 00]
add_ln54_1             (add              ) [ 00]
trunc_ln54_1           (partselect       ) [ 00]
y_2                    (bitconcatenate   ) [ 00]
sext_ln54_1            (sext             ) [ 00]
add_ln54_2             (add              ) [ 00]
trunc_ln54_2           (partselect       ) [ 00]
y_3                    (bitconcatenate   ) [ 00]
add_ln54_3             (add              ) [ 00]
trunc_ln54_3           (partselect       ) [ 00]
y_4                    (bitconcatenate   ) [ 00]
add_ln54_4             (add              ) [ 00]
trunc_ln54_4           (partselect       ) [ 00]
mrv                    (insertvalue      ) [ 00]
mrv_1                  (insertvalue      ) [ 00]
mrv_2                  (insertvalue      ) [ 00]
mrv_3                  (insertvalue      ) [ 00]
mrv_4                  (insertvalue      ) [ 00]
ret_ln63               (ret              ) [ 00]
</LifeTime>

<model>

<comp_list>
<comp id="0" class="1000" name="data_0_val">
<pin_list>
<pin id="1" dir="1" index="0" bw="1" slack="0"/>
</pin_list>
<bind>
<StgValue><ssdm name="data_0_val"/></StgValue>
</bind>
</comp>

<comp id="2" class="1000" name="data_1_val">
<pin_list>
<pin id="3" dir="1" index="0" bw="1" slack="0"/>
</pin_list>
<bind>
<StgValue><ssdm name="data_1_val"/></StgValue>
</bind>
</comp>

<comp id="4" class="1000" name="data_2_val">
<pin_list>
<pin id="5" dir="1" index="0" bw="1" slack="0"/>
</pin_list>
<bind>
<StgValue><ssdm name="data_2_val"/></StgValue>
</bind>
</comp>

<comp id="6" class="1000" name="data_3_val">
<pin_list>
<pin id="7" dir="1" index="0" bw="1" slack="0"/>
</pin_list>
<bind>
<StgValue><ssdm name="data_3_val"/></StgValue>
</bind>
</comp>

<comp id="8" class="1000" name="data_4_val">
<pin_list>
<pin id="9" dir="1" index="0" bw="1" slack="0"/>
</pin_list>
<bind>
<StgValue><ssdm name="data_4_val"/></StgValue>
</bind>
</comp>

<comp id="10" class="1001" name="const_10">
<pin_list>
<pin id="11" dir="1" index="0" bw="1" slack="2147483647"/>
</pin_list>
<bind>
<StgValue><ssdm name="_ssdm_op_SpecPipeline"/></StgValue>
</bind>
</comp>

<comp id="12" class="1001" name="const_12">
<pin_list>
<pin id="13" dir="1" index="0" bw="1" slack="2147483647"/>
</pin_list>
<bind>
<StgValue><ssdm name=""/></StgValue>
</bind>
</comp>

<comp id="14" class="1001" name="const_14">
<pin_list>
<pin id="15" dir="1" index="0" bw="1" slack="2147483647"/>
</pin_list>
<bind>
<StgValue><ssdm name=""/></StgValue>
</bind>
</comp>

<comp id="16" class="1001" name="const_16">
<pin_list>
<pin id="17" dir="1" index="0" bw="1" slack="2147483647"/>
</pin_list>
<bind>
<StgValue><ssdm name="empty_0"/></StgValue>
</bind>
</comp>

<comp id="18" class="1001" name="const_18">
<pin_list>
<pin id="19" dir="1" index="0" bw="1" slack="2147483647"/>
</pin_list>
<bind>
<StgValue><ssdm name="_ssdm_op_SpecResourceLimit"/></StgValue>
</bind>
</comp>

<comp id="20" class="1001" name="const_20">
<pin_list>
<pin id="21" dir="1" index="0" bw="1" slack="2147483647"/>
</pin_list>
<bind>
<StgValue><ssdm name=""/></StgValue>
</bind>
</comp>

<comp id="22" class="1001" name="const_22">
<pin_list>
<pin id="23" dir="1" index="0" bw="1" slack="2147483647"/>
</pin_list>
<bind>
<StgValue><ssdm name="empty_1"/></StgValue>
</bind>
</comp>

<comp id="24" class="1001" name="const_24">
<pin_list>
<pin id="25" dir="1" index="0" bw="1" slack="0"/>
</pin_list>
<bind>
<StgValue><ssdm name="_ssdm_op_Read.ap_auto.i16"/></StgValue>
</bind>
</comp>

<comp id="26" class="1001" name="const_26">
<pin_list>
<pin id="27" dir="1" index="0" bw="1" slack="0"/>
</pin_list>
<bind>
<StgValue><ssdm name="_ssdm_op_BitConcatenate.i24.i16.i8"/></StgValue>
</bind>
</comp>

<comp id="28" class="1001" name="const_28">
<pin_list>
<pin id="29" dir="1" index="0" bw="1" slack="0"/>
</pin_list>
<bind>
<StgValue><ssdm name=""/></StgValue>
</bind>
</comp>

<comp id="30" class="1001" name="const_30">
<pin_list>
<pin id="31" dir="1" index="0" bw="1" slack="0"/>
</pin_list>
<bind>
<StgValue><ssdm name=""/></StgValue>
</bind>
</comp>

<comp id="32" class="1001" name="const_32">
<pin_list>
<pin id="33" dir="1" index="0" bw="1" slack="0"/>
</pin_list>
<bind>
<StgValue><ssdm name="_ssdm_op_PartSelect.i16.i24.i32.i32"/></StgValue>
</bind>
</comp>

<comp id="34" class="1001" name="const_34">
<pin_list>
<pin id="35" dir="1" index="0" bw="1" slack="0"/>
</pin_list>
<bind>
<StgValue><ssdm name=""/></StgValue>
</bind>
</comp>

<comp id="36" class="1001" name="const_36">
<pin_list>
<pin id="37" dir="1" index="0" bw="1" slack="0"/>
</pin_list>
<bind>
<StgValue><ssdm name=""/></StgValue>
</bind>
</comp>

<comp id="38" class="1001" name="const_38">
<pin_list>
<pin id="39" dir="1" index="0" bw="1" slack="0"/>
</pin_list>
<bind>
<StgValue><ssdm name="_ssdm_op_BitConcatenate.i23.i16.i7"/></StgValue>
</bind>
</comp>

<comp id="40" class="1001" name="const_40">
<pin_list>
<pin id="41" dir="1" index="0" bw="1" slack="0"/>
</pin_list>
<bind>
<StgValue><ssdm name=""/></StgValue>
</bind>
</comp>

<comp id="42" class="1001" name="const_42">
<pin_list>
<pin id="43" dir="1" index="0" bw="1" slack="0"/>
</pin_list>
<bind>
<StgValue><ssdm name=""/></StgValue>
</bind>
</comp>

<comp id="44" class="1001" name="const_44">
<pin_list>
<pin id="45" dir="1" index="0" bw="1" slack="0"/>
</pin_list>
<bind>
<StgValue><ssdm name=""/></StgValue>
</bind>
</comp>

<comp id="46" class="1001" name="const_46">
<pin_list>
<pin id="47" dir="1" index="0" bw="1" slack="0"/>
</pin_list>
<bind>
<StgValue><ssdm name=""/></StgValue>
</bind>
</comp>

<comp id="48" class="1001" name="const_48">
<pin_list>
<pin id="49" dir="1" index="0" bw="1" slack="0"/>
</pin_list>
<bind>
<StgValue><ssdm name=""/></StgValue>
</bind>
</comp>

<comp id="50" class="1001" name="const_50">
<pin_list>
<pin id="51" dir="1" index="0" bw="1" slack="0"/>
</pin_list>
<bind>
<StgValue><ssdm name=""/></StgValue>
</bind>
</comp>

<comp id="52" class="1004" name="data_4_val_read_read_fu_52">
<pin_list>
<pin id="53" dir="0" index="0" bw="16" slack="0"/>
<pin id="54" dir="0" index="1" bw="16" slack="0"/>
<pin id="55" dir="1" index="2" bw="16" slack="0"/>
</pin_list>
<bind>
<opcode="read(1150) " fcode="read"/>
<opset="data_4_val_read/1 "/>
</bind>
</comp>

<comp id="58" class="1004" name="data_3_val_read_read_fu_58">
<pin_list>
<pin id="59" dir="0" index="0" bw="16" slack="0"/>
<pin id="60" dir="0" index="1" bw="16" slack="0"/>
<pin id="61" dir="1" index="2" bw="16" slack="0"/>
</pin_list>
<bind>
<opcode="read(1150) " fcode="read"/>
<opset="data_3_val_read/1 "/>
</bind>
</comp>

<comp id="64" class="1004" name="data_2_val_read_read_fu_64">
<pin_list>
<pin id="65" dir="0" index="0" bw="16" slack="0"/>
<pin id="66" dir="0" index="1" bw="16" slack="0"/>
<pin id="67" dir="1" index="2" bw="16" slack="0"/>
</pin_list>
<bind>
<opcode="read(1150) " fcode="read"/>
<opset="data_2_val_read/1 "/>
</bind>
</comp>

<comp id="70" class="1004" name="data_1_val_read_read_fu_70">
<pin_list>
<pin id="71" dir="0" index="0" bw="16" slack="0"/>
<pin id="72" dir="0" index="1" bw="16" slack="0"/>
<pin id="73" dir="1" index="2" bw="16" slack="0"/>
</pin_list>
<bind>
<opcode="read(1150) " fcode="read"/>
<opset="data_1_val_read/1 "/>
</bind>
</comp>

<comp id="76" class="1004" name="data_0_val_read_read_fu_76">
<pin_list>
<pin id="77" dir="0" index="0" bw="16" slack="0"/>
<pin id="78" dir="0" index="1" bw="16" slack="0"/>
<pin id="79" dir="1" index="2" bw="16" slack="0"/>
</pin_list>
<bind>
<opcode="read(1150) " fcode="read"/>
<opset="data_0_val_read/1 "/>
</bind>
</comp>

<comp id="82" class="1004" name="y_fu_82">
<pin_list>
<pin id="83" dir="0" index="0" bw="24" slack="0"/>
<pin id="84" dir="0" index="1" bw="16" slack="0"/>
<pin id="85" dir="0" index="2" bw="1" slack="0"/>
<pin id="86" dir="1" index="3" bw="24" slack="0"/>
</pin_list>
<bind>
<opcode="bitconcatenate(1004) " fcode="bitconcatenate"/>
<opset="y/1 "/>
</bind>
</comp>

<comp id="90" class="1004" name="add_ln54_fu_90">
<pin_list>
<pin id="91" dir="0" index="0" bw="24" slack="0"/>
<pin id="92" dir="0" index="1" bw="17" slack="0"/>
<pin id="93" dir="1" index="2" bw="24" slack="0"/>
</pin_list>
<bind>
<opcode="add(8) " fcode="add"/>
<opset="add_ln54/1 "/>
</bind>
</comp>

<comp id="96" class="1004" name="trunc_ln_fu_96">
<pin_list>
<pin id="97" dir="0" index="0" bw="16" slack="0"/>
<pin id="98" dir="0" index="1" bw="24" slack="0"/>
<pin id="99" dir="0" index="2" bw="5" slack="0"/>
<pin id="100" dir="0" index="3" bw="6" slack="0"/>
<pin id="101" dir="1" index="4" bw="16" slack="0"/>
</pin_list>
<bind>
<opcode="partselect(1002) " fcode="partselect"/>
<opset="trunc_ln/1 "/>
</bind>
</comp>

<comp id="106" class="1004" name="y_1_fu_106">
<pin_list>
<pin id="107" dir="0" index="0" bw="23" slack="0"/>
<pin id="108" dir="0" index="1" bw="16" slack="0"/>
<pin id="109" dir="0" index="2" bw="1" slack="0"/>
<pin id="110" dir="1" index="3" bw="23" slack="0"/>
</pin_list>
<bind>
<opcode="bitconcatenate(1004) " fcode="bitconcatenate"/>
<opset="y_1/1 "/>
</bind>
</comp>

<comp id="114" class="1004" name="sext_ln54_fu_114">
<pin_list>
<pin id="115" dir="0" index="0" bw="23" slack="0"/>
<pin id="116" dir="1" index="1" bw="24" slack="0"/>
</pin_list>
<bind>
<opcode="sext(35) " fcode="sext"/>
<opset="sext_ln54/1 "/>
</bind>
</comp>

<comp id="118" class="1004" name="add_ln54_1_fu_118">
<pin_list>
<pin id="119" dir="0" index="0" bw="23" slack="0"/>
<pin id="120" dir="0" index="1" bw="16" slack="0"/>
<pin id="121" dir="1" index="2" bw="24" slack="0"/>
</pin_list>
<bind>
<opcode="add(8) " fcode="add"/>
<opset="add_ln54_1/1 "/>
</bind>
</comp>

<comp id="124" class="1004" name="trunc_ln54_1_fu_124">
<pin_list>
<pin id="125" dir="0" index="0" bw="16" slack="0"/>
<pin id="126" dir="0" index="1" bw="24" slack="0"/>
<pin id="127" dir="0" index="2" bw="5" slack="0"/>
<pin id="128" dir="0" index="3" bw="6" slack="0"/>
<pin id="129" dir="1" index="4" bw="16" slack="0"/>
</pin_list>
<bind>
<opcode="partselect(1002) " fcode="partselect"/>
<opset="trunc_ln54_1/1 "/>
</bind>
</comp>

<comp id="134" class="1004" name="y_2_fu_134">
<pin_list>
<pin id="135" dir="0" index="0" bw="23" slack="0"/>
<pin id="136" dir="0" index="1" bw="16" slack="0"/>
<pin id="137" dir="0" index="2" bw="1" slack="0"/>
<pin id="138" dir="1" index="3" bw="23" slack="0"/>
</pin_list>
<bind>
<opcode="bitconcatenate(1004) " fcode="bitconcatenate"/>
<opset="y_2/1 "/>
</bind>
</comp>

<comp id="142" class="1004" name="sext_ln54_1_fu_142">
<pin_list>
<pin id="143" dir="0" index="0" bw="23" slack="0"/>
<pin id="144" dir="1" index="1" bw="24" slack="0"/>
</pin_list>
<bind>
<opcode="sext(35) " fcode="sext"/>
<opset="sext_ln54_1/1 "/>
</bind>
</comp>

<comp id="146" class="1004" name="add_ln54_2_fu_146">
<pin_list>
<pin id="147" dir="0" index="0" bw="23" slack="0"/>
<pin id="148" dir="0" index="1" bw="17" slack="0"/>
<pin id="149" dir="1" index="2" bw="24" slack="0"/>
</pin_list>
<bind>
<opcode="add(8) " fcode="add"/>
<opset="add_ln54_2/1 "/>
</bind>
</comp>

<comp id="152" class="1004" name="trunc_ln54_2_fu_152">
<pin_list>
<pin id="153" dir="0" index="0" bw="16" slack="0"/>
<pin id="154" dir="0" index="1" bw="24" slack="0"/>
<pin id="155" dir="0" index="2" bw="5" slack="0"/>
<pin id="156" dir="0" index="3" bw="6" slack="0"/>
<pin id="157" dir="1" index="4" bw="16" slack="0"/>
</pin_list>
<bind>
<opcode="partselect(1002) " fcode="partselect"/>
<opset="trunc_ln54_2/1 "/>
</bind>
</comp>

<comp id="162" class="1004" name="y_3_fu_162">
<pin_list>
<pin id="163" dir="0" index="0" bw="24" slack="0"/>
<pin id="164" dir="0" index="1" bw="16" slack="0"/>
<pin id="165" dir="0" index="2" bw="1" slack="0"/>
<pin id="166" dir="1" index="3" bw="24" slack="0"/>
</pin_list>
<bind>
<opcode="bitconcatenate(1004) " fcode="bitconcatenate"/>
<opset="y_3/1 "/>
</bind>
</comp>

<comp id="170" class="1004" name="add_ln54_3_fu_170">
<pin_list>
<pin id="171" dir="0" index="0" bw="24" slack="0"/>
<pin id="172" dir="0" index="1" bw="10" slack="0"/>
<pin id="173" dir="1" index="2" bw="24" slack="0"/>
</pin_list>
<bind>
<opcode="add(8) " fcode="add"/>
<opset="add_ln54_3/1 "/>
</bind>
</comp>

<comp id="176" class="1004" name="trunc_ln54_3_fu_176">
<pin_list>
<pin id="177" dir="0" index="0" bw="16" slack="0"/>
<pin id="178" dir="0" index="1" bw="24" slack="0"/>
<pin id="179" dir="0" index="2" bw="5" slack="0"/>
<pin id="180" dir="0" index="3" bw="6" slack="0"/>
<pin id="181" dir="1" index="4" bw="16" slack="0"/>
</pin_list>
<bind>
<opcode="partselect(1002) " fcode="partselect"/>
<opset="trunc_ln54_3/1 "/>
</bind>
</comp>

<comp id="186" class="1004" name="y_4_fu_186">
<pin_list>
<pin id="187" dir="0" index="0" bw="24" slack="0"/>
<pin id="188" dir="0" index="1" bw="16" slack="0"/>
<pin id="189" dir="0" index="2" bw="1" slack="0"/>
<pin id="190" dir="1" index="3" bw="24" slack="0"/>
</pin_list>
<bind>
<opcode="bitconcatenate(1004) " fcode="bitconcatenate"/>
<opset="y_4/1 "/>
</bind>
</comp>

<comp id="194" class="1004" name="add_ln54_4_fu_194">
<pin_list>
<pin id="195" dir="0" index="0" bw="24" slack="0"/>
<pin id="196" dir="0" index="1" bw="17" slack="0"/>
<pin id="197" dir="1" index="2" bw="24" slack="0"/>
</pin_list>
<bind>
<opcode="add(8) " fcode="add"/>
<opset="add_ln54_4/1 "/>
</bind>
</comp>

<comp id="200" class="1004" name="trunc_ln54_4_fu_200">
<pin_list>
<pin id="201" dir="0" index="0" bw="16" slack="0"/>
<pin id="202" dir="0" index="1" bw="24" slack="0"/>
<pin id="203" dir="0" index="2" bw="5" slack="0"/>
<pin id="204" dir="0" index="3" bw="6" slack="0"/>
<pin id="205" dir="1" index="4" bw="16" slack="0"/>
</pin_list>
<bind>
<opcode="partselect(1002) " fcode="partselect"/>
<opset="trunc_ln54_4/1 "/>
</bind>
</comp>

<comp id="210" class="1004" name="mrv_fu_210">
<pin_list>
<pin id="211" dir="0" index="0" bw="80" slack="0"/>
<pin id="212" dir="0" index="1" bw="16" slack="0"/>
<pin id="213" dir="1" index="2" bw="80" slack="0"/>
</pin_list>
<bind>
<opcode="insertvalue(57) " fcode="insertvalue"/>
<opset="mrv/1 "/>
</bind>
</comp>

<comp id="216" class="1004" name="mrv_1_fu_216">
<pin_list>
<pin id="217" dir="0" index="0" bw="80" slack="0"/>
<pin id="218" dir="0" index="1" bw="16" slack="0"/>
<pin id="219" dir="1" index="2" bw="80" slack="0"/>
</pin_list>
<bind>
<opcode="insertvalue(57) " fcode="insertvalue"/>
<opset="mrv_1/1 "/>
</bind>
</comp>

<comp id="222" class="1004" name="mrv_2_fu_222">
<pin_list>
<pin id="223" dir="0" index="0" bw="80" slack="0"/>
<pin id="224" dir="0" index="1" bw="16" slack="0"/>
<pin id="225" dir="1" index="2" bw="80" slack="0"/>
</pin_list>
<bind>
<opcode="insertvalue(57) " fcode="insertvalue"/>
<opset="mrv_2/1 "/>
</bind>
</comp>

<comp id="228" class="1004" name="mrv_3_fu_228">
<pin_list>
<pin id="229" dir="0" index="0" bw="80" slack="0"/>
<pin id="230" dir="0" index="1" bw="16" slack="0"/>
<pin id="231" dir="1" index="2" bw="80" slack="0"/>
</pin_list>
<bind>
<opcode="insertvalue(57) " fcode="insertvalue"/>
<opset="mrv_3/1 "/>
</bind>
</comp>

<comp id="234" class="1004" name="mrv_4_fu_234">
<pin_list>
<pin id="235" dir="0" index="0" bw="80" slack="0"/>
<pin id="236" dir="0" index="1" bw="16" slack="0"/>
<pin id="237" dir="1" index="2" bw="80" slack="2147483647"/>
</pin_list>
<bind>
<opcode="insertvalue(57) " fcode="insertvalue"/>
<opset="mrv_4/1 "/>
</bind>
</comp>

</comp_list>

<net_list>
<net id="56"><net_src comp="24" pin="0"/><net_sink comp="52" pin=0"/></net>

<net id="57"><net_src comp="8" pin="0"/><net_sink comp="52" pin=1"/></net>

<net id="62"><net_src comp="24" pin="0"/><net_sink comp="58" pin=0"/></net>

<net id="63"><net_src comp="6" pin="0"/><net_sink comp="58" pin=1"/></net>

<net id="68"><net_src comp="24" pin="0"/><net_sink comp="64" pin=0"/></net>

<net id="69"><net_src comp="4" pin="0"/><net_sink comp="64" pin=1"/></net>

<net id="74"><net_src comp="24" pin="0"/><net_sink comp="70" pin=0"/></net>

<net id="75"><net_src comp="2" pin="0"/><net_sink comp="70" pin=1"/></net>

<net id="80"><net_src comp="24" pin="0"/><net_sink comp="76" pin=0"/></net>

<net id="81"><net_src comp="0" pin="0"/><net_sink comp="76" pin=1"/></net>

<net id="87"><net_src comp="26" pin="0"/><net_sink comp="82" pin=0"/></net>

<net id="88"><net_src comp="76" pin="2"/><net_sink comp="82" pin=1"/></net>

<net id="89"><net_src comp="28" pin="0"/><net_sink comp="82" pin=2"/></net>

<net id="94"><net_src comp="82" pin="3"/><net_sink comp="90" pin=0"/></net>

<net id="95"><net_src comp="30" pin="0"/><net_sink comp="90" pin=1"/></net>

<net id="102"><net_src comp="32" pin="0"/><net_sink comp="96" pin=0"/></net>

<net id="103"><net_src comp="90" pin="2"/><net_sink comp="96" pin=1"/></net>

<net id="104"><net_src comp="34" pin="0"/><net_sink comp="96" pin=2"/></net>

<net id="105"><net_src comp="36" pin="0"/><net_sink comp="96" pin=3"/></net>

<net id="111"><net_src comp="38" pin="0"/><net_sink comp="106" pin=0"/></net>

<net id="112"><net_src comp="70" pin="2"/><net_sink comp="106" pin=1"/></net>

<net id="113"><net_src comp="40" pin="0"/><net_sink comp="106" pin=2"/></net>

<net id="117"><net_src comp="106" pin="3"/><net_sink comp="114" pin=0"/></net>

<net id="122"><net_src comp="114" pin="1"/><net_sink comp="118" pin=0"/></net>

<net id="123"><net_src comp="42" pin="0"/><net_sink comp="118" pin=1"/></net>

<net id="130"><net_src comp="32" pin="0"/><net_sink comp="124" pin=0"/></net>

<net id="131"><net_src comp="118" pin="2"/><net_sink comp="124" pin=1"/></net>

<net id="132"><net_src comp="34" pin="0"/><net_sink comp="124" pin=2"/></net>

<net id="133"><net_src comp="36" pin="0"/><net_sink comp="124" pin=3"/></net>

<net id="139"><net_src comp="38" pin="0"/><net_sink comp="134" pin=0"/></net>

<net id="140"><net_src comp="64" pin="2"/><net_sink comp="134" pin=1"/></net>

<net id="141"><net_src comp="40" pin="0"/><net_sink comp="134" pin=2"/></net>

<net id="145"><net_src comp="134" pin="3"/><net_sink comp="142" pin=0"/></net>

<net id="150"><net_src comp="142" pin="1"/><net_sink comp="146" pin=0"/></net>

<net id="151"><net_src comp="44" pin="0"/><net_sink comp="146" pin=1"/></net>

<net id="158"><net_src comp="32" pin="0"/><net_sink comp="152" pin=0"/></net>

<net id="159"><net_src comp="146" pin="2"/><net_sink comp="152" pin=1"/></net>

<net id="160"><net_src comp="34" pin="0"/><net_sink comp="152" pin=2"/></net>

<net id="161"><net_src comp="36" pin="0"/><net_sink comp="152" pin=3"/></net>

<net id="167"><net_src comp="26" pin="0"/><net_sink comp="162" pin=0"/></net>

<net id="168"><net_src comp="58" pin="2"/><net_sink comp="162" pin=1"/></net>

<net id="169"><net_src comp="28" pin="0"/><net_sink comp="162" pin=2"/></net>

<net id="174"><net_src comp="162" pin="3"/><net_sink comp="170" pin=0"/></net>

<net id="175"><net_src comp="46" pin="0"/><net_sink comp="170" pin=1"/></net>

<net id="182"><net_src comp="32" pin="0"/><net_sink comp="176" pin=0"/></net>

<net id="183"><net_src comp="170" pin="2"/><net_sink comp="176" pin=1"/></net>

<net id="184"><net_src comp="34" pin="0"/><net_sink comp="176" pin=2"/></net>

<net id="185"><net_src comp="36" pin="0"/><net_sink comp="176" pin=3"/></net>

<net id="191"><net_src comp="26" pin="0"/><net_sink comp="186" pin=0"/></net>

<net id="192"><net_src comp="52" pin="2"/><net_sink comp="186" pin=1"/></net>

<net id="193"><net_src comp="28" pin="0"/><net_sink comp="186" pin=2"/></net>

<net id="198"><net_src comp="186" pin="3"/><net_sink comp="194" pin=0"/></net>

<net id="199"><net_src comp="48" pin="0"/><net_sink comp="194" pin=1"/></net>

<net id="206"><net_src comp="32" pin="0"/><net_sink comp="200" pin=0"/></net>

<net id="207"><net_src comp="194" pin="2"/><net_sink comp="200" pin=1"/></net>

<net id="208"><net_src comp="34" pin="0"/><net_sink comp="200" pin=2"/></net>

<net id="209"><net_src comp="36" pin="0"/><net_sink comp="200" pin=3"/></net>

<net id="214"><net_src comp="50" pin="0"/><net_sink comp="210" pin=0"/></net>

<net id="215"><net_src comp="96" pin="4"/><net_sink comp="210" pin=1"/></net>

<net id="220"><net_src comp="210" pin="2"/><net_sink comp="216" pin=0"/></net>

<net id="221"><net_src comp="124" pin="4"/><net_sink comp="216" pin=1"/></net>

<net id="226"><net_src comp="216" pin="2"/><net_sink comp="222" pin=0"/></net>

<net id="227"><net_src comp="152" pin="4"/><net_sink comp="222" pin=1"/></net>

<net id="232"><net_src comp="222" pin="2"/><net_sink comp="228" pin=0"/></net>

<net id="233"><net_src comp="176" pin="4"/><net_sink comp="228" pin=1"/></net>

<net id="238"><net_src comp="228" pin="2"/><net_sink comp="234" pin=0"/></net>

<net id="239"><net_src comp="200" pin="4"/><net_sink comp="234" pin=1"/></net>

</net_list>

</model> 
---------------- Datapath Model END ------------------

* FSMD analyzer results:
  - Output states:
 - Input state : 
	Port: normalize<ap_fixed,ap_fixed<16,6,5,3,0>,PARAMEST_NN_config18> : data_0_val | {1 }
	Port: normalize<ap_fixed,ap_fixed<16,6,5,3,0>,PARAMEST_NN_config18> : data_1_val | {1 }
	Port: normalize<ap_fixed,ap_fixed<16,6,5,3,0>,PARAMEST_NN_config18> : data_2_val | {1 }
	Port: normalize<ap_fixed,ap_fixed<16,6,5,3,0>,PARAMEST_NN_config18> : data_3_val | {1 }
	Port: normalize<ap_fixed,ap_fixed<16,6,5,3,0>,PARAMEST_NN_config18> : data_4_val | {1 }
  - Chain level:
	State 1
		add_ln54 : 1
		trunc_ln : 2
		sext_ln54 : 1
		add_ln54_1 : 2
		trunc_ln54_1 : 3
		sext_ln54_1 : 1
		add_ln54_2 : 2
		trunc_ln54_2 : 3
		add_ln54_3 : 1
		trunc_ln54_3 : 2
		add_ln54_4 : 1
		trunc_ln54_4 : 2
		mrv : 3
		mrv_1 : 4
		mrv_2 : 5
		mrv_3 : 6
		mrv_4 : 7
		ret_ln63 : 8


============================================================
+ Verbose Summary: Datapath Resource usage 
============================================================

* Functional unit list:
|----------|----------------------------|---------|---------|
| Operation|       Functional Unit      |    FF   |   LUT   |
|----------|----------------------------|---------|---------|
|          |       add_ln54_fu_90       |    0    |    31   |
|          |      add_ln54_1_fu_118     |    0    |    30   |
|    add   |      add_ln54_2_fu_146     |    0    |    30   |
|          |      add_ln54_3_fu_170     |    0    |    31   |
|          |      add_ln54_4_fu_194     |    0    |    31   |
|----------|----------------------------|---------|---------|
|          | data_4_val_read_read_fu_52 |    0    |    0    |
|          | data_3_val_read_read_fu_58 |    0    |    0    |
|   read   | data_2_val_read_read_fu_64 |    0    |    0    |
|          | data_1_val_read_read_fu_70 |    0    |    0    |
|          | data_0_val_read_read_fu_76 |    0    |    0    |
|----------|----------------------------|---------|---------|
|          |           y_fu_82          |    0    |    0    |
|          |         y_1_fu_106         |    0    |    0    |
|bitconcatenate|         y_2_fu_134         |    0    |    0    |
|          |         y_3_fu_162         |    0    |    0    |
|          |         y_4_fu_186         |    0    |    0    |
|----------|----------------------------|---------|---------|
|          |       trunc_ln_fu_96       |    0    |    0    |
|          |     trunc_ln54_1_fu_124    |    0    |    0    |
|partselect|     trunc_ln54_2_fu_152    |    0    |    0    |
|          |     trunc_ln54_3_fu_176    |    0    |    0    |
|          |     trunc_ln54_4_fu_200    |    0    |    0    |
|----------|----------------------------|---------|---------|
|   sext   |      sext_ln54_fu_114      |    0    |    0    |
|          |     sext_ln54_1_fu_142     |    0    |    0    |
|----------|----------------------------|---------|---------|
|          |         mrv_fu_210         |    0    |    0    |
|          |        mrv_1_fu_216        |    0    |    0    |
|insertvalue|        mrv_2_fu_222        |    0    |    0    |
|          |        mrv_3_fu_228        |    0    |    0    |
|          |        mrv_4_fu_234        |    0    |    0    |
|----------|----------------------------|---------|---------|
|   Total  |                            |    0    |   153   |
|----------|----------------------------|---------|---------|

Memories:
N/A

* Register list:
N/A

* Multiplexer (MUX) list: 
|--------|------|------|------|--------|
|  Comp  |  Pin | Size |  BW  | S x BW |
|--------|------|------|------|--------|
|  Total |      |      |      |    0   |
|--------|------|------|------|--------|



* Summary:
+-----------+--------+--------+
|           |   FF   |   LUT  |
+-----------+--------+--------+
|  Function |    0   |   153  |
|   Memory  |    -   |    -   |
|Multiplexer|    -   |    -   |
|  Register |    -   |    -   |
+-----------+--------+--------+
|   Total   |    0   |   153  |
+-----------+--------+--------+
