

================================================================
== Vitis HLS Report for 'normalize_ap_fixed_ap_fixed_16_6_5_3_0_PARAMEST_NN_config17_s'
================================================================
* Date:           Sun Apr 13 13:12:09 2025

* Version:        2023.1 (Build 3854077 on May  4 2023)
* Project:        ParamEst_NN_prj
* Solution:       solution1 (Vivado IP Flow Target)
* Product family: virtexuplus
* Target device:  xcu250-figd2104-2L-e


================================================================
== Performance Estimates
================================================================
+ Timing: 
    * Summary: 
    +--------+---------+----------+------------+
    |  Clock |  Target | Estimated| Uncertainty|
    +--------+---------+----------+------------+
    |ap_clk  |  5.00 ns|  0.838 ns|     0.62 ns|
    +--------+---------+----------+------------+

+ Latency: 
    * Summary: 
    +---------+---------+----------+----------+-----+-----+---------+
    |  Latency (cycles) |  Latency (absolute) |  Interval | Pipeline|
    |   min   |   max   |    min   |    max   | min | max |   Type  |
    +---------+---------+----------+----------+-----+-----+---------+
    |        0|        0|      0 ns|      0 ns|    1|    1|      yes|
    +---------+---------+----------+----------+-----+-----+---------+

    + Detail: 
        * Instance: 
        N/A

        * Loop: 
        N/A

============================================================
+ Verbose Summary: Synthesis Manager
============================================================
InlineROM: 1
ExposeGlobal: 0
============================================================
+ Verbose Summary: CDFG Model
============================================================
IsTopModel: 0
ResetActiveHigh: 1
IsCombinational: 0
IsDatapathOnly: 0
HasWiredReturn: 1
HasMFsm: 2
HasVarLatency: 0
IsPipeline: 1
IsRtlPipelined: 0
IsInstanceOverlapped: 0
IsDontTouch: 0
HasImplIP: 0
IsGatedGlobalClock: 0

+ Individual pipeline summary: 
  * Pipeline-0: initiation interval (II) = 1, depth = 1


============================================================
+ Verbose Summary: Schedule
============================================================
* Number of FSM states : 1
* Pipeline : 1
  Pipeline-0 : II = 1, D = 1, States = { 1 }
* Dataflow Pipeline: 0

* FSM state transitions: 
1 --> 

* FSM state operations: 

State 1 <SV = 0> <Delay = 0.83>
ST_1 : Operation 2 [1/1] (0.00ns)   --->   "%specpipeline_ln48 = specpipeline void @_ssdm_op_SpecPipeline, i32 1, i32 0, i32 0, i32 0, void @empty_0" [firmware/nnet_utils/nnet_batchnorm.h:48]   --->   Operation 2 'specpipeline' 'specpipeline_ln48' <Predicate = true> <Delay = 0.00>
ST_1 : Operation 3 [1/1] (0.00ns)   --->   "%specresourcelimit_ln48 = specresourcelimit void @_ssdm_op_SpecResourceLimit, i64 32, void @empty_1, void @empty_0, void @empty_0, void @empty_0" [firmware/nnet_utils/nnet_batchnorm.h:48]   --->   Operation 3 'specresourcelimit' 'specresourcelimit_ln48' <Predicate = true> <Delay = 0.00>
ST_1 : Operation 4 [1/1] (0.00ns)   --->   "%data_31_val_read = read i16 @_ssdm_op_Read.ap_auto.i16, i16 %data_31_val" [firmware/nnet_utils/nnet_mult.h:80->firmware/nnet_utils/nnet_batchnorm.h:54]   --->   Operation 4 'read' 'data_31_val_read' <Predicate = true> <Delay = 0.00>
ST_1 : Operation 5 [1/1] (0.00ns)   --->   "%data_30_val_read = read i16 @_ssdm_op_Read.ap_auto.i16, i16 %data_30_val" [firmware/nnet_utils/nnet_mult.h:80->firmware/nnet_utils/nnet_batchnorm.h:54]   --->   Operation 5 'read' 'data_30_val_read' <Predicate = true> <Delay = 0.00>
ST_1 : Operation 6 [1/1] (0.00ns)   --->   "%data_29_val_read = read i16 @_ssdm_op_Read.ap_auto.i16, i16 %data_29_val" [firmware/nnet_utils/nnet_mult.h:80->firmware/nnet_utils/nnet_batchnorm.h:54]   --->   Operation 6 'read' 'data_29_val_read' <Predicate = true> <Delay = 0.00>
ST_1 : Operation 7 [1/1] (0.00ns)   --->   "%data_28_val_read = read i16 @_ssdm_op_Read.ap_auto.i16, i16 %data_28_val" [firmware/nnet_utils/nnet_mult.h:80->firmware/nnet_utils/nnet_batchnorm.h:54]   --->   Operation 7 'read' 'data_28_val_read' <Predicate = true> <Delay = 0.00>
ST_1 : Operation 8 [1/1] (0.00ns)   --->   "%data_27_val_read = read i16 @_ssdm_op_Read.ap_auto.i16, i16 %data_27_val" [firmware/nnet_utils/nnet_mult.h:80->firmware/nnet_utils/nnet_batchnorm.h:54]   --->   Operation 8 'read' 'data_27_val_read' <Predicate = true> <Delay = 0.00>
ST_1 : Operation 9 [1/1] (0.00ns)   --->   "%data_26_val_read = read i16 @_ssdm_op_Read.ap_auto.i16, i16 %data_26_val" [firmware/nnet_utils/nnet_mult.h:80->firmware/nnet_utils/nnet_batchnorm.h:54]   --->   Operation 9 'read' 'data_26_val_read' <Predicate = true> <Delay = 0.00>
ST_1 : Operation 10 [1/1] (0.00ns)   --->   "%data_25_val_read = read i16 @_ssdm_op_Read.ap_auto.i16, i16 %data_25_val" [firmware/nnet_utils/nnet_mult.h:80->firmware/nnet_utils/nnet_batchnorm.h:54]   --->   Operation 10 'read' 'data_25_val_read' <Predicate = true> <Delay = 0.00>
ST_1 : Operation 11 [1/1] (0.00ns)   --->   "%data_24_val_read = read i16 @_ssdm_op_Read.ap_auto.i16, i16 %data_24_val" [firmware/nnet_utils/nnet_mult.h:80->firmware/nnet_utils/nnet_batchnorm.h:54]   --->   Operation 11 'read' 'data_24_val_read' <Predicate = true> <Delay = 0.00>
ST_1 : Operation 12 [1/1] (0.00ns)   --->   "%data_23_val_read = read i16 @_ssdm_op_Read.ap_auto.i16, i16 %data_23_val" [firmware/nnet_utils/nnet_mult.h:80->firmware/nnet_utils/nnet_batchnorm.h:54]   --->   Operation 12 'read' 'data_23_val_read' <Predicate = true> <Delay = 0.00>
ST_1 : Operation 13 [1/1] (0.00ns)   --->   "%data_22_val_read = read i16 @_ssdm_op_Read.ap_auto.i16, i16 %data_22_val" [firmware/nnet_utils/nnet_mult.h:80->firmware/nnet_utils/nnet_batchnorm.h:54]   --->   Operation 13 'read' 'data_22_val_read' <Predicate = true> <Delay = 0.00>
ST_1 : Operation 14 [1/1] (0.00ns)   --->   "%data_21_val_read = read i16 @_ssdm_op_Read.ap_auto.i16, i16 %data_21_val" [firmware/nnet_utils/nnet_mult.h:80->firmware/nnet_utils/nnet_batchnorm.h:54]   --->   Operation 14 'read' 'data_21_val_read' <Predicate = true> <Delay = 0.00>
ST_1 : Operation 15 [1/1] (0.00ns)   --->   "%data_20_val_read = read i16 @_ssdm_op_Read.ap_auto.i16, i16 %data_20_val" [firmware/nnet_utils/nnet_mult.h:80->firmware/nnet_utils/nnet_batchnorm.h:54]   --->   Operation 15 'read' 'data_20_val_read' <Predicate = true> <Delay = 0.00>
ST_1 : Operation 16 [1/1] (0.00ns)   --->   "%data_19_val_read = read i16 @_ssdm_op_Read.ap_auto.i16, i16 %data_19_val" [firmware/nnet_utils/nnet_mult.h:80->firmware/nnet_utils/nnet_batchnorm.h:54]   --->   Operation 16 'read' 'data_19_val_read' <Predicate = true> <Delay = 0.00>
ST_1 : Operation 17 [1/1] (0.00ns)   --->   "%data_18_val_read = read i16 @_ssdm_op_Read.ap_auto.i16, i16 %data_18_val" [firmware/nnet_utils/nnet_mult.h:80->firmware/nnet_utils/nnet_batchnorm.h:54]   --->   Operation 17 'read' 'data_18_val_read' <Predicate = true> <Delay = 0.00>
ST_1 : Operation 18 [1/1] (0.00ns)   --->   "%data_17_val_read = read i16 @_ssdm_op_Read.ap_auto.i16, i16 %data_17_val" [firmware/nnet_utils/nnet_mult.h:80->firmware/nnet_utils/nnet_batchnorm.h:54]   --->   Operation 18 'read' 'data_17_val_read' <Predicate = true> <Delay = 0.00>
ST_1 : Operation 19 [1/1] (0.00ns)   --->   "%data_16_val_read = read i16 @_ssdm_op_Read.ap_auto.i16, i16 %data_16_val" [firmware/nnet_utils/nnet_mult.h:80->firmware/nnet_utils/nnet_batchnorm.h:54]   --->   Operation 19 'read' 'data_16_val_read' <Predicate = true> <Delay = 0.00>
ST_1 : Operation 20 [1/1] (0.00ns)   --->   "%data_15_val_read = read i16 @_ssdm_op_Read.ap_auto.i16, i16 %data_15_val" [firmware/nnet_utils/nnet_mult.h:80->firmware/nnet_utils/nnet_batchnorm.h:54]   --->   Operation 20 'read' 'data_15_val_read' <Predicate = true> <Delay = 0.00>
ST_1 : Operation 21 [1/1] (0.00ns)   --->   "%data_14_val_read = read i16 @_ssdm_op_Read.ap_auto.i16, i16 %data_14_val" [firmware/nnet_utils/nnet_mult.h:80->firmware/nnet_utils/nnet_batchnorm.h:54]   --->   Operation 21 'read' 'data_14_val_read' <Predicate = true> <Delay = 0.00>
ST_1 : Operation 22 [1/1] (0.00ns)   --->   "%data_13_val_read = read i16 @_ssdm_op_Read.ap_auto.i16, i16 %data_13_val" [firmware/nnet_utils/nnet_mult.h:80->firmware/nnet_utils/nnet_batchnorm.h:54]   --->   Operation 22 'read' 'data_13_val_read' <Predicate = true> <Delay = 0.00>
ST_1 : Operation 23 [1/1] (0.00ns)   --->   "%data_12_val_read = read i16 @_ssdm_op_Read.ap_auto.i16, i16 %data_12_val" [firmware/nnet_utils/nnet_mult.h:80->firmware/nnet_utils/nnet_batchnorm.h:54]   --->   Operation 23 'read' 'data_12_val_read' <Predicate = true> <Delay = 0.00>
ST_1 : Operation 24 [1/1] (0.00ns)   --->   "%data_10_val_read = read i16 @_ssdm_op_Read.ap_auto.i16, i16 %data_10_val" [firmware/nnet_utils/nnet_mult.h:80->firmware/nnet_utils/nnet_batchnorm.h:54]   --->   Operation 24 'read' 'data_10_val_read' <Predicate = true> <Delay = 0.00>
ST_1 : Operation 25 [1/1] (0.00ns)   --->   "%data_9_val_read = read i16 @_ssdm_op_Read.ap_auto.i16, i16 %data_9_val" [firmware/nnet_utils/nnet_mult.h:80->firmware/nnet_utils/nnet_batchnorm.h:54]   --->   Operation 25 'read' 'data_9_val_read' <Predicate = true> <Delay = 0.00>
ST_1 : Operation 26 [1/1] (0.00ns)   --->   "%data_8_val_read = read i16 @_ssdm_op_Read.ap_auto.i16, i16 %data_8_val" [firmware/nnet_utils/nnet_mult.h:80->firmware/nnet_utils/nnet_batchnorm.h:54]   --->   Operation 26 'read' 'data_8_val_read' <Predicate = true> <Delay = 0.00>
ST_1 : Operation 27 [1/1] (0.00ns)   --->   "%data_7_val_read = read i16 @_ssdm_op_Read.ap_auto.i16, i16 %data_7_val" [firmware/nnet_utils/nnet_mult.h:80->firmware/nnet_utils/nnet_batchnorm.h:54]   --->   Operation 27 'read' 'data_7_val_read' <Predicate = true> <Delay = 0.00>
ST_1 : Operation 28 [1/1] (0.00ns)   --->   "%data_6_val_read = read i16 @_ssdm_op_Read.ap_auto.i16, i16 %data_6_val" [firmware/nnet_utils/nnet_mult.h:80->firmware/nnet_utils/nnet_batchnorm.h:54]   --->   Operation 28 'read' 'data_6_val_read' <Predicate = true> <Delay = 0.00>
ST_1 : Operation 29 [1/1] (0.00ns)   --->   "%data_5_val_read = read i16 @_ssdm_op_Read.ap_auto.i16, i16 %data_5_val" [firmware/nnet_utils/nnet_mult.h:80->firmware/nnet_utils/nnet_batchnorm.h:54]   --->   Operation 29 'read' 'data_5_val_read' <Predicate = true> <Delay = 0.00>
ST_1 : Operation 30 [1/1] (0.00ns)   --->   "%data_4_val_read = read i16 @_ssdm_op_Read.ap_auto.i16, i16 %data_4_val" [firmware/nnet_utils/nnet_mult.h:80->firmware/nnet_utils/nnet_batchnorm.h:54]   --->   Operation 30 'read' 'data_4_val_read' <Predicate = true> <Delay = 0.00>
ST_1 : Operation 31 [1/1] (0.00ns)   --->   "%data_3_val_read = read i16 @_ssdm_op_Read.ap_auto.i16, i16 %data_3_val" [firmware/nnet_utils/nnet_mult.h:80->firmware/nnet_utils/nnet_batchnorm.h:54]   --->   Operation 31 'read' 'data_3_val_read' <Predicate = true> <Delay = 0.00>
ST_1 : Operation 32 [1/1] (0.00ns)   --->   "%data_2_val_read = read i16 @_ssdm_op_Read.ap_auto.i16, i16 %data_2_val" [firmware/nnet_utils/nnet_mult.h:80->firmware/nnet_utils/nnet_batchnorm.h:54]   --->   Operation 32 'read' 'data_2_val_read' <Predicate = true> <Delay = 0.00>
ST_1 : Operation 33 [1/1] (0.00ns)   --->   "%data_1_val_read = read i16 @_ssdm_op_Read.ap_auto.i16, i16 %data_1_val" [firmware/nnet_utils/nnet_mult.h:80->firmware/nnet_utils/nnet_batchnorm.h:54]   --->   Operation 33 'read' 'data_1_val_read' <Predicate = true> <Delay = 0.00>
ST_1 : Operation 34 [1/1] (0.00ns)   --->   "%data_0_val_read = read i16 @_ssdm_op_Read.ap_auto.i16, i16 %data_0_val" [firmware/nnet_utils/nnet_mult.h:80->firmware/nnet_utils/nnet_batchnorm.h:54]   --->   Operation 34 'read' 'data_0_val_read' <Predicate = true> <Delay = 0.00>
ST_1 : Operation 35 [1/1] (0.00ns)   --->   "%y = bitconcatenate i25 @_ssdm_op_BitConcatenate.i25.i16.i9, i16 %data_0_val_read, i9 0" [firmware/nnet_utils/nnet_mult.h:85->firmware/nnet_utils/nnet_batchnorm.h:54]   --->   Operation 35 'bitconcatenate' 'y' <Predicate = true> <Delay = 0.00>
ST_1 : Operation 36 [1/1] (0.83ns)   --->   "%add_ln54 = add i25 %y, i25 15360" [firmware/nnet_utils/nnet_batchnorm.h:54]   --->   Operation 36 'add' 'add_ln54' <Predicate = true> <Delay = 0.83> <CoreInst = "Adder">   --->   Core 1 'Adder' <Latency = 0> <II = 1> <Delay = 0.83> <FuncUnit> <Opcode : 'add' 'sub'> <InPorts = 2> <OutPorts = 1>
ST_1 : Operation 37 [1/1] (0.00ns)   --->   "%trunc_ln = partselect i16 @_ssdm_op_PartSelect.i16.i25.i32.i32, i25 %add_ln54, i32 9, i32 24" [firmware/nnet_utils/nnet_batchnorm.h:54]   --->   Operation 37 'partselect' 'trunc_ln' <Predicate = true> <Delay = 0.00>
ST_1 : Operation 38 [1/1] (0.00ns)   --->   "%trunc_ln54_5 = partselect i15 @_ssdm_op_PartSelect.i15.i16.i32.i32, i16 %data_1_val_read, i32 1, i32 15" [firmware/nnet_utils/nnet_batchnorm.h:54]   --->   Operation 38 'partselect' 'trunc_ln54_5' <Predicate = true> <Delay = 0.00>
ST_1 : Operation 39 [1/1] (0.00ns)   --->   "%sext_ln54 = sext i15 %trunc_ln54_5" [firmware/nnet_utils/nnet_batchnorm.h:54]   --->   Operation 39 'sext' 'sext_ln54' <Predicate = true> <Delay = 0.00>
ST_1 : Operation 40 [1/1] (0.00ns)   --->   "%y_5 = bitconcatenate i25 @_ssdm_op_BitConcatenate.i25.i16.i9, i16 %data_2_val_read, i9 0" [firmware/nnet_utils/nnet_mult.h:85->firmware/nnet_utils/nnet_batchnorm.h:54]   --->   Operation 40 'bitconcatenate' 'y_5' <Predicate = true> <Delay = 0.00>
ST_1 : Operation 41 [1/1] (0.83ns)   --->   "%add_ln54_5 = add i25 %y_5, i25 15360" [firmware/nnet_utils/nnet_batchnorm.h:54]   --->   Operation 41 'add' 'add_ln54_5' <Predicate = true> <Delay = 0.83> <CoreInst = "Adder">   --->   Core 1 'Adder' <Latency = 0> <II = 1> <Delay = 0.83> <FuncUnit> <Opcode : 'add' 'sub'> <InPorts = 2> <OutPorts = 1>
ST_1 : Operation 42 [1/1] (0.00ns)   --->   "%trunc_ln54_6 = partselect i16 @_ssdm_op_PartSelect.i16.i25.i32.i32, i25 %add_ln54_5, i32 9, i32 24" [firmware/nnet_utils/nnet_batchnorm.h:54]   --->   Operation 42 'partselect' 'trunc_ln54_6' <Predicate = true> <Delay = 0.00>
ST_1 : Operation 43 [1/1] (0.00ns)   --->   "%y_6 = bitconcatenate i25 @_ssdm_op_BitConcatenate.i25.i16.i9, i16 %data_3_val_read, i9 0" [firmware/nnet_utils/nnet_mult.h:85->firmware/nnet_utils/nnet_batchnorm.h:54]   --->   Operation 43 'bitconcatenate' 'y_6' <Predicate = true> <Delay = 0.00>
ST_1 : Operation 44 [1/1] (0.83ns)   --->   "%add_ln54_6 = add i25 %y_6, i25 12800" [firmware/nnet_utils/nnet_batchnorm.h:54]   --->   Operation 44 'add' 'add_ln54_6' <Predicate = true> <Delay = 0.83> <CoreInst = "Adder">   --->   Core 1 'Adder' <Latency = 0> <II = 1> <Delay = 0.83> <FuncUnit> <Opcode : 'add' 'sub'> <InPorts = 2> <OutPorts = 1>
ST_1 : Operation 45 [1/1] (0.00ns)   --->   "%trunc_ln54_7 = partselect i16 @_ssdm_op_PartSelect.i16.i25.i32.i32, i25 %add_ln54_6, i32 9, i32 24" [firmware/nnet_utils/nnet_batchnorm.h:54]   --->   Operation 45 'partselect' 'trunc_ln54_7' <Predicate = true> <Delay = 0.00>
ST_1 : Operation 46 [1/1] (0.00ns)   --->   "%y_7 = bitconcatenate i25 @_ssdm_op_BitConcatenate.i25.i16.i9, i16 %data_4_val_read, i9 0" [firmware/nnet_utils/nnet_mult.h:85->firmware/nnet_utils/nnet_batchnorm.h:54]   --->   Operation 46 'bitconcatenate' 'y_7' <Predicate = true> <Delay = 0.00>
ST_1 : Operation 47 [1/1] (0.83ns)   --->   "%add_ln54_7 = add i25 %y_7, i25 39424" [firmware/nnet_utils/nnet_batchnorm.h:54]   --->   Operation 47 'add' 'add_ln54_7' <Predicate = true> <Delay = 0.83> <CoreInst = "Adder">   --->   Core 1 'Adder' <Latency = 0> <II = 1> <Delay = 0.83> <FuncUnit> <Opcode : 'add' 'sub'> <InPorts = 2> <OutPorts = 1>
ST_1 : Operation 48 [1/1] (0.00ns)   --->   "%trunc_ln54_8 = partselect i16 @_ssdm_op_PartSelect.i16.i25.i32.i32, i25 %add_ln54_7, i32 9, i32 24" [firmware/nnet_utils/nnet_batchnorm.h:54]   --->   Operation 48 'partselect' 'trunc_ln54_8' <Predicate = true> <Delay = 0.00>
ST_1 : Operation 49 [1/1] (0.00ns)   --->   "%y_8 = bitconcatenate i25 @_ssdm_op_BitConcatenate.i25.i16.i9, i16 %data_5_val_read, i9 0" [firmware/nnet_utils/nnet_mult.h:85->firmware/nnet_utils/nnet_batchnorm.h:54]   --->   Operation 49 'bitconcatenate' 'y_8' <Predicate = true> <Delay = 0.00>
ST_1 : Operation 50 [1/1] (0.83ns)   --->   "%add_ln54_8 = add i25 %y_8, i25 18944" [firmware/nnet_utils/nnet_batchnorm.h:54]   --->   Operation 50 'add' 'add_ln54_8' <Predicate = true> <Delay = 0.83> <CoreInst = "Adder">   --->   Core 1 'Adder' <Latency = 0> <II = 1> <Delay = 0.83> <FuncUnit> <Opcode : 'add' 'sub'> <InPorts = 2> <OutPorts = 1>
ST_1 : Operation 51 [1/1] (0.00ns)   --->   "%trunc_ln54_9 = partselect i16 @_ssdm_op_PartSelect.i16.i25.i32.i32, i25 %add_ln54_8, i32 9, i32 24" [firmware/nnet_utils/nnet_batchnorm.h:54]   --->   Operation 51 'partselect' 'trunc_ln54_9' <Predicate = true> <Delay = 0.00>
ST_1 : Operation 52 [1/1] (0.00ns)   --->   "%y_9 = bitconcatenate i24 @_ssdm_op_BitConcatenate.i24.i16.i8, i16 %data_6_val_read, i8 0" [firmware/nnet_utils/nnet_mult.h:85->firmware/nnet_utils/nnet_batchnorm.h:54]   --->   Operation 52 'bitconcatenate' 'y_9' <Predicate = true> <Delay = 0.00>
ST_1 : Operation 53 [1/1] (0.00ns)   --->   "%sext_ln54_3 = sext i24 %y_9" [firmware/nnet_utils/nnet_batchnorm.h:54]   --->   Operation 53 'sext' 'sext_ln54_3' <Predicate = true> <Delay = 0.00>
ST_1 : Operation 54 [1/1] (0.83ns)   --->   "%add_ln54_9 = add i25 %sext_ln54_3, i25 33549744" [firmware/nnet_utils/nnet_batchnorm.h:54]   --->   Operation 54 'add' 'add_ln54_9' <Predicate = true> <Delay = 0.83> <CoreInst = "Adder">   --->   Core 1 'Adder' <Latency = 0> <II = 1> <Delay = 0.83> <FuncUnit> <Opcode : 'add' 'sub'> <InPorts = 2> <OutPorts = 1>
ST_1 : Operation 55 [1/1] (0.00ns)   --->   "%trunc_ln54_s = partselect i16 @_ssdm_op_PartSelect.i16.i25.i32.i32, i25 %add_ln54_9, i32 9, i32 24" [firmware/nnet_utils/nnet_batchnorm.h:54]   --->   Operation 55 'partselect' 'trunc_ln54_s' <Predicate = true> <Delay = 0.00>
ST_1 : Operation 56 [1/1] (0.00ns)   --->   "%y_28 = bitconcatenate i25 @_ssdm_op_BitConcatenate.i25.i16.i9, i16 %data_7_val_read, i9 0" [firmware/nnet_utils/nnet_mult.h:85->firmware/nnet_utils/nnet_batchnorm.h:54]   --->   Operation 56 'bitconcatenate' 'y_28' <Predicate = true> <Delay = 0.00>
ST_1 : Operation 57 [1/1] (0.83ns)   --->   "%add_ln54_10 = add i25 %y_28, i25 67584" [firmware/nnet_utils/nnet_batchnorm.h:54]   --->   Operation 57 'add' 'add_ln54_10' <Predicate = true> <Delay = 0.83> <CoreInst = "Adder">   --->   Core 1 'Adder' <Latency = 0> <II = 1> <Delay = 0.83> <FuncUnit> <Opcode : 'add' 'sub'> <InPorts = 2> <OutPorts = 1>
ST_1 : Operation 58 [1/1] (0.00ns)   --->   "%trunc_ln54_1 = partselect i16 @_ssdm_op_PartSelect.i16.i25.i32.i32, i25 %add_ln54_10, i32 9, i32 24" [firmware/nnet_utils/nnet_batchnorm.h:54]   --->   Operation 58 'partselect' 'trunc_ln54_1' <Predicate = true> <Delay = 0.00>
ST_1 : Operation 59 [1/1] (0.00ns)   --->   "%y_1 = bitconcatenate i24 @_ssdm_op_BitConcatenate.i24.i16.i8, i16 %data_8_val_read, i8 0" [firmware/nnet_utils/nnet_mult.h:85->firmware/nnet_utils/nnet_batchnorm.h:54]   --->   Operation 59 'bitconcatenate' 'y_1' <Predicate = true> <Delay = 0.00>
ST_1 : Operation 60 [1/1] (0.00ns)   --->   "%sext_ln54_4 = sext i24 %y_1" [firmware/nnet_utils/nnet_batchnorm.h:54]   --->   Operation 60 'sext' 'sext_ln54_4' <Predicate = true> <Delay = 0.00>
ST_1 : Operation 61 [1/1] (0.83ns)   --->   "%add_ln54_11 = add i25 %sext_ln54_4, i25 33549504" [firmware/nnet_utils/nnet_batchnorm.h:54]   --->   Operation 61 'add' 'add_ln54_11' <Predicate = true> <Delay = 0.83> <CoreInst = "Adder">   --->   Core 1 'Adder' <Latency = 0> <II = 1> <Delay = 0.83> <FuncUnit> <Opcode : 'add' 'sub'> <InPorts = 2> <OutPorts = 1>
ST_1 : Operation 62 [1/1] (0.00ns)   --->   "%trunc_ln54_2 = partselect i16 @_ssdm_op_PartSelect.i16.i25.i32.i32, i25 %add_ln54_11, i32 9, i32 24" [firmware/nnet_utils/nnet_batchnorm.h:54]   --->   Operation 62 'partselect' 'trunc_ln54_2' <Predicate = true> <Delay = 0.00>
ST_1 : Operation 63 [1/1] (0.00ns)   --->   "%y_2 = bitconcatenate i25 @_ssdm_op_BitConcatenate.i25.i16.i9, i16 %data_9_val_read, i9 0" [firmware/nnet_utils/nnet_mult.h:85->firmware/nnet_utils/nnet_batchnorm.h:54]   --->   Operation 63 'bitconcatenate' 'y_2' <Predicate = true> <Delay = 0.00>
ST_1 : Operation 64 [1/1] (0.83ns)   --->   "%add_ln54_12 = add i25 %y_2, i25 33280" [firmware/nnet_utils/nnet_batchnorm.h:54]   --->   Operation 64 'add' 'add_ln54_12' <Predicate = true> <Delay = 0.83> <CoreInst = "Adder">   --->   Core 1 'Adder' <Latency = 0> <II = 1> <Delay = 0.83> <FuncUnit> <Opcode : 'add' 'sub'> <InPorts = 2> <OutPorts = 1>
ST_1 : Operation 65 [1/1] (0.00ns)   --->   "%trunc_ln54_3 = partselect i16 @_ssdm_op_PartSelect.i16.i25.i32.i32, i25 %add_ln54_12, i32 9, i32 24" [firmware/nnet_utils/nnet_batchnorm.h:54]   --->   Operation 65 'partselect' 'trunc_ln54_3' <Predicate = true> <Delay = 0.00>
ST_1 : Operation 66 [1/1] (0.00ns)   --->   "%y_3 = bitconcatenate i25 @_ssdm_op_BitConcatenate.i25.i16.i9, i16 %data_10_val_read, i9 0" [firmware/nnet_utils/nnet_mult.h:85->firmware/nnet_utils/nnet_batchnorm.h:54]   --->   Operation 66 'bitconcatenate' 'y_3' <Predicate = true> <Delay = 0.00>
ST_1 : Operation 67 [1/1] (0.83ns)   --->   "%add_ln54_13 = add i25 %y_3, i25 29184" [firmware/nnet_utils/nnet_batchnorm.h:54]   --->   Operation 67 'add' 'add_ln54_13' <Predicate = true> <Delay = 0.83> <CoreInst = "Adder">   --->   Core 1 'Adder' <Latency = 0> <II = 1> <Delay = 0.83> <FuncUnit> <Opcode : 'add' 'sub'> <InPorts = 2> <OutPorts = 1>
ST_1 : Operation 68 [1/1] (0.00ns)   --->   "%trunc_ln54_4 = partselect i16 @_ssdm_op_PartSelect.i16.i25.i32.i32, i25 %add_ln54_13, i32 9, i32 24" [firmware/nnet_utils/nnet_batchnorm.h:54]   --->   Operation 68 'partselect' 'trunc_ln54_4' <Predicate = true> <Delay = 0.00>
ST_1 : Operation 69 [1/1] (0.00ns)   --->   "%y_4 = bitconcatenate i25 @_ssdm_op_BitConcatenate.i25.i16.i9, i16 %data_12_val_read, i9 0" [firmware/nnet_utils/nnet_mult.h:85->firmware/nnet_utils/nnet_batchnorm.h:54]   --->   Operation 69 'bitconcatenate' 'y_4' <Predicate = true> <Delay = 0.00>
ST_1 : Operation 70 [1/1] (0.83ns)   --->   "%add_ln54_14 = add i25 %y_4, i25 18432" [firmware/nnet_utils/nnet_batchnorm.h:54]   --->   Operation 70 'add' 'add_ln54_14' <Predicate = true> <Delay = 0.83> <CoreInst = "Adder">   --->   Core 1 'Adder' <Latency = 0> <II = 1> <Delay = 0.83> <FuncUnit> <Opcode : 'add' 'sub'> <InPorts = 2> <OutPorts = 1>
ST_1 : Operation 71 [1/1] (0.00ns)   --->   "%trunc_ln54_10 = partselect i16 @_ssdm_op_PartSelect.i16.i25.i32.i32, i25 %add_ln54_14, i32 9, i32 24" [firmware/nnet_utils/nnet_batchnorm.h:54]   --->   Operation 71 'partselect' 'trunc_ln54_10' <Predicate = true> <Delay = 0.00>
ST_1 : Operation 72 [1/1] (0.00ns)   --->   "%y_10 = bitconcatenate i25 @_ssdm_op_BitConcatenate.i25.i16.i9, i16 %data_13_val_read, i9 0" [firmware/nnet_utils/nnet_mult.h:85->firmware/nnet_utils/nnet_batchnorm.h:54]   --->   Operation 72 'bitconcatenate' 'y_10' <Predicate = true> <Delay = 0.00>
ST_1 : Operation 73 [1/1] (0.83ns)   --->   "%add_ln54_15 = add i25 %y_10, i25 126976" [firmware/nnet_utils/nnet_batchnorm.h:54]   --->   Operation 73 'add' 'add_ln54_15' <Predicate = true> <Delay = 0.83> <CoreInst = "Adder">   --->   Core 1 'Adder' <Latency = 0> <II = 1> <Delay = 0.83> <FuncUnit> <Opcode : 'add' 'sub'> <InPorts = 2> <OutPorts = 1>
ST_1 : Operation 74 [1/1] (0.00ns)   --->   "%trunc_ln54_11 = partselect i16 @_ssdm_op_PartSelect.i16.i25.i32.i32, i25 %add_ln54_15, i32 9, i32 24" [firmware/nnet_utils/nnet_batchnorm.h:54]   --->   Operation 74 'partselect' 'trunc_ln54_11' <Predicate = true> <Delay = 0.00>
ST_1 : Operation 75 [1/1] (0.00ns)   --->   "%y_11 = bitconcatenate i25 @_ssdm_op_BitConcatenate.i25.i16.i9, i16 %data_14_val_read, i9 0" [firmware/nnet_utils/nnet_mult.h:85->firmware/nnet_utils/nnet_batchnorm.h:54]   --->   Operation 75 'bitconcatenate' 'y_11' <Predicate = true> <Delay = 0.00>
ST_1 : Operation 76 [1/1] (0.83ns)   --->   "%add_ln54_16 = add i25 %y_11, i25 33518592" [firmware/nnet_utils/nnet_batchnorm.h:54]   --->   Operation 76 'add' 'add_ln54_16' <Predicate = true> <Delay = 0.83> <CoreInst = "Adder">   --->   Core 1 'Adder' <Latency = 0> <II = 1> <Delay = 0.83> <FuncUnit> <Opcode : 'add' 'sub'> <InPorts = 2> <OutPorts = 1>
ST_1 : Operation 77 [1/1] (0.00ns)   --->   "%trunc_ln54_12 = partselect i16 @_ssdm_op_PartSelect.i16.i25.i32.i32, i25 %add_ln54_16, i32 9, i32 24" [firmware/nnet_utils/nnet_batchnorm.h:54]   --->   Operation 77 'partselect' 'trunc_ln54_12' <Predicate = true> <Delay = 0.00>
ST_1 : Operation 78 [1/1] (0.00ns)   --->   "%y_12 = bitconcatenate i25 @_ssdm_op_BitConcatenate.i25.i16.i9, i16 %data_15_val_read, i9 0" [firmware/nnet_utils/nnet_mult.h:85->firmware/nnet_utils/nnet_batchnorm.h:54]   --->   Operation 78 'bitconcatenate' 'y_12' <Predicate = true> <Delay = 0.00>
ST_1 : Operation 79 [1/1] (0.83ns)   --->   "%add_ln54_17 = add i25 %y_12, i25 104960" [firmware/nnet_utils/nnet_batchnorm.h:54]   --->   Operation 79 'add' 'add_ln54_17' <Predicate = true> <Delay = 0.83> <CoreInst = "Adder">   --->   Core 1 'Adder' <Latency = 0> <II = 1> <Delay = 0.83> <FuncUnit> <Opcode : 'add' 'sub'> <InPorts = 2> <OutPorts = 1>
ST_1 : Operation 80 [1/1] (0.00ns)   --->   "%trunc_ln54_13 = partselect i16 @_ssdm_op_PartSelect.i16.i25.i32.i32, i25 %add_ln54_17, i32 9, i32 24" [firmware/nnet_utils/nnet_batchnorm.h:54]   --->   Operation 80 'partselect' 'trunc_ln54_13' <Predicate = true> <Delay = 0.00>
ST_1 : Operation 81 [1/1] (0.00ns)   --->   "%y_13 = bitconcatenate i25 @_ssdm_op_BitConcatenate.i25.i16.i9, i16 %data_16_val_read, i9 0" [firmware/nnet_utils/nnet_mult.h:85->firmware/nnet_utils/nnet_batchnorm.h:54]   --->   Operation 81 'bitconcatenate' 'y_13' <Predicate = true> <Delay = 0.00>
ST_1 : Operation 82 [1/1] (0.83ns)   --->   "%add_ln54_18 = add i25 %y_13, i25 46592" [firmware/nnet_utils/nnet_batchnorm.h:54]   --->   Operation 82 'add' 'add_ln54_18' <Predicate = true> <Delay = 0.83> <CoreInst = "Adder">   --->   Core 1 'Adder' <Latency = 0> <II = 1> <Delay = 0.83> <FuncUnit> <Opcode : 'add' 'sub'> <InPorts = 2> <OutPorts = 1>
ST_1 : Operation 83 [1/1] (0.00ns)   --->   "%trunc_ln54_14 = partselect i16 @_ssdm_op_PartSelect.i16.i25.i32.i32, i25 %add_ln54_18, i32 9, i32 24" [firmware/nnet_utils/nnet_batchnorm.h:54]   --->   Operation 83 'partselect' 'trunc_ln54_14' <Predicate = true> <Delay = 0.00>
ST_1 : Operation 84 [1/1] (0.00ns)   --->   "%trunc_ln54_15 = partselect i15 @_ssdm_op_PartSelect.i15.i16.i32.i32, i16 %data_17_val_read, i32 1, i32 15" [firmware/nnet_utils/nnet_batchnorm.h:54]   --->   Operation 84 'partselect' 'trunc_ln54_15' <Predicate = true> <Delay = 0.00>
ST_1 : Operation 85 [1/1] (0.00ns)   --->   "%sext_ln54_1 = sext i15 %trunc_ln54_15" [firmware/nnet_utils/nnet_batchnorm.h:54]   --->   Operation 85 'sext' 'sext_ln54_1' <Predicate = true> <Delay = 0.00>
ST_1 : Operation 86 [1/1] (0.00ns)   --->   "%y_14 = bitconcatenate i24 @_ssdm_op_BitConcatenate.i24.i16.i8, i16 %data_18_val_read, i8 0" [firmware/nnet_utils/nnet_mult.h:85->firmware/nnet_utils/nnet_batchnorm.h:54]   --->   Operation 86 'bitconcatenate' 'y_14' <Predicate = true> <Delay = 0.00>
ST_1 : Operation 87 [1/1] (0.00ns)   --->   "%sext_ln54_5 = sext i24 %y_14" [firmware/nnet_utils/nnet_batchnorm.h:54]   --->   Operation 87 'sext' 'sext_ln54_5' <Predicate = true> <Delay = 0.00>
ST_1 : Operation 88 [1/1] (0.83ns)   --->   "%add_ln54_19 = add i25 %sext_ln54_5, i25 33548624" [firmware/nnet_utils/nnet_batchnorm.h:54]   --->   Operation 88 'add' 'add_ln54_19' <Predicate = true> <Delay = 0.83> <CoreInst = "Adder">   --->   Core 1 'Adder' <Latency = 0> <II = 1> <Delay = 0.83> <FuncUnit> <Opcode : 'add' 'sub'> <InPorts = 2> <OutPorts = 1>
ST_1 : Operation 89 [1/1] (0.00ns)   --->   "%trunc_ln54_16 = partselect i16 @_ssdm_op_PartSelect.i16.i25.i32.i32, i25 %add_ln54_19, i32 9, i32 24" [firmware/nnet_utils/nnet_batchnorm.h:54]   --->   Operation 89 'partselect' 'trunc_ln54_16' <Predicate = true> <Delay = 0.00>
ST_1 : Operation 90 [1/1] (0.00ns)   --->   "%y_15 = bitconcatenate i25 @_ssdm_op_BitConcatenate.i25.i16.i9, i16 %data_19_val_read, i9 0" [firmware/nnet_utils/nnet_mult.h:85->firmware/nnet_utils/nnet_batchnorm.h:54]   --->   Operation 90 'bitconcatenate' 'y_15' <Predicate = true> <Delay = 0.00>
ST_1 : Operation 91 [1/1] (0.83ns)   --->   "%add_ln54_20 = add i25 %y_15, i25 71168" [firmware/nnet_utils/nnet_batchnorm.h:54]   --->   Operation 91 'add' 'add_ln54_20' <Predicate = true> <Delay = 0.83> <CoreInst = "Adder">   --->   Core 1 'Adder' <Latency = 0> <II = 1> <Delay = 0.83> <FuncUnit> <Opcode : 'add' 'sub'> <InPorts = 2> <OutPorts = 1>
ST_1 : Operation 92 [1/1] (0.00ns)   --->   "%trunc_ln54_17 = partselect i16 @_ssdm_op_PartSelect.i16.i25.i32.i32, i25 %add_ln54_20, i32 9, i32 24" [firmware/nnet_utils/nnet_batchnorm.h:54]   --->   Operation 92 'partselect' 'trunc_ln54_17' <Predicate = true> <Delay = 0.00>
ST_1 : Operation 93 [1/1] (0.00ns)   --->   "%y_16 = bitconcatenate i25 @_ssdm_op_BitConcatenate.i25.i16.i9, i16 %data_20_val_read, i9 0" [firmware/nnet_utils/nnet_mult.h:85->firmware/nnet_utils/nnet_batchnorm.h:54]   --->   Operation 93 'bitconcatenate' 'y_16' <Predicate = true> <Delay = 0.00>
ST_1 : Operation 94 [1/1] (0.83ns)   --->   "%add_ln54_21 = add i25 %y_16, i25 26624" [firmware/nnet_utils/nnet_batchnorm.h:54]   --->   Operation 94 'add' 'add_ln54_21' <Predicate = true> <Delay = 0.83> <CoreInst = "Adder">   --->   Core 1 'Adder' <Latency = 0> <II = 1> <Delay = 0.83> <FuncUnit> <Opcode : 'add' 'sub'> <InPorts = 2> <OutPorts = 1>
ST_1 : Operation 95 [1/1] (0.00ns)   --->   "%trunc_ln54_18 = partselect i16 @_ssdm_op_PartSelect.i16.i25.i32.i32, i25 %add_ln54_21, i32 9, i32 24" [firmware/nnet_utils/nnet_batchnorm.h:54]   --->   Operation 95 'partselect' 'trunc_ln54_18' <Predicate = true> <Delay = 0.00>
ST_1 : Operation 96 [1/1] (0.00ns)   --->   "%trunc_ln54_19 = partselect i15 @_ssdm_op_PartSelect.i15.i16.i32.i32, i16 %data_21_val_read, i32 1, i32 15" [firmware/nnet_utils/nnet_batchnorm.h:54]   --->   Operation 96 'partselect' 'trunc_ln54_19' <Predicate = true> <Delay = 0.00>
ST_1 : Operation 97 [1/1] (0.00ns)   --->   "%sext_ln54_2 = sext i15 %trunc_ln54_19" [firmware/nnet_utils/nnet_batchnorm.h:54]   --->   Operation 97 'sext' 'sext_ln54_2' <Predicate = true> <Delay = 0.00>
ST_1 : Operation 98 [1/1] (0.00ns)   --->   "%y_17 = bitconcatenate i25 @_ssdm_op_BitConcatenate.i25.i16.i9, i16 %data_22_val_read, i9 0" [firmware/nnet_utils/nnet_mult.h:85->firmware/nnet_utils/nnet_batchnorm.h:54]   --->   Operation 98 'bitconcatenate' 'y_17' <Predicate = true> <Delay = 0.00>
ST_1 : Operation 99 [1/1] (0.83ns)   --->   "%add_ln54_22 = add i25 %y_17, i25 33544704" [firmware/nnet_utils/nnet_batchnorm.h:54]   --->   Operation 99 'add' 'add_ln54_22' <Predicate = true> <Delay = 0.83> <CoreInst = "Adder">   --->   Core 1 'Adder' <Latency = 0> <II = 1> <Delay = 0.83> <FuncUnit> <Opcode : 'add' 'sub'> <InPorts = 2> <OutPorts = 1>
ST_1 : Operation 100 [1/1] (0.00ns)   --->   "%trunc_ln54_20 = partselect i16 @_ssdm_op_PartSelect.i16.i25.i32.i32, i25 %add_ln54_22, i32 9, i32 24" [firmware/nnet_utils/nnet_batchnorm.h:54]   --->   Operation 100 'partselect' 'trunc_ln54_20' <Predicate = true> <Delay = 0.00>
ST_1 : Operation 101 [1/1] (0.00ns)   --->   "%y_18 = bitconcatenate i24 @_ssdm_op_BitConcatenate.i24.i16.i8, i16 %data_23_val_read, i8 0" [firmware/nnet_utils/nnet_mult.h:85->firmware/nnet_utils/nnet_batchnorm.h:54]   --->   Operation 101 'bitconcatenate' 'y_18' <Predicate = true> <Delay = 0.00>
ST_1 : Operation 102 [1/1] (0.00ns)   --->   "%sext_ln54_6 = sext i24 %y_18" [firmware/nnet_utils/nnet_batchnorm.h:54]   --->   Operation 102 'sext' 'sext_ln54_6' <Predicate = true> <Delay = 0.00>
ST_1 : Operation 103 [1/1] (0.83ns)   --->   "%add_ln54_23 = add i25 %sext_ln54_6, i25 60944" [firmware/nnet_utils/nnet_batchnorm.h:54]   --->   Operation 103 'add' 'add_ln54_23' <Predicate = true> <Delay = 0.83> <CoreInst = "Adder">   --->   Core 1 'Adder' <Latency = 0> <II = 1> <Delay = 0.83> <FuncUnit> <Opcode : 'add' 'sub'> <InPorts = 2> <OutPorts = 1>
ST_1 : Operation 104 [1/1] (0.00ns)   --->   "%trunc_ln54_21 = partselect i16 @_ssdm_op_PartSelect.i16.i25.i32.i32, i25 %add_ln54_23, i32 9, i32 24" [firmware/nnet_utils/nnet_batchnorm.h:54]   --->   Operation 104 'partselect' 'trunc_ln54_21' <Predicate = true> <Delay = 0.00>
ST_1 : Operation 105 [1/1] (0.00ns)   --->   "%y_19 = bitconcatenate i24 @_ssdm_op_BitConcatenate.i24.i16.i8, i16 %data_24_val_read, i8 0" [firmware/nnet_utils/nnet_mult.h:85->firmware/nnet_utils/nnet_batchnorm.h:54]   --->   Operation 105 'bitconcatenate' 'y_19' <Predicate = true> <Delay = 0.00>
ST_1 : Operation 106 [1/1] (0.00ns)   --->   "%sext_ln54_7 = sext i24 %y_19" [firmware/nnet_utils/nnet_batchnorm.h:54]   --->   Operation 106 'sext' 'sext_ln54_7' <Predicate = true> <Delay = 0.00>
ST_1 : Operation 107 [1/1] (0.83ns)   --->   "%add_ln54_24 = add i25 %sext_ln54_7, i25 33544624" [firmware/nnet_utils/nnet_batchnorm.h:54]   --->   Operation 107 'add' 'add_ln54_24' <Predicate = true> <Delay = 0.83> <CoreInst = "Adder">   --->   Core 1 'Adder' <Latency = 0> <II = 1> <Delay = 0.83> <FuncUnit> <Opcode : 'add' 'sub'> <InPorts = 2> <OutPorts = 1>
ST_1 : Operation 108 [1/1] (0.00ns)   --->   "%trunc_ln54_22 = partselect i16 @_ssdm_op_PartSelect.i16.i25.i32.i32, i25 %add_ln54_24, i32 9, i32 24" [firmware/nnet_utils/nnet_batchnorm.h:54]   --->   Operation 108 'partselect' 'trunc_ln54_22' <Predicate = true> <Delay = 0.00>
ST_1 : Operation 109 [1/1] (0.00ns)   --->   "%y_20 = bitconcatenate i25 @_ssdm_op_BitConcatenate.i25.i16.i9, i16 %data_25_val_read, i9 0" [firmware/nnet_utils/nnet_mult.h:85->firmware/nnet_utils/nnet_batchnorm.h:54]   --->   Operation 109 'bitconcatenate' 'y_20' <Predicate = true> <Delay = 0.00>
ST_1 : Operation 110 [1/1] (0.83ns)   --->   "%add_ln54_25 = add i25 %y_20, i25 31232" [firmware/nnet_utils/nnet_batchnorm.h:54]   --->   Operation 110 'add' 'add_ln54_25' <Predicate = true> <Delay = 0.83> <CoreInst = "Adder">   --->   Core 1 'Adder' <Latency = 0> <II = 1> <Delay = 0.83> <FuncUnit> <Opcode : 'add' 'sub'> <InPorts = 2> <OutPorts = 1>
ST_1 : Operation 111 [1/1] (0.00ns)   --->   "%trunc_ln54_23 = partselect i16 @_ssdm_op_PartSelect.i16.i25.i32.i32, i25 %add_ln54_25, i32 9, i32 24" [firmware/nnet_utils/nnet_batchnorm.h:54]   --->   Operation 111 'partselect' 'trunc_ln54_23' <Predicate = true> <Delay = 0.00>
ST_1 : Operation 112 [1/1] (0.00ns)   --->   "%y_21 = bitconcatenate i25 @_ssdm_op_BitConcatenate.i25.i16.i9, i16 %data_26_val_read, i9 0" [firmware/nnet_utils/nnet_mult.h:85->firmware/nnet_utils/nnet_batchnorm.h:54]   --->   Operation 112 'bitconcatenate' 'y_21' <Predicate = true> <Delay = 0.00>
ST_1 : Operation 113 [1/1] (0.83ns)   --->   "%add_ln54_26 = add i25 %y_21, i25 33526272" [firmware/nnet_utils/nnet_batchnorm.h:54]   --->   Operation 113 'add' 'add_ln54_26' <Predicate = true> <Delay = 0.83> <CoreInst = "Adder">   --->   Core 1 'Adder' <Latency = 0> <II = 1> <Delay = 0.83> <FuncUnit> <Opcode : 'add' 'sub'> <InPorts = 2> <OutPorts = 1>
ST_1 : Operation 114 [1/1] (0.00ns)   --->   "%trunc_ln54_24 = partselect i16 @_ssdm_op_PartSelect.i16.i25.i32.i32, i25 %add_ln54_26, i32 9, i32 24" [firmware/nnet_utils/nnet_batchnorm.h:54]   --->   Operation 114 'partselect' 'trunc_ln54_24' <Predicate = true> <Delay = 0.00>
ST_1 : Operation 115 [1/1] (0.00ns)   --->   "%y_22 = bitconcatenate i25 @_ssdm_op_BitConcatenate.i25.i16.i9, i16 %data_27_val_read, i9 0" [firmware/nnet_utils/nnet_mult.h:85->firmware/nnet_utils/nnet_batchnorm.h:54]   --->   Operation 115 'bitconcatenate' 'y_22' <Predicate = true> <Delay = 0.00>
ST_1 : Operation 116 [1/1] (0.83ns)   --->   "%add_ln54_27 = add i25 %y_22, i25 33532416" [firmware/nnet_utils/nnet_batchnorm.h:54]   --->   Operation 116 'add' 'add_ln54_27' <Predicate = true> <Delay = 0.83> <CoreInst = "Adder">   --->   Core 1 'Adder' <Latency = 0> <II = 1> <Delay = 0.83> <FuncUnit> <Opcode : 'add' 'sub'> <InPorts = 2> <OutPorts = 1>
ST_1 : Operation 117 [1/1] (0.00ns)   --->   "%trunc_ln54_25 = partselect i16 @_ssdm_op_PartSelect.i16.i25.i32.i32, i25 %add_ln54_27, i32 9, i32 24" [firmware/nnet_utils/nnet_batchnorm.h:54]   --->   Operation 117 'partselect' 'trunc_ln54_25' <Predicate = true> <Delay = 0.00>
ST_1 : Operation 118 [1/1] (0.00ns)   --->   "%y_23 = bitconcatenate i25 @_ssdm_op_BitConcatenate.i25.i16.i9, i16 %data_28_val_read, i9 0" [firmware/nnet_utils/nnet_mult.h:85->firmware/nnet_utils/nnet_batchnorm.h:54]   --->   Operation 118 'bitconcatenate' 'y_23' <Predicate = true> <Delay = 0.00>
ST_1 : Operation 119 [1/1] (0.83ns)   --->   "%add_ln54_28 = add i25 %y_23, i25 4096" [firmware/nnet_utils/nnet_batchnorm.h:54]   --->   Operation 119 'add' 'add_ln54_28' <Predicate = true> <Delay = 0.83> <CoreInst = "Adder">   --->   Core 1 'Adder' <Latency = 0> <II = 1> <Delay = 0.83> <FuncUnit> <Opcode : 'add' 'sub'> <InPorts = 2> <OutPorts = 1>
ST_1 : Operation 120 [1/1] (0.00ns)   --->   "%trunc_ln54_26 = partselect i16 @_ssdm_op_PartSelect.i16.i25.i32.i32, i25 %add_ln54_28, i32 9, i32 24" [firmware/nnet_utils/nnet_batchnorm.h:54]   --->   Operation 120 'partselect' 'trunc_ln54_26' <Predicate = true> <Delay = 0.00>
ST_1 : Operation 121 [1/1] (0.00ns)   --->   "%y_24 = bitconcatenate i24 @_ssdm_op_BitConcatenate.i24.i16.i8, i16 %data_29_val_read, i8 0" [firmware/nnet_utils/nnet_mult.h:85->firmware/nnet_utils/nnet_batchnorm.h:54]   --->   Operation 121 'bitconcatenate' 'y_24' <Predicate = true> <Delay = 0.00>
ST_1 : Operation 122 [1/1] (0.00ns)   --->   "%sext_ln54_8 = sext i24 %y_24" [firmware/nnet_utils/nnet_batchnorm.h:54]   --->   Operation 122 'sext' 'sext_ln54_8' <Predicate = true> <Delay = 0.00>
ST_1 : Operation 123 [1/1] (0.83ns)   --->   "%add_ln54_29 = add i25 %sext_ln54_8, i25 33546432" [firmware/nnet_utils/nnet_batchnorm.h:54]   --->   Operation 123 'add' 'add_ln54_29' <Predicate = true> <Delay = 0.83> <CoreInst = "Adder">   --->   Core 1 'Adder' <Latency = 0> <II = 1> <Delay = 0.83> <FuncUnit> <Opcode : 'add' 'sub'> <InPorts = 2> <OutPorts = 1>
ST_1 : Operation 124 [1/1] (0.00ns)   --->   "%trunc_ln54_27 = partselect i16 @_ssdm_op_PartSelect.i16.i25.i32.i32, i25 %add_ln54_29, i32 9, i32 24" [firmware/nnet_utils/nnet_batchnorm.h:54]   --->   Operation 124 'partselect' 'trunc_ln54_27' <Predicate = true> <Delay = 0.00>
ST_1 : Operation 125 [1/1] (0.00ns)   --->   "%y_25 = bitconcatenate i25 @_ssdm_op_BitConcatenate.i25.i16.i9, i16 %data_30_val_read, i9 0" [firmware/nnet_utils/nnet_mult.h:85->firmware/nnet_utils/nnet_batchnorm.h:54]   --->   Operation 125 'bitconcatenate' 'y_25' <Predicate = true> <Delay = 0.00>
ST_1 : Operation 126 [1/1] (0.83ns)   --->   "%add_ln54_30 = add i25 %y_25, i25 29184" [firmware/nnet_utils/nnet_batchnorm.h:54]   --->   Operation 126 'add' 'add_ln54_30' <Predicate = true> <Delay = 0.83> <CoreInst = "Adder">   --->   Core 1 'Adder' <Latency = 0> <II = 1> <Delay = 0.83> <FuncUnit> <Opcode : 'add' 'sub'> <InPorts = 2> <OutPorts = 1>
ST_1 : Operation 127 [1/1] (0.00ns)   --->   "%trunc_ln54_28 = partselect i16 @_ssdm_op_PartSelect.i16.i25.i32.i32, i25 %add_ln54_30, i32 9, i32 24" [firmware/nnet_utils/nnet_batchnorm.h:54]   --->   Operation 127 'partselect' 'trunc_ln54_28' <Predicate = true> <Delay = 0.00>
ST_1 : Operation 128 [1/1] (0.00ns)   --->   "%y_26 = bitconcatenate i23 @_ssdm_op_BitConcatenate.i23.i16.i7, i16 %data_31_val_read, i7 0" [firmware/nnet_utils/nnet_mult.h:85->firmware/nnet_utils/nnet_batchnorm.h:54]   --->   Operation 128 'bitconcatenate' 'y_26' <Predicate = true> <Delay = 0.00>
ST_1 : Operation 129 [1/1] (0.00ns)   --->   "%sext_ln85 = sext i23 %y_26" [firmware/nnet_utils/nnet_mult.h:85->firmware/nnet_utils/nnet_batchnorm.h:54]   --->   Operation 129 'sext' 'sext_ln85' <Predicate = true> <Delay = 0.00>
ST_1 : Operation 130 [1/1] (0.82ns)   --->   "%add_ln54_31 = add i24 %sext_ln85, i24 16771104" [firmware/nnet_utils/nnet_batchnorm.h:54]   --->   Operation 130 'add' 'add_ln54_31' <Predicate = true> <Delay = 0.82> <CoreInst = "Adder">   --->   Core 1 'Adder' <Latency = 0> <II = 1> <Delay = 0.82> <FuncUnit> <Opcode : 'add' 'sub'> <InPorts = 2> <OutPorts = 1>
ST_1 : Operation 131 [1/1] (0.00ns)   --->   "%trunc_ln54_29 = partselect i15 @_ssdm_op_PartSelect.i15.i24.i32.i32, i24 %add_ln54_31, i32 9, i32 23" [firmware/nnet_utils/nnet_batchnorm.h:54]   --->   Operation 131 'partselect' 'trunc_ln54_29' <Predicate = true> <Delay = 0.00>
ST_1 : Operation 132 [1/1] (0.00ns)   --->   "%sext_ln54_9 = sext i15 %trunc_ln54_29" [firmware/nnet_utils/nnet_batchnorm.h:54]   --->   Operation 132 'sext' 'sext_ln54_9' <Predicate = true> <Delay = 0.00>
ST_1 : Operation 133 [1/1] (0.00ns)   --->   "%newret = insertvalue i496 <undef>, i16 %trunc_ln" [firmware/nnet_utils/nnet_batchnorm.h:54]   --->   Operation 133 'insertvalue' 'newret' <Predicate = true> <Delay = 0.00>
ST_1 : Operation 134 [1/1] (0.00ns)   --->   "%newret2 = insertvalue i496 %newret, i16 %sext_ln54" [firmware/nnet_utils/nnet_batchnorm.h:54]   --->   Operation 134 'insertvalue' 'newret2' <Predicate = true> <Delay = 0.00>
ST_1 : Operation 135 [1/1] (0.00ns)   --->   "%newret4 = insertvalue i496 %newret2, i16 %trunc_ln54_6" [firmware/nnet_utils/nnet_batchnorm.h:54]   --->   Operation 135 'insertvalue' 'newret4' <Predicate = true> <Delay = 0.00>
ST_1 : Operation 136 [1/1] (0.00ns)   --->   "%newret6 = insertvalue i496 %newret4, i16 %trunc_ln54_7" [firmware/nnet_utils/nnet_batchnorm.h:54]   --->   Operation 136 'insertvalue' 'newret6' <Predicate = true> <Delay = 0.00>
ST_1 : Operation 137 [1/1] (0.00ns)   --->   "%newret8 = insertvalue i496 %newret6, i16 %trunc_ln54_8" [firmware/nnet_utils/nnet_batchnorm.h:54]   --->   Operation 137 'insertvalue' 'newret8' <Predicate = true> <Delay = 0.00>
ST_1 : Operation 138 [1/1] (0.00ns)   --->   "%newret10 = insertvalue i496 %newret8, i16 %trunc_ln54_9" [firmware/nnet_utils/nnet_batchnorm.h:54]   --->   Operation 138 'insertvalue' 'newret10' <Predicate = true> <Delay = 0.00>
ST_1 : Operation 139 [1/1] (0.00ns)   --->   "%newret12 = insertvalue i496 %newret10, i16 %trunc_ln54_s" [firmware/nnet_utils/nnet_batchnorm.h:54]   --->   Operation 139 'insertvalue' 'newret12' <Predicate = true> <Delay = 0.00>
ST_1 : Operation 140 [1/1] (0.00ns)   --->   "%newret14 = insertvalue i496 %newret12, i16 %trunc_ln54_1" [firmware/nnet_utils/nnet_batchnorm.h:54]   --->   Operation 140 'insertvalue' 'newret14' <Predicate = true> <Delay = 0.00>
ST_1 : Operation 141 [1/1] (0.00ns)   --->   "%newret16 = insertvalue i496 %newret14, i16 %trunc_ln54_2" [firmware/nnet_utils/nnet_batchnorm.h:54]   --->   Operation 141 'insertvalue' 'newret16' <Predicate = true> <Delay = 0.00>
ST_1 : Operation 142 [1/1] (0.00ns)   --->   "%newret18 = insertvalue i496 %newret16, i16 %trunc_ln54_3" [firmware/nnet_utils/nnet_batchnorm.h:54]   --->   Operation 142 'insertvalue' 'newret18' <Predicate = true> <Delay = 0.00>
ST_1 : Operation 143 [1/1] (0.00ns)   --->   "%newret20 = insertvalue i496 %newret18, i16 %trunc_ln54_4" [firmware/nnet_utils/nnet_batchnorm.h:54]   --->   Operation 143 'insertvalue' 'newret20' <Predicate = true> <Delay = 0.00>
ST_1 : Operation 144 [1/1] (0.00ns)   --->   "%newret22 = insertvalue i496 %newret20, i16 %trunc_ln54_10" [firmware/nnet_utils/nnet_batchnorm.h:54]   --->   Operation 144 'insertvalue' 'newret22' <Predicate = true> <Delay = 0.00>
ST_1 : Operation 145 [1/1] (0.00ns)   --->   "%newret24 = insertvalue i496 %newret22, i16 %trunc_ln54_11" [firmware/nnet_utils/nnet_batchnorm.h:54]   --->   Operation 145 'insertvalue' 'newret24' <Predicate = true> <Delay = 0.00>
ST_1 : Operation 146 [1/1] (0.00ns)   --->   "%newret26 = insertvalue i496 %newret24, i16 %trunc_ln54_12" [firmware/nnet_utils/nnet_batchnorm.h:54]   --->   Operation 146 'insertvalue' 'newret26' <Predicate = true> <Delay = 0.00>
ST_1 : Operation 147 [1/1] (0.00ns)   --->   "%newret28 = insertvalue i496 %newret26, i16 %trunc_ln54_13" [firmware/nnet_utils/nnet_batchnorm.h:54]   --->   Operation 147 'insertvalue' 'newret28' <Predicate = true> <Delay = 0.00>
ST_1 : Operation 148 [1/1] (0.00ns)   --->   "%newret30 = insertvalue i496 %newret28, i16 %trunc_ln54_14" [firmware/nnet_utils/nnet_batchnorm.h:54]   --->   Operation 148 'insertvalue' 'newret30' <Predicate = true> <Delay = 0.00>
ST_1 : Operation 149 [1/1] (0.00ns)   --->   "%newret31 = insertvalue i496 %newret30, i16 %sext_ln54_1" [firmware/nnet_utils/nnet_batchnorm.h:54]   --->   Operation 149 'insertvalue' 'newret31' <Predicate = true> <Delay = 0.00>
ST_1 : Operation 150 [1/1] (0.00ns)   --->   "%newret32 = insertvalue i496 %newret31, i16 %trunc_ln54_16" [firmware/nnet_utils/nnet_batchnorm.h:54]   --->   Operation 150 'insertvalue' 'newret32' <Predicate = true> <Delay = 0.00>
ST_1 : Operation 151 [1/1] (0.00ns)   --->   "%newret33 = insertvalue i496 %newret32, i16 %trunc_ln54_17" [firmware/nnet_utils/nnet_batchnorm.h:54]   --->   Operation 151 'insertvalue' 'newret33' <Predicate = true> <Delay = 0.00>
ST_1 : Operation 152 [1/1] (0.00ns)   --->   "%newret34 = insertvalue i496 %newret33, i16 %trunc_ln54_18" [firmware/nnet_utils/nnet_batchnorm.h:54]   --->   Operation 152 'insertvalue' 'newret34' <Predicate = true> <Delay = 0.00>
ST_1 : Operation 153 [1/1] (0.00ns)   --->   "%newret35 = insertvalue i496 %newret34, i16 %sext_ln54_2" [firmware/nnet_utils/nnet_batchnorm.h:54]   --->   Operation 153 'insertvalue' 'newret35' <Predicate = true> <Delay = 0.00>
ST_1 : Operation 154 [1/1] (0.00ns)   --->   "%newret36 = insertvalue i496 %newret35, i16 %trunc_ln54_20" [firmware/nnet_utils/nnet_batchnorm.h:54]   --->   Operation 154 'insertvalue' 'newret36' <Predicate = true> <Delay = 0.00>
ST_1 : Operation 155 [1/1] (0.00ns)   --->   "%newret37 = insertvalue i496 %newret36, i16 %trunc_ln54_21" [firmware/nnet_utils/nnet_batchnorm.h:54]   --->   Operation 155 'insertvalue' 'newret37' <Predicate = true> <Delay = 0.00>
ST_1 : Operation 156 [1/1] (0.00ns)   --->   "%newret38 = insertvalue i496 %newret37, i16 %trunc_ln54_22" [firmware/nnet_utils/nnet_batchnorm.h:54]   --->   Operation 156 'insertvalue' 'newret38' <Predicate = true> <Delay = 0.00>
ST_1 : Operation 157 [1/1] (0.00ns)   --->   "%newret39 = insertvalue i496 %newret38, i16 %trunc_ln54_23" [firmware/nnet_utils/nnet_batchnorm.h:54]   --->   Operation 157 'insertvalue' 'newret39' <Predicate = true> <Delay = 0.00>
ST_1 : Operation 158 [1/1] (0.00ns)   --->   "%newret40 = insertvalue i496 %newret39, i16 %trunc_ln54_24" [firmware/nnet_utils/nnet_batchnorm.h:54]   --->   Operation 158 'insertvalue' 'newret40' <Predicate = true> <Delay = 0.00>
ST_1 : Operation 159 [1/1] (0.00ns)   --->   "%newret41 = insertvalue i496 %newret40, i16 %trunc_ln54_25" [firmware/nnet_utils/nnet_batchnorm.h:54]   --->   Operation 159 'insertvalue' 'newret41' <Predicate = true> <Delay = 0.00>
ST_1 : Operation 160 [1/1] (0.00ns)   --->   "%newret42 = insertvalue i496 %newret41, i16 %trunc_ln54_26" [firmware/nnet_utils/nnet_batchnorm.h:54]   --->   Operation 160 'insertvalue' 'newret42' <Predicate = true> <Delay = 0.00>
ST_1 : Operation 161 [1/1] (0.00ns)   --->   "%newret43 = insertvalue i496 %newret42, i16 %trunc_ln54_27" [firmware/nnet_utils/nnet_batchnorm.h:54]   --->   Operation 161 'insertvalue' 'newret43' <Predicate = true> <Delay = 0.00>
ST_1 : Operation 162 [1/1] (0.00ns)   --->   "%newret44 = insertvalue i496 %newret43, i16 %trunc_ln54_28" [firmware/nnet_utils/nnet_batchnorm.h:54]   --->   Operation 162 'insertvalue' 'newret44' <Predicate = true> <Delay = 0.00>
ST_1 : Operation 163 [1/1] (0.00ns)   --->   "%newret45 = insertvalue i496 %newret44, i16 %sext_ln54_9" [firmware/nnet_utils/nnet_batchnorm.h:54]   --->   Operation 163 'insertvalue' 'newret45' <Predicate = true> <Delay = 0.00>
ST_1 : Operation 164 [1/1] (0.00ns)   --->   "%ret_ln54 = ret i496 %newret45" [firmware/nnet_utils/nnet_batchnorm.h:54]   --->   Operation 164 'ret' 'ret_ln54' <Predicate = true> <Delay = 0.00>


============================================================
+ Verbose Summary: Timing violations
============================================================
Target clock period: 5.000ns, clock uncertainty: 0.625ns.

 <State 1>: 0.838ns
The critical path consists of the following:
	wire read operation ('data_0_val_read', firmware/nnet_utils/nnet_mult.h:80->firmware/nnet_utils/nnet_batchnorm.h:54) on port 'data_0_val' (firmware/nnet_utils/nnet_mult.h:80->firmware/nnet_utils/nnet_batchnorm.h:54) [64]  (0.000 ns)
	'add' operation ('add_ln54', firmware/nnet_utils/nnet_batchnorm.h:54) [66]  (0.838 ns)


============================================================
+ Verbose Summary: Binding
============================================================
N/A
* FSMD analyzer results:
  - Output states:
 - Input state : 
  - Chain level:
	State 1


============================================================
+ Verbose Summary: Datapath Resource usage 
============================================================
N/A
