/home/pusharma/EF_Tracking/TrackMLTraining_HLS/Jupyter_Notebooks/HLSModels/hls4ml_prjParamEst_Region34_5Hit/ParamEst_NN_prj/solution1/.autopilot/db/ParamEst_NN.pp.0.cpp:28360:7: warning: Added loop label VITIS_LOOP_1213_1:   [xilinx-label-all-loops]
      for (i = 0; i < __N - 1; ++i) {
      ^~~
      VITIS_LOOP_1213_1: 
/home/pusharma/EF_Tracking/TrackMLTraining_HLS/Jupyter_Notebooks/HLSModels/hls4ml_prjParamEst_Region34_5Hit/ParamEst_NN_prj/solution1/.autopilot/db/ParamEst_NN.pp.0.cpp:28360:7: note: FIX-IT applied suggested code changes
/home/pusharma/EF_Tracking/TrackMLTraining_HLS/Jupyter_Notebooks/HLSModels/hls4ml_prjParamEst_Region34_5Hit/ParamEst_NN_prj/solution1/.autopilot/db/ParamEst_NN.pp.0.cpp:29334:5: warning: Added loop label VITIS_LOOP_676_1:   [xilinx-label-all-loops]
    for (unsigned i = low; i != high; ++i) {
    ^~~
    VITIS_LOOP_676_1: 
/home/pusharma/EF_Tracking/TrackMLTraining_HLS/Jupyter_Notebooks/HLSModels/hls4ml_prjParamEst_Region34_5Hit/ParamEst_NN_prj/solution1/.autopilot/db/ParamEst_NN.pp.0.cpp:29334:5: note: FIX-IT applied suggested code changes
/home/pusharma/EF_Tracking/TrackMLTraining_HLS/Jupyter_Notebooks/HLSModels/hls4ml_prjParamEst_Region34_5Hit/ParamEst_NN_prj/solution1/.autopilot/db/ParamEst_NN.pp.0.cpp:29348:5: warning: Added loop label VITIS_LOOP_690_1:   [xilinx-label-all-loops]
    for (unsigned i = low; i != high; ++i) {
    ^~~
    VITIS_LOOP_690_1: 
/home/pusharma/EF_Tracking/TrackMLTraining_HLS/Jupyter_Notebooks/HLSModels/hls4ml_prjParamEst_Region34_5Hit/ParamEst_NN_prj/solution1/.autopilot/db/ParamEst_NN.pp.0.cpp:29348:5: note: FIX-IT applied suggested code changes
/home/pusharma/EF_Tracking/TrackMLTraining_HLS/Jupyter_Notebooks/HLSModels/hls4ml_prjParamEst_Region34_5Hit/ParamEst_NN_prj/solution1/.autopilot/db/ParamEst_NN.pp.0.cpp:29362:5: warning: Added loop label VITIS_LOOP_704_1:   [xilinx-label-all-loops]
    for (unsigned i = low; i != high; ++i) {
    ^~~
    VITIS_LOOP_704_1: 
/home/pusharma/EF_Tracking/TrackMLTraining_HLS/Jupyter_Notebooks/HLSModels/hls4ml_prjParamEst_Region34_5Hit/ParamEst_NN_prj/solution1/.autopilot/db/ParamEst_NN.pp.0.cpp:29362:5: note: FIX-IT applied suggested code changes
/home/pusharma/EF_Tracking/TrackMLTraining_HLS/Jupyter_Notebooks/HLSModels/hls4ml_prjParamEst_Region34_5Hit/ParamEst_NN_prj/solution1/.autopilot/db/ParamEst_NN.pp.0.cpp:30961:7: warning: Added loop label VITIS_LOOP_1247_1:   [xilinx-label-all-loops]
      for (i = 0; i < __N - 1; ++i) {
      ^~~
      VITIS_LOOP_1247_1: 
/home/pusharma/EF_Tracking/TrackMLTraining_HLS/Jupyter_Notebooks/HLSModels/hls4ml_prjParamEst_Region34_5Hit/ParamEst_NN_prj/solution1/.autopilot/db/ParamEst_NN.pp.0.cpp:30961:7: note: FIX-IT applied suggested code changes
/home/pusharma/EF_Tracking/TrackMLTraining_HLS/Jupyter_Notebooks/HLSModels/hls4ml_prjParamEst_Region34_5Hit/ParamEst_NN_prj/solution1/.autopilot/db/ParamEst_NN.pp.0.cpp:32946:9: warning: Added loop label VITIS_LOOP_27_1:   [xilinx-label-all-loops]
        for (unsigned i = 0; i < N; i++) {
        ^~~
        VITIS_LOOP_27_1: 
/home/pusharma/EF_Tracking/TrackMLTraining_HLS/Jupyter_Notebooks/HLSModels/hls4ml_prjParamEst_Region34_5Hit/ParamEst_NN_prj/solution1/.autopilot/db/ParamEst_NN.pp.0.cpp:32946:9: note: FIX-IT applied suggested code changes
/home/pusharma/EF_Tracking/TrackMLTraining_HLS/Jupyter_Notebooks/HLSModels/hls4ml_prjParamEst_Region34_5Hit/ParamEst_NN_prj/solution1/.autopilot/db/ParamEst_NN.pp.0.cpp:32959:9: warning: Added loop label VITIS_LOOP_40_1:   [xilinx-label-all-loops]
        for (size_t i = 0; i < N; i++) {
        ^~~
        VITIS_LOOP_40_1: 
/home/pusharma/EF_Tracking/TrackMLTraining_HLS/Jupyter_Notebooks/HLSModels/hls4ml_prjParamEst_Region34_5Hit/ParamEst_NN_prj/solution1/.autopilot/db/ParamEst_NN.pp.0.cpp:32959:9: note: FIX-IT applied suggested code changes
/home/pusharma/EF_Tracking/TrackMLTraining_HLS/Jupyter_Notebooks/HLSModels/hls4ml_prjParamEst_Region34_5Hit/ParamEst_NN_prj/solution1/.autopilot/db/ParamEst_NN.pp.0.cpp:55874:5: warning: Added loop label VITIS_LOOP_265_1:   [xilinx-label-all-loops]
    for (typename std::vector<src_T>::const_iterator i = in_begin; i != in_end; ++i) {
    ^~~
    VITIS_LOOP_265_1: 
/home/pusharma/EF_Tracking/TrackMLTraining_HLS/Jupyter_Notebooks/HLSModels/hls4ml_prjParamEst_Region34_5Hit/ParamEst_NN_prj/solution1/.autopilot/db/ParamEst_NN.pp.0.cpp:55874:5: note: FIX-IT applied suggested code changes
/home/pusharma/EF_Tracking/TrackMLTraining_HLS/Jupyter_Notebooks/HLSModels/hls4ml_prjParamEst_Region34_5Hit/ParamEst_NN_prj/solution1/.autopilot/db/ParamEst_NN.pp.0.cpp:55884:5: warning: Added loop label VITIS_LOOP_275_1:   [xilinx-label-all-loops]
    for (auto i = 0; i < SIZE; i++)
    ^~~
    VITIS_LOOP_275_1: 
/home/pusharma/EF_Tracking/TrackMLTraining_HLS/Jupyter_Notebooks/HLSModels/hls4ml_prjParamEst_Region34_5Hit/ParamEst_NN_prj/solution1/.autopilot/db/ParamEst_NN.pp.0.cpp:55884:5: note: FIX-IT applied suggested code changes
/home/pusharma/EF_Tracking/TrackMLTraining_HLS/Jupyter_Notebooks/HLSModels/hls4ml_prjParamEst_Region34_5Hit/ParamEst_NN_prj/solution1/.autopilot/db/ParamEst_NN.pp.0.cpp:55895:5: warning: Added loop label VITIS_LOOP_286_1:   [xilinx-label-all-loops]
    for (int i = 0; i < SIZE; i++) {
    ^~~
    VITIS_LOOP_286_1: 
/home/pusharma/EF_Tracking/TrackMLTraining_HLS/Jupyter_Notebooks/HLSModels/hls4ml_prjParamEst_Region34_5Hit/ParamEst_NN_prj/solution1/.autopilot/db/ParamEst_NN.pp.0.cpp:55895:5: note: FIX-IT applied suggested code changes
/home/pusharma/EF_Tracking/TrackMLTraining_HLS/Jupyter_Notebooks/HLSModels/hls4ml_prjParamEst_Region34_5Hit/ParamEst_NN_prj/solution1/.autopilot/db/ParamEst_NN.pp.0.cpp:55902:5: warning: Added loop label VITIS_LOOP_293_1:   [xilinx-label-all-loops]
    for (int i = 0; i < SIZE / res_T::size; i++) {
    ^~~
    VITIS_LOOP_293_1: 
/home/pusharma/EF_Tracking/TrackMLTraining_HLS/Jupyter_Notebooks/HLSModels/hls4ml_prjParamEst_Region34_5Hit/ParamEst_NN_prj/solution1/.autopilot/db/ParamEst_NN.pp.0.cpp:55902:5: note: FIX-IT applied suggested code changes
/home/pusharma/EF_Tracking/TrackMLTraining_HLS/Jupyter_Notebooks/HLSModels/hls4ml_prjParamEst_Region34_5Hit/ParamEst_NN_prj/solution1/.autopilot/db/ParamEst_NN.pp.0.cpp:55904:9: warning: Added loop label VITIS_LOOP_295_2:   [xilinx-label-all-loops]
        for (int j = 0; j < res_T::size; j++) {
        ^~~
        VITIS_LOOP_295_2: 
/home/pusharma/EF_Tracking/TrackMLTraining_HLS/Jupyter_Notebooks/HLSModels/hls4ml_prjParamEst_Region34_5Hit/ParamEst_NN_prj/solution1/.autopilot/db/ParamEst_NN.pp.0.cpp:55904:9: note: FIX-IT applied suggested code changes
/home/pusharma/EF_Tracking/TrackMLTraining_HLS/Jupyter_Notebooks/HLSModels/hls4ml_prjParamEst_Region34_5Hit/ParamEst_NN_prj/solution1/.autopilot/db/ParamEst_NN.pp.0.cpp:55916:5: warning: Added loop label VITIS_LOOP_307_1:   [xilinx-label-all-loops]
    for (int i = 0; i < SIZE / data_T::size; i++) {
    ^~~
    VITIS_LOOP_307_1: 
/home/pusharma/EF_Tracking/TrackMLTraining_HLS/Jupyter_Notebooks/HLSModels/hls4ml_prjParamEst_Region34_5Hit/ParamEst_NN_prj/solution1/.autopilot/db/ParamEst_NN.pp.0.cpp:55916:5: note: FIX-IT applied suggested code changes
/home/pusharma/EF_Tracking/TrackMLTraining_HLS/Jupyter_Notebooks/HLSModels/hls4ml_prjParamEst_Region34_5Hit/ParamEst_NN_prj/solution1/.autopilot/db/ParamEst_NN.pp.0.cpp:55918:9: warning: Added loop label VITIS_LOOP_309_2:   [xilinx-label-all-loops]
        for (int j = 0; j < data_T::size; j++) {
        ^~~
        VITIS_LOOP_309_2: 
/home/pusharma/EF_Tracking/TrackMLTraining_HLS/Jupyter_Notebooks/HLSModels/hls4ml_prjParamEst_Region34_5Hit/ParamEst_NN_prj/solution1/.autopilot/db/ParamEst_NN.pp.0.cpp:55918:9: note: FIX-IT applied suggested code changes
/home/pusharma/EF_Tracking/TrackMLTraining_HLS/Jupyter_Notebooks/HLSModels/hls4ml_prjParamEst_Region34_5Hit/ParamEst_NN_prj/solution1/.autopilot/db/ParamEst_NN.pp.0.cpp:55933:5: warning: Added loop label VITIS_LOOP_324_1:   [xilinx-label-all-loops]
    for (int ii = 0; ii < nrows; ii++) {
    ^~~
    VITIS_LOOP_324_1: 
/home/pusharma/EF_Tracking/TrackMLTraining_HLS/Jupyter_Notebooks/HLSModels/hls4ml_prjParamEst_Region34_5Hit/ParamEst_NN_prj/solution1/.autopilot/db/ParamEst_NN.pp.0.cpp:55933:5: note: FIX-IT applied suggested code changes
/home/pusharma/EF_Tracking/TrackMLTraining_HLS/Jupyter_Notebooks/HLSModels/hls4ml_prjParamEst_Region34_5Hit/ParamEst_NN_prj/solution1/.autopilot/db/ParamEst_NN.pp.0.cpp:55953:5: warning: Added loop label VITIS_LOOP_344_1:   [xilinx-label-all-loops]
    for (int ii = 0; ii < nrows; ii++) {
    ^~~
    VITIS_LOOP_344_1: 
/home/pusharma/EF_Tracking/TrackMLTraining_HLS/Jupyter_Notebooks/HLSModels/hls4ml_prjParamEst_Region34_5Hit/ParamEst_NN_prj/solution1/.autopilot/db/ParamEst_NN.pp.0.cpp:55953:5: note: FIX-IT applied suggested code changes
/home/pusharma/EF_Tracking/TrackMLTraining_HLS/Jupyter_Notebooks/HLSModels/hls4ml_prjParamEst_Region34_5Hit/ParamEst_NN_prj/solution1/.autopilot/db/ParamEst_NN.pp.0.cpp:55954:9: warning: Added loop label VITIS_LOOP_345_2:   [xilinx-label-all-loops]
        for (int jj = 0; jj < ncols; jj++) {
        ^~~
        VITIS_LOOP_345_2: 
/home/pusharma/EF_Tracking/TrackMLTraining_HLS/Jupyter_Notebooks/HLSModels/hls4ml_prjParamEst_Region34_5Hit/ParamEst_NN_prj/solution1/.autopilot/db/ParamEst_NN.pp.0.cpp:55954:9: note: FIX-IT applied suggested code changes
/home/pusharma/EF_Tracking/TrackMLTraining_HLS/Jupyter_Notebooks/HLSModels/hls4ml_prjParamEst_Region34_5Hit/ParamEst_NN_prj/solution1/.autopilot/db/ParamEst_NN.pp.0.cpp:55969:5: warning: Added loop label VITIS_LOOP_360_1:   [xilinx-label-all-loops]
    for (int ii = 0; ii < N_IN; ii++) {
    ^~~
    VITIS_LOOP_360_1: 
/home/pusharma/EF_Tracking/TrackMLTraining_HLS/Jupyter_Notebooks/HLSModels/hls4ml_prjParamEst_Region34_5Hit/ParamEst_NN_prj/solution1/.autopilot/db/ParamEst_NN.pp.0.cpp:55969:5: note: FIX-IT applied suggested code changes
/home/pusharma/EF_Tracking/TrackMLTraining_HLS/Jupyter_Notebooks/HLSModels/hls4ml_prjParamEst_Region34_5Hit/ParamEst_NN_prj/solution1/.autopilot/db/ParamEst_NN.pp.0.cpp:55976:5: warning: Added loop label VITIS_LOOP_367_1:   [xilinx-label-all-loops]
    for (int ii = 0; ii < N_IN; ii++) {
    ^~~
    VITIS_LOOP_367_1: 
/home/pusharma/EF_Tracking/TrackMLTraining_HLS/Jupyter_Notebooks/HLSModels/hls4ml_prjParamEst_Region34_5Hit/ParamEst_NN_prj/solution1/.autopilot/db/ParamEst_NN.pp.0.cpp:55976:5: note: FIX-IT applied suggested code changes
/home/pusharma/EF_Tracking/TrackMLTraining_HLS/Jupyter_Notebooks/HLSModels/hls4ml_prjParamEst_Region34_5Hit/ParamEst_NN_prj/solution1/.autopilot/db/ParamEst_NN.pp.0.cpp:56099:2: warning: Added loop label VITIS_LOOP_31_1:   [xilinx-label-all-loops]
 for (int ii = 0; ii < CONFIG_T::n_in; ii++) {
 ^~~
 VITIS_LOOP_31_1: 
/home/pusharma/EF_Tracking/TrackMLTraining_HLS/Jupyter_Notebooks/HLSModels/hls4ml_prjParamEst_Region34_5Hit/ParamEst_NN_prj/solution1/.autopilot/db/ParamEst_NN.pp.0.cpp:56099:2: note: FIX-IT applied suggested code changes
/home/pusharma/EF_Tracking/TrackMLTraining_HLS/Jupyter_Notebooks/HLSModels/hls4ml_prjParamEst_Region34_5Hit/ParamEst_NN_prj/solution1/.autopilot/db/ParamEst_NN.pp.0.cpp:56111:5: warning: Added loop label VITIS_LOOP_43_1:   [xilinx-label-all-loops]
    for (int ii = 0; ii < CONFIG_T::n_in; ii++) {
    ^~~
    VITIS_LOOP_43_1: 
/home/pusharma/EF_Tracking/TrackMLTraining_HLS/Jupyter_Notebooks/HLSModels/hls4ml_prjParamEst_Region34_5Hit/ParamEst_NN_prj/solution1/.autopilot/db/ParamEst_NN.pp.0.cpp:56111:5: note: FIX-IT applied suggested code changes
/home/pusharma/EF_Tracking/TrackMLTraining_HLS/Jupyter_Notebooks/HLSModels/hls4ml_prjParamEst_Region34_5Hit/ParamEst_NN_prj/solution1/.autopilot/db/ParamEst_NN.pp.0.cpp:56125:5: warning: Added loop label VITIS_LOOP_57_1:   [xilinx-label-all-loops]
    for (int ii = 0; ii < CONFIG_T::n_in; ii++) {
    ^~~
    VITIS_LOOP_57_1: 
/home/pusharma/EF_Tracking/TrackMLTraining_HLS/Jupyter_Notebooks/HLSModels/hls4ml_prjParamEst_Region34_5Hit/ParamEst_NN_prj/solution1/.autopilot/db/ParamEst_NN.pp.0.cpp:56125:5: note: FIX-IT applied suggested code changes
/home/pusharma/EF_Tracking/TrackMLTraining_HLS/Jupyter_Notebooks/HLSModels/hls4ml_prjParamEst_Region34_5Hit/ParamEst_NN_prj/solution1/.autopilot/db/ParamEst_NN.pp.0.cpp:56152:5: warning: Added loop label VITIS_LOOP_84_1:   [xilinx-label-all-loops]
    for (int ii = 0; ii < N_TABLE; ii++) {
    ^~~
    VITIS_LOOP_84_1: 
/home/pusharma/EF_Tracking/TrackMLTraining_HLS/Jupyter_Notebooks/HLSModels/hls4ml_prjParamEst_Region34_5Hit/ParamEst_NN_prj/solution1/.autopilot/db/ParamEst_NN.pp.0.cpp:56152:5: note: FIX-IT applied suggested code changes
/home/pusharma/EF_Tracking/TrackMLTraining_HLS/Jupyter_Notebooks/HLSModels/hls4ml_prjParamEst_Region34_5Hit/ParamEst_NN_prj/solution1/.autopilot/db/ParamEst_NN.pp.0.cpp:56182:5: warning: Added loop label VITIS_LOOP_114_1:   [xilinx-label-all-loops]
    for (int ii = 0; ii < CONFIG_T::n_in; ii++) {
    ^~~
    VITIS_LOOP_114_1: 
/home/pusharma/EF_Tracking/TrackMLTraining_HLS/Jupyter_Notebooks/HLSModels/hls4ml_prjParamEst_Region34_5Hit/ParamEst_NN_prj/solution1/.autopilot/db/ParamEst_NN.pp.0.cpp:56182:5: note: FIX-IT applied suggested code changes
/home/pusharma/EF_Tracking/TrackMLTraining_HLS/Jupyter_Notebooks/HLSModels/hls4ml_prjParamEst_Region34_5Hit/ParamEst_NN_prj/solution1/.autopilot/db/ParamEst_NN.pp.0.cpp:56219:5: warning: Added loop label VITIS_LOOP_151_1:   [xilinx-label-all-loops]
    for (unsigned i = 0; i < CONFIG_T::table_size; i++) {
    ^~~
    VITIS_LOOP_151_1: 
/home/pusharma/EF_Tracking/TrackMLTraining_HLS/Jupyter_Notebooks/HLSModels/hls4ml_prjParamEst_Region34_5Hit/ParamEst_NN_prj/solution1/.autopilot/db/ParamEst_NN.pp.0.cpp:56219:5: note: FIX-IT applied suggested code changes
/home/pusharma/EF_Tracking/TrackMLTraining_HLS/Jupyter_Notebooks/HLSModels/hls4ml_prjParamEst_Region34_5Hit/ParamEst_NN_prj/solution1/.autopilot/db/ParamEst_NN.pp.0.cpp:56230:5: warning: Added loop label VITIS_LOOP_162_1:   [xilinx-label-all-loops]
    for (unsigned i = 0; i < CONFIG_T::table_size; i++) {
    ^~~
    VITIS_LOOP_162_1: 
/home/pusharma/EF_Tracking/TrackMLTraining_HLS/Jupyter_Notebooks/HLSModels/hls4ml_prjParamEst_Region34_5Hit/ParamEst_NN_prj/solution1/.autopilot/db/ParamEst_NN.pp.0.cpp:56230:5: note: FIX-IT applied suggested code changes
/home/pusharma/EF_Tracking/TrackMLTraining_HLS/Jupyter_Notebooks/HLSModels/hls4ml_prjParamEst_Region34_5Hit/ParamEst_NN_prj/solution1/.autopilot/db/ParamEst_NN.pp.0.cpp:56263:5: warning: Added loop label VITIS_LOOP_195_1:   [xilinx-label-all-loops]
    for (unsigned i = 0; i < CONFIG_T::n_in; i++) {
    ^~~
    VITIS_LOOP_195_1: 
/home/pusharma/EF_Tracking/TrackMLTraining_HLS/Jupyter_Notebooks/HLSModels/hls4ml_prjParamEst_Region34_5Hit/ParamEst_NN_prj/solution1/.autopilot/db/ParamEst_NN.pp.0.cpp:56263:5: note: FIX-IT applied suggested code changes
/home/pusharma/EF_Tracking/TrackMLTraining_HLS/Jupyter_Notebooks/HLSModels/hls4ml_prjParamEst_Region34_5Hit/ParamEst_NN_prj/solution1/.autopilot/db/ParamEst_NN.pp.0.cpp:56277:5: warning: Added loop label VITIS_LOOP_209_2:   [xilinx-label-all-loops]
    for (unsigned i = 0; i < CONFIG_T::n_in; i++) {
    ^~~
    VITIS_LOOP_209_2: 
/home/pusharma/EF_Tracking/TrackMLTraining_HLS/Jupyter_Notebooks/HLSModels/hls4ml_prjParamEst_Region34_5Hit/ParamEst_NN_prj/solution1/.autopilot/db/ParamEst_NN.pp.0.cpp:56277:5: note: FIX-IT applied suggested code changes
/home/pusharma/EF_Tracking/TrackMLTraining_HLS/Jupyter_Notebooks/HLSModels/hls4ml_prjParamEst_Region34_5Hit/ParamEst_NN_prj/solution1/.autopilot/db/ParamEst_NN.pp.0.cpp:56311:5: warning: Added loop label VITIS_LOOP_243_1:   [xilinx-label-all-loops]
    for (unsigned i = 0; i < CONFIG_T::n_in; i++) {
    ^~~
    VITIS_LOOP_243_1: 
/home/pusharma/EF_Tracking/TrackMLTraining_HLS/Jupyter_Notebooks/HLSModels/hls4ml_prjParamEst_Region34_5Hit/ParamEst_NN_prj/solution1/.autopilot/db/ParamEst_NN.pp.0.cpp:56311:5: note: FIX-IT applied suggested code changes
/home/pusharma/EF_Tracking/TrackMLTraining_HLS/Jupyter_Notebooks/HLSModels/hls4ml_prjParamEst_Region34_5Hit/ParamEst_NN_prj/solution1/.autopilot/db/ParamEst_NN.pp.0.cpp:56320:5: warning: Added loop label VITIS_LOOP_252_2:   [xilinx-label-all-loops]
    for (unsigned i = 0; i < CONFIG_T::n_in; i++) {
    ^~~
    VITIS_LOOP_252_2: 
/home/pusharma/EF_Tracking/TrackMLTraining_HLS/Jupyter_Notebooks/HLSModels/hls4ml_prjParamEst_Region34_5Hit/ParamEst_NN_prj/solution1/.autopilot/db/ParamEst_NN.pp.0.cpp:56320:5: note: FIX-IT applied suggested code changes
/home/pusharma/EF_Tracking/TrackMLTraining_HLS/Jupyter_Notebooks/HLSModels/hls4ml_prjParamEst_Region34_5Hit/ParamEst_NN_prj/solution1/.autopilot/db/ParamEst_NN.pp.0.cpp:56334:5: warning: Added loop label VITIS_LOOP_266_3:   [xilinx-label-all-loops]
    for (unsigned i = 0; i < CONFIG_T::n_in; i++) {
    ^~~
    VITIS_LOOP_266_3: 
/home/pusharma/EF_Tracking/TrackMLTraining_HLS/Jupyter_Notebooks/HLSModels/hls4ml_prjParamEst_Region34_5Hit/ParamEst_NN_prj/solution1/.autopilot/db/ParamEst_NN.pp.0.cpp:56334:5: note: FIX-IT applied suggested code changes
/home/pusharma/EF_Tracking/TrackMLTraining_HLS/Jupyter_Notebooks/HLSModels/hls4ml_prjParamEst_Region34_5Hit/ParamEst_NN_prj/solution1/.autopilot/db/ParamEst_NN.pp.0.cpp:56341:5: warning: Added loop label VITIS_LOOP_273_1:   [xilinx-label-all-loops]
    for (int ii = 0; ii < N_TABLE; ii++) {
    ^~~
    VITIS_LOOP_273_1: 
/home/pusharma/EF_Tracking/TrackMLTraining_HLS/Jupyter_Notebooks/HLSModels/hls4ml_prjParamEst_Region34_5Hit/ParamEst_NN_prj/solution1/.autopilot/db/ParamEst_NN.pp.0.cpp:56341:5: note: FIX-IT applied suggested code changes
/home/pusharma/EF_Tracking/TrackMLTraining_HLS/Jupyter_Notebooks/HLSModels/hls4ml_prjParamEst_Region34_5Hit/ParamEst_NN_prj/solution1/.autopilot/db/ParamEst_NN.pp.0.cpp:56354:5: warning: Added loop label VITIS_LOOP_286_1:   [xilinx-label-all-loops]
    for (int ii = 0; ii < N_TABLE; ii++) {
    ^~~
    VITIS_LOOP_286_1: 
/home/pusharma/EF_Tracking/TrackMLTraining_HLS/Jupyter_Notebooks/HLSModels/hls4ml_prjParamEst_Region34_5Hit/ParamEst_NN_prj/solution1/.autopilot/db/ParamEst_NN.pp.0.cpp:56354:5: note: FIX-IT applied suggested code changes
/home/pusharma/EF_Tracking/TrackMLTraining_HLS/Jupyter_Notebooks/HLSModels/hls4ml_prjParamEst_Region34_5Hit/ParamEst_NN_prj/solution1/.autopilot/db/ParamEst_NN.pp.0.cpp:56391:5: warning: Added loop label VITIS_LOOP_323_1:   [xilinx-label-all-loops]
    for (int ii = 0; ii < CONFIG_T::n_in; ii++) {
    ^~~
    VITIS_LOOP_323_1: 
/home/pusharma/EF_Tracking/TrackMLTraining_HLS/Jupyter_Notebooks/HLSModels/hls4ml_prjParamEst_Region34_5Hit/ParamEst_NN_prj/solution1/.autopilot/db/ParamEst_NN.pp.0.cpp:56391:5: note: FIX-IT applied suggested code changes
/home/pusharma/EF_Tracking/TrackMLTraining_HLS/Jupyter_Notebooks/HLSModels/hls4ml_prjParamEst_Region34_5Hit/ParamEst_NN_prj/solution1/.autopilot/db/ParamEst_NN.pp.0.cpp:56396:5: warning: Added loop label VITIS_LOOP_328_2:   [xilinx-label-all-loops]
    for (int ii = 0; ii < CONFIG_T::n_in; ii++) {
    ^~~
    VITIS_LOOP_328_2: 
/home/pusharma/EF_Tracking/TrackMLTraining_HLS/Jupyter_Notebooks/HLSModels/hls4ml_prjParamEst_Region34_5Hit/ParamEst_NN_prj/solution1/.autopilot/db/ParamEst_NN.pp.0.cpp:56396:5: note: FIX-IT applied suggested code changes
/home/pusharma/EF_Tracking/TrackMLTraining_HLS/Jupyter_Notebooks/HLSModels/hls4ml_prjParamEst_Region34_5Hit/ParamEst_NN_prj/solution1/.autopilot/db/ParamEst_NN.pp.0.cpp:56397:9: warning: Added loop label VITIS_LOOP_329_3:   [xilinx-label-all-loops]
        for (int jj = 0; jj < CONFIG_T::n_in; jj++) {
        ^~~
        VITIS_LOOP_329_3: 
/home/pusharma/EF_Tracking/TrackMLTraining_HLS/Jupyter_Notebooks/HLSModels/hls4ml_prjParamEst_Region34_5Hit/ParamEst_NN_prj/solution1/.autopilot/db/ParamEst_NN.pp.0.cpp:56397:9: note: FIX-IT applied suggested code changes
/home/pusharma/EF_Tracking/TrackMLTraining_HLS/Jupyter_Notebooks/HLSModels/hls4ml_prjParamEst_Region34_5Hit/ParamEst_NN_prj/solution1/.autopilot/db/ParamEst_NN.pp.0.cpp:56414:5: warning: Added loop label VITIS_LOOP_346_4:   [xilinx-label-all-loops]
    for (int ii = 0; ii < CONFIG_T::n_in; ii++) {
    ^~~
    VITIS_LOOP_346_4: 
/home/pusharma/EF_Tracking/TrackMLTraining_HLS/Jupyter_Notebooks/HLSModels/hls4ml_prjParamEst_Region34_5Hit/ParamEst_NN_prj/solution1/.autopilot/db/ParamEst_NN.pp.0.cpp:56414:5: note: FIX-IT applied suggested code changes
/home/pusharma/EF_Tracking/TrackMLTraining_HLS/Jupyter_Notebooks/HLSModels/hls4ml_prjParamEst_Region34_5Hit/ParamEst_NN_prj/solution1/.autopilot/db/ParamEst_NN.pp.0.cpp:56427:5: warning: Added loop label VITIS_LOOP_359_1:   [xilinx-label-all-loops]
    for (int i = 0; i < CONFIG_T::n_in; i++) {
    ^~~
    VITIS_LOOP_359_1: 
/home/pusharma/EF_Tracking/TrackMLTraining_HLS/Jupyter_Notebooks/HLSModels/hls4ml_prjParamEst_Region34_5Hit/ParamEst_NN_prj/solution1/.autopilot/db/ParamEst_NN.pp.0.cpp:56427:5: note: FIX-IT applied suggested code changes
/home/pusharma/EF_Tracking/TrackMLTraining_HLS/Jupyter_Notebooks/HLSModels/hls4ml_prjParamEst_Region34_5Hit/ParamEst_NN_prj/solution1/.autopilot/db/ParamEst_NN.pp.0.cpp:56435:5: warning: Added loop label VITIS_LOOP_367_2:   [xilinx-label-all-loops]
    for (int i = 1; i < CONFIG_T::n_in; i++) {
    ^~~
    VITIS_LOOP_367_2: 
/home/pusharma/EF_Tracking/TrackMLTraining_HLS/Jupyter_Notebooks/HLSModels/hls4ml_prjParamEst_Region34_5Hit/ParamEst_NN_prj/solution1/.autopilot/db/ParamEst_NN.pp.0.cpp:56435:5: note: FIX-IT applied suggested code changes
/home/pusharma/EF_Tracking/TrackMLTraining_HLS/Jupyter_Notebooks/HLSModels/hls4ml_prjParamEst_Region34_5Hit/ParamEst_NN_prj/solution1/.autopilot/db/ParamEst_NN.pp.0.cpp:56470:5: warning: Added loop label VITIS_LOOP_402_1:   [xilinx-label-all-loops]
    for (int ii = 0; ii < N_TABLE; ii++) {
    ^~~
    VITIS_LOOP_402_1: 
/home/pusharma/EF_Tracking/TrackMLTraining_HLS/Jupyter_Notebooks/HLSModels/hls4ml_prjParamEst_Region34_5Hit/ParamEst_NN_prj/solution1/.autopilot/db/ParamEst_NN.pp.0.cpp:56470:5: note: FIX-IT applied suggested code changes
/home/pusharma/EF_Tracking/TrackMLTraining_HLS/Jupyter_Notebooks/HLSModels/hls4ml_prjParamEst_Region34_5Hit/ParamEst_NN_prj/solution1/.autopilot/db/ParamEst_NN.pp.0.cpp:56500:5: warning: Added loop label VITIS_LOOP_432_1:   [xilinx-label-all-loops]
    for (int ii = 0; ii < CONFIG_T::n_in; ii++) {
    ^~~
    VITIS_LOOP_432_1: 
/home/pusharma/EF_Tracking/TrackMLTraining_HLS/Jupyter_Notebooks/HLSModels/hls4ml_prjParamEst_Region34_5Hit/ParamEst_NN_prj/solution1/.autopilot/db/ParamEst_NN.pp.0.cpp:56500:5: note: FIX-IT applied suggested code changes
/home/pusharma/EF_Tracking/TrackMLTraining_HLS/Jupyter_Notebooks/HLSModels/hls4ml_prjParamEst_Region34_5Hit/ParamEst_NN_prj/solution1/.autopilot/db/ParamEst_NN.pp.0.cpp:56519:2: warning: Added loop label VITIS_LOOP_451_1:   [xilinx-label-all-loops]
 for (int ii = 0; ii < CONFIG_T::n_in; ii++) {
 ^~~
 VITIS_LOOP_451_1: 
/home/pusharma/EF_Tracking/TrackMLTraining_HLS/Jupyter_Notebooks/HLSModels/hls4ml_prjParamEst_Region34_5Hit/ParamEst_NN_prj/solution1/.autopilot/db/ParamEst_NN.pp.0.cpp:56519:2: note: FIX-IT applied suggested code changes
/home/pusharma/EF_Tracking/TrackMLTraining_HLS/Jupyter_Notebooks/HLSModels/hls4ml_prjParamEst_Region34_5Hit/ParamEst_NN_prj/solution1/.autopilot/db/ParamEst_NN.pp.0.cpp:56535:5: warning: Added loop label VITIS_LOOP_467_1:   [xilinx-label-all-loops]
    for (int ii = 0; ii < CONFIG_T::n_in; ii++) {
    ^~~
    VITIS_LOOP_467_1: 
/home/pusharma/EF_Tracking/TrackMLTraining_HLS/Jupyter_Notebooks/HLSModels/hls4ml_prjParamEst_Region34_5Hit/ParamEst_NN_prj/solution1/.autopilot/db/ParamEst_NN.pp.0.cpp:56535:5: note: FIX-IT applied suggested code changes
/home/pusharma/EF_Tracking/TrackMLTraining_HLS/Jupyter_Notebooks/HLSModels/hls4ml_prjParamEst_Region34_5Hit/ParamEst_NN_prj/solution1/.autopilot/db/ParamEst_NN.pp.0.cpp:56553:5: warning: Added loop label VITIS_LOOP_485_1:   [xilinx-label-all-loops]
    for (int ii = 0; ii < CONFIG_T::n_in; ii++) {
    ^~~
    VITIS_LOOP_485_1: 
/home/pusharma/EF_Tracking/TrackMLTraining_HLS/Jupyter_Notebooks/HLSModels/hls4ml_prjParamEst_Region34_5Hit/ParamEst_NN_prj/solution1/.autopilot/db/ParamEst_NN.pp.0.cpp:56553:5: note: FIX-IT applied suggested code changes
/home/pusharma/EF_Tracking/TrackMLTraining_HLS/Jupyter_Notebooks/HLSModels/hls4ml_prjParamEst_Region34_5Hit/ParamEst_NN_prj/solution1/.autopilot/db/ParamEst_NN.pp.0.cpp:56570:5: warning: Added loop label VITIS_LOOP_502_1:   [xilinx-label-all-loops]
    for (int ii = 0; ii < CONFIG_T::n_in; ii++) {
    ^~~
    VITIS_LOOP_502_1: 
/home/pusharma/EF_Tracking/TrackMLTraining_HLS/Jupyter_Notebooks/HLSModels/hls4ml_prjParamEst_Region34_5Hit/ParamEst_NN_prj/solution1/.autopilot/db/ParamEst_NN.pp.0.cpp:56570:5: note: FIX-IT applied suggested code changes
/home/pusharma/EF_Tracking/TrackMLTraining_HLS/Jupyter_Notebooks/HLSModels/hls4ml_prjParamEst_Region34_5Hit/ParamEst_NN_prj/solution1/.autopilot/db/ParamEst_NN.pp.0.cpp:56587:5: warning: Added loop label VITIS_LOOP_519_1:   [xilinx-label-all-loops]
    for (int ii = 0; ii < N_TABLE; ii++) {
    ^~~
    VITIS_LOOP_519_1: 
/home/pusharma/EF_Tracking/TrackMLTraining_HLS/Jupyter_Notebooks/HLSModels/hls4ml_prjParamEst_Region34_5Hit/ParamEst_NN_prj/solution1/.autopilot/db/ParamEst_NN.pp.0.cpp:56587:5: note: FIX-IT applied suggested code changes
/home/pusharma/EF_Tracking/TrackMLTraining_HLS/Jupyter_Notebooks/HLSModels/hls4ml_prjParamEst_Region34_5Hit/ParamEst_NN_prj/solution1/.autopilot/db/ParamEst_NN.pp.0.cpp:56617:5: warning: Added loop label VITIS_LOOP_549_1:   [xilinx-label-all-loops]
    for (int ii = 0; ii < CONFIG_T::n_in; ii++) {
    ^~~
    VITIS_LOOP_549_1: 
/home/pusharma/EF_Tracking/TrackMLTraining_HLS/Jupyter_Notebooks/HLSModels/hls4ml_prjParamEst_Region34_5Hit/ParamEst_NN_prj/solution1/.autopilot/db/ParamEst_NN.pp.0.cpp:56617:5: note: FIX-IT applied suggested code changes
/home/pusharma/EF_Tracking/TrackMLTraining_HLS/Jupyter_Notebooks/HLSModels/hls4ml_prjParamEst_Region34_5Hit/ParamEst_NN_prj/solution1/.autopilot/db/ParamEst_NN.pp.0.cpp:56636:5: warning: Added loop label VITIS_LOOP_568_1:   [xilinx-label-all-loops]
    for (int ii = 0; ii < N_TABLE; ii++) {
    ^~~
    VITIS_LOOP_568_1: 
/home/pusharma/EF_Tracking/TrackMLTraining_HLS/Jupyter_Notebooks/HLSModels/hls4ml_prjParamEst_Region34_5Hit/ParamEst_NN_prj/solution1/.autopilot/db/ParamEst_NN.pp.0.cpp:56636:5: note: FIX-IT applied suggested code changes
/home/pusharma/EF_Tracking/TrackMLTraining_HLS/Jupyter_Notebooks/HLSModels/hls4ml_prjParamEst_Region34_5Hit/ParamEst_NN_prj/solution1/.autopilot/db/ParamEst_NN.pp.0.cpp:56666:5: warning: Added loop label VITIS_LOOP_598_1:   [xilinx-label-all-loops]
    for (int ii = 0; ii < CONFIG_T::n_in; ii++) {
    ^~~
    VITIS_LOOP_598_1: 
/home/pusharma/EF_Tracking/TrackMLTraining_HLS/Jupyter_Notebooks/HLSModels/hls4ml_prjParamEst_Region34_5Hit/ParamEst_NN_prj/solution1/.autopilot/db/ParamEst_NN.pp.0.cpp:56666:5: note: FIX-IT applied suggested code changes
/home/pusharma/EF_Tracking/TrackMLTraining_HLS/Jupyter_Notebooks/HLSModels/hls4ml_prjParamEst_Region34_5Hit/ParamEst_NN_prj/solution1/.autopilot/db/ParamEst_NN.pp.0.cpp:56685:5: warning: Added loop label VITIS_LOOP_617_1:   [xilinx-label-all-loops]
    for (int ii = 0; ii < N_TABLE; ii++) {
    ^~~
    VITIS_LOOP_617_1: 
/home/pusharma/EF_Tracking/TrackMLTraining_HLS/Jupyter_Notebooks/HLSModels/hls4ml_prjParamEst_Region34_5Hit/ParamEst_NN_prj/solution1/.autopilot/db/ParamEst_NN.pp.0.cpp:56685:5: note: FIX-IT applied suggested code changes
/home/pusharma/EF_Tracking/TrackMLTraining_HLS/Jupyter_Notebooks/HLSModels/hls4ml_prjParamEst_Region34_5Hit/ParamEst_NN_prj/solution1/.autopilot/db/ParamEst_NN.pp.0.cpp:56715:5: warning: Added loop label VITIS_LOOP_647_1:   [xilinx-label-all-loops]
    for (int ii = 0; ii < CONFIG_T::n_in; ii++) {
    ^~~
    VITIS_LOOP_647_1: 
/home/pusharma/EF_Tracking/TrackMLTraining_HLS/Jupyter_Notebooks/HLSModels/hls4ml_prjParamEst_Region34_5Hit/ParamEst_NN_prj/solution1/.autopilot/db/ParamEst_NN.pp.0.cpp:56715:5: note: FIX-IT applied suggested code changes
/home/pusharma/EF_Tracking/TrackMLTraining_HLS/Jupyter_Notebooks/HLSModels/hls4ml_prjParamEst_Region34_5Hit/ParamEst_NN_prj/solution1/.autopilot/db/ParamEst_NN.pp.0.cpp:56742:5: warning: Added loop label VITIS_LOOP_674_1:   [xilinx-label-all-loops]
    for (int ii = 0; ii < N_TABLE; ii++) {
    ^~~
    VITIS_LOOP_674_1: 
/home/pusharma/EF_Tracking/TrackMLTraining_HLS/Jupyter_Notebooks/HLSModels/hls4ml_prjParamEst_Region34_5Hit/ParamEst_NN_prj/solution1/.autopilot/db/ParamEst_NN.pp.0.cpp:56742:5: note: FIX-IT applied suggested code changes
/home/pusharma/EF_Tracking/TrackMLTraining_HLS/Jupyter_Notebooks/HLSModels/hls4ml_prjParamEst_Region34_5Hit/ParamEst_NN_prj/solution1/.autopilot/db/ParamEst_NN.pp.0.cpp:56771:5: warning: Added loop label VITIS_LOOP_703_1:   [xilinx-label-all-loops]
    for (int ii = 0; ii < CONFIG_T::n_in; ii++) {
    ^~~
    VITIS_LOOP_703_1: 
/home/pusharma/EF_Tracking/TrackMLTraining_HLS/Jupyter_Notebooks/HLSModels/hls4ml_prjParamEst_Region34_5Hit/ParamEst_NN_prj/solution1/.autopilot/db/ParamEst_NN.pp.0.cpp:56771:5: note: FIX-IT applied suggested code changes
/home/pusharma/EF_Tracking/TrackMLTraining_HLS/Jupyter_Notebooks/HLSModels/hls4ml_prjParamEst_Region34_5Hit/ParamEst_NN_prj/solution1/.autopilot/db/ParamEst_NN.pp.0.cpp:56792:5: warning: Added loop label VITIS_LOOP_724_1:   [xilinx-label-all-loops]
    for (int ii = 0; ii < CONFIG_T::n_in; ii++) {
    ^~~
    VITIS_LOOP_724_1: 
/home/pusharma/EF_Tracking/TrackMLTraining_HLS/Jupyter_Notebooks/HLSModels/hls4ml_prjParamEst_Region34_5Hit/ParamEst_NN_prj/solution1/.autopilot/db/ParamEst_NN.pp.0.cpp:56792:5: note: FIX-IT applied suggested code changes
/home/pusharma/EF_Tracking/TrackMLTraining_HLS/Jupyter_Notebooks/HLSModels/hls4ml_prjParamEst_Region34_5Hit/ParamEst_NN_prj/solution1/.autopilot/db/ParamEst_NN.pp.0.cpp:56810:5: warning: Added loop label VITIS_LOOP_742_1:   [xilinx-label-all-loops]
    for (int ii = 0; ii < CONFIG_T::n_in; ii++) {
    ^~~
    VITIS_LOOP_742_1: 
/home/pusharma/EF_Tracking/TrackMLTraining_HLS/Jupyter_Notebooks/HLSModels/hls4ml_prjParamEst_Region34_5Hit/ParamEst_NN_prj/solution1/.autopilot/db/ParamEst_NN.pp.0.cpp:56810:5: note: FIX-IT applied suggested code changes
/home/pusharma/EF_Tracking/TrackMLTraining_HLS/Jupyter_Notebooks/HLSModels/hls4ml_prjParamEst_Region34_5Hit/ParamEst_NN_prj/solution1/.autopilot/db/ParamEst_NN.pp.0.cpp:56830:5: warning: Added loop label VITIS_LOOP_762_1:   [xilinx-label-all-loops]
    for (int ii = 0; ii < CONFIG_T::n_in; ii++) {
    ^~~
    VITIS_LOOP_762_1: 
/home/pusharma/EF_Tracking/TrackMLTraining_HLS/Jupyter_Notebooks/HLSModels/hls4ml_prjParamEst_Region34_5Hit/ParamEst_NN_prj/solution1/.autopilot/db/ParamEst_NN.pp.0.cpp:56830:5: note: FIX-IT applied suggested code changes
/home/pusharma/EF_Tracking/TrackMLTraining_HLS/Jupyter_Notebooks/HLSModels/hls4ml_prjParamEst_Region34_5Hit/ParamEst_NN_prj/solution1/.autopilot/db/ParamEst_NN.pp.0.cpp:56926:9: warning: Added loop label VITIS_LOOP_73_1:   [xilinx-label-all-loops]
        for (int i = 0; i < N / data_T::size; i++) {
        ^~~
        VITIS_LOOP_73_1: 
/home/pusharma/EF_Tracking/TrackMLTraining_HLS/Jupyter_Notebooks/HLSModels/hls4ml_prjParamEst_Region34_5Hit/ParamEst_NN_prj/solution1/.autopilot/db/ParamEst_NN.pp.0.cpp:56926:9: note: FIX-IT applied suggested code changes
/home/pusharma/EF_Tracking/TrackMLTraining_HLS/Jupyter_Notebooks/HLSModels/hls4ml_prjParamEst_Region34_5Hit/ParamEst_NN_prj/solution1/.autopilot/db/ParamEst_NN.pp.0.cpp:56933:13: warning: Added loop label VITIS_LOOP_80_2:   [xilinx-label-all-loops]
            for (int j = 0; j < data_T::size; j++) {
            ^~~
            VITIS_LOOP_80_2: 
/home/pusharma/EF_Tracking/TrackMLTraining_HLS/Jupyter_Notebooks/HLSModels/hls4ml_prjParamEst_Region34_5Hit/ParamEst_NN_prj/solution1/.autopilot/db/ParamEst_NN.pp.0.cpp:56933:13: note: FIX-IT applied suggested code changes
/home/pusharma/EF_Tracking/TrackMLTraining_HLS/Jupyter_Notebooks/HLSModels/hls4ml_prjParamEst_Region34_5Hit/ParamEst_NN_prj/solution1/.autopilot/db/ParamEst_NN.pp.0.cpp:56942:9: warning: Added loop label VITIS_LOOP_89_3:   [xilinx-label-all-loops]
        for (int i = 0; i < N / data_T::size; i++) {
        ^~~
        VITIS_LOOP_89_3: 
/home/pusharma/EF_Tracking/TrackMLTraining_HLS/Jupyter_Notebooks/HLSModels/hls4ml_prjParamEst_Region34_5Hit/ParamEst_NN_prj/solution1/.autopilot/db/ParamEst_NN.pp.0.cpp:56942:9: note: FIX-IT applied suggested code changes
/home/pusharma/EF_Tracking/TrackMLTraining_HLS/Jupyter_Notebooks/HLSModels/hls4ml_prjParamEst_Region34_5Hit/ParamEst_NN_prj/solution1/.autopilot/db/ParamEst_NN.pp.0.cpp:56951:13: warning: Added loop label VITIS_LOOP_98_4:   [xilinx-label-all-loops]
            for (int j = 0; j < pack_diff; j++) {
            ^~~
            VITIS_LOOP_98_4: 
/home/pusharma/EF_Tracking/TrackMLTraining_HLS/Jupyter_Notebooks/HLSModels/hls4ml_prjParamEst_Region34_5Hit/ParamEst_NN_prj/solution1/.autopilot/db/ParamEst_NN.pp.0.cpp:56951:13: note: FIX-IT applied suggested code changes
/home/pusharma/EF_Tracking/TrackMLTraining_HLS/Jupyter_Notebooks/HLSModels/hls4ml_prjParamEst_Region34_5Hit/ParamEst_NN_prj/solution1/.autopilot/db/ParamEst_NN.pp.0.cpp:56955:17: warning: Added loop label VITIS_LOOP_102_5:   [xilinx-label-all-loops]
                for (int k = 0; k < res_T::size; k++) {
                ^~~
                VITIS_LOOP_102_5: 
/home/pusharma/EF_Tracking/TrackMLTraining_HLS/Jupyter_Notebooks/HLSModels/hls4ml_prjParamEst_Region34_5Hit/ParamEst_NN_prj/solution1/.autopilot/db/ParamEst_NN.pp.0.cpp:56955:17: note: FIX-IT applied suggested code changes
/home/pusharma/EF_Tracking/TrackMLTraining_HLS/Jupyter_Notebooks/HLSModels/hls4ml_prjParamEst_Region34_5Hit/ParamEst_NN_prj/solution1/.autopilot/db/ParamEst_NN.pp.0.cpp:56966:9: warning: Added loop label VITIS_LOOP_113_6:   [xilinx-label-all-loops]
        for (int i = 0; i < N / data_T::size; i++) {
        ^~~
        VITIS_LOOP_113_6: 
/home/pusharma/EF_Tracking/TrackMLTraining_HLS/Jupyter_Notebooks/HLSModels/hls4ml_prjParamEst_Region34_5Hit/ParamEst_NN_prj/solution1/.autopilot/db/ParamEst_NN.pp.0.cpp:56966:9: note: FIX-IT applied suggested code changes
/home/pusharma/EF_Tracking/TrackMLTraining_HLS/Jupyter_Notebooks/HLSModels/hls4ml_prjParamEst_Region34_5Hit/ParamEst_NN_prj/solution1/.autopilot/db/ParamEst_NN.pp.0.cpp:56970:13: warning: Added loop label VITIS_LOOP_117_7:   [xilinx-label-all-loops]
            for (int j = 0; j < data_T::size; j++) {
            ^~~
            VITIS_LOOP_117_7: 
/home/pusharma/EF_Tracking/TrackMLTraining_HLS/Jupyter_Notebooks/HLSModels/hls4ml_prjParamEst_Region34_5Hit/ParamEst_NN_prj/solution1/.autopilot/db/ParamEst_NN.pp.0.cpp:56970:13: note: FIX-IT applied suggested code changes
/home/pusharma/EF_Tracking/TrackMLTraining_HLS/Jupyter_Notebooks/HLSModels/hls4ml_prjParamEst_Region34_5Hit/ParamEst_NN_prj/solution1/.autopilot/db/ParamEst_NN.pp.0.cpp:56994:9: warning: Added loop label VITIS_LOOP_141_1:   [xilinx-label-all-loops]
        for (int j = 0; j < n_dupl; j++) {
        ^~~
        VITIS_LOOP_141_1: 
/home/pusharma/EF_Tracking/TrackMLTraining_HLS/Jupyter_Notebooks/HLSModels/hls4ml_prjParamEst_Region34_5Hit/ParamEst_NN_prj/solution1/.autopilot/db/ParamEst_NN.pp.0.cpp:56994:9: note: FIX-IT applied suggested code changes
/home/pusharma/EF_Tracking/TrackMLTraining_HLS/Jupyter_Notebooks/HLSModels/hls4ml_prjParamEst_Region34_5Hit/ParamEst_NN_prj/solution1/.autopilot/db/ParamEst_NN.pp.0.cpp:56998:13: warning: Added loop label VITIS_LOOP_145_2:   [xilinx-label-all-loops]
            for (int k = 0; k < res_T::size; k++) {
            ^~~
            VITIS_LOOP_145_2: 
/home/pusharma/EF_Tracking/TrackMLTraining_HLS/Jupyter_Notebooks/HLSModels/hls4ml_prjParamEst_Region34_5Hit/ParamEst_NN_prj/solution1/.autopilot/db/ParamEst_NN.pp.0.cpp:56998:13: note: FIX-IT applied suggested code changes
/home/pusharma/EF_Tracking/TrackMLTraining_HLS/Jupyter_Notebooks/HLSModels/hls4ml_prjParamEst_Region34_5Hit/ParamEst_NN_prj/solution1/.autopilot/db/ParamEst_NN.pp.0.cpp:57017:9: warning: Added loop label VITIS_LOOP_164_1:   [xilinx-label-all-loops]
        for (int k = 0; k < res_T::size; k++) {
        ^~~
        VITIS_LOOP_164_1: 
/home/pusharma/EF_Tracking/TrackMLTraining_HLS/Jupyter_Notebooks/HLSModels/hls4ml_prjParamEst_Region34_5Hit/ParamEst_NN_prj/solution1/.autopilot/db/ParamEst_NN.pp.0.cpp:57017:9: note: FIX-IT applied suggested code changes
/home/pusharma/EF_Tracking/TrackMLTraining_HLS/Jupyter_Notebooks/HLSModels/hls4ml_prjParamEst_Region34_5Hit/ParamEst_NN_prj/solution1/.autopilot/db/ParamEst_NN.pp.0.cpp:57040:2: warning: Added loop label VITIS_LOOP_187_1:   [xilinx-label-all-loops]
 for (int i = 0; i < CONFIG_T::height * CONFIG_T::width / data_T::size; i++) {
 ^~~
 VITIS_LOOP_187_1: 
/home/pusharma/EF_Tracking/TrackMLTraining_HLS/Jupyter_Notebooks/HLSModels/hls4ml_prjParamEst_Region34_5Hit/ParamEst_NN_prj/solution1/.autopilot/db/ParamEst_NN.pp.0.cpp:57040:2: note: FIX-IT applied suggested code changes
/home/pusharma/EF_Tracking/TrackMLTraining_HLS/Jupyter_Notebooks/HLSModels/hls4ml_prjParamEst_Region34_5Hit/ParamEst_NN_prj/solution1/.autopilot/db/ParamEst_NN.pp.0.cpp:57043:9: warning: Added loop label VITIS_LOOP_190_2:   [xilinx-label-all-loops]
        for (int j = 0; j < data_T::size; j++) {
        ^~~
        VITIS_LOOP_190_2: 
/home/pusharma/EF_Tracking/TrackMLTraining_HLS/Jupyter_Notebooks/HLSModels/hls4ml_prjParamEst_Region34_5Hit/ParamEst_NN_prj/solution1/.autopilot/db/ParamEst_NN.pp.0.cpp:57043:9: note: FIX-IT applied suggested code changes
/home/pusharma/EF_Tracking/TrackMLTraining_HLS/Jupyter_Notebooks/HLSModels/hls4ml_prjParamEst_Region34_5Hit/ParamEst_NN_prj/solution1/.autopilot/db/ParamEst_NN.pp.0.cpp:57048:5: warning: Added loop label VITIS_LOOP_195_3:   [xilinx-label-all-loops]
    for (int i = 0; i < CONFIG_T::height * CONFIG_T::width / res_T::size; i++) {
    ^~~
    VITIS_LOOP_195_3: 
/home/pusharma/EF_Tracking/TrackMLTraining_HLS/Jupyter_Notebooks/HLSModels/hls4ml_prjParamEst_Region34_5Hit/ParamEst_NN_prj/solution1/.autopilot/db/ParamEst_NN.pp.0.cpp:57048:5: note: FIX-IT applied suggested code changes
/home/pusharma/EF_Tracking/TrackMLTraining_HLS/Jupyter_Notebooks/HLSModels/hls4ml_prjParamEst_Region34_5Hit/ParamEst_NN_prj/solution1/.autopilot/db/ParamEst_NN.pp.0.cpp:57052:9: warning: Added loop label VITIS_LOOP_199_4:   [xilinx-label-all-loops]
        for (int j = 0; j < res_T::size; j++) {
        ^~~
        VITIS_LOOP_199_4: 
/home/pusharma/EF_Tracking/TrackMLTraining_HLS/Jupyter_Notebooks/HLSModels/hls4ml_prjParamEst_Region34_5Hit/ParamEst_NN_prj/solution1/.autopilot/db/ParamEst_NN.pp.0.cpp:57052:9: note: FIX-IT applied suggested code changes
/home/pusharma/EF_Tracking/TrackMLTraining_HLS/Jupyter_Notebooks/HLSModels/hls4ml_prjParamEst_Region34_5Hit/ParamEst_NN_prj/solution1/.autopilot/db/ParamEst_NN.pp.0.cpp:57266:9: warning: Added loop label VITIS_LOOP_213_1:   [xilinx-label-all-loops]
        for (unsigned j = 0; j < data_T::size; j++) {
        ^~~
        VITIS_LOOP_213_1: 
/home/pusharma/EF_Tracking/TrackMLTraining_HLS/Jupyter_Notebooks/HLSModels/hls4ml_prjParamEst_Region34_5Hit/ParamEst_NN_prj/solution1/.autopilot/db/ParamEst_NN.pp.0.cpp:57266:9: note: FIX-IT applied suggested code changes
/home/pusharma/EF_Tracking/TrackMLTraining_HLS/Jupyter_Notebooks/HLSModels/hls4ml_prjParamEst_Region34_5Hit/ParamEst_NN_prj/solution1/.autopilot/db/ParamEst_NN.pp.0.cpp:57275:9: warning: Added loop label VITIS_LOOP_222_2:   [xilinx-label-all-loops]
        for (unsigned j = 0; j < data_T::size; j++) {
        ^~~
        VITIS_LOOP_222_2: 
/home/pusharma/EF_Tracking/TrackMLTraining_HLS/Jupyter_Notebooks/HLSModels/hls4ml_prjParamEst_Region34_5Hit/ParamEst_NN_prj/solution1/.autopilot/db/ParamEst_NN.pp.0.cpp:57275:9: note: FIX-IT applied suggested code changes
/home/pusharma/EF_Tracking/TrackMLTraining_HLS/Jupyter_Notebooks/HLSModels/hls4ml_prjParamEst_Region34_5Hit/ParamEst_NN_prj/solution1/.autopilot/db/ParamEst_NN.pp.0.cpp:57381:5: warning: Added loop label VITIS_LOOP_328_1:   [xilinx-label-all-loops]
    for (int i = 0; i < CONFIG_T::n_in / res_T::size; i++) {
    ^~~
    VITIS_LOOP_328_1: 
/home/pusharma/EF_Tracking/TrackMLTraining_HLS/Jupyter_Notebooks/HLSModels/hls4ml_prjParamEst_Region34_5Hit/ParamEst_NN_prj/solution1/.autopilot/db/ParamEst_NN.pp.0.cpp:57381:5: note: FIX-IT applied suggested code changes
/home/pusharma/EF_Tracking/TrackMLTraining_HLS/Jupyter_Notebooks/HLSModels/hls4ml_prjParamEst_Region34_5Hit/ParamEst_NN_prj/solution1/.autopilot/db/ParamEst_NN.pp.0.cpp:57386:9: warning: Added loop label VITIS_LOOP_333_2:   [xilinx-label-all-loops]
        for (int i = 0; i < res_T::size; i++) {
        ^~~
        VITIS_LOOP_333_2: 
/home/pusharma/EF_Tracking/TrackMLTraining_HLS/Jupyter_Notebooks/HLSModels/hls4ml_prjParamEst_Region34_5Hit/ParamEst_NN_prj/solution1/.autopilot/db/ParamEst_NN.pp.0.cpp:57386:9: note: FIX-IT applied suggested code changes
/home/pusharma/EF_Tracking/TrackMLTraining_HLS/Jupyter_Notebooks/HLSModels/hls4ml_prjParamEst_Region34_5Hit/ParamEst_NN_prj/solution1/.autopilot/db/ParamEst_NN.pp.0.cpp:57394:9: warning: Added loop label VITIS_LOOP_341_3:   [xilinx-label-all-loops]
        for (int i = 1; i < res_T::size; i++) {
        ^~~
        VITIS_LOOP_341_3: 
/home/pusharma/EF_Tracking/TrackMLTraining_HLS/Jupyter_Notebooks/HLSModels/hls4ml_prjParamEst_Region34_5Hit/ParamEst_NN_prj/solution1/.autopilot/db/ParamEst_NN.pp.0.cpp:57394:9: note: FIX-IT applied suggested code changes
/home/pusharma/EF_Tracking/TrackMLTraining_HLS/Jupyter_Notebooks/HLSModels/hls4ml_prjParamEst_Region34_5Hit/ParamEst_NN_prj/solution1/.autopilot/db/ParamEst_NN.pp.0.cpp:58407:5: warning: Added loop label VITIS_LOOP_88_1:   [xilinx-label-all-loops]
    for (int ii = 0; ii < CONFIG_T::n_in; ii++) {
    ^~~
    VITIS_LOOP_88_1: 
/home/pusharma/EF_Tracking/TrackMLTraining_HLS/Jupyter_Notebooks/HLSModels/hls4ml_prjParamEst_Region34_5Hit/ParamEst_NN_prj/solution1/.autopilot/db/ParamEst_NN.pp.0.cpp:58407:5: note: FIX-IT applied suggested code changes
/home/pusharma/EF_Tracking/TrackMLTraining_HLS/Jupyter_Notebooks/HLSModels/hls4ml_prjParamEst_Region34_5Hit/ParamEst_NN_prj/solution1/.autopilot/db/ParamEst_NN.pp.0.cpp:58427:5: warning: Added loop label VITIS_LOOP_108_1:   [xilinx-label-all-loops]
    for (int ii = 0; ii < CONFIG_T::n_in; ii++) {
    ^~~
    VITIS_LOOP_108_1: 
/home/pusharma/EF_Tracking/TrackMLTraining_HLS/Jupyter_Notebooks/HLSModels/hls4ml_prjParamEst_Region34_5Hit/ParamEst_NN_prj/solution1/.autopilot/db/ParamEst_NN.pp.0.cpp:58427:5: note: FIX-IT applied suggested code changes
/home/pusharma/EF_Tracking/TrackMLTraining_HLS/Jupyter_Notebooks/HLSModels/hls4ml_prjParamEst_Region34_5Hit/ParamEst_NN_prj/solution1/.autopilot/db/ParamEst_NN.pp.0.cpp:58582:5: warning: Added loop label VITIS_LOOP_14_1:   [xilinx-label-all-loops]
    for (unsigned k = 0; k < CONFIG_T::n_out; k++) {
    ^~~
    VITIS_LOOP_14_1: 
/home/pusharma/EF_Tracking/TrackMLTraining_HLS/Jupyter_Notebooks/HLSModels/hls4ml_prjParamEst_Region34_5Hit/ParamEst_NN_prj/solution1/.autopilot/db/ParamEst_NN.pp.0.cpp:58582:5: note: FIX-IT applied suggested code changes
/home/pusharma/EF_Tracking/TrackMLTraining_HLS/Jupyter_Notebooks/HLSModels/hls4ml_prjParamEst_Region34_5Hit/ParamEst_NN_prj/solution1/.autopilot/db/ParamEst_NN.pp.0.cpp:58642:9: warning: Added loop label VITIS_LOOP_74_1:   [xilinx-label-all-loops]
        for (int im = 0; im < CONFIG_T::n_out; im++) {
        ^~~
        VITIS_LOOP_74_1: 
/home/pusharma/EF_Tracking/TrackMLTraining_HLS/Jupyter_Notebooks/HLSModels/hls4ml_prjParamEst_Region34_5Hit/ParamEst_NN_prj/solution1/.autopilot/db/ParamEst_NN.pp.0.cpp:58642:9: note: FIX-IT applied suggested code changes
