

================================================================
== Vitis HLS Report for 'relu_ap_fixed_ap_ufixed_16_0_4_0_0_PARAMEST_NN_relu_config11_s'
================================================================
* Date:           Sun Apr 13 13:12:09 2025

* Version:        2023.1 (Build 3854077 on May  4 2023)
* Project:        ParamEst_NN_prj
* Solution:       solution1 (Vivado IP Flow Target)
* Product family: virtexuplus
* Target device:  xcu250-figd2104-2L-e


================================================================
== Performance Estimates
================================================================
+ Timing: 
    * Summary: 
    +--------+---------+----------+------------+
    |  Clock |  Target | Estimated| Uncertainty|
    +--------+---------+----------+------------+
    |ap_clk  |  5.00 ns|  1.028 ns|     0.62 ns|
    +--------+---------+----------+------------+

+ Latency: 
    * Summary: 
    +---------+---------+----------+----------+-----+-----+---------+
    |  Latency (cycles) |  Latency (absolute) |  Interval | Pipeline|
    |   min   |   max   |    min   |    max   | min | max |   Type  |
    +---------+---------+----------+----------+-----+-----+---------+
    |        0|        0|      0 ns|      0 ns|    1|    1|      yes|
    +---------+---------+----------+----------+-----+-----+---------+

    + Detail: 
        * Instance: 
        N/A

        * Loop: 
        N/A

============================================================
+ Verbose Summary: Synthesis Manager
============================================================
InlineROM: 1
ExposeGlobal: 0
============================================================
+ Verbose Summary: CDFG Model
============================================================
IsTopModel: 0
ResetActiveHigh: 1
IsCombinational: 0
IsDatapathOnly: 0
HasWiredReturn: 1
HasMFsm: 2
HasVarLatency: 0
IsPipeline: 1
IsRtlPipelined: 0
IsInstanceOverlapped: 0
IsDontTouch: 0
HasImplIP: 0
IsGatedGlobalClock: 0

+ Individual pipeline summary: 
  * Pipeline-0: initiation interval (II) = 1, depth = 1


============================================================
+ Verbose Summary: Schedule
============================================================
* Number of FSM states : 1
* Pipeline : 1
  Pipeline-0 : II = 1, D = 1, States = { 1 }
* Dataflow Pipeline: 0

* FSM state transitions: 
1 --> 

* FSM state operations: 

State 1 <SV = 0> <Delay = 1.02>
ST_1 : Operation 2 [1/1] (0.00ns)   --->   "%specpipeline_ln43 = specpipeline void @_ssdm_op_SpecPipeline, i32 4294967295, i32 0, i32 0, i32 0, void @empty_0" [firmware/nnet_utils/nnet_activation.h:43]   --->   Operation 2 'specpipeline' 'specpipeline_ln43' <Predicate = true> <Delay = 0.00>
ST_1 : Operation 3 [1/1] (0.00ns)   --->   "%data_31_val_read = read i16 @_ssdm_op_Read.ap_auto.i16, i16 %data_31_val" [firmware/nnet_utils/nnet_activation.h:42]   --->   Operation 3 'read' 'data_31_val_read' <Predicate = true> <Delay = 0.00>
ST_1 : Operation 4 [1/1] (0.00ns)   --->   "%data_30_val_read = read i16 @_ssdm_op_Read.ap_auto.i16, i16 %data_30_val" [firmware/nnet_utils/nnet_activation.h:42]   --->   Operation 4 'read' 'data_30_val_read' <Predicate = true> <Delay = 0.00>
ST_1 : Operation 5 [1/1] (0.00ns)   --->   "%data_29_val_read = read i16 @_ssdm_op_Read.ap_auto.i16, i16 %data_29_val" [firmware/nnet_utils/nnet_activation.h:42]   --->   Operation 5 'read' 'data_29_val_read' <Predicate = true> <Delay = 0.00>
ST_1 : Operation 6 [1/1] (0.00ns)   --->   "%data_28_val_read = read i16 @_ssdm_op_Read.ap_auto.i16, i16 %data_28_val" [firmware/nnet_utils/nnet_activation.h:42]   --->   Operation 6 'read' 'data_28_val_read' <Predicate = true> <Delay = 0.00>
ST_1 : Operation 7 [1/1] (0.00ns)   --->   "%data_27_val_read = read i16 @_ssdm_op_Read.ap_auto.i16, i16 %data_27_val" [firmware/nnet_utils/nnet_activation.h:42]   --->   Operation 7 'read' 'data_27_val_read' <Predicate = true> <Delay = 0.00>
ST_1 : Operation 8 [1/1] (0.00ns)   --->   "%data_26_val_read = read i16 @_ssdm_op_Read.ap_auto.i16, i16 %data_26_val" [firmware/nnet_utils/nnet_activation.h:42]   --->   Operation 8 'read' 'data_26_val_read' <Predicate = true> <Delay = 0.00>
ST_1 : Operation 9 [1/1] (0.00ns)   --->   "%data_25_val_read = read i16 @_ssdm_op_Read.ap_auto.i16, i16 %data_25_val" [firmware/nnet_utils/nnet_activation.h:42]   --->   Operation 9 'read' 'data_25_val_read' <Predicate = true> <Delay = 0.00>
ST_1 : Operation 10 [1/1] (0.00ns)   --->   "%data_24_val_read = read i16 @_ssdm_op_Read.ap_auto.i16, i16 %data_24_val" [firmware/nnet_utils/nnet_activation.h:42]   --->   Operation 10 'read' 'data_24_val_read' <Predicate = true> <Delay = 0.00>
ST_1 : Operation 11 [1/1] (0.00ns)   --->   "%data_23_val_read = read i16 @_ssdm_op_Read.ap_auto.i16, i16 %data_23_val" [firmware/nnet_utils/nnet_activation.h:42]   --->   Operation 11 'read' 'data_23_val_read' <Predicate = true> <Delay = 0.00>
ST_1 : Operation 12 [1/1] (0.00ns)   --->   "%data_22_val_read = read i16 @_ssdm_op_Read.ap_auto.i16, i16 %data_22_val" [firmware/nnet_utils/nnet_activation.h:42]   --->   Operation 12 'read' 'data_22_val_read' <Predicate = true> <Delay = 0.00>
ST_1 : Operation 13 [1/1] (0.00ns)   --->   "%data_21_val_read = read i16 @_ssdm_op_Read.ap_auto.i16, i16 %data_21_val" [firmware/nnet_utils/nnet_activation.h:42]   --->   Operation 13 'read' 'data_21_val_read' <Predicate = true> <Delay = 0.00>
ST_1 : Operation 14 [1/1] (0.00ns)   --->   "%data_20_val_read = read i16 @_ssdm_op_Read.ap_auto.i16, i16 %data_20_val" [firmware/nnet_utils/nnet_activation.h:42]   --->   Operation 14 'read' 'data_20_val_read' <Predicate = true> <Delay = 0.00>
ST_1 : Operation 15 [1/1] (0.00ns)   --->   "%data_19_val_read = read i16 @_ssdm_op_Read.ap_auto.i16, i16 %data_19_val" [firmware/nnet_utils/nnet_activation.h:42]   --->   Operation 15 'read' 'data_19_val_read' <Predicate = true> <Delay = 0.00>
ST_1 : Operation 16 [1/1] (0.00ns)   --->   "%data_18_val_read = read i16 @_ssdm_op_Read.ap_auto.i16, i16 %data_18_val" [firmware/nnet_utils/nnet_activation.h:42]   --->   Operation 16 'read' 'data_18_val_read' <Predicate = true> <Delay = 0.00>
ST_1 : Operation 17 [1/1] (0.00ns)   --->   "%data_17_val_read = read i16 @_ssdm_op_Read.ap_auto.i16, i16 %data_17_val" [firmware/nnet_utils/nnet_activation.h:42]   --->   Operation 17 'read' 'data_17_val_read' <Predicate = true> <Delay = 0.00>
ST_1 : Operation 18 [1/1] (0.00ns)   --->   "%data_16_val_read = read i16 @_ssdm_op_Read.ap_auto.i16, i16 %data_16_val" [firmware/nnet_utils/nnet_activation.h:42]   --->   Operation 18 'read' 'data_16_val_read' <Predicate = true> <Delay = 0.00>
ST_1 : Operation 19 [1/1] (0.00ns)   --->   "%data_15_val_read = read i16 @_ssdm_op_Read.ap_auto.i16, i16 %data_15_val" [firmware/nnet_utils/nnet_activation.h:42]   --->   Operation 19 'read' 'data_15_val_read' <Predicate = true> <Delay = 0.00>
ST_1 : Operation 20 [1/1] (0.00ns)   --->   "%data_14_val_read = read i16 @_ssdm_op_Read.ap_auto.i16, i16 %data_14_val" [firmware/nnet_utils/nnet_activation.h:42]   --->   Operation 20 'read' 'data_14_val_read' <Predicate = true> <Delay = 0.00>
ST_1 : Operation 21 [1/1] (0.00ns)   --->   "%data_13_val_read = read i16 @_ssdm_op_Read.ap_auto.i16, i16 %data_13_val" [firmware/nnet_utils/nnet_activation.h:42]   --->   Operation 21 'read' 'data_13_val_read' <Predicate = true> <Delay = 0.00>
ST_1 : Operation 22 [1/1] (0.00ns)   --->   "%data_12_val_read = read i16 @_ssdm_op_Read.ap_auto.i16, i16 %data_12_val" [firmware/nnet_utils/nnet_activation.h:42]   --->   Operation 22 'read' 'data_12_val_read' <Predicate = true> <Delay = 0.00>
ST_1 : Operation 23 [1/1] (0.00ns)   --->   "%data_10_val_read = read i16 @_ssdm_op_Read.ap_auto.i16, i16 %data_10_val" [firmware/nnet_utils/nnet_activation.h:42]   --->   Operation 23 'read' 'data_10_val_read' <Predicate = true> <Delay = 0.00>
ST_1 : Operation 24 [1/1] (0.00ns)   --->   "%data_9_val_read = read i16 @_ssdm_op_Read.ap_auto.i16, i16 %data_9_val" [firmware/nnet_utils/nnet_activation.h:42]   --->   Operation 24 'read' 'data_9_val_read' <Predicate = true> <Delay = 0.00>
ST_1 : Operation 25 [1/1] (0.00ns)   --->   "%data_8_val_read = read i16 @_ssdm_op_Read.ap_auto.i16, i16 %data_8_val" [firmware/nnet_utils/nnet_activation.h:42]   --->   Operation 25 'read' 'data_8_val_read' <Predicate = true> <Delay = 0.00>
ST_1 : Operation 26 [1/1] (0.00ns)   --->   "%data_7_val_read = read i16 @_ssdm_op_Read.ap_auto.i16, i16 %data_7_val" [firmware/nnet_utils/nnet_activation.h:42]   --->   Operation 26 'read' 'data_7_val_read' <Predicate = true> <Delay = 0.00>
ST_1 : Operation 27 [1/1] (0.00ns)   --->   "%data_6_val_read = read i16 @_ssdm_op_Read.ap_auto.i16, i16 %data_6_val" [firmware/nnet_utils/nnet_activation.h:42]   --->   Operation 27 'read' 'data_6_val_read' <Predicate = true> <Delay = 0.00>
ST_1 : Operation 28 [1/1] (0.00ns)   --->   "%data_5_val_read = read i16 @_ssdm_op_Read.ap_auto.i16, i16 %data_5_val" [firmware/nnet_utils/nnet_activation.h:42]   --->   Operation 28 'read' 'data_5_val_read' <Predicate = true> <Delay = 0.00>
ST_1 : Operation 29 [1/1] (0.00ns)   --->   "%data_4_val_read = read i16 @_ssdm_op_Read.ap_auto.i16, i16 %data_4_val" [firmware/nnet_utils/nnet_activation.h:42]   --->   Operation 29 'read' 'data_4_val_read' <Predicate = true> <Delay = 0.00>
ST_1 : Operation 30 [1/1] (0.00ns)   --->   "%data_3_val_read = read i16 @_ssdm_op_Read.ap_auto.i16, i16 %data_3_val" [firmware/nnet_utils/nnet_activation.h:42]   --->   Operation 30 'read' 'data_3_val_read' <Predicate = true> <Delay = 0.00>
ST_1 : Operation 31 [1/1] (0.00ns)   --->   "%data_2_val_read = read i16 @_ssdm_op_Read.ap_auto.i16, i16 %data_2_val" [firmware/nnet_utils/nnet_activation.h:42]   --->   Operation 31 'read' 'data_2_val_read' <Predicate = true> <Delay = 0.00>
ST_1 : Operation 32 [1/1] (0.00ns)   --->   "%data_1_val_read = read i16 @_ssdm_op_Read.ap_auto.i16, i16 %data_1_val" [firmware/nnet_utils/nnet_activation.h:42]   --->   Operation 32 'read' 'data_1_val_read' <Predicate = true> <Delay = 0.00>
ST_1 : Operation 33 [1/1] (0.00ns)   --->   "%data_0_val_read = read i16 @_ssdm_op_Read.ap_auto.i16, i16 %data_0_val" [firmware/nnet_utils/nnet_activation.h:42]   --->   Operation 33 'read' 'data_0_val_read' <Predicate = true> <Delay = 0.00>
ST_1 : Operation 34 [1/1] (0.78ns)   --->   "%icmp_ln45 = icmp_sgt  i16 %data_0_val_read, i16 0" [firmware/nnet_utils/nnet_activation.h:45]   --->   Operation 34 'icmp' 'icmp_ln45' <Predicate = true> <Delay = 0.78> <CoreInst = "Cmp">   --->   Core 9 'Cmp' <Latency = 0> <II = 1> <Delay = 0.78> <FuncUnit> <Opcode : 'icmp'> <InPorts = 2> <OutPorts = 1>
ST_1 : Operation 35 [1/1] (0.00ns) (grouped into LUT with out node select_ln45)   --->   "%shl_ln46 = shl i16 %data_0_val_read, i16 6" [firmware/nnet_utils/nnet_activation.h:46]   --->   Operation 35 'shl' 'shl_ln46' <Predicate = (!icmp_ln46 & icmp_ln45)> <Delay = 0.00>
ST_1 : Operation 36 [1/1] (0.00ns)   --->   "%tmp = partselect i6 @_ssdm_op_PartSelect.i6.i16.i32.i32, i16 %data_0_val_read, i32 10, i32 15" [firmware/nnet_utils/nnet_activation.h:46]   --->   Operation 36 'partselect' 'tmp' <Predicate = (icmp_ln45)> <Delay = 0.00>
ST_1 : Operation 37 [1/1] (0.70ns)   --->   "%icmp_ln46 = icmp_ne  i6 %tmp, i6 0" [firmware/nnet_utils/nnet_activation.h:46]   --->   Operation 37 'icmp' 'icmp_ln46' <Predicate = (icmp_ln45)> <Delay = 0.70> <CoreInst = "Cmp">   --->   Core 9 'Cmp' <Latency = 0> <II = 1> <Delay = 0.70> <FuncUnit> <Opcode : 'icmp'> <InPorts = 2> <OutPorts = 1>
ST_1 : Operation 38 [1/1] (0.00ns) (grouped into LUT with out node select_ln45)   --->   "%select_ln46 = select i1 %icmp_ln46, i16 65535, i16 %shl_ln46" [firmware/nnet_utils/nnet_activation.h:46]   --->   Operation 38 'select' 'select_ln46' <Predicate = (icmp_ln45)> <Delay = 0.00> <CoreInst = "Sel">   --->   Core 73 'Sel' <Latency = 0> <II = 1> <Delay = 0.24> <FuncUnit> <Opcode : 'select'> <InPorts = 3> <OutPorts = 1>
ST_1 : Operation 39 [1/1] (0.24ns) (out node of the LUT)   --->   "%select_ln45 = select i1 %icmp_ln45, i16 %select_ln46, i16 0" [firmware/nnet_utils/nnet_activation.h:45]   --->   Operation 39 'select' 'select_ln45' <Predicate = true> <Delay = 0.24> <CoreInst = "Sel">   --->   Core 73 'Sel' <Latency = 0> <II = 1> <Delay = 0.24> <FuncUnit> <Opcode : 'select'> <InPorts = 3> <OutPorts = 1>
ST_1 : Operation 40 [1/1] (0.78ns)   --->   "%icmp_ln45_95 = icmp_sgt  i16 %data_1_val_read, i16 0" [firmware/nnet_utils/nnet_activation.h:45]   --->   Operation 40 'icmp' 'icmp_ln45_95' <Predicate = true> <Delay = 0.78> <CoreInst = "Cmp">   --->   Core 9 'Cmp' <Latency = 0> <II = 1> <Delay = 0.78> <FuncUnit> <Opcode : 'icmp'> <InPorts = 2> <OutPorts = 1>
ST_1 : Operation 41 [1/1] (0.00ns) (grouped into LUT with out node select_ln45_95)   --->   "%shl_ln46_95 = shl i16 %data_1_val_read, i16 6" [firmware/nnet_utils/nnet_activation.h:46]   --->   Operation 41 'shl' 'shl_ln46_95' <Predicate = (!icmp_ln46_95 & icmp_ln45_95)> <Delay = 0.00>
ST_1 : Operation 42 [1/1] (0.00ns)   --->   "%tmp_33 = partselect i6 @_ssdm_op_PartSelect.i6.i16.i32.i32, i16 %data_1_val_read, i32 10, i32 15" [firmware/nnet_utils/nnet_activation.h:46]   --->   Operation 42 'partselect' 'tmp_33' <Predicate = (icmp_ln45_95)> <Delay = 0.00>
ST_1 : Operation 43 [1/1] (0.70ns)   --->   "%icmp_ln46_95 = icmp_ne  i6 %tmp_33, i6 0" [firmware/nnet_utils/nnet_activation.h:46]   --->   Operation 43 'icmp' 'icmp_ln46_95' <Predicate = (icmp_ln45_95)> <Delay = 0.70> <CoreInst = "Cmp">   --->   Core 9 'Cmp' <Latency = 0> <II = 1> <Delay = 0.70> <FuncUnit> <Opcode : 'icmp'> <InPorts = 2> <OutPorts = 1>
ST_1 : Operation 44 [1/1] (0.00ns) (grouped into LUT with out node select_ln45_95)   --->   "%select_ln46_95 = select i1 %icmp_ln46_95, i16 65535, i16 %shl_ln46_95" [firmware/nnet_utils/nnet_activation.h:46]   --->   Operation 44 'select' 'select_ln46_95' <Predicate = (icmp_ln45_95)> <Delay = 0.00> <CoreInst = "Sel">   --->   Core 73 'Sel' <Latency = 0> <II = 1> <Delay = 0.24> <FuncUnit> <Opcode : 'select'> <InPorts = 3> <OutPorts = 1>
ST_1 : Operation 45 [1/1] (0.24ns) (out node of the LUT)   --->   "%select_ln45_95 = select i1 %icmp_ln45_95, i16 %select_ln46_95, i16 0" [firmware/nnet_utils/nnet_activation.h:45]   --->   Operation 45 'select' 'select_ln45_95' <Predicate = true> <Delay = 0.24> <CoreInst = "Sel">   --->   Core 73 'Sel' <Latency = 0> <II = 1> <Delay = 0.24> <FuncUnit> <Opcode : 'select'> <InPorts = 3> <OutPorts = 1>
ST_1 : Operation 46 [1/1] (0.78ns)   --->   "%icmp_ln45_96 = icmp_sgt  i16 %data_2_val_read, i16 0" [firmware/nnet_utils/nnet_activation.h:45]   --->   Operation 46 'icmp' 'icmp_ln45_96' <Predicate = true> <Delay = 0.78> <CoreInst = "Cmp">   --->   Core 9 'Cmp' <Latency = 0> <II = 1> <Delay = 0.78> <FuncUnit> <Opcode : 'icmp'> <InPorts = 2> <OutPorts = 1>
ST_1 : Operation 47 [1/1] (0.00ns) (grouped into LUT with out node select_ln45_96)   --->   "%shl_ln46_96 = shl i16 %data_2_val_read, i16 6" [firmware/nnet_utils/nnet_activation.h:46]   --->   Operation 47 'shl' 'shl_ln46_96' <Predicate = (!icmp_ln46_96 & icmp_ln45_96)> <Delay = 0.00>
ST_1 : Operation 48 [1/1] (0.00ns)   --->   "%tmp_s = partselect i6 @_ssdm_op_PartSelect.i6.i16.i32.i32, i16 %data_2_val_read, i32 10, i32 15" [firmware/nnet_utils/nnet_activation.h:46]   --->   Operation 48 'partselect' 'tmp_s' <Predicate = (icmp_ln45_96)> <Delay = 0.00>
ST_1 : Operation 49 [1/1] (0.70ns)   --->   "%icmp_ln46_96 = icmp_ne  i6 %tmp_s, i6 0" [firmware/nnet_utils/nnet_activation.h:46]   --->   Operation 49 'icmp' 'icmp_ln46_96' <Predicate = (icmp_ln45_96)> <Delay = 0.70> <CoreInst = "Cmp">   --->   Core 9 'Cmp' <Latency = 0> <II = 1> <Delay = 0.70> <FuncUnit> <Opcode : 'icmp'> <InPorts = 2> <OutPorts = 1>
ST_1 : Operation 50 [1/1] (0.00ns) (grouped into LUT with out node select_ln45_96)   --->   "%select_ln46_96 = select i1 %icmp_ln46_96, i16 65535, i16 %shl_ln46_96" [firmware/nnet_utils/nnet_activation.h:46]   --->   Operation 50 'select' 'select_ln46_96' <Predicate = (icmp_ln45_96)> <Delay = 0.00> <CoreInst = "Sel">   --->   Core 73 'Sel' <Latency = 0> <II = 1> <Delay = 0.24> <FuncUnit> <Opcode : 'select'> <InPorts = 3> <OutPorts = 1>
ST_1 : Operation 51 [1/1] (0.24ns) (out node of the LUT)   --->   "%select_ln45_96 = select i1 %icmp_ln45_96, i16 %select_ln46_96, i16 0" [firmware/nnet_utils/nnet_activation.h:45]   --->   Operation 51 'select' 'select_ln45_96' <Predicate = true> <Delay = 0.24> <CoreInst = "Sel">   --->   Core 73 'Sel' <Latency = 0> <II = 1> <Delay = 0.24> <FuncUnit> <Opcode : 'select'> <InPorts = 3> <OutPorts = 1>
ST_1 : Operation 52 [1/1] (0.78ns)   --->   "%icmp_ln45_97 = icmp_sgt  i16 %data_3_val_read, i16 0" [firmware/nnet_utils/nnet_activation.h:45]   --->   Operation 52 'icmp' 'icmp_ln45_97' <Predicate = true> <Delay = 0.78> <CoreInst = "Cmp">   --->   Core 9 'Cmp' <Latency = 0> <II = 1> <Delay = 0.78> <FuncUnit> <Opcode : 'icmp'> <InPorts = 2> <OutPorts = 1>
ST_1 : Operation 53 [1/1] (0.00ns) (grouped into LUT with out node select_ln45_97)   --->   "%shl_ln46_97 = shl i16 %data_3_val_read, i16 6" [firmware/nnet_utils/nnet_activation.h:46]   --->   Operation 53 'shl' 'shl_ln46_97' <Predicate = (!icmp_ln46_97 & icmp_ln45_97)> <Delay = 0.00>
ST_1 : Operation 54 [1/1] (0.00ns)   --->   "%tmp_92 = partselect i6 @_ssdm_op_PartSelect.i6.i16.i32.i32, i16 %data_3_val_read, i32 10, i32 15" [firmware/nnet_utils/nnet_activation.h:46]   --->   Operation 54 'partselect' 'tmp_92' <Predicate = (icmp_ln45_97)> <Delay = 0.00>
ST_1 : Operation 55 [1/1] (0.70ns)   --->   "%icmp_ln46_97 = icmp_ne  i6 %tmp_92, i6 0" [firmware/nnet_utils/nnet_activation.h:46]   --->   Operation 55 'icmp' 'icmp_ln46_97' <Predicate = (icmp_ln45_97)> <Delay = 0.70> <CoreInst = "Cmp">   --->   Core 9 'Cmp' <Latency = 0> <II = 1> <Delay = 0.70> <FuncUnit> <Opcode : 'icmp'> <InPorts = 2> <OutPorts = 1>
ST_1 : Operation 56 [1/1] (0.00ns) (grouped into LUT with out node select_ln45_97)   --->   "%select_ln46_97 = select i1 %icmp_ln46_97, i16 65535, i16 %shl_ln46_97" [firmware/nnet_utils/nnet_activation.h:46]   --->   Operation 56 'select' 'select_ln46_97' <Predicate = (icmp_ln45_97)> <Delay = 0.00> <CoreInst = "Sel">   --->   Core 73 'Sel' <Latency = 0> <II = 1> <Delay = 0.24> <FuncUnit> <Opcode : 'select'> <InPorts = 3> <OutPorts = 1>
ST_1 : Operation 57 [1/1] (0.24ns) (out node of the LUT)   --->   "%select_ln45_97 = select i1 %icmp_ln45_97, i16 %select_ln46_97, i16 0" [firmware/nnet_utils/nnet_activation.h:45]   --->   Operation 57 'select' 'select_ln45_97' <Predicate = true> <Delay = 0.24> <CoreInst = "Sel">   --->   Core 73 'Sel' <Latency = 0> <II = 1> <Delay = 0.24> <FuncUnit> <Opcode : 'select'> <InPorts = 3> <OutPorts = 1>
ST_1 : Operation 58 [1/1] (0.78ns)   --->   "%icmp_ln45_98 = icmp_sgt  i16 %data_4_val_read, i16 0" [firmware/nnet_utils/nnet_activation.h:45]   --->   Operation 58 'icmp' 'icmp_ln45_98' <Predicate = true> <Delay = 0.78> <CoreInst = "Cmp">   --->   Core 9 'Cmp' <Latency = 0> <II = 1> <Delay = 0.78> <FuncUnit> <Opcode : 'icmp'> <InPorts = 2> <OutPorts = 1>
ST_1 : Operation 59 [1/1] (0.00ns) (grouped into LUT with out node select_ln45_98)   --->   "%shl_ln46_98 = shl i16 %data_4_val_read, i16 6" [firmware/nnet_utils/nnet_activation.h:46]   --->   Operation 59 'shl' 'shl_ln46_98' <Predicate = (!icmp_ln46_98 & icmp_ln45_98)> <Delay = 0.00>
ST_1 : Operation 60 [1/1] (0.00ns)   --->   "%tmp_93 = partselect i6 @_ssdm_op_PartSelect.i6.i16.i32.i32, i16 %data_4_val_read, i32 10, i32 15" [firmware/nnet_utils/nnet_activation.h:46]   --->   Operation 60 'partselect' 'tmp_93' <Predicate = (icmp_ln45_98)> <Delay = 0.00>
ST_1 : Operation 61 [1/1] (0.70ns)   --->   "%icmp_ln46_98 = icmp_ne  i6 %tmp_93, i6 0" [firmware/nnet_utils/nnet_activation.h:46]   --->   Operation 61 'icmp' 'icmp_ln46_98' <Predicate = (icmp_ln45_98)> <Delay = 0.70> <CoreInst = "Cmp">   --->   Core 9 'Cmp' <Latency = 0> <II = 1> <Delay = 0.70> <FuncUnit> <Opcode : 'icmp'> <InPorts = 2> <OutPorts = 1>
ST_1 : Operation 62 [1/1] (0.00ns) (grouped into LUT with out node select_ln45_98)   --->   "%select_ln46_98 = select i1 %icmp_ln46_98, i16 65535, i16 %shl_ln46_98" [firmware/nnet_utils/nnet_activation.h:46]   --->   Operation 62 'select' 'select_ln46_98' <Predicate = (icmp_ln45_98)> <Delay = 0.00> <CoreInst = "Sel">   --->   Core 73 'Sel' <Latency = 0> <II = 1> <Delay = 0.24> <FuncUnit> <Opcode : 'select'> <InPorts = 3> <OutPorts = 1>
ST_1 : Operation 63 [1/1] (0.24ns) (out node of the LUT)   --->   "%select_ln45_98 = select i1 %icmp_ln45_98, i16 %select_ln46_98, i16 0" [firmware/nnet_utils/nnet_activation.h:45]   --->   Operation 63 'select' 'select_ln45_98' <Predicate = true> <Delay = 0.24> <CoreInst = "Sel">   --->   Core 73 'Sel' <Latency = 0> <II = 1> <Delay = 0.24> <FuncUnit> <Opcode : 'select'> <InPorts = 3> <OutPorts = 1>
ST_1 : Operation 64 [1/1] (0.78ns)   --->   "%icmp_ln45_99 = icmp_sgt  i16 %data_5_val_read, i16 0" [firmware/nnet_utils/nnet_activation.h:45]   --->   Operation 64 'icmp' 'icmp_ln45_99' <Predicate = true> <Delay = 0.78> <CoreInst = "Cmp">   --->   Core 9 'Cmp' <Latency = 0> <II = 1> <Delay = 0.78> <FuncUnit> <Opcode : 'icmp'> <InPorts = 2> <OutPorts = 1>
ST_1 : Operation 65 [1/1] (0.00ns) (grouped into LUT with out node select_ln45_99)   --->   "%shl_ln46_99 = shl i16 %data_5_val_read, i16 6" [firmware/nnet_utils/nnet_activation.h:46]   --->   Operation 65 'shl' 'shl_ln46_99' <Predicate = (!icmp_ln46_99 & icmp_ln45_99)> <Delay = 0.00>
ST_1 : Operation 66 [1/1] (0.00ns)   --->   "%tmp_94 = partselect i6 @_ssdm_op_PartSelect.i6.i16.i32.i32, i16 %data_5_val_read, i32 10, i32 15" [firmware/nnet_utils/nnet_activation.h:46]   --->   Operation 66 'partselect' 'tmp_94' <Predicate = (icmp_ln45_99)> <Delay = 0.00>
ST_1 : Operation 67 [1/1] (0.70ns)   --->   "%icmp_ln46_99 = icmp_ne  i6 %tmp_94, i6 0" [firmware/nnet_utils/nnet_activation.h:46]   --->   Operation 67 'icmp' 'icmp_ln46_99' <Predicate = (icmp_ln45_99)> <Delay = 0.70> <CoreInst = "Cmp">   --->   Core 9 'Cmp' <Latency = 0> <II = 1> <Delay = 0.70> <FuncUnit> <Opcode : 'icmp'> <InPorts = 2> <OutPorts = 1>
ST_1 : Operation 68 [1/1] (0.00ns) (grouped into LUT with out node select_ln45_99)   --->   "%select_ln46_99 = select i1 %icmp_ln46_99, i16 65535, i16 %shl_ln46_99" [firmware/nnet_utils/nnet_activation.h:46]   --->   Operation 68 'select' 'select_ln46_99' <Predicate = (icmp_ln45_99)> <Delay = 0.00> <CoreInst = "Sel">   --->   Core 73 'Sel' <Latency = 0> <II = 1> <Delay = 0.24> <FuncUnit> <Opcode : 'select'> <InPorts = 3> <OutPorts = 1>
ST_1 : Operation 69 [1/1] (0.24ns) (out node of the LUT)   --->   "%select_ln45_99 = select i1 %icmp_ln45_99, i16 %select_ln46_99, i16 0" [firmware/nnet_utils/nnet_activation.h:45]   --->   Operation 69 'select' 'select_ln45_99' <Predicate = true> <Delay = 0.24> <CoreInst = "Sel">   --->   Core 73 'Sel' <Latency = 0> <II = 1> <Delay = 0.24> <FuncUnit> <Opcode : 'select'> <InPorts = 3> <OutPorts = 1>
ST_1 : Operation 70 [1/1] (0.78ns)   --->   "%icmp_ln45_100 = icmp_sgt  i16 %data_6_val_read, i16 0" [firmware/nnet_utils/nnet_activation.h:45]   --->   Operation 70 'icmp' 'icmp_ln45_100' <Predicate = true> <Delay = 0.78> <CoreInst = "Cmp">   --->   Core 9 'Cmp' <Latency = 0> <II = 1> <Delay = 0.78> <FuncUnit> <Opcode : 'icmp'> <InPorts = 2> <OutPorts = 1>
ST_1 : Operation 71 [1/1] (0.00ns) (grouped into LUT with out node select_ln45_100)   --->   "%shl_ln46_100 = shl i16 %data_6_val_read, i16 6" [firmware/nnet_utils/nnet_activation.h:46]   --->   Operation 71 'shl' 'shl_ln46_100' <Predicate = (!icmp_ln46_100 & icmp_ln45_100)> <Delay = 0.00>
ST_1 : Operation 72 [1/1] (0.00ns)   --->   "%tmp_95 = partselect i6 @_ssdm_op_PartSelect.i6.i16.i32.i32, i16 %data_6_val_read, i32 10, i32 15" [firmware/nnet_utils/nnet_activation.h:46]   --->   Operation 72 'partselect' 'tmp_95' <Predicate = (icmp_ln45_100)> <Delay = 0.00>
ST_1 : Operation 73 [1/1] (0.70ns)   --->   "%icmp_ln46_100 = icmp_ne  i6 %tmp_95, i6 0" [firmware/nnet_utils/nnet_activation.h:46]   --->   Operation 73 'icmp' 'icmp_ln46_100' <Predicate = (icmp_ln45_100)> <Delay = 0.70> <CoreInst = "Cmp">   --->   Core 9 'Cmp' <Latency = 0> <II = 1> <Delay = 0.70> <FuncUnit> <Opcode : 'icmp'> <InPorts = 2> <OutPorts = 1>
ST_1 : Operation 74 [1/1] (0.00ns) (grouped into LUT with out node select_ln45_100)   --->   "%select_ln46_100 = select i1 %icmp_ln46_100, i16 65535, i16 %shl_ln46_100" [firmware/nnet_utils/nnet_activation.h:46]   --->   Operation 74 'select' 'select_ln46_100' <Predicate = (icmp_ln45_100)> <Delay = 0.00> <CoreInst = "Sel">   --->   Core 73 'Sel' <Latency = 0> <II = 1> <Delay = 0.24> <FuncUnit> <Opcode : 'select'> <InPorts = 3> <OutPorts = 1>
ST_1 : Operation 75 [1/1] (0.24ns) (out node of the LUT)   --->   "%select_ln45_100 = select i1 %icmp_ln45_100, i16 %select_ln46_100, i16 0" [firmware/nnet_utils/nnet_activation.h:45]   --->   Operation 75 'select' 'select_ln45_100' <Predicate = true> <Delay = 0.24> <CoreInst = "Sel">   --->   Core 73 'Sel' <Latency = 0> <II = 1> <Delay = 0.24> <FuncUnit> <Opcode : 'select'> <InPorts = 3> <OutPorts = 1>
ST_1 : Operation 76 [1/1] (0.78ns)   --->   "%icmp_ln45_101 = icmp_sgt  i16 %data_7_val_read, i16 0" [firmware/nnet_utils/nnet_activation.h:45]   --->   Operation 76 'icmp' 'icmp_ln45_101' <Predicate = true> <Delay = 0.78> <CoreInst = "Cmp">   --->   Core 9 'Cmp' <Latency = 0> <II = 1> <Delay = 0.78> <FuncUnit> <Opcode : 'icmp'> <InPorts = 2> <OutPorts = 1>
ST_1 : Operation 77 [1/1] (0.00ns) (grouped into LUT with out node select_ln45_101)   --->   "%shl_ln46_101 = shl i16 %data_7_val_read, i16 6" [firmware/nnet_utils/nnet_activation.h:46]   --->   Operation 77 'shl' 'shl_ln46_101' <Predicate = (!icmp_ln46_101 & icmp_ln45_101)> <Delay = 0.00>
ST_1 : Operation 78 [1/1] (0.00ns)   --->   "%tmp_96 = partselect i6 @_ssdm_op_PartSelect.i6.i16.i32.i32, i16 %data_7_val_read, i32 10, i32 15" [firmware/nnet_utils/nnet_activation.h:46]   --->   Operation 78 'partselect' 'tmp_96' <Predicate = (icmp_ln45_101)> <Delay = 0.00>
ST_1 : Operation 79 [1/1] (0.70ns)   --->   "%icmp_ln46_101 = icmp_ne  i6 %tmp_96, i6 0" [firmware/nnet_utils/nnet_activation.h:46]   --->   Operation 79 'icmp' 'icmp_ln46_101' <Predicate = (icmp_ln45_101)> <Delay = 0.70> <CoreInst = "Cmp">   --->   Core 9 'Cmp' <Latency = 0> <II = 1> <Delay = 0.70> <FuncUnit> <Opcode : 'icmp'> <InPorts = 2> <OutPorts = 1>
ST_1 : Operation 80 [1/1] (0.00ns) (grouped into LUT with out node select_ln45_101)   --->   "%select_ln46_101 = select i1 %icmp_ln46_101, i16 65535, i16 %shl_ln46_101" [firmware/nnet_utils/nnet_activation.h:46]   --->   Operation 80 'select' 'select_ln46_101' <Predicate = (icmp_ln45_101)> <Delay = 0.00> <CoreInst = "Sel">   --->   Core 73 'Sel' <Latency = 0> <II = 1> <Delay = 0.24> <FuncUnit> <Opcode : 'select'> <InPorts = 3> <OutPorts = 1>
ST_1 : Operation 81 [1/1] (0.24ns) (out node of the LUT)   --->   "%select_ln45_101 = select i1 %icmp_ln45_101, i16 %select_ln46_101, i16 0" [firmware/nnet_utils/nnet_activation.h:45]   --->   Operation 81 'select' 'select_ln45_101' <Predicate = true> <Delay = 0.24> <CoreInst = "Sel">   --->   Core 73 'Sel' <Latency = 0> <II = 1> <Delay = 0.24> <FuncUnit> <Opcode : 'select'> <InPorts = 3> <OutPorts = 1>
ST_1 : Operation 82 [1/1] (0.78ns)   --->   "%icmp_ln45_102 = icmp_sgt  i16 %data_8_val_read, i16 0" [firmware/nnet_utils/nnet_activation.h:45]   --->   Operation 82 'icmp' 'icmp_ln45_102' <Predicate = true> <Delay = 0.78> <CoreInst = "Cmp">   --->   Core 9 'Cmp' <Latency = 0> <II = 1> <Delay = 0.78> <FuncUnit> <Opcode : 'icmp'> <InPorts = 2> <OutPorts = 1>
ST_1 : Operation 83 [1/1] (0.00ns) (grouped into LUT with out node select_ln45_102)   --->   "%shl_ln46_102 = shl i16 %data_8_val_read, i16 6" [firmware/nnet_utils/nnet_activation.h:46]   --->   Operation 83 'shl' 'shl_ln46_102' <Predicate = (!icmp_ln46_102 & icmp_ln45_102)> <Delay = 0.00>
ST_1 : Operation 84 [1/1] (0.00ns)   --->   "%tmp_97 = partselect i6 @_ssdm_op_PartSelect.i6.i16.i32.i32, i16 %data_8_val_read, i32 10, i32 15" [firmware/nnet_utils/nnet_activation.h:46]   --->   Operation 84 'partselect' 'tmp_97' <Predicate = (icmp_ln45_102)> <Delay = 0.00>
ST_1 : Operation 85 [1/1] (0.70ns)   --->   "%icmp_ln46_102 = icmp_ne  i6 %tmp_97, i6 0" [firmware/nnet_utils/nnet_activation.h:46]   --->   Operation 85 'icmp' 'icmp_ln46_102' <Predicate = (icmp_ln45_102)> <Delay = 0.70> <CoreInst = "Cmp">   --->   Core 9 'Cmp' <Latency = 0> <II = 1> <Delay = 0.70> <FuncUnit> <Opcode : 'icmp'> <InPorts = 2> <OutPorts = 1>
ST_1 : Operation 86 [1/1] (0.00ns) (grouped into LUT with out node select_ln45_102)   --->   "%select_ln46_102 = select i1 %icmp_ln46_102, i16 65535, i16 %shl_ln46_102" [firmware/nnet_utils/nnet_activation.h:46]   --->   Operation 86 'select' 'select_ln46_102' <Predicate = (icmp_ln45_102)> <Delay = 0.00> <CoreInst = "Sel">   --->   Core 73 'Sel' <Latency = 0> <II = 1> <Delay = 0.24> <FuncUnit> <Opcode : 'select'> <InPorts = 3> <OutPorts = 1>
ST_1 : Operation 87 [1/1] (0.24ns) (out node of the LUT)   --->   "%select_ln45_102 = select i1 %icmp_ln45_102, i16 %select_ln46_102, i16 0" [firmware/nnet_utils/nnet_activation.h:45]   --->   Operation 87 'select' 'select_ln45_102' <Predicate = true> <Delay = 0.24> <CoreInst = "Sel">   --->   Core 73 'Sel' <Latency = 0> <II = 1> <Delay = 0.24> <FuncUnit> <Opcode : 'select'> <InPorts = 3> <OutPorts = 1>
ST_1 : Operation 88 [1/1] (0.78ns)   --->   "%icmp_ln45_103 = icmp_sgt  i16 %data_9_val_read, i16 0" [firmware/nnet_utils/nnet_activation.h:45]   --->   Operation 88 'icmp' 'icmp_ln45_103' <Predicate = true> <Delay = 0.78> <CoreInst = "Cmp">   --->   Core 9 'Cmp' <Latency = 0> <II = 1> <Delay = 0.78> <FuncUnit> <Opcode : 'icmp'> <InPorts = 2> <OutPorts = 1>
ST_1 : Operation 89 [1/1] (0.00ns) (grouped into LUT with out node select_ln45_103)   --->   "%shl_ln46_103 = shl i16 %data_9_val_read, i16 6" [firmware/nnet_utils/nnet_activation.h:46]   --->   Operation 89 'shl' 'shl_ln46_103' <Predicate = (!icmp_ln46_103 & icmp_ln45_103)> <Delay = 0.00>
ST_1 : Operation 90 [1/1] (0.00ns)   --->   "%tmp_98 = partselect i6 @_ssdm_op_PartSelect.i6.i16.i32.i32, i16 %data_9_val_read, i32 10, i32 15" [firmware/nnet_utils/nnet_activation.h:46]   --->   Operation 90 'partselect' 'tmp_98' <Predicate = (icmp_ln45_103)> <Delay = 0.00>
ST_1 : Operation 91 [1/1] (0.70ns)   --->   "%icmp_ln46_103 = icmp_ne  i6 %tmp_98, i6 0" [firmware/nnet_utils/nnet_activation.h:46]   --->   Operation 91 'icmp' 'icmp_ln46_103' <Predicate = (icmp_ln45_103)> <Delay = 0.70> <CoreInst = "Cmp">   --->   Core 9 'Cmp' <Latency = 0> <II = 1> <Delay = 0.70> <FuncUnit> <Opcode : 'icmp'> <InPorts = 2> <OutPorts = 1>
ST_1 : Operation 92 [1/1] (0.00ns) (grouped into LUT with out node select_ln45_103)   --->   "%select_ln46_103 = select i1 %icmp_ln46_103, i16 65535, i16 %shl_ln46_103" [firmware/nnet_utils/nnet_activation.h:46]   --->   Operation 92 'select' 'select_ln46_103' <Predicate = (icmp_ln45_103)> <Delay = 0.00> <CoreInst = "Sel">   --->   Core 73 'Sel' <Latency = 0> <II = 1> <Delay = 0.24> <FuncUnit> <Opcode : 'select'> <InPorts = 3> <OutPorts = 1>
ST_1 : Operation 93 [1/1] (0.24ns) (out node of the LUT)   --->   "%select_ln45_103 = select i1 %icmp_ln45_103, i16 %select_ln46_103, i16 0" [firmware/nnet_utils/nnet_activation.h:45]   --->   Operation 93 'select' 'select_ln45_103' <Predicate = true> <Delay = 0.24> <CoreInst = "Sel">   --->   Core 73 'Sel' <Latency = 0> <II = 1> <Delay = 0.24> <FuncUnit> <Opcode : 'select'> <InPorts = 3> <OutPorts = 1>
ST_1 : Operation 94 [1/1] (0.78ns)   --->   "%icmp_ln45_104 = icmp_sgt  i16 %data_10_val_read, i16 0" [firmware/nnet_utils/nnet_activation.h:45]   --->   Operation 94 'icmp' 'icmp_ln45_104' <Predicate = true> <Delay = 0.78> <CoreInst = "Cmp">   --->   Core 9 'Cmp' <Latency = 0> <II = 1> <Delay = 0.78> <FuncUnit> <Opcode : 'icmp'> <InPorts = 2> <OutPorts = 1>
ST_1 : Operation 95 [1/1] (0.00ns) (grouped into LUT with out node select_ln45_104)   --->   "%shl_ln46_104 = shl i16 %data_10_val_read, i16 6" [firmware/nnet_utils/nnet_activation.h:46]   --->   Operation 95 'shl' 'shl_ln46_104' <Predicate = (!icmp_ln46_104 & icmp_ln45_104)> <Delay = 0.00>
ST_1 : Operation 96 [1/1] (0.00ns)   --->   "%tmp_99 = partselect i6 @_ssdm_op_PartSelect.i6.i16.i32.i32, i16 %data_10_val_read, i32 10, i32 15" [firmware/nnet_utils/nnet_activation.h:46]   --->   Operation 96 'partselect' 'tmp_99' <Predicate = (icmp_ln45_104)> <Delay = 0.00>
ST_1 : Operation 97 [1/1] (0.70ns)   --->   "%icmp_ln46_104 = icmp_ne  i6 %tmp_99, i6 0" [firmware/nnet_utils/nnet_activation.h:46]   --->   Operation 97 'icmp' 'icmp_ln46_104' <Predicate = (icmp_ln45_104)> <Delay = 0.70> <CoreInst = "Cmp">   --->   Core 9 'Cmp' <Latency = 0> <II = 1> <Delay = 0.70> <FuncUnit> <Opcode : 'icmp'> <InPorts = 2> <OutPorts = 1>
ST_1 : Operation 98 [1/1] (0.00ns) (grouped into LUT with out node select_ln45_104)   --->   "%select_ln46_104 = select i1 %icmp_ln46_104, i16 65535, i16 %shl_ln46_104" [firmware/nnet_utils/nnet_activation.h:46]   --->   Operation 98 'select' 'select_ln46_104' <Predicate = (icmp_ln45_104)> <Delay = 0.00> <CoreInst = "Sel">   --->   Core 73 'Sel' <Latency = 0> <II = 1> <Delay = 0.24> <FuncUnit> <Opcode : 'select'> <InPorts = 3> <OutPorts = 1>
ST_1 : Operation 99 [1/1] (0.24ns) (out node of the LUT)   --->   "%select_ln45_104 = select i1 %icmp_ln45_104, i16 %select_ln46_104, i16 0" [firmware/nnet_utils/nnet_activation.h:45]   --->   Operation 99 'select' 'select_ln45_104' <Predicate = true> <Delay = 0.24> <CoreInst = "Sel">   --->   Core 73 'Sel' <Latency = 0> <II = 1> <Delay = 0.24> <FuncUnit> <Opcode : 'select'> <InPorts = 3> <OutPorts = 1>
ST_1 : Operation 100 [1/1] (0.78ns)   --->   "%icmp_ln45_105 = icmp_sgt  i16 %data_12_val_read, i16 0" [firmware/nnet_utils/nnet_activation.h:45]   --->   Operation 100 'icmp' 'icmp_ln45_105' <Predicate = true> <Delay = 0.78> <CoreInst = "Cmp">   --->   Core 9 'Cmp' <Latency = 0> <II = 1> <Delay = 0.78> <FuncUnit> <Opcode : 'icmp'> <InPorts = 2> <OutPorts = 1>
ST_1 : Operation 101 [1/1] (0.00ns) (grouped into LUT with out node select_ln45_105)   --->   "%shl_ln46_105 = shl i16 %data_12_val_read, i16 6" [firmware/nnet_utils/nnet_activation.h:46]   --->   Operation 101 'shl' 'shl_ln46_105' <Predicate = (!icmp_ln46_105 & icmp_ln45_105)> <Delay = 0.00>
ST_1 : Operation 102 [1/1] (0.00ns)   --->   "%tmp_100 = partselect i6 @_ssdm_op_PartSelect.i6.i16.i32.i32, i16 %data_12_val_read, i32 10, i32 15" [firmware/nnet_utils/nnet_activation.h:46]   --->   Operation 102 'partselect' 'tmp_100' <Predicate = (icmp_ln45_105)> <Delay = 0.00>
ST_1 : Operation 103 [1/1] (0.70ns)   --->   "%icmp_ln46_105 = icmp_ne  i6 %tmp_100, i6 0" [firmware/nnet_utils/nnet_activation.h:46]   --->   Operation 103 'icmp' 'icmp_ln46_105' <Predicate = (icmp_ln45_105)> <Delay = 0.70> <CoreInst = "Cmp">   --->   Core 9 'Cmp' <Latency = 0> <II = 1> <Delay = 0.70> <FuncUnit> <Opcode : 'icmp'> <InPorts = 2> <OutPorts = 1>
ST_1 : Operation 104 [1/1] (0.00ns) (grouped into LUT with out node select_ln45_105)   --->   "%select_ln46_105 = select i1 %icmp_ln46_105, i16 65535, i16 %shl_ln46_105" [firmware/nnet_utils/nnet_activation.h:46]   --->   Operation 104 'select' 'select_ln46_105' <Predicate = (icmp_ln45_105)> <Delay = 0.00> <CoreInst = "Sel">   --->   Core 73 'Sel' <Latency = 0> <II = 1> <Delay = 0.24> <FuncUnit> <Opcode : 'select'> <InPorts = 3> <OutPorts = 1>
ST_1 : Operation 105 [1/1] (0.24ns) (out node of the LUT)   --->   "%select_ln45_105 = select i1 %icmp_ln45_105, i16 %select_ln46_105, i16 0" [firmware/nnet_utils/nnet_activation.h:45]   --->   Operation 105 'select' 'select_ln45_105' <Predicate = true> <Delay = 0.24> <CoreInst = "Sel">   --->   Core 73 'Sel' <Latency = 0> <II = 1> <Delay = 0.24> <FuncUnit> <Opcode : 'select'> <InPorts = 3> <OutPorts = 1>
ST_1 : Operation 106 [1/1] (0.78ns)   --->   "%icmp_ln45_106 = icmp_sgt  i16 %data_13_val_read, i16 0" [firmware/nnet_utils/nnet_activation.h:45]   --->   Operation 106 'icmp' 'icmp_ln45_106' <Predicate = true> <Delay = 0.78> <CoreInst = "Cmp">   --->   Core 9 'Cmp' <Latency = 0> <II = 1> <Delay = 0.78> <FuncUnit> <Opcode : 'icmp'> <InPorts = 2> <OutPorts = 1>
ST_1 : Operation 107 [1/1] (0.00ns) (grouped into LUT with out node select_ln45_106)   --->   "%shl_ln46_106 = shl i16 %data_13_val_read, i16 6" [firmware/nnet_utils/nnet_activation.h:46]   --->   Operation 107 'shl' 'shl_ln46_106' <Predicate = (!icmp_ln46_106 & icmp_ln45_106)> <Delay = 0.00>
ST_1 : Operation 108 [1/1] (0.00ns)   --->   "%tmp_101 = partselect i6 @_ssdm_op_PartSelect.i6.i16.i32.i32, i16 %data_13_val_read, i32 10, i32 15" [firmware/nnet_utils/nnet_activation.h:46]   --->   Operation 108 'partselect' 'tmp_101' <Predicate = (icmp_ln45_106)> <Delay = 0.00>
ST_1 : Operation 109 [1/1] (0.70ns)   --->   "%icmp_ln46_106 = icmp_ne  i6 %tmp_101, i6 0" [firmware/nnet_utils/nnet_activation.h:46]   --->   Operation 109 'icmp' 'icmp_ln46_106' <Predicate = (icmp_ln45_106)> <Delay = 0.70> <CoreInst = "Cmp">   --->   Core 9 'Cmp' <Latency = 0> <II = 1> <Delay = 0.70> <FuncUnit> <Opcode : 'icmp'> <InPorts = 2> <OutPorts = 1>
ST_1 : Operation 110 [1/1] (0.00ns) (grouped into LUT with out node select_ln45_106)   --->   "%select_ln46_106 = select i1 %icmp_ln46_106, i16 65535, i16 %shl_ln46_106" [firmware/nnet_utils/nnet_activation.h:46]   --->   Operation 110 'select' 'select_ln46_106' <Predicate = (icmp_ln45_106)> <Delay = 0.00> <CoreInst = "Sel">   --->   Core 73 'Sel' <Latency = 0> <II = 1> <Delay = 0.24> <FuncUnit> <Opcode : 'select'> <InPorts = 3> <OutPorts = 1>
ST_1 : Operation 111 [1/1] (0.24ns) (out node of the LUT)   --->   "%select_ln45_106 = select i1 %icmp_ln45_106, i16 %select_ln46_106, i16 0" [firmware/nnet_utils/nnet_activation.h:45]   --->   Operation 111 'select' 'select_ln45_106' <Predicate = true> <Delay = 0.24> <CoreInst = "Sel">   --->   Core 73 'Sel' <Latency = 0> <II = 1> <Delay = 0.24> <FuncUnit> <Opcode : 'select'> <InPorts = 3> <OutPorts = 1>
ST_1 : Operation 112 [1/1] (0.78ns)   --->   "%icmp_ln45_107 = icmp_sgt  i16 %data_14_val_read, i16 0" [firmware/nnet_utils/nnet_activation.h:45]   --->   Operation 112 'icmp' 'icmp_ln45_107' <Predicate = true> <Delay = 0.78> <CoreInst = "Cmp">   --->   Core 9 'Cmp' <Latency = 0> <II = 1> <Delay = 0.78> <FuncUnit> <Opcode : 'icmp'> <InPorts = 2> <OutPorts = 1>
ST_1 : Operation 113 [1/1] (0.00ns) (grouped into LUT with out node select_ln45_107)   --->   "%shl_ln46_107 = shl i16 %data_14_val_read, i16 6" [firmware/nnet_utils/nnet_activation.h:46]   --->   Operation 113 'shl' 'shl_ln46_107' <Predicate = (!icmp_ln46_107 & icmp_ln45_107)> <Delay = 0.00>
ST_1 : Operation 114 [1/1] (0.00ns)   --->   "%tmp_102 = partselect i6 @_ssdm_op_PartSelect.i6.i16.i32.i32, i16 %data_14_val_read, i32 10, i32 15" [firmware/nnet_utils/nnet_activation.h:46]   --->   Operation 114 'partselect' 'tmp_102' <Predicate = (icmp_ln45_107)> <Delay = 0.00>
ST_1 : Operation 115 [1/1] (0.70ns)   --->   "%icmp_ln46_107 = icmp_ne  i6 %tmp_102, i6 0" [firmware/nnet_utils/nnet_activation.h:46]   --->   Operation 115 'icmp' 'icmp_ln46_107' <Predicate = (icmp_ln45_107)> <Delay = 0.70> <CoreInst = "Cmp">   --->   Core 9 'Cmp' <Latency = 0> <II = 1> <Delay = 0.70> <FuncUnit> <Opcode : 'icmp'> <InPorts = 2> <OutPorts = 1>
ST_1 : Operation 116 [1/1] (0.00ns) (grouped into LUT with out node select_ln45_107)   --->   "%select_ln46_107 = select i1 %icmp_ln46_107, i16 65535, i16 %shl_ln46_107" [firmware/nnet_utils/nnet_activation.h:46]   --->   Operation 116 'select' 'select_ln46_107' <Predicate = (icmp_ln45_107)> <Delay = 0.00> <CoreInst = "Sel">   --->   Core 73 'Sel' <Latency = 0> <II = 1> <Delay = 0.24> <FuncUnit> <Opcode : 'select'> <InPorts = 3> <OutPorts = 1>
ST_1 : Operation 117 [1/1] (0.24ns) (out node of the LUT)   --->   "%select_ln45_107 = select i1 %icmp_ln45_107, i16 %select_ln46_107, i16 0" [firmware/nnet_utils/nnet_activation.h:45]   --->   Operation 117 'select' 'select_ln45_107' <Predicate = true> <Delay = 0.24> <CoreInst = "Sel">   --->   Core 73 'Sel' <Latency = 0> <II = 1> <Delay = 0.24> <FuncUnit> <Opcode : 'select'> <InPorts = 3> <OutPorts = 1>
ST_1 : Operation 118 [1/1] (0.78ns)   --->   "%icmp_ln45_108 = icmp_sgt  i16 %data_15_val_read, i16 0" [firmware/nnet_utils/nnet_activation.h:45]   --->   Operation 118 'icmp' 'icmp_ln45_108' <Predicate = true> <Delay = 0.78> <CoreInst = "Cmp">   --->   Core 9 'Cmp' <Latency = 0> <II = 1> <Delay = 0.78> <FuncUnit> <Opcode : 'icmp'> <InPorts = 2> <OutPorts = 1>
ST_1 : Operation 119 [1/1] (0.00ns) (grouped into LUT with out node select_ln45_108)   --->   "%shl_ln46_108 = shl i16 %data_15_val_read, i16 6" [firmware/nnet_utils/nnet_activation.h:46]   --->   Operation 119 'shl' 'shl_ln46_108' <Predicate = (!icmp_ln46_108 & icmp_ln45_108)> <Delay = 0.00>
ST_1 : Operation 120 [1/1] (0.00ns)   --->   "%tmp_103 = partselect i6 @_ssdm_op_PartSelect.i6.i16.i32.i32, i16 %data_15_val_read, i32 10, i32 15" [firmware/nnet_utils/nnet_activation.h:46]   --->   Operation 120 'partselect' 'tmp_103' <Predicate = (icmp_ln45_108)> <Delay = 0.00>
ST_1 : Operation 121 [1/1] (0.70ns)   --->   "%icmp_ln46_108 = icmp_ne  i6 %tmp_103, i6 0" [firmware/nnet_utils/nnet_activation.h:46]   --->   Operation 121 'icmp' 'icmp_ln46_108' <Predicate = (icmp_ln45_108)> <Delay = 0.70> <CoreInst = "Cmp">   --->   Core 9 'Cmp' <Latency = 0> <II = 1> <Delay = 0.70> <FuncUnit> <Opcode : 'icmp'> <InPorts = 2> <OutPorts = 1>
ST_1 : Operation 122 [1/1] (0.00ns) (grouped into LUT with out node select_ln45_108)   --->   "%select_ln46_108 = select i1 %icmp_ln46_108, i16 65535, i16 %shl_ln46_108" [firmware/nnet_utils/nnet_activation.h:46]   --->   Operation 122 'select' 'select_ln46_108' <Predicate = (icmp_ln45_108)> <Delay = 0.00> <CoreInst = "Sel">   --->   Core 73 'Sel' <Latency = 0> <II = 1> <Delay = 0.24> <FuncUnit> <Opcode : 'select'> <InPorts = 3> <OutPorts = 1>
ST_1 : Operation 123 [1/1] (0.24ns) (out node of the LUT)   --->   "%select_ln45_108 = select i1 %icmp_ln45_108, i16 %select_ln46_108, i16 0" [firmware/nnet_utils/nnet_activation.h:45]   --->   Operation 123 'select' 'select_ln45_108' <Predicate = true> <Delay = 0.24> <CoreInst = "Sel">   --->   Core 73 'Sel' <Latency = 0> <II = 1> <Delay = 0.24> <FuncUnit> <Opcode : 'select'> <InPorts = 3> <OutPorts = 1>
ST_1 : Operation 124 [1/1] (0.78ns)   --->   "%icmp_ln45_109 = icmp_sgt  i16 %data_16_val_read, i16 0" [firmware/nnet_utils/nnet_activation.h:45]   --->   Operation 124 'icmp' 'icmp_ln45_109' <Predicate = true> <Delay = 0.78> <CoreInst = "Cmp">   --->   Core 9 'Cmp' <Latency = 0> <II = 1> <Delay = 0.78> <FuncUnit> <Opcode : 'icmp'> <InPorts = 2> <OutPorts = 1>
ST_1 : Operation 125 [1/1] (0.00ns) (grouped into LUT with out node select_ln45_109)   --->   "%shl_ln46_109 = shl i16 %data_16_val_read, i16 6" [firmware/nnet_utils/nnet_activation.h:46]   --->   Operation 125 'shl' 'shl_ln46_109' <Predicate = (!icmp_ln46_109 & icmp_ln45_109)> <Delay = 0.00>
ST_1 : Operation 126 [1/1] (0.00ns)   --->   "%tmp_104 = partselect i6 @_ssdm_op_PartSelect.i6.i16.i32.i32, i16 %data_16_val_read, i32 10, i32 15" [firmware/nnet_utils/nnet_activation.h:46]   --->   Operation 126 'partselect' 'tmp_104' <Predicate = (icmp_ln45_109)> <Delay = 0.00>
ST_1 : Operation 127 [1/1] (0.70ns)   --->   "%icmp_ln46_109 = icmp_ne  i6 %tmp_104, i6 0" [firmware/nnet_utils/nnet_activation.h:46]   --->   Operation 127 'icmp' 'icmp_ln46_109' <Predicate = (icmp_ln45_109)> <Delay = 0.70> <CoreInst = "Cmp">   --->   Core 9 'Cmp' <Latency = 0> <II = 1> <Delay = 0.70> <FuncUnit> <Opcode : 'icmp'> <InPorts = 2> <OutPorts = 1>
ST_1 : Operation 128 [1/1] (0.00ns) (grouped into LUT with out node select_ln45_109)   --->   "%select_ln46_109 = select i1 %icmp_ln46_109, i16 65535, i16 %shl_ln46_109" [firmware/nnet_utils/nnet_activation.h:46]   --->   Operation 128 'select' 'select_ln46_109' <Predicate = (icmp_ln45_109)> <Delay = 0.00> <CoreInst = "Sel">   --->   Core 73 'Sel' <Latency = 0> <II = 1> <Delay = 0.24> <FuncUnit> <Opcode : 'select'> <InPorts = 3> <OutPorts = 1>
ST_1 : Operation 129 [1/1] (0.24ns) (out node of the LUT)   --->   "%select_ln45_109 = select i1 %icmp_ln45_109, i16 %select_ln46_109, i16 0" [firmware/nnet_utils/nnet_activation.h:45]   --->   Operation 129 'select' 'select_ln45_109' <Predicate = true> <Delay = 0.24> <CoreInst = "Sel">   --->   Core 73 'Sel' <Latency = 0> <II = 1> <Delay = 0.24> <FuncUnit> <Opcode : 'select'> <InPorts = 3> <OutPorts = 1>
ST_1 : Operation 130 [1/1] (0.78ns)   --->   "%icmp_ln45_110 = icmp_sgt  i16 %data_17_val_read, i16 0" [firmware/nnet_utils/nnet_activation.h:45]   --->   Operation 130 'icmp' 'icmp_ln45_110' <Predicate = true> <Delay = 0.78> <CoreInst = "Cmp">   --->   Core 9 'Cmp' <Latency = 0> <II = 1> <Delay = 0.78> <FuncUnit> <Opcode : 'icmp'> <InPorts = 2> <OutPorts = 1>
ST_1 : Operation 131 [1/1] (0.00ns) (grouped into LUT with out node select_ln45_110)   --->   "%shl_ln46_110 = shl i16 %data_17_val_read, i16 6" [firmware/nnet_utils/nnet_activation.h:46]   --->   Operation 131 'shl' 'shl_ln46_110' <Predicate = (!icmp_ln46_110 & icmp_ln45_110)> <Delay = 0.00>
ST_1 : Operation 132 [1/1] (0.00ns)   --->   "%tmp_105 = partselect i6 @_ssdm_op_PartSelect.i6.i16.i32.i32, i16 %data_17_val_read, i32 10, i32 15" [firmware/nnet_utils/nnet_activation.h:46]   --->   Operation 132 'partselect' 'tmp_105' <Predicate = (icmp_ln45_110)> <Delay = 0.00>
ST_1 : Operation 133 [1/1] (0.70ns)   --->   "%icmp_ln46_110 = icmp_ne  i6 %tmp_105, i6 0" [firmware/nnet_utils/nnet_activation.h:46]   --->   Operation 133 'icmp' 'icmp_ln46_110' <Predicate = (icmp_ln45_110)> <Delay = 0.70> <CoreInst = "Cmp">   --->   Core 9 'Cmp' <Latency = 0> <II = 1> <Delay = 0.70> <FuncUnit> <Opcode : 'icmp'> <InPorts = 2> <OutPorts = 1>
ST_1 : Operation 134 [1/1] (0.00ns) (grouped into LUT with out node select_ln45_110)   --->   "%select_ln46_110 = select i1 %icmp_ln46_110, i16 65535, i16 %shl_ln46_110" [firmware/nnet_utils/nnet_activation.h:46]   --->   Operation 134 'select' 'select_ln46_110' <Predicate = (icmp_ln45_110)> <Delay = 0.00> <CoreInst = "Sel">   --->   Core 73 'Sel' <Latency = 0> <II = 1> <Delay = 0.24> <FuncUnit> <Opcode : 'select'> <InPorts = 3> <OutPorts = 1>
ST_1 : Operation 135 [1/1] (0.24ns) (out node of the LUT)   --->   "%select_ln45_110 = select i1 %icmp_ln45_110, i16 %select_ln46_110, i16 0" [firmware/nnet_utils/nnet_activation.h:45]   --->   Operation 135 'select' 'select_ln45_110' <Predicate = true> <Delay = 0.24> <CoreInst = "Sel">   --->   Core 73 'Sel' <Latency = 0> <II = 1> <Delay = 0.24> <FuncUnit> <Opcode : 'select'> <InPorts = 3> <OutPorts = 1>
ST_1 : Operation 136 [1/1] (0.78ns)   --->   "%icmp_ln45_111 = icmp_sgt  i16 %data_18_val_read, i16 0" [firmware/nnet_utils/nnet_activation.h:45]   --->   Operation 136 'icmp' 'icmp_ln45_111' <Predicate = true> <Delay = 0.78> <CoreInst = "Cmp">   --->   Core 9 'Cmp' <Latency = 0> <II = 1> <Delay = 0.78> <FuncUnit> <Opcode : 'icmp'> <InPorts = 2> <OutPorts = 1>
ST_1 : Operation 137 [1/1] (0.00ns) (grouped into LUT with out node select_ln45_111)   --->   "%shl_ln46_111 = shl i16 %data_18_val_read, i16 6" [firmware/nnet_utils/nnet_activation.h:46]   --->   Operation 137 'shl' 'shl_ln46_111' <Predicate = (!icmp_ln46_111 & icmp_ln45_111)> <Delay = 0.00>
ST_1 : Operation 138 [1/1] (0.00ns)   --->   "%tmp_106 = partselect i6 @_ssdm_op_PartSelect.i6.i16.i32.i32, i16 %data_18_val_read, i32 10, i32 15" [firmware/nnet_utils/nnet_activation.h:46]   --->   Operation 138 'partselect' 'tmp_106' <Predicate = (icmp_ln45_111)> <Delay = 0.00>
ST_1 : Operation 139 [1/1] (0.70ns)   --->   "%icmp_ln46_111 = icmp_ne  i6 %tmp_106, i6 0" [firmware/nnet_utils/nnet_activation.h:46]   --->   Operation 139 'icmp' 'icmp_ln46_111' <Predicate = (icmp_ln45_111)> <Delay = 0.70> <CoreInst = "Cmp">   --->   Core 9 'Cmp' <Latency = 0> <II = 1> <Delay = 0.70> <FuncUnit> <Opcode : 'icmp'> <InPorts = 2> <OutPorts = 1>
ST_1 : Operation 140 [1/1] (0.00ns) (grouped into LUT with out node select_ln45_111)   --->   "%select_ln46_111 = select i1 %icmp_ln46_111, i16 65535, i16 %shl_ln46_111" [firmware/nnet_utils/nnet_activation.h:46]   --->   Operation 140 'select' 'select_ln46_111' <Predicate = (icmp_ln45_111)> <Delay = 0.00> <CoreInst = "Sel">   --->   Core 73 'Sel' <Latency = 0> <II = 1> <Delay = 0.24> <FuncUnit> <Opcode : 'select'> <InPorts = 3> <OutPorts = 1>
ST_1 : Operation 141 [1/1] (0.24ns) (out node of the LUT)   --->   "%select_ln45_111 = select i1 %icmp_ln45_111, i16 %select_ln46_111, i16 0" [firmware/nnet_utils/nnet_activation.h:45]   --->   Operation 141 'select' 'select_ln45_111' <Predicate = true> <Delay = 0.24> <CoreInst = "Sel">   --->   Core 73 'Sel' <Latency = 0> <II = 1> <Delay = 0.24> <FuncUnit> <Opcode : 'select'> <InPorts = 3> <OutPorts = 1>
ST_1 : Operation 142 [1/1] (0.78ns)   --->   "%icmp_ln45_112 = icmp_sgt  i16 %data_19_val_read, i16 0" [firmware/nnet_utils/nnet_activation.h:45]   --->   Operation 142 'icmp' 'icmp_ln45_112' <Predicate = true> <Delay = 0.78> <CoreInst = "Cmp">   --->   Core 9 'Cmp' <Latency = 0> <II = 1> <Delay = 0.78> <FuncUnit> <Opcode : 'icmp'> <InPorts = 2> <OutPorts = 1>
ST_1 : Operation 143 [1/1] (0.00ns) (grouped into LUT with out node select_ln45_112)   --->   "%shl_ln46_112 = shl i16 %data_19_val_read, i16 6" [firmware/nnet_utils/nnet_activation.h:46]   --->   Operation 143 'shl' 'shl_ln46_112' <Predicate = (!icmp_ln46_112 & icmp_ln45_112)> <Delay = 0.00>
ST_1 : Operation 144 [1/1] (0.00ns)   --->   "%tmp_107 = partselect i6 @_ssdm_op_PartSelect.i6.i16.i32.i32, i16 %data_19_val_read, i32 10, i32 15" [firmware/nnet_utils/nnet_activation.h:46]   --->   Operation 144 'partselect' 'tmp_107' <Predicate = (icmp_ln45_112)> <Delay = 0.00>
ST_1 : Operation 145 [1/1] (0.70ns)   --->   "%icmp_ln46_112 = icmp_ne  i6 %tmp_107, i6 0" [firmware/nnet_utils/nnet_activation.h:46]   --->   Operation 145 'icmp' 'icmp_ln46_112' <Predicate = (icmp_ln45_112)> <Delay = 0.70> <CoreInst = "Cmp">   --->   Core 9 'Cmp' <Latency = 0> <II = 1> <Delay = 0.70> <FuncUnit> <Opcode : 'icmp'> <InPorts = 2> <OutPorts = 1>
ST_1 : Operation 146 [1/1] (0.00ns) (grouped into LUT with out node select_ln45_112)   --->   "%select_ln46_112 = select i1 %icmp_ln46_112, i16 65535, i16 %shl_ln46_112" [firmware/nnet_utils/nnet_activation.h:46]   --->   Operation 146 'select' 'select_ln46_112' <Predicate = (icmp_ln45_112)> <Delay = 0.00> <CoreInst = "Sel">   --->   Core 73 'Sel' <Latency = 0> <II = 1> <Delay = 0.24> <FuncUnit> <Opcode : 'select'> <InPorts = 3> <OutPorts = 1>
ST_1 : Operation 147 [1/1] (0.24ns) (out node of the LUT)   --->   "%select_ln45_112 = select i1 %icmp_ln45_112, i16 %select_ln46_112, i16 0" [firmware/nnet_utils/nnet_activation.h:45]   --->   Operation 147 'select' 'select_ln45_112' <Predicate = true> <Delay = 0.24> <CoreInst = "Sel">   --->   Core 73 'Sel' <Latency = 0> <II = 1> <Delay = 0.24> <FuncUnit> <Opcode : 'select'> <InPorts = 3> <OutPorts = 1>
ST_1 : Operation 148 [1/1] (0.78ns)   --->   "%icmp_ln45_113 = icmp_sgt  i16 %data_20_val_read, i16 0" [firmware/nnet_utils/nnet_activation.h:45]   --->   Operation 148 'icmp' 'icmp_ln45_113' <Predicate = true> <Delay = 0.78> <CoreInst = "Cmp">   --->   Core 9 'Cmp' <Latency = 0> <II = 1> <Delay = 0.78> <FuncUnit> <Opcode : 'icmp'> <InPorts = 2> <OutPorts = 1>
ST_1 : Operation 149 [1/1] (0.00ns) (grouped into LUT with out node select_ln45_113)   --->   "%shl_ln46_113 = shl i16 %data_20_val_read, i16 6" [firmware/nnet_utils/nnet_activation.h:46]   --->   Operation 149 'shl' 'shl_ln46_113' <Predicate = (!icmp_ln46_113 & icmp_ln45_113)> <Delay = 0.00>
ST_1 : Operation 150 [1/1] (0.00ns)   --->   "%tmp_108 = partselect i6 @_ssdm_op_PartSelect.i6.i16.i32.i32, i16 %data_20_val_read, i32 10, i32 15" [firmware/nnet_utils/nnet_activation.h:46]   --->   Operation 150 'partselect' 'tmp_108' <Predicate = (icmp_ln45_113)> <Delay = 0.00>
ST_1 : Operation 151 [1/1] (0.70ns)   --->   "%icmp_ln46_113 = icmp_ne  i6 %tmp_108, i6 0" [firmware/nnet_utils/nnet_activation.h:46]   --->   Operation 151 'icmp' 'icmp_ln46_113' <Predicate = (icmp_ln45_113)> <Delay = 0.70> <CoreInst = "Cmp">   --->   Core 9 'Cmp' <Latency = 0> <II = 1> <Delay = 0.70> <FuncUnit> <Opcode : 'icmp'> <InPorts = 2> <OutPorts = 1>
ST_1 : Operation 152 [1/1] (0.00ns) (grouped into LUT with out node select_ln45_113)   --->   "%select_ln46_113 = select i1 %icmp_ln46_113, i16 65535, i16 %shl_ln46_113" [firmware/nnet_utils/nnet_activation.h:46]   --->   Operation 152 'select' 'select_ln46_113' <Predicate = (icmp_ln45_113)> <Delay = 0.00> <CoreInst = "Sel">   --->   Core 73 'Sel' <Latency = 0> <II = 1> <Delay = 0.24> <FuncUnit> <Opcode : 'select'> <InPorts = 3> <OutPorts = 1>
ST_1 : Operation 153 [1/1] (0.24ns) (out node of the LUT)   --->   "%select_ln45_113 = select i1 %icmp_ln45_113, i16 %select_ln46_113, i16 0" [firmware/nnet_utils/nnet_activation.h:45]   --->   Operation 153 'select' 'select_ln45_113' <Predicate = true> <Delay = 0.24> <CoreInst = "Sel">   --->   Core 73 'Sel' <Latency = 0> <II = 1> <Delay = 0.24> <FuncUnit> <Opcode : 'select'> <InPorts = 3> <OutPorts = 1>
ST_1 : Operation 154 [1/1] (0.78ns)   --->   "%icmp_ln45_114 = icmp_sgt  i16 %data_21_val_read, i16 0" [firmware/nnet_utils/nnet_activation.h:45]   --->   Operation 154 'icmp' 'icmp_ln45_114' <Predicate = true> <Delay = 0.78> <CoreInst = "Cmp">   --->   Core 9 'Cmp' <Latency = 0> <II = 1> <Delay = 0.78> <FuncUnit> <Opcode : 'icmp'> <InPorts = 2> <OutPorts = 1>
ST_1 : Operation 155 [1/1] (0.00ns) (grouped into LUT with out node select_ln45_114)   --->   "%shl_ln46_114 = shl i16 %data_21_val_read, i16 6" [firmware/nnet_utils/nnet_activation.h:46]   --->   Operation 155 'shl' 'shl_ln46_114' <Predicate = (!icmp_ln46_114 & icmp_ln45_114)> <Delay = 0.00>
ST_1 : Operation 156 [1/1] (0.00ns)   --->   "%tmp_109 = partselect i6 @_ssdm_op_PartSelect.i6.i16.i32.i32, i16 %data_21_val_read, i32 10, i32 15" [firmware/nnet_utils/nnet_activation.h:46]   --->   Operation 156 'partselect' 'tmp_109' <Predicate = (icmp_ln45_114)> <Delay = 0.00>
ST_1 : Operation 157 [1/1] (0.70ns)   --->   "%icmp_ln46_114 = icmp_ne  i6 %tmp_109, i6 0" [firmware/nnet_utils/nnet_activation.h:46]   --->   Operation 157 'icmp' 'icmp_ln46_114' <Predicate = (icmp_ln45_114)> <Delay = 0.70> <CoreInst = "Cmp">   --->   Core 9 'Cmp' <Latency = 0> <II = 1> <Delay = 0.70> <FuncUnit> <Opcode : 'icmp'> <InPorts = 2> <OutPorts = 1>
ST_1 : Operation 158 [1/1] (0.00ns) (grouped into LUT with out node select_ln45_114)   --->   "%select_ln46_114 = select i1 %icmp_ln46_114, i16 65535, i16 %shl_ln46_114" [firmware/nnet_utils/nnet_activation.h:46]   --->   Operation 158 'select' 'select_ln46_114' <Predicate = (icmp_ln45_114)> <Delay = 0.00> <CoreInst = "Sel">   --->   Core 73 'Sel' <Latency = 0> <II = 1> <Delay = 0.24> <FuncUnit> <Opcode : 'select'> <InPorts = 3> <OutPorts = 1>
ST_1 : Operation 159 [1/1] (0.24ns) (out node of the LUT)   --->   "%select_ln45_114 = select i1 %icmp_ln45_114, i16 %select_ln46_114, i16 0" [firmware/nnet_utils/nnet_activation.h:45]   --->   Operation 159 'select' 'select_ln45_114' <Predicate = true> <Delay = 0.24> <CoreInst = "Sel">   --->   Core 73 'Sel' <Latency = 0> <II = 1> <Delay = 0.24> <FuncUnit> <Opcode : 'select'> <InPorts = 3> <OutPorts = 1>
ST_1 : Operation 160 [1/1] (0.78ns)   --->   "%icmp_ln45_115 = icmp_sgt  i16 %data_22_val_read, i16 0" [firmware/nnet_utils/nnet_activation.h:45]   --->   Operation 160 'icmp' 'icmp_ln45_115' <Predicate = true> <Delay = 0.78> <CoreInst = "Cmp">   --->   Core 9 'Cmp' <Latency = 0> <II = 1> <Delay = 0.78> <FuncUnit> <Opcode : 'icmp'> <InPorts = 2> <OutPorts = 1>
ST_1 : Operation 161 [1/1] (0.00ns) (grouped into LUT with out node select_ln45_115)   --->   "%shl_ln46_115 = shl i16 %data_22_val_read, i16 6" [firmware/nnet_utils/nnet_activation.h:46]   --->   Operation 161 'shl' 'shl_ln46_115' <Predicate = (!icmp_ln46_115 & icmp_ln45_115)> <Delay = 0.00>
ST_1 : Operation 162 [1/1] (0.00ns)   --->   "%tmp_110 = partselect i6 @_ssdm_op_PartSelect.i6.i16.i32.i32, i16 %data_22_val_read, i32 10, i32 15" [firmware/nnet_utils/nnet_activation.h:46]   --->   Operation 162 'partselect' 'tmp_110' <Predicate = (icmp_ln45_115)> <Delay = 0.00>
ST_1 : Operation 163 [1/1] (0.70ns)   --->   "%icmp_ln46_115 = icmp_ne  i6 %tmp_110, i6 0" [firmware/nnet_utils/nnet_activation.h:46]   --->   Operation 163 'icmp' 'icmp_ln46_115' <Predicate = (icmp_ln45_115)> <Delay = 0.70> <CoreInst = "Cmp">   --->   Core 9 'Cmp' <Latency = 0> <II = 1> <Delay = 0.70> <FuncUnit> <Opcode : 'icmp'> <InPorts = 2> <OutPorts = 1>
ST_1 : Operation 164 [1/1] (0.00ns) (grouped into LUT with out node select_ln45_115)   --->   "%select_ln46_115 = select i1 %icmp_ln46_115, i16 65535, i16 %shl_ln46_115" [firmware/nnet_utils/nnet_activation.h:46]   --->   Operation 164 'select' 'select_ln46_115' <Predicate = (icmp_ln45_115)> <Delay = 0.00> <CoreInst = "Sel">   --->   Core 73 'Sel' <Latency = 0> <II = 1> <Delay = 0.24> <FuncUnit> <Opcode : 'select'> <InPorts = 3> <OutPorts = 1>
ST_1 : Operation 165 [1/1] (0.24ns) (out node of the LUT)   --->   "%select_ln45_115 = select i1 %icmp_ln45_115, i16 %select_ln46_115, i16 0" [firmware/nnet_utils/nnet_activation.h:45]   --->   Operation 165 'select' 'select_ln45_115' <Predicate = true> <Delay = 0.24> <CoreInst = "Sel">   --->   Core 73 'Sel' <Latency = 0> <II = 1> <Delay = 0.24> <FuncUnit> <Opcode : 'select'> <InPorts = 3> <OutPorts = 1>
ST_1 : Operation 166 [1/1] (0.78ns)   --->   "%icmp_ln45_116 = icmp_sgt  i16 %data_23_val_read, i16 0" [firmware/nnet_utils/nnet_activation.h:45]   --->   Operation 166 'icmp' 'icmp_ln45_116' <Predicate = true> <Delay = 0.78> <CoreInst = "Cmp">   --->   Core 9 'Cmp' <Latency = 0> <II = 1> <Delay = 0.78> <FuncUnit> <Opcode : 'icmp'> <InPorts = 2> <OutPorts = 1>
ST_1 : Operation 167 [1/1] (0.00ns) (grouped into LUT with out node select_ln45_116)   --->   "%shl_ln46_116 = shl i16 %data_23_val_read, i16 6" [firmware/nnet_utils/nnet_activation.h:46]   --->   Operation 167 'shl' 'shl_ln46_116' <Predicate = (!icmp_ln46_116 & icmp_ln45_116)> <Delay = 0.00>
ST_1 : Operation 168 [1/1] (0.00ns)   --->   "%tmp_111 = partselect i6 @_ssdm_op_PartSelect.i6.i16.i32.i32, i16 %data_23_val_read, i32 10, i32 15" [firmware/nnet_utils/nnet_activation.h:46]   --->   Operation 168 'partselect' 'tmp_111' <Predicate = (icmp_ln45_116)> <Delay = 0.00>
ST_1 : Operation 169 [1/1] (0.70ns)   --->   "%icmp_ln46_116 = icmp_ne  i6 %tmp_111, i6 0" [firmware/nnet_utils/nnet_activation.h:46]   --->   Operation 169 'icmp' 'icmp_ln46_116' <Predicate = (icmp_ln45_116)> <Delay = 0.70> <CoreInst = "Cmp">   --->   Core 9 'Cmp' <Latency = 0> <II = 1> <Delay = 0.70> <FuncUnit> <Opcode : 'icmp'> <InPorts = 2> <OutPorts = 1>
ST_1 : Operation 170 [1/1] (0.00ns) (grouped into LUT with out node select_ln45_116)   --->   "%select_ln46_116 = select i1 %icmp_ln46_116, i16 65535, i16 %shl_ln46_116" [firmware/nnet_utils/nnet_activation.h:46]   --->   Operation 170 'select' 'select_ln46_116' <Predicate = (icmp_ln45_116)> <Delay = 0.00> <CoreInst = "Sel">   --->   Core 73 'Sel' <Latency = 0> <II = 1> <Delay = 0.24> <FuncUnit> <Opcode : 'select'> <InPorts = 3> <OutPorts = 1>
ST_1 : Operation 171 [1/1] (0.24ns) (out node of the LUT)   --->   "%select_ln45_116 = select i1 %icmp_ln45_116, i16 %select_ln46_116, i16 0" [firmware/nnet_utils/nnet_activation.h:45]   --->   Operation 171 'select' 'select_ln45_116' <Predicate = true> <Delay = 0.24> <CoreInst = "Sel">   --->   Core 73 'Sel' <Latency = 0> <II = 1> <Delay = 0.24> <FuncUnit> <Opcode : 'select'> <InPorts = 3> <OutPorts = 1>
ST_1 : Operation 172 [1/1] (0.78ns)   --->   "%icmp_ln45_117 = icmp_sgt  i16 %data_24_val_read, i16 0" [firmware/nnet_utils/nnet_activation.h:45]   --->   Operation 172 'icmp' 'icmp_ln45_117' <Predicate = true> <Delay = 0.78> <CoreInst = "Cmp">   --->   Core 9 'Cmp' <Latency = 0> <II = 1> <Delay = 0.78> <FuncUnit> <Opcode : 'icmp'> <InPorts = 2> <OutPorts = 1>
ST_1 : Operation 173 [1/1] (0.00ns) (grouped into LUT with out node select_ln45_117)   --->   "%shl_ln46_117 = shl i16 %data_24_val_read, i16 6" [firmware/nnet_utils/nnet_activation.h:46]   --->   Operation 173 'shl' 'shl_ln46_117' <Predicate = (!icmp_ln46_117 & icmp_ln45_117)> <Delay = 0.00>
ST_1 : Operation 174 [1/1] (0.00ns)   --->   "%tmp_112 = partselect i6 @_ssdm_op_PartSelect.i6.i16.i32.i32, i16 %data_24_val_read, i32 10, i32 15" [firmware/nnet_utils/nnet_activation.h:46]   --->   Operation 174 'partselect' 'tmp_112' <Predicate = (icmp_ln45_117)> <Delay = 0.00>
ST_1 : Operation 175 [1/1] (0.70ns)   --->   "%icmp_ln46_117 = icmp_ne  i6 %tmp_112, i6 0" [firmware/nnet_utils/nnet_activation.h:46]   --->   Operation 175 'icmp' 'icmp_ln46_117' <Predicate = (icmp_ln45_117)> <Delay = 0.70> <CoreInst = "Cmp">   --->   Core 9 'Cmp' <Latency = 0> <II = 1> <Delay = 0.70> <FuncUnit> <Opcode : 'icmp'> <InPorts = 2> <OutPorts = 1>
ST_1 : Operation 176 [1/1] (0.00ns) (grouped into LUT with out node select_ln45_117)   --->   "%select_ln46_117 = select i1 %icmp_ln46_117, i16 65535, i16 %shl_ln46_117" [firmware/nnet_utils/nnet_activation.h:46]   --->   Operation 176 'select' 'select_ln46_117' <Predicate = (icmp_ln45_117)> <Delay = 0.00> <CoreInst = "Sel">   --->   Core 73 'Sel' <Latency = 0> <II = 1> <Delay = 0.24> <FuncUnit> <Opcode : 'select'> <InPorts = 3> <OutPorts = 1>
ST_1 : Operation 177 [1/1] (0.24ns) (out node of the LUT)   --->   "%select_ln45_117 = select i1 %icmp_ln45_117, i16 %select_ln46_117, i16 0" [firmware/nnet_utils/nnet_activation.h:45]   --->   Operation 177 'select' 'select_ln45_117' <Predicate = true> <Delay = 0.24> <CoreInst = "Sel">   --->   Core 73 'Sel' <Latency = 0> <II = 1> <Delay = 0.24> <FuncUnit> <Opcode : 'select'> <InPorts = 3> <OutPorts = 1>
ST_1 : Operation 178 [1/1] (0.78ns)   --->   "%icmp_ln45_118 = icmp_sgt  i16 %data_25_val_read, i16 0" [firmware/nnet_utils/nnet_activation.h:45]   --->   Operation 178 'icmp' 'icmp_ln45_118' <Predicate = true> <Delay = 0.78> <CoreInst = "Cmp">   --->   Core 9 'Cmp' <Latency = 0> <II = 1> <Delay = 0.78> <FuncUnit> <Opcode : 'icmp'> <InPorts = 2> <OutPorts = 1>
ST_1 : Operation 179 [1/1] (0.00ns) (grouped into LUT with out node select_ln45_118)   --->   "%shl_ln46_118 = shl i16 %data_25_val_read, i16 6" [firmware/nnet_utils/nnet_activation.h:46]   --->   Operation 179 'shl' 'shl_ln46_118' <Predicate = (!icmp_ln46_118 & icmp_ln45_118)> <Delay = 0.00>
ST_1 : Operation 180 [1/1] (0.00ns)   --->   "%tmp_113 = partselect i6 @_ssdm_op_PartSelect.i6.i16.i32.i32, i16 %data_25_val_read, i32 10, i32 15" [firmware/nnet_utils/nnet_activation.h:46]   --->   Operation 180 'partselect' 'tmp_113' <Predicate = (icmp_ln45_118)> <Delay = 0.00>
ST_1 : Operation 181 [1/1] (0.70ns)   --->   "%icmp_ln46_118 = icmp_ne  i6 %tmp_113, i6 0" [firmware/nnet_utils/nnet_activation.h:46]   --->   Operation 181 'icmp' 'icmp_ln46_118' <Predicate = (icmp_ln45_118)> <Delay = 0.70> <CoreInst = "Cmp">   --->   Core 9 'Cmp' <Latency = 0> <II = 1> <Delay = 0.70> <FuncUnit> <Opcode : 'icmp'> <InPorts = 2> <OutPorts = 1>
ST_1 : Operation 182 [1/1] (0.00ns) (grouped into LUT with out node select_ln45_118)   --->   "%select_ln46_118 = select i1 %icmp_ln46_118, i16 65535, i16 %shl_ln46_118" [firmware/nnet_utils/nnet_activation.h:46]   --->   Operation 182 'select' 'select_ln46_118' <Predicate = (icmp_ln45_118)> <Delay = 0.00> <CoreInst = "Sel">   --->   Core 73 'Sel' <Latency = 0> <II = 1> <Delay = 0.24> <FuncUnit> <Opcode : 'select'> <InPorts = 3> <OutPorts = 1>
ST_1 : Operation 183 [1/1] (0.24ns) (out node of the LUT)   --->   "%select_ln45_118 = select i1 %icmp_ln45_118, i16 %select_ln46_118, i16 0" [firmware/nnet_utils/nnet_activation.h:45]   --->   Operation 183 'select' 'select_ln45_118' <Predicate = true> <Delay = 0.24> <CoreInst = "Sel">   --->   Core 73 'Sel' <Latency = 0> <II = 1> <Delay = 0.24> <FuncUnit> <Opcode : 'select'> <InPorts = 3> <OutPorts = 1>
ST_1 : Operation 184 [1/1] (0.78ns)   --->   "%icmp_ln45_119 = icmp_sgt  i16 %data_26_val_read, i16 0" [firmware/nnet_utils/nnet_activation.h:45]   --->   Operation 184 'icmp' 'icmp_ln45_119' <Predicate = true> <Delay = 0.78> <CoreInst = "Cmp">   --->   Core 9 'Cmp' <Latency = 0> <II = 1> <Delay = 0.78> <FuncUnit> <Opcode : 'icmp'> <InPorts = 2> <OutPorts = 1>
ST_1 : Operation 185 [1/1] (0.00ns) (grouped into LUT with out node select_ln45_119)   --->   "%shl_ln46_119 = shl i16 %data_26_val_read, i16 6" [firmware/nnet_utils/nnet_activation.h:46]   --->   Operation 185 'shl' 'shl_ln46_119' <Predicate = (!icmp_ln46_119 & icmp_ln45_119)> <Delay = 0.00>
ST_1 : Operation 186 [1/1] (0.00ns)   --->   "%tmp_114 = partselect i6 @_ssdm_op_PartSelect.i6.i16.i32.i32, i16 %data_26_val_read, i32 10, i32 15" [firmware/nnet_utils/nnet_activation.h:46]   --->   Operation 186 'partselect' 'tmp_114' <Predicate = (icmp_ln45_119)> <Delay = 0.00>
ST_1 : Operation 187 [1/1] (0.70ns)   --->   "%icmp_ln46_119 = icmp_ne  i6 %tmp_114, i6 0" [firmware/nnet_utils/nnet_activation.h:46]   --->   Operation 187 'icmp' 'icmp_ln46_119' <Predicate = (icmp_ln45_119)> <Delay = 0.70> <CoreInst = "Cmp">   --->   Core 9 'Cmp' <Latency = 0> <II = 1> <Delay = 0.70> <FuncUnit> <Opcode : 'icmp'> <InPorts = 2> <OutPorts = 1>
ST_1 : Operation 188 [1/1] (0.00ns) (grouped into LUT with out node select_ln45_119)   --->   "%select_ln46_119 = select i1 %icmp_ln46_119, i16 65535, i16 %shl_ln46_119" [firmware/nnet_utils/nnet_activation.h:46]   --->   Operation 188 'select' 'select_ln46_119' <Predicate = (icmp_ln45_119)> <Delay = 0.00> <CoreInst = "Sel">   --->   Core 73 'Sel' <Latency = 0> <II = 1> <Delay = 0.24> <FuncUnit> <Opcode : 'select'> <InPorts = 3> <OutPorts = 1>
ST_1 : Operation 189 [1/1] (0.24ns) (out node of the LUT)   --->   "%select_ln45_119 = select i1 %icmp_ln45_119, i16 %select_ln46_119, i16 0" [firmware/nnet_utils/nnet_activation.h:45]   --->   Operation 189 'select' 'select_ln45_119' <Predicate = true> <Delay = 0.24> <CoreInst = "Sel">   --->   Core 73 'Sel' <Latency = 0> <II = 1> <Delay = 0.24> <FuncUnit> <Opcode : 'select'> <InPorts = 3> <OutPorts = 1>
ST_1 : Operation 190 [1/1] (0.78ns)   --->   "%icmp_ln45_120 = icmp_sgt  i16 %data_27_val_read, i16 0" [firmware/nnet_utils/nnet_activation.h:45]   --->   Operation 190 'icmp' 'icmp_ln45_120' <Predicate = true> <Delay = 0.78> <CoreInst = "Cmp">   --->   Core 9 'Cmp' <Latency = 0> <II = 1> <Delay = 0.78> <FuncUnit> <Opcode : 'icmp'> <InPorts = 2> <OutPorts = 1>
ST_1 : Operation 191 [1/1] (0.00ns) (grouped into LUT with out node select_ln45_120)   --->   "%shl_ln46_120 = shl i16 %data_27_val_read, i16 6" [firmware/nnet_utils/nnet_activation.h:46]   --->   Operation 191 'shl' 'shl_ln46_120' <Predicate = (!icmp_ln46_120 & icmp_ln45_120)> <Delay = 0.00>
ST_1 : Operation 192 [1/1] (0.00ns)   --->   "%tmp_115 = partselect i6 @_ssdm_op_PartSelect.i6.i16.i32.i32, i16 %data_27_val_read, i32 10, i32 15" [firmware/nnet_utils/nnet_activation.h:46]   --->   Operation 192 'partselect' 'tmp_115' <Predicate = (icmp_ln45_120)> <Delay = 0.00>
ST_1 : Operation 193 [1/1] (0.70ns)   --->   "%icmp_ln46_120 = icmp_ne  i6 %tmp_115, i6 0" [firmware/nnet_utils/nnet_activation.h:46]   --->   Operation 193 'icmp' 'icmp_ln46_120' <Predicate = (icmp_ln45_120)> <Delay = 0.70> <CoreInst = "Cmp">   --->   Core 9 'Cmp' <Latency = 0> <II = 1> <Delay = 0.70> <FuncUnit> <Opcode : 'icmp'> <InPorts = 2> <OutPorts = 1>
ST_1 : Operation 194 [1/1] (0.00ns) (grouped into LUT with out node select_ln45_120)   --->   "%select_ln46_120 = select i1 %icmp_ln46_120, i16 65535, i16 %shl_ln46_120" [firmware/nnet_utils/nnet_activation.h:46]   --->   Operation 194 'select' 'select_ln46_120' <Predicate = (icmp_ln45_120)> <Delay = 0.00> <CoreInst = "Sel">   --->   Core 73 'Sel' <Latency = 0> <II = 1> <Delay = 0.24> <FuncUnit> <Opcode : 'select'> <InPorts = 3> <OutPorts = 1>
ST_1 : Operation 195 [1/1] (0.24ns) (out node of the LUT)   --->   "%select_ln45_120 = select i1 %icmp_ln45_120, i16 %select_ln46_120, i16 0" [firmware/nnet_utils/nnet_activation.h:45]   --->   Operation 195 'select' 'select_ln45_120' <Predicate = true> <Delay = 0.24> <CoreInst = "Sel">   --->   Core 73 'Sel' <Latency = 0> <II = 1> <Delay = 0.24> <FuncUnit> <Opcode : 'select'> <InPorts = 3> <OutPorts = 1>
ST_1 : Operation 196 [1/1] (0.78ns)   --->   "%icmp_ln45_121 = icmp_sgt  i16 %data_28_val_read, i16 0" [firmware/nnet_utils/nnet_activation.h:45]   --->   Operation 196 'icmp' 'icmp_ln45_121' <Predicate = true> <Delay = 0.78> <CoreInst = "Cmp">   --->   Core 9 'Cmp' <Latency = 0> <II = 1> <Delay = 0.78> <FuncUnit> <Opcode : 'icmp'> <InPorts = 2> <OutPorts = 1>
ST_1 : Operation 197 [1/1] (0.00ns) (grouped into LUT with out node select_ln45_121)   --->   "%shl_ln46_121 = shl i16 %data_28_val_read, i16 6" [firmware/nnet_utils/nnet_activation.h:46]   --->   Operation 197 'shl' 'shl_ln46_121' <Predicate = (!icmp_ln46_121 & icmp_ln45_121)> <Delay = 0.00>
ST_1 : Operation 198 [1/1] (0.00ns)   --->   "%tmp_116 = partselect i6 @_ssdm_op_PartSelect.i6.i16.i32.i32, i16 %data_28_val_read, i32 10, i32 15" [firmware/nnet_utils/nnet_activation.h:46]   --->   Operation 198 'partselect' 'tmp_116' <Predicate = (icmp_ln45_121)> <Delay = 0.00>
ST_1 : Operation 199 [1/1] (0.70ns)   --->   "%icmp_ln46_121 = icmp_ne  i6 %tmp_116, i6 0" [firmware/nnet_utils/nnet_activation.h:46]   --->   Operation 199 'icmp' 'icmp_ln46_121' <Predicate = (icmp_ln45_121)> <Delay = 0.70> <CoreInst = "Cmp">   --->   Core 9 'Cmp' <Latency = 0> <II = 1> <Delay = 0.70> <FuncUnit> <Opcode : 'icmp'> <InPorts = 2> <OutPorts = 1>
ST_1 : Operation 200 [1/1] (0.00ns) (grouped into LUT with out node select_ln45_121)   --->   "%select_ln46_121 = select i1 %icmp_ln46_121, i16 65535, i16 %shl_ln46_121" [firmware/nnet_utils/nnet_activation.h:46]   --->   Operation 200 'select' 'select_ln46_121' <Predicate = (icmp_ln45_121)> <Delay = 0.00> <CoreInst = "Sel">   --->   Core 73 'Sel' <Latency = 0> <II = 1> <Delay = 0.24> <FuncUnit> <Opcode : 'select'> <InPorts = 3> <OutPorts = 1>
ST_1 : Operation 201 [1/1] (0.24ns) (out node of the LUT)   --->   "%select_ln45_121 = select i1 %icmp_ln45_121, i16 %select_ln46_121, i16 0" [firmware/nnet_utils/nnet_activation.h:45]   --->   Operation 201 'select' 'select_ln45_121' <Predicate = true> <Delay = 0.24> <CoreInst = "Sel">   --->   Core 73 'Sel' <Latency = 0> <II = 1> <Delay = 0.24> <FuncUnit> <Opcode : 'select'> <InPorts = 3> <OutPorts = 1>
ST_1 : Operation 202 [1/1] (0.78ns)   --->   "%icmp_ln45_122 = icmp_sgt  i16 %data_29_val_read, i16 0" [firmware/nnet_utils/nnet_activation.h:45]   --->   Operation 202 'icmp' 'icmp_ln45_122' <Predicate = true> <Delay = 0.78> <CoreInst = "Cmp">   --->   Core 9 'Cmp' <Latency = 0> <II = 1> <Delay = 0.78> <FuncUnit> <Opcode : 'icmp'> <InPorts = 2> <OutPorts = 1>
ST_1 : Operation 203 [1/1] (0.00ns) (grouped into LUT with out node select_ln45_122)   --->   "%shl_ln46_122 = shl i16 %data_29_val_read, i16 6" [firmware/nnet_utils/nnet_activation.h:46]   --->   Operation 203 'shl' 'shl_ln46_122' <Predicate = (!icmp_ln46_122 & icmp_ln45_122)> <Delay = 0.00>
ST_1 : Operation 204 [1/1] (0.00ns)   --->   "%tmp_117 = partselect i6 @_ssdm_op_PartSelect.i6.i16.i32.i32, i16 %data_29_val_read, i32 10, i32 15" [firmware/nnet_utils/nnet_activation.h:46]   --->   Operation 204 'partselect' 'tmp_117' <Predicate = (icmp_ln45_122)> <Delay = 0.00>
ST_1 : Operation 205 [1/1] (0.70ns)   --->   "%icmp_ln46_122 = icmp_ne  i6 %tmp_117, i6 0" [firmware/nnet_utils/nnet_activation.h:46]   --->   Operation 205 'icmp' 'icmp_ln46_122' <Predicate = (icmp_ln45_122)> <Delay = 0.70> <CoreInst = "Cmp">   --->   Core 9 'Cmp' <Latency = 0> <II = 1> <Delay = 0.70> <FuncUnit> <Opcode : 'icmp'> <InPorts = 2> <OutPorts = 1>
ST_1 : Operation 206 [1/1] (0.00ns) (grouped into LUT with out node select_ln45_122)   --->   "%select_ln46_122 = select i1 %icmp_ln46_122, i16 65535, i16 %shl_ln46_122" [firmware/nnet_utils/nnet_activation.h:46]   --->   Operation 206 'select' 'select_ln46_122' <Predicate = (icmp_ln45_122)> <Delay = 0.00> <CoreInst = "Sel">   --->   Core 73 'Sel' <Latency = 0> <II = 1> <Delay = 0.24> <FuncUnit> <Opcode : 'select'> <InPorts = 3> <OutPorts = 1>
ST_1 : Operation 207 [1/1] (0.24ns) (out node of the LUT)   --->   "%select_ln45_122 = select i1 %icmp_ln45_122, i16 %select_ln46_122, i16 0" [firmware/nnet_utils/nnet_activation.h:45]   --->   Operation 207 'select' 'select_ln45_122' <Predicate = true> <Delay = 0.24> <CoreInst = "Sel">   --->   Core 73 'Sel' <Latency = 0> <II = 1> <Delay = 0.24> <FuncUnit> <Opcode : 'select'> <InPorts = 3> <OutPorts = 1>
ST_1 : Operation 208 [1/1] (0.78ns)   --->   "%icmp_ln45_123 = icmp_sgt  i16 %data_30_val_read, i16 0" [firmware/nnet_utils/nnet_activation.h:45]   --->   Operation 208 'icmp' 'icmp_ln45_123' <Predicate = true> <Delay = 0.78> <CoreInst = "Cmp">   --->   Core 9 'Cmp' <Latency = 0> <II = 1> <Delay = 0.78> <FuncUnit> <Opcode : 'icmp'> <InPorts = 2> <OutPorts = 1>
ST_1 : Operation 209 [1/1] (0.00ns) (grouped into LUT with out node select_ln45_123)   --->   "%shl_ln46_123 = shl i16 %data_30_val_read, i16 6" [firmware/nnet_utils/nnet_activation.h:46]   --->   Operation 209 'shl' 'shl_ln46_123' <Predicate = (!icmp_ln46_123 & icmp_ln45_123)> <Delay = 0.00>
ST_1 : Operation 210 [1/1] (0.00ns)   --->   "%tmp_118 = partselect i6 @_ssdm_op_PartSelect.i6.i16.i32.i32, i16 %data_30_val_read, i32 10, i32 15" [firmware/nnet_utils/nnet_activation.h:46]   --->   Operation 210 'partselect' 'tmp_118' <Predicate = (icmp_ln45_123)> <Delay = 0.00>
ST_1 : Operation 211 [1/1] (0.70ns)   --->   "%icmp_ln46_123 = icmp_ne  i6 %tmp_118, i6 0" [firmware/nnet_utils/nnet_activation.h:46]   --->   Operation 211 'icmp' 'icmp_ln46_123' <Predicate = (icmp_ln45_123)> <Delay = 0.70> <CoreInst = "Cmp">   --->   Core 9 'Cmp' <Latency = 0> <II = 1> <Delay = 0.70> <FuncUnit> <Opcode : 'icmp'> <InPorts = 2> <OutPorts = 1>
ST_1 : Operation 212 [1/1] (0.00ns) (grouped into LUT with out node select_ln45_123)   --->   "%select_ln46_123 = select i1 %icmp_ln46_123, i16 65535, i16 %shl_ln46_123" [firmware/nnet_utils/nnet_activation.h:46]   --->   Operation 212 'select' 'select_ln46_123' <Predicate = (icmp_ln45_123)> <Delay = 0.00> <CoreInst = "Sel">   --->   Core 73 'Sel' <Latency = 0> <II = 1> <Delay = 0.24> <FuncUnit> <Opcode : 'select'> <InPorts = 3> <OutPorts = 1>
ST_1 : Operation 213 [1/1] (0.24ns) (out node of the LUT)   --->   "%select_ln45_123 = select i1 %icmp_ln45_123, i16 %select_ln46_123, i16 0" [firmware/nnet_utils/nnet_activation.h:45]   --->   Operation 213 'select' 'select_ln45_123' <Predicate = true> <Delay = 0.24> <CoreInst = "Sel">   --->   Core 73 'Sel' <Latency = 0> <II = 1> <Delay = 0.24> <FuncUnit> <Opcode : 'select'> <InPorts = 3> <OutPorts = 1>
ST_1 : Operation 214 [1/1] (0.78ns)   --->   "%icmp_ln45_124 = icmp_sgt  i16 %data_31_val_read, i16 0" [firmware/nnet_utils/nnet_activation.h:45]   --->   Operation 214 'icmp' 'icmp_ln45_124' <Predicate = true> <Delay = 0.78> <CoreInst = "Cmp">   --->   Core 9 'Cmp' <Latency = 0> <II = 1> <Delay = 0.78> <FuncUnit> <Opcode : 'icmp'> <InPorts = 2> <OutPorts = 1>
ST_1 : Operation 215 [1/1] (0.00ns) (grouped into LUT with out node select_ln45_124)   --->   "%shl_ln46_124 = shl i16 %data_31_val_read, i16 6" [firmware/nnet_utils/nnet_activation.h:46]   --->   Operation 215 'shl' 'shl_ln46_124' <Predicate = (!icmp_ln46_124 & icmp_ln45_124)> <Delay = 0.00>
ST_1 : Operation 216 [1/1] (0.00ns)   --->   "%tmp_119 = partselect i6 @_ssdm_op_PartSelect.i6.i16.i32.i32, i16 %data_31_val_read, i32 10, i32 15" [firmware/nnet_utils/nnet_activation.h:46]   --->   Operation 216 'partselect' 'tmp_119' <Predicate = (icmp_ln45_124)> <Delay = 0.00>
ST_1 : Operation 217 [1/1] (0.70ns)   --->   "%icmp_ln46_124 = icmp_ne  i6 %tmp_119, i6 0" [firmware/nnet_utils/nnet_activation.h:46]   --->   Operation 217 'icmp' 'icmp_ln46_124' <Predicate = (icmp_ln45_124)> <Delay = 0.70> <CoreInst = "Cmp">   --->   Core 9 'Cmp' <Latency = 0> <II = 1> <Delay = 0.70> <FuncUnit> <Opcode : 'icmp'> <InPorts = 2> <OutPorts = 1>
ST_1 : Operation 218 [1/1] (0.00ns) (grouped into LUT with out node select_ln45_124)   --->   "%select_ln46_124 = select i1 %icmp_ln46_124, i16 65535, i16 %shl_ln46_124" [firmware/nnet_utils/nnet_activation.h:46]   --->   Operation 218 'select' 'select_ln46_124' <Predicate = (icmp_ln45_124)> <Delay = 0.00> <CoreInst = "Sel">   --->   Core 73 'Sel' <Latency = 0> <II = 1> <Delay = 0.24> <FuncUnit> <Opcode : 'select'> <InPorts = 3> <OutPorts = 1>
ST_1 : Operation 219 [1/1] (0.24ns) (out node of the LUT)   --->   "%select_ln45_124 = select i1 %icmp_ln45_124, i16 %select_ln46_124, i16 0" [firmware/nnet_utils/nnet_activation.h:45]   --->   Operation 219 'select' 'select_ln45_124' <Predicate = true> <Delay = 0.24> <CoreInst = "Sel">   --->   Core 73 'Sel' <Latency = 0> <II = 1> <Delay = 0.24> <FuncUnit> <Opcode : 'select'> <InPorts = 3> <OutPorts = 1>
ST_1 : Operation 220 [1/1] (0.00ns)   --->   "%newret = insertvalue i496 <undef>, i16 %select_ln45" [firmware/nnet_utils/nnet_activation.h:45]   --->   Operation 220 'insertvalue' 'newret' <Predicate = true> <Delay = 0.00>
ST_1 : Operation 221 [1/1] (0.00ns)   --->   "%newret2 = insertvalue i496 %newret, i16 %select_ln45_95" [firmware/nnet_utils/nnet_activation.h:45]   --->   Operation 221 'insertvalue' 'newret2' <Predicate = true> <Delay = 0.00>
ST_1 : Operation 222 [1/1] (0.00ns)   --->   "%newret4 = insertvalue i496 %newret2, i16 %select_ln45_96" [firmware/nnet_utils/nnet_activation.h:45]   --->   Operation 222 'insertvalue' 'newret4' <Predicate = true> <Delay = 0.00>
ST_1 : Operation 223 [1/1] (0.00ns)   --->   "%newret6 = insertvalue i496 %newret4, i16 %select_ln45_97" [firmware/nnet_utils/nnet_activation.h:45]   --->   Operation 223 'insertvalue' 'newret6' <Predicate = true> <Delay = 0.00>
ST_1 : Operation 224 [1/1] (0.00ns)   --->   "%newret8 = insertvalue i496 %newret6, i16 %select_ln45_98" [firmware/nnet_utils/nnet_activation.h:45]   --->   Operation 224 'insertvalue' 'newret8' <Predicate = true> <Delay = 0.00>
ST_1 : Operation 225 [1/1] (0.00ns)   --->   "%newret1 = insertvalue i496 %newret8, i16 %select_ln45_99" [firmware/nnet_utils/nnet_activation.h:45]   --->   Operation 225 'insertvalue' 'newret1' <Predicate = true> <Delay = 0.00>
ST_1 : Operation 226 [1/1] (0.00ns)   --->   "%newret3 = insertvalue i496 %newret1, i16 %select_ln45_100" [firmware/nnet_utils/nnet_activation.h:45]   --->   Operation 226 'insertvalue' 'newret3' <Predicate = true> <Delay = 0.00>
ST_1 : Operation 227 [1/1] (0.00ns)   --->   "%newret5 = insertvalue i496 %newret3, i16 %select_ln45_101" [firmware/nnet_utils/nnet_activation.h:45]   --->   Operation 227 'insertvalue' 'newret5' <Predicate = true> <Delay = 0.00>
ST_1 : Operation 228 [1/1] (0.00ns)   --->   "%newret7 = insertvalue i496 %newret5, i16 %select_ln45_102" [firmware/nnet_utils/nnet_activation.h:45]   --->   Operation 228 'insertvalue' 'newret7' <Predicate = true> <Delay = 0.00>
ST_1 : Operation 229 [1/1] (0.00ns)   --->   "%newret9 = insertvalue i496 %newret7, i16 %select_ln45_103" [firmware/nnet_utils/nnet_activation.h:45]   --->   Operation 229 'insertvalue' 'newret9' <Predicate = true> <Delay = 0.00>
ST_1 : Operation 230 [1/1] (0.00ns)   --->   "%newret10 = insertvalue i496 %newret9, i16 %select_ln45_104" [firmware/nnet_utils/nnet_activation.h:45]   --->   Operation 230 'insertvalue' 'newret10' <Predicate = true> <Delay = 0.00>
ST_1 : Operation 231 [1/1] (0.00ns)   --->   "%newret11 = insertvalue i496 %newret10, i16 %select_ln45_105" [firmware/nnet_utils/nnet_activation.h:45]   --->   Operation 231 'insertvalue' 'newret11' <Predicate = true> <Delay = 0.00>
ST_1 : Operation 232 [1/1] (0.00ns)   --->   "%newret12 = insertvalue i496 %newret11, i16 %select_ln45_106" [firmware/nnet_utils/nnet_activation.h:45]   --->   Operation 232 'insertvalue' 'newret12' <Predicate = true> <Delay = 0.00>
ST_1 : Operation 233 [1/1] (0.00ns)   --->   "%newret13 = insertvalue i496 %newret12, i16 %select_ln45_107" [firmware/nnet_utils/nnet_activation.h:45]   --->   Operation 233 'insertvalue' 'newret13' <Predicate = true> <Delay = 0.00>
ST_1 : Operation 234 [1/1] (0.00ns)   --->   "%newret14 = insertvalue i496 %newret13, i16 %select_ln45_108" [firmware/nnet_utils/nnet_activation.h:45]   --->   Operation 234 'insertvalue' 'newret14' <Predicate = true> <Delay = 0.00>
ST_1 : Operation 235 [1/1] (0.00ns)   --->   "%newret15 = insertvalue i496 %newret14, i16 %select_ln45_109" [firmware/nnet_utils/nnet_activation.h:45]   --->   Operation 235 'insertvalue' 'newret15' <Predicate = true> <Delay = 0.00>
ST_1 : Operation 236 [1/1] (0.00ns)   --->   "%newret16 = insertvalue i496 %newret15, i16 %select_ln45_110" [firmware/nnet_utils/nnet_activation.h:45]   --->   Operation 236 'insertvalue' 'newret16' <Predicate = true> <Delay = 0.00>
ST_1 : Operation 237 [1/1] (0.00ns)   --->   "%newret17 = insertvalue i496 %newret16, i16 %select_ln45_111" [firmware/nnet_utils/nnet_activation.h:45]   --->   Operation 237 'insertvalue' 'newret17' <Predicate = true> <Delay = 0.00>
ST_1 : Operation 238 [1/1] (0.00ns)   --->   "%newret18 = insertvalue i496 %newret17, i16 %select_ln45_112" [firmware/nnet_utils/nnet_activation.h:45]   --->   Operation 238 'insertvalue' 'newret18' <Predicate = true> <Delay = 0.00>
ST_1 : Operation 239 [1/1] (0.00ns)   --->   "%newret19 = insertvalue i496 %newret18, i16 %select_ln45_113" [firmware/nnet_utils/nnet_activation.h:45]   --->   Operation 239 'insertvalue' 'newret19' <Predicate = true> <Delay = 0.00>
ST_1 : Operation 240 [1/1] (0.00ns)   --->   "%newret20 = insertvalue i496 %newret19, i16 %select_ln45_114" [firmware/nnet_utils/nnet_activation.h:45]   --->   Operation 240 'insertvalue' 'newret20' <Predicate = true> <Delay = 0.00>
ST_1 : Operation 241 [1/1] (0.00ns)   --->   "%newret21 = insertvalue i496 %newret20, i16 %select_ln45_115" [firmware/nnet_utils/nnet_activation.h:45]   --->   Operation 241 'insertvalue' 'newret21' <Predicate = true> <Delay = 0.00>
ST_1 : Operation 242 [1/1] (0.00ns)   --->   "%newret22 = insertvalue i496 %newret21, i16 %select_ln45_116" [firmware/nnet_utils/nnet_activation.h:45]   --->   Operation 242 'insertvalue' 'newret22' <Predicate = true> <Delay = 0.00>
ST_1 : Operation 243 [1/1] (0.00ns)   --->   "%newret23 = insertvalue i496 %newret22, i16 %select_ln45_117" [firmware/nnet_utils/nnet_activation.h:45]   --->   Operation 243 'insertvalue' 'newret23' <Predicate = true> <Delay = 0.00>
ST_1 : Operation 244 [1/1] (0.00ns)   --->   "%newret24 = insertvalue i496 %newret23, i16 %select_ln45_118" [firmware/nnet_utils/nnet_activation.h:45]   --->   Operation 244 'insertvalue' 'newret24' <Predicate = true> <Delay = 0.00>
ST_1 : Operation 245 [1/1] (0.00ns)   --->   "%newret25 = insertvalue i496 %newret24, i16 %select_ln45_119" [firmware/nnet_utils/nnet_activation.h:45]   --->   Operation 245 'insertvalue' 'newret25' <Predicate = true> <Delay = 0.00>
ST_1 : Operation 246 [1/1] (0.00ns)   --->   "%newret26 = insertvalue i496 %newret25, i16 %select_ln45_120" [firmware/nnet_utils/nnet_activation.h:45]   --->   Operation 246 'insertvalue' 'newret26' <Predicate = true> <Delay = 0.00>
ST_1 : Operation 247 [1/1] (0.00ns)   --->   "%newret27 = insertvalue i496 %newret26, i16 %select_ln45_121" [firmware/nnet_utils/nnet_activation.h:45]   --->   Operation 247 'insertvalue' 'newret27' <Predicate = true> <Delay = 0.00>
ST_1 : Operation 248 [1/1] (0.00ns)   --->   "%newret28 = insertvalue i496 %newret27, i16 %select_ln45_122" [firmware/nnet_utils/nnet_activation.h:45]   --->   Operation 248 'insertvalue' 'newret28' <Predicate = true> <Delay = 0.00>
ST_1 : Operation 249 [1/1] (0.00ns)   --->   "%newret29 = insertvalue i496 %newret28, i16 %select_ln45_123" [firmware/nnet_utils/nnet_activation.h:45]   --->   Operation 249 'insertvalue' 'newret29' <Predicate = true> <Delay = 0.00>
ST_1 : Operation 250 [1/1] (0.00ns)   --->   "%newret30 = insertvalue i496 %newret29, i16 %select_ln45_124" [firmware/nnet_utils/nnet_activation.h:45]   --->   Operation 250 'insertvalue' 'newret30' <Predicate = true> <Delay = 0.00>
ST_1 : Operation 251 [1/1] (0.00ns)   --->   "%ret_ln45 = ret i496 %newret30" [firmware/nnet_utils/nnet_activation.h:45]   --->   Operation 251 'ret' 'ret_ln45' <Predicate = true> <Delay = 0.00>


============================================================
+ Verbose Summary: Timing violations
============================================================
Target clock period: 5.000ns, clock uncertainty: 0.625ns.

 <State 1>: 1.028ns
The critical path consists of the following:
	wire read operation ('data_0_val_read', firmware/nnet_utils/nnet_activation.h:42) on port 'data_0_val' (firmware/nnet_utils/nnet_activation.h:42) [63]  (0.000 ns)
	'icmp' operation ('icmp_ln45', firmware/nnet_utils/nnet_activation.h:45) [64]  (0.785 ns)
	'select' operation ('select_ln45', firmware/nnet_utils/nnet_activation.h:45) [69]  (0.243 ns)


============================================================
+ Verbose Summary: Binding
============================================================
N/A
* FSMD analyzer results:
  - Output states:
 - Input state : 
  - Chain level:
	State 1


============================================================
+ Verbose Summary: Datapath Resource usage 
============================================================
N/A
