

================================================================
== Vitis HLS Report for 'relu_ap_fixed_ap_ufixed_16_0_4_0_0_PARAMEST_NN_relu_config5_s'
================================================================
* Date:           Sun Apr 13 13:10:26 2025

* Version:        2023.1 (Build 3854077 on May  4 2023)
* Project:        ParamEst_NN_prj
* Solution:       solution1 (Vivado IP Flow Target)
* Product family: virtexuplus
* Target device:  xcu250-figd2104-2L-e


================================================================
== Performance Estimates
================================================================
+ Timing: 
    * Summary: 
    +--------+---------+----------+------------+
    |  Clock |  Target | Estimated| Uncertainty|
    +--------+---------+----------+------------+
    |ap_clk  |  5.00 ns|  1.028 ns|     0.62 ns|
    +--------+---------+----------+------------+

+ Latency: 
    * Summary: 
    +---------+---------+----------+----------+-----+-----+---------+
    |  Latency (cycles) |  Latency (absolute) |  Interval | Pipeline|
    |   min   |   max   |    min   |    max   | min | max |   Type  |
    +---------+---------+----------+----------+-----+-----+---------+
    |        0|        0|      0 ns|      0 ns|    1|    1|      yes|
    +---------+---------+----------+----------+-----+-----+---------+

    + Detail: 
        * Instance: 
        N/A

        * Loop: 
        N/A

============================================================
+ Verbose Summary: Synthesis Manager
============================================================
InlineROM: 1
ExposeGlobal: 0
============================================================
+ Verbose Summary: CDFG Model
============================================================
IsTopModel: 0
ResetActiveHigh: 1
IsCombinational: 0
IsDatapathOnly: 0
HasWiredReturn: 1
HasMFsm: 2
HasVarLatency: 0
IsPipeline: 1
IsRtlPipelined: 0
IsInstanceOverlapped: 0
IsDontTouch: 0
HasImplIP: 0
IsGatedGlobalClock: 0

+ Individual pipeline summary: 
  * Pipeline-0: initiation interval (II) = 1, depth = 1


============================================================
+ Verbose Summary: Schedule
============================================================
* Number of FSM states : 1
* Pipeline : 1
  Pipeline-0 : II = 1, D = 1, States = { 1 }
* Dataflow Pipeline: 0

* FSM state transitions: 
1 --> 

* FSM state operations: 

State 1 <SV = 0> <Delay = 1.02>
ST_1 : Operation 2 [1/1] (0.00ns)   --->   "%specpipeline_ln43 = specpipeline void @_ssdm_op_SpecPipeline, i32 4294967295, i32 0, i32 0, i32 0, void @empty_0" [firmware/nnet_utils/nnet_activation.h:43]   --->   Operation 2 'specpipeline' 'specpipeline_ln43' <Predicate = true> <Delay = 0.00>
ST_1 : Operation 3 [1/1] (0.00ns)   --->   "%data_31_val_read = read i16 @_ssdm_op_Read.ap_auto.i16, i16 %data_31_val" [firmware/nnet_utils/nnet_activation.h:42]   --->   Operation 3 'read' 'data_31_val_read' <Predicate = true> <Delay = 0.00>
ST_1 : Operation 4 [1/1] (0.00ns)   --->   "%data_30_val_read = read i16 @_ssdm_op_Read.ap_auto.i16, i16 %data_30_val" [firmware/nnet_utils/nnet_activation.h:42]   --->   Operation 4 'read' 'data_30_val_read' <Predicate = true> <Delay = 0.00>
ST_1 : Operation 5 [1/1] (0.00ns)   --->   "%data_29_val_read = read i16 @_ssdm_op_Read.ap_auto.i16, i16 %data_29_val" [firmware/nnet_utils/nnet_activation.h:42]   --->   Operation 5 'read' 'data_29_val_read' <Predicate = true> <Delay = 0.00>
ST_1 : Operation 6 [1/1] (0.00ns)   --->   "%data_28_val_read = read i16 @_ssdm_op_Read.ap_auto.i16, i16 %data_28_val" [firmware/nnet_utils/nnet_activation.h:42]   --->   Operation 6 'read' 'data_28_val_read' <Predicate = true> <Delay = 0.00>
ST_1 : Operation 7 [1/1] (0.00ns)   --->   "%data_27_val_read = read i16 @_ssdm_op_Read.ap_auto.i16, i16 %data_27_val" [firmware/nnet_utils/nnet_activation.h:42]   --->   Operation 7 'read' 'data_27_val_read' <Predicate = true> <Delay = 0.00>
ST_1 : Operation 8 [1/1] (0.00ns)   --->   "%data_26_val_read = read i16 @_ssdm_op_Read.ap_auto.i16, i16 %data_26_val" [firmware/nnet_utils/nnet_activation.h:42]   --->   Operation 8 'read' 'data_26_val_read' <Predicate = true> <Delay = 0.00>
ST_1 : Operation 9 [1/1] (0.00ns)   --->   "%data_25_val_read = read i16 @_ssdm_op_Read.ap_auto.i16, i16 %data_25_val" [firmware/nnet_utils/nnet_activation.h:42]   --->   Operation 9 'read' 'data_25_val_read' <Predicate = true> <Delay = 0.00>
ST_1 : Operation 10 [1/1] (0.00ns)   --->   "%data_24_val_read = read i16 @_ssdm_op_Read.ap_auto.i16, i16 %data_24_val" [firmware/nnet_utils/nnet_activation.h:42]   --->   Operation 10 'read' 'data_24_val_read' <Predicate = true> <Delay = 0.00>
ST_1 : Operation 11 [1/1] (0.00ns)   --->   "%data_23_val_read = read i16 @_ssdm_op_Read.ap_auto.i16, i16 %data_23_val" [firmware/nnet_utils/nnet_activation.h:42]   --->   Operation 11 'read' 'data_23_val_read' <Predicate = true> <Delay = 0.00>
ST_1 : Operation 12 [1/1] (0.00ns)   --->   "%data_22_val_read = read i16 @_ssdm_op_Read.ap_auto.i16, i16 %data_22_val" [firmware/nnet_utils/nnet_activation.h:42]   --->   Operation 12 'read' 'data_22_val_read' <Predicate = true> <Delay = 0.00>
ST_1 : Operation 13 [1/1] (0.00ns)   --->   "%data_21_val_read = read i16 @_ssdm_op_Read.ap_auto.i16, i16 %data_21_val" [firmware/nnet_utils/nnet_activation.h:42]   --->   Operation 13 'read' 'data_21_val_read' <Predicate = true> <Delay = 0.00>
ST_1 : Operation 14 [1/1] (0.00ns)   --->   "%data_20_val_read = read i16 @_ssdm_op_Read.ap_auto.i16, i16 %data_20_val" [firmware/nnet_utils/nnet_activation.h:42]   --->   Operation 14 'read' 'data_20_val_read' <Predicate = true> <Delay = 0.00>
ST_1 : Operation 15 [1/1] (0.00ns)   --->   "%data_19_val_read = read i16 @_ssdm_op_Read.ap_auto.i16, i16 %data_19_val" [firmware/nnet_utils/nnet_activation.h:42]   --->   Operation 15 'read' 'data_19_val_read' <Predicate = true> <Delay = 0.00>
ST_1 : Operation 16 [1/1] (0.00ns)   --->   "%data_18_val_read = read i16 @_ssdm_op_Read.ap_auto.i16, i16 %data_18_val" [firmware/nnet_utils/nnet_activation.h:42]   --->   Operation 16 'read' 'data_18_val_read' <Predicate = true> <Delay = 0.00>
ST_1 : Operation 17 [1/1] (0.00ns)   --->   "%data_17_val_read = read i16 @_ssdm_op_Read.ap_auto.i16, i16 %data_17_val" [firmware/nnet_utils/nnet_activation.h:42]   --->   Operation 17 'read' 'data_17_val_read' <Predicate = true> <Delay = 0.00>
ST_1 : Operation 18 [1/1] (0.00ns)   --->   "%data_16_val_read = read i16 @_ssdm_op_Read.ap_auto.i16, i16 %data_16_val" [firmware/nnet_utils/nnet_activation.h:42]   --->   Operation 18 'read' 'data_16_val_read' <Predicate = true> <Delay = 0.00>
ST_1 : Operation 19 [1/1] (0.00ns)   --->   "%data_15_val_read = read i16 @_ssdm_op_Read.ap_auto.i16, i16 %data_15_val" [firmware/nnet_utils/nnet_activation.h:42]   --->   Operation 19 'read' 'data_15_val_read' <Predicate = true> <Delay = 0.00>
ST_1 : Operation 20 [1/1] (0.00ns)   --->   "%data_14_val_read = read i16 @_ssdm_op_Read.ap_auto.i16, i16 %data_14_val" [firmware/nnet_utils/nnet_activation.h:42]   --->   Operation 20 'read' 'data_14_val_read' <Predicate = true> <Delay = 0.00>
ST_1 : Operation 21 [1/1] (0.00ns)   --->   "%data_13_val_read = read i16 @_ssdm_op_Read.ap_auto.i16, i16 %data_13_val" [firmware/nnet_utils/nnet_activation.h:42]   --->   Operation 21 'read' 'data_13_val_read' <Predicate = true> <Delay = 0.00>
ST_1 : Operation 22 [1/1] (0.00ns)   --->   "%data_12_val_read = read i16 @_ssdm_op_Read.ap_auto.i16, i16 %data_12_val" [firmware/nnet_utils/nnet_activation.h:42]   --->   Operation 22 'read' 'data_12_val_read' <Predicate = true> <Delay = 0.00>
ST_1 : Operation 23 [1/1] (0.00ns)   --->   "%data_11_val_read = read i16 @_ssdm_op_Read.ap_auto.i16, i16 %data_11_val" [firmware/nnet_utils/nnet_activation.h:42]   --->   Operation 23 'read' 'data_11_val_read' <Predicate = true> <Delay = 0.00>
ST_1 : Operation 24 [1/1] (0.00ns)   --->   "%data_10_val_read = read i16 @_ssdm_op_Read.ap_auto.i16, i16 %data_10_val" [firmware/nnet_utils/nnet_activation.h:42]   --->   Operation 24 'read' 'data_10_val_read' <Predicate = true> <Delay = 0.00>
ST_1 : Operation 25 [1/1] (0.00ns)   --->   "%data_9_val_read = read i16 @_ssdm_op_Read.ap_auto.i16, i16 %data_9_val" [firmware/nnet_utils/nnet_activation.h:42]   --->   Operation 25 'read' 'data_9_val_read' <Predicate = true> <Delay = 0.00>
ST_1 : Operation 26 [1/1] (0.00ns)   --->   "%data_8_val_read = read i16 @_ssdm_op_Read.ap_auto.i16, i16 %data_8_val" [firmware/nnet_utils/nnet_activation.h:42]   --->   Operation 26 'read' 'data_8_val_read' <Predicate = true> <Delay = 0.00>
ST_1 : Operation 27 [1/1] (0.00ns)   --->   "%data_7_val_read = read i16 @_ssdm_op_Read.ap_auto.i16, i16 %data_7_val" [firmware/nnet_utils/nnet_activation.h:42]   --->   Operation 27 'read' 'data_7_val_read' <Predicate = true> <Delay = 0.00>
ST_1 : Operation 28 [1/1] (0.00ns)   --->   "%data_6_val_read = read i16 @_ssdm_op_Read.ap_auto.i16, i16 %data_6_val" [firmware/nnet_utils/nnet_activation.h:42]   --->   Operation 28 'read' 'data_6_val_read' <Predicate = true> <Delay = 0.00>
ST_1 : Operation 29 [1/1] (0.00ns)   --->   "%data_5_val_read = read i16 @_ssdm_op_Read.ap_auto.i16, i16 %data_5_val" [firmware/nnet_utils/nnet_activation.h:42]   --->   Operation 29 'read' 'data_5_val_read' <Predicate = true> <Delay = 0.00>
ST_1 : Operation 30 [1/1] (0.00ns)   --->   "%data_4_val_read = read i16 @_ssdm_op_Read.ap_auto.i16, i16 %data_4_val" [firmware/nnet_utils/nnet_activation.h:42]   --->   Operation 30 'read' 'data_4_val_read' <Predicate = true> <Delay = 0.00>
ST_1 : Operation 31 [1/1] (0.00ns)   --->   "%data_3_val_read = read i16 @_ssdm_op_Read.ap_auto.i16, i16 %data_3_val" [firmware/nnet_utils/nnet_activation.h:42]   --->   Operation 31 'read' 'data_3_val_read' <Predicate = true> <Delay = 0.00>
ST_1 : Operation 32 [1/1] (0.00ns)   --->   "%data_2_val_read = read i16 @_ssdm_op_Read.ap_auto.i16, i16 %data_2_val" [firmware/nnet_utils/nnet_activation.h:42]   --->   Operation 32 'read' 'data_2_val_read' <Predicate = true> <Delay = 0.00>
ST_1 : Operation 33 [1/1] (0.00ns)   --->   "%data_1_val_read = read i16 @_ssdm_op_Read.ap_auto.i16, i16 %data_1_val" [firmware/nnet_utils/nnet_activation.h:42]   --->   Operation 33 'read' 'data_1_val_read' <Predicate = true> <Delay = 0.00>
ST_1 : Operation 34 [1/1] (0.00ns)   --->   "%data_0_val_read = read i16 @_ssdm_op_Read.ap_auto.i16, i16 %data_0_val" [firmware/nnet_utils/nnet_activation.h:42]   --->   Operation 34 'read' 'data_0_val_read' <Predicate = true> <Delay = 0.00>
ST_1 : Operation 35 [1/1] (0.78ns)   --->   "%icmp_ln45 = icmp_sgt  i16 %data_0_val_read, i16 0" [firmware/nnet_utils/nnet_activation.h:45]   --->   Operation 35 'icmp' 'icmp_ln45' <Predicate = true> <Delay = 0.78> <CoreInst = "Cmp">   --->   Core 9 'Cmp' <Latency = 0> <II = 1> <Delay = 0.78> <FuncUnit> <Opcode : 'icmp'> <InPorts = 2> <OutPorts = 1>
ST_1 : Operation 36 [1/1] (0.00ns) (grouped into LUT with out node select_ln45)   --->   "%shl_ln46 = shl i16 %data_0_val_read, i16 6" [firmware/nnet_utils/nnet_activation.h:46]   --->   Operation 36 'shl' 'shl_ln46' <Predicate = (!icmp_ln46 & icmp_ln45)> <Delay = 0.00>
ST_1 : Operation 37 [1/1] (0.00ns)   --->   "%tmp = partselect i6 @_ssdm_op_PartSelect.i6.i16.i32.i32, i16 %data_0_val_read, i32 10, i32 15" [firmware/nnet_utils/nnet_activation.h:46]   --->   Operation 37 'partselect' 'tmp' <Predicate = (icmp_ln45)> <Delay = 0.00>
ST_1 : Operation 38 [1/1] (0.70ns)   --->   "%icmp_ln46 = icmp_ne  i6 %tmp, i6 0" [firmware/nnet_utils/nnet_activation.h:46]   --->   Operation 38 'icmp' 'icmp_ln46' <Predicate = (icmp_ln45)> <Delay = 0.70> <CoreInst = "Cmp">   --->   Core 9 'Cmp' <Latency = 0> <II = 1> <Delay = 0.70> <FuncUnit> <Opcode : 'icmp'> <InPorts = 2> <OutPorts = 1>
ST_1 : Operation 39 [1/1] (0.00ns) (grouped into LUT with out node select_ln45)   --->   "%select_ln46 = select i1 %icmp_ln46, i16 65535, i16 %shl_ln46" [firmware/nnet_utils/nnet_activation.h:46]   --->   Operation 39 'select' 'select_ln46' <Predicate = (icmp_ln45)> <Delay = 0.00> <CoreInst = "Sel">   --->   Core 73 'Sel' <Latency = 0> <II = 1> <Delay = 0.24> <FuncUnit> <Opcode : 'select'> <InPorts = 3> <OutPorts = 1>
ST_1 : Operation 40 [1/1] (0.24ns) (out node of the LUT)   --->   "%select_ln45 = select i1 %icmp_ln45, i16 %select_ln46, i16 0" [firmware/nnet_utils/nnet_activation.h:45]   --->   Operation 40 'select' 'select_ln45' <Predicate = true> <Delay = 0.24> <CoreInst = "Sel">   --->   Core 73 'Sel' <Latency = 0> <II = 1> <Delay = 0.24> <FuncUnit> <Opcode : 'select'> <InPorts = 3> <OutPorts = 1>
ST_1 : Operation 41 [1/1] (0.78ns)   --->   "%icmp_ln45_64 = icmp_sgt  i16 %data_1_val_read, i16 0" [firmware/nnet_utils/nnet_activation.h:45]   --->   Operation 41 'icmp' 'icmp_ln45_64' <Predicate = true> <Delay = 0.78> <CoreInst = "Cmp">   --->   Core 9 'Cmp' <Latency = 0> <II = 1> <Delay = 0.78> <FuncUnit> <Opcode : 'icmp'> <InPorts = 2> <OutPorts = 1>
ST_1 : Operation 42 [1/1] (0.00ns) (grouped into LUT with out node select_ln45_64)   --->   "%shl_ln46_64 = shl i16 %data_1_val_read, i16 6" [firmware/nnet_utils/nnet_activation.h:46]   --->   Operation 42 'shl' 'shl_ln46_64' <Predicate = (!icmp_ln46_64 & icmp_ln45_64)> <Delay = 0.00>
ST_1 : Operation 43 [1/1] (0.00ns)   --->   "%tmp_34 = partselect i6 @_ssdm_op_PartSelect.i6.i16.i32.i32, i16 %data_1_val_read, i32 10, i32 15" [firmware/nnet_utils/nnet_activation.h:46]   --->   Operation 43 'partselect' 'tmp_34' <Predicate = (icmp_ln45_64)> <Delay = 0.00>
ST_1 : Operation 44 [1/1] (0.70ns)   --->   "%icmp_ln46_64 = icmp_ne  i6 %tmp_34, i6 0" [firmware/nnet_utils/nnet_activation.h:46]   --->   Operation 44 'icmp' 'icmp_ln46_64' <Predicate = (icmp_ln45_64)> <Delay = 0.70> <CoreInst = "Cmp">   --->   Core 9 'Cmp' <Latency = 0> <II = 1> <Delay = 0.70> <FuncUnit> <Opcode : 'icmp'> <InPorts = 2> <OutPorts = 1>
ST_1 : Operation 45 [1/1] (0.00ns) (grouped into LUT with out node select_ln45_64)   --->   "%select_ln46_64 = select i1 %icmp_ln46_64, i16 65535, i16 %shl_ln46_64" [firmware/nnet_utils/nnet_activation.h:46]   --->   Operation 45 'select' 'select_ln46_64' <Predicate = (icmp_ln45_64)> <Delay = 0.00> <CoreInst = "Sel">   --->   Core 73 'Sel' <Latency = 0> <II = 1> <Delay = 0.24> <FuncUnit> <Opcode : 'select'> <InPorts = 3> <OutPorts = 1>
ST_1 : Operation 46 [1/1] (0.24ns) (out node of the LUT)   --->   "%select_ln45_64 = select i1 %icmp_ln45_64, i16 %select_ln46_64, i16 0" [firmware/nnet_utils/nnet_activation.h:45]   --->   Operation 46 'select' 'select_ln45_64' <Predicate = true> <Delay = 0.24> <CoreInst = "Sel">   --->   Core 73 'Sel' <Latency = 0> <II = 1> <Delay = 0.24> <FuncUnit> <Opcode : 'select'> <InPorts = 3> <OutPorts = 1>
ST_1 : Operation 47 [1/1] (0.78ns)   --->   "%icmp_ln45_65 = icmp_sgt  i16 %data_2_val_read, i16 0" [firmware/nnet_utils/nnet_activation.h:45]   --->   Operation 47 'icmp' 'icmp_ln45_65' <Predicate = true> <Delay = 0.78> <CoreInst = "Cmp">   --->   Core 9 'Cmp' <Latency = 0> <II = 1> <Delay = 0.78> <FuncUnit> <Opcode : 'icmp'> <InPorts = 2> <OutPorts = 1>
ST_1 : Operation 48 [1/1] (0.00ns) (grouped into LUT with out node select_ln45_65)   --->   "%shl_ln46_65 = shl i16 %data_2_val_read, i16 6" [firmware/nnet_utils/nnet_activation.h:46]   --->   Operation 48 'shl' 'shl_ln46_65' <Predicate = (!icmp_ln46_65 & icmp_ln45_65)> <Delay = 0.00>
ST_1 : Operation 49 [1/1] (0.00ns)   --->   "%tmp_s = partselect i6 @_ssdm_op_PartSelect.i6.i16.i32.i32, i16 %data_2_val_read, i32 10, i32 15" [firmware/nnet_utils/nnet_activation.h:46]   --->   Operation 49 'partselect' 'tmp_s' <Predicate = (icmp_ln45_65)> <Delay = 0.00>
ST_1 : Operation 50 [1/1] (0.70ns)   --->   "%icmp_ln46_65 = icmp_ne  i6 %tmp_s, i6 0" [firmware/nnet_utils/nnet_activation.h:46]   --->   Operation 50 'icmp' 'icmp_ln46_65' <Predicate = (icmp_ln45_65)> <Delay = 0.70> <CoreInst = "Cmp">   --->   Core 9 'Cmp' <Latency = 0> <II = 1> <Delay = 0.70> <FuncUnit> <Opcode : 'icmp'> <InPorts = 2> <OutPorts = 1>
ST_1 : Operation 51 [1/1] (0.00ns) (grouped into LUT with out node select_ln45_65)   --->   "%select_ln46_65 = select i1 %icmp_ln46_65, i16 65535, i16 %shl_ln46_65" [firmware/nnet_utils/nnet_activation.h:46]   --->   Operation 51 'select' 'select_ln46_65' <Predicate = (icmp_ln45_65)> <Delay = 0.00> <CoreInst = "Sel">   --->   Core 73 'Sel' <Latency = 0> <II = 1> <Delay = 0.24> <FuncUnit> <Opcode : 'select'> <InPorts = 3> <OutPorts = 1>
ST_1 : Operation 52 [1/1] (0.24ns) (out node of the LUT)   --->   "%select_ln45_65 = select i1 %icmp_ln45_65, i16 %select_ln46_65, i16 0" [firmware/nnet_utils/nnet_activation.h:45]   --->   Operation 52 'select' 'select_ln45_65' <Predicate = true> <Delay = 0.24> <CoreInst = "Sel">   --->   Core 73 'Sel' <Latency = 0> <II = 1> <Delay = 0.24> <FuncUnit> <Opcode : 'select'> <InPorts = 3> <OutPorts = 1>
ST_1 : Operation 53 [1/1] (0.78ns)   --->   "%icmp_ln45_66 = icmp_sgt  i16 %data_3_val_read, i16 0" [firmware/nnet_utils/nnet_activation.h:45]   --->   Operation 53 'icmp' 'icmp_ln45_66' <Predicate = true> <Delay = 0.78> <CoreInst = "Cmp">   --->   Core 9 'Cmp' <Latency = 0> <II = 1> <Delay = 0.78> <FuncUnit> <Opcode : 'icmp'> <InPorts = 2> <OutPorts = 1>
ST_1 : Operation 54 [1/1] (0.00ns) (grouped into LUT with out node select_ln45_66)   --->   "%shl_ln46_66 = shl i16 %data_3_val_read, i16 6" [firmware/nnet_utils/nnet_activation.h:46]   --->   Operation 54 'shl' 'shl_ln46_66' <Predicate = (!icmp_ln46_66 & icmp_ln45_66)> <Delay = 0.00>
ST_1 : Operation 55 [1/1] (0.00ns)   --->   "%tmp_63 = partselect i6 @_ssdm_op_PartSelect.i6.i16.i32.i32, i16 %data_3_val_read, i32 10, i32 15" [firmware/nnet_utils/nnet_activation.h:46]   --->   Operation 55 'partselect' 'tmp_63' <Predicate = (icmp_ln45_66)> <Delay = 0.00>
ST_1 : Operation 56 [1/1] (0.70ns)   --->   "%icmp_ln46_66 = icmp_ne  i6 %tmp_63, i6 0" [firmware/nnet_utils/nnet_activation.h:46]   --->   Operation 56 'icmp' 'icmp_ln46_66' <Predicate = (icmp_ln45_66)> <Delay = 0.70> <CoreInst = "Cmp">   --->   Core 9 'Cmp' <Latency = 0> <II = 1> <Delay = 0.70> <FuncUnit> <Opcode : 'icmp'> <InPorts = 2> <OutPorts = 1>
ST_1 : Operation 57 [1/1] (0.00ns) (grouped into LUT with out node select_ln45_66)   --->   "%select_ln46_66 = select i1 %icmp_ln46_66, i16 65535, i16 %shl_ln46_66" [firmware/nnet_utils/nnet_activation.h:46]   --->   Operation 57 'select' 'select_ln46_66' <Predicate = (icmp_ln45_66)> <Delay = 0.00> <CoreInst = "Sel">   --->   Core 73 'Sel' <Latency = 0> <II = 1> <Delay = 0.24> <FuncUnit> <Opcode : 'select'> <InPorts = 3> <OutPorts = 1>
ST_1 : Operation 58 [1/1] (0.24ns) (out node of the LUT)   --->   "%select_ln45_66 = select i1 %icmp_ln45_66, i16 %select_ln46_66, i16 0" [firmware/nnet_utils/nnet_activation.h:45]   --->   Operation 58 'select' 'select_ln45_66' <Predicate = true> <Delay = 0.24> <CoreInst = "Sel">   --->   Core 73 'Sel' <Latency = 0> <II = 1> <Delay = 0.24> <FuncUnit> <Opcode : 'select'> <InPorts = 3> <OutPorts = 1>
ST_1 : Operation 59 [1/1] (0.78ns)   --->   "%icmp_ln45_67 = icmp_sgt  i16 %data_4_val_read, i16 0" [firmware/nnet_utils/nnet_activation.h:45]   --->   Operation 59 'icmp' 'icmp_ln45_67' <Predicate = true> <Delay = 0.78> <CoreInst = "Cmp">   --->   Core 9 'Cmp' <Latency = 0> <II = 1> <Delay = 0.78> <FuncUnit> <Opcode : 'icmp'> <InPorts = 2> <OutPorts = 1>
ST_1 : Operation 60 [1/1] (0.00ns) (grouped into LUT with out node select_ln45_67)   --->   "%shl_ln46_67 = shl i16 %data_4_val_read, i16 6" [firmware/nnet_utils/nnet_activation.h:46]   --->   Operation 60 'shl' 'shl_ln46_67' <Predicate = (!icmp_ln46_67 & icmp_ln45_67)> <Delay = 0.00>
ST_1 : Operation 61 [1/1] (0.00ns)   --->   "%tmp_64 = partselect i6 @_ssdm_op_PartSelect.i6.i16.i32.i32, i16 %data_4_val_read, i32 10, i32 15" [firmware/nnet_utils/nnet_activation.h:46]   --->   Operation 61 'partselect' 'tmp_64' <Predicate = (icmp_ln45_67)> <Delay = 0.00>
ST_1 : Operation 62 [1/1] (0.70ns)   --->   "%icmp_ln46_67 = icmp_ne  i6 %tmp_64, i6 0" [firmware/nnet_utils/nnet_activation.h:46]   --->   Operation 62 'icmp' 'icmp_ln46_67' <Predicate = (icmp_ln45_67)> <Delay = 0.70> <CoreInst = "Cmp">   --->   Core 9 'Cmp' <Latency = 0> <II = 1> <Delay = 0.70> <FuncUnit> <Opcode : 'icmp'> <InPorts = 2> <OutPorts = 1>
ST_1 : Operation 63 [1/1] (0.00ns) (grouped into LUT with out node select_ln45_67)   --->   "%select_ln46_67 = select i1 %icmp_ln46_67, i16 65535, i16 %shl_ln46_67" [firmware/nnet_utils/nnet_activation.h:46]   --->   Operation 63 'select' 'select_ln46_67' <Predicate = (icmp_ln45_67)> <Delay = 0.00> <CoreInst = "Sel">   --->   Core 73 'Sel' <Latency = 0> <II = 1> <Delay = 0.24> <FuncUnit> <Opcode : 'select'> <InPorts = 3> <OutPorts = 1>
ST_1 : Operation 64 [1/1] (0.24ns) (out node of the LUT)   --->   "%select_ln45_67 = select i1 %icmp_ln45_67, i16 %select_ln46_67, i16 0" [firmware/nnet_utils/nnet_activation.h:45]   --->   Operation 64 'select' 'select_ln45_67' <Predicate = true> <Delay = 0.24> <CoreInst = "Sel">   --->   Core 73 'Sel' <Latency = 0> <II = 1> <Delay = 0.24> <FuncUnit> <Opcode : 'select'> <InPorts = 3> <OutPorts = 1>
ST_1 : Operation 65 [1/1] (0.78ns)   --->   "%icmp_ln45_68 = icmp_sgt  i16 %data_5_val_read, i16 0" [firmware/nnet_utils/nnet_activation.h:45]   --->   Operation 65 'icmp' 'icmp_ln45_68' <Predicate = true> <Delay = 0.78> <CoreInst = "Cmp">   --->   Core 9 'Cmp' <Latency = 0> <II = 1> <Delay = 0.78> <FuncUnit> <Opcode : 'icmp'> <InPorts = 2> <OutPorts = 1>
ST_1 : Operation 66 [1/1] (0.00ns) (grouped into LUT with out node select_ln45_68)   --->   "%shl_ln46_68 = shl i16 %data_5_val_read, i16 6" [firmware/nnet_utils/nnet_activation.h:46]   --->   Operation 66 'shl' 'shl_ln46_68' <Predicate = (!icmp_ln46_68 & icmp_ln45_68)> <Delay = 0.00>
ST_1 : Operation 67 [1/1] (0.00ns)   --->   "%tmp_65 = partselect i6 @_ssdm_op_PartSelect.i6.i16.i32.i32, i16 %data_5_val_read, i32 10, i32 15" [firmware/nnet_utils/nnet_activation.h:46]   --->   Operation 67 'partselect' 'tmp_65' <Predicate = (icmp_ln45_68)> <Delay = 0.00>
ST_1 : Operation 68 [1/1] (0.70ns)   --->   "%icmp_ln46_68 = icmp_ne  i6 %tmp_65, i6 0" [firmware/nnet_utils/nnet_activation.h:46]   --->   Operation 68 'icmp' 'icmp_ln46_68' <Predicate = (icmp_ln45_68)> <Delay = 0.70> <CoreInst = "Cmp">   --->   Core 9 'Cmp' <Latency = 0> <II = 1> <Delay = 0.70> <FuncUnit> <Opcode : 'icmp'> <InPorts = 2> <OutPorts = 1>
ST_1 : Operation 69 [1/1] (0.00ns) (grouped into LUT with out node select_ln45_68)   --->   "%select_ln46_68 = select i1 %icmp_ln46_68, i16 65535, i16 %shl_ln46_68" [firmware/nnet_utils/nnet_activation.h:46]   --->   Operation 69 'select' 'select_ln46_68' <Predicate = (icmp_ln45_68)> <Delay = 0.00> <CoreInst = "Sel">   --->   Core 73 'Sel' <Latency = 0> <II = 1> <Delay = 0.24> <FuncUnit> <Opcode : 'select'> <InPorts = 3> <OutPorts = 1>
ST_1 : Operation 70 [1/1] (0.24ns) (out node of the LUT)   --->   "%select_ln45_68 = select i1 %icmp_ln45_68, i16 %select_ln46_68, i16 0" [firmware/nnet_utils/nnet_activation.h:45]   --->   Operation 70 'select' 'select_ln45_68' <Predicate = true> <Delay = 0.24> <CoreInst = "Sel">   --->   Core 73 'Sel' <Latency = 0> <II = 1> <Delay = 0.24> <FuncUnit> <Opcode : 'select'> <InPorts = 3> <OutPorts = 1>
ST_1 : Operation 71 [1/1] (0.78ns)   --->   "%icmp_ln45_69 = icmp_sgt  i16 %data_6_val_read, i16 0" [firmware/nnet_utils/nnet_activation.h:45]   --->   Operation 71 'icmp' 'icmp_ln45_69' <Predicate = true> <Delay = 0.78> <CoreInst = "Cmp">   --->   Core 9 'Cmp' <Latency = 0> <II = 1> <Delay = 0.78> <FuncUnit> <Opcode : 'icmp'> <InPorts = 2> <OutPorts = 1>
ST_1 : Operation 72 [1/1] (0.00ns) (grouped into LUT with out node select_ln45_69)   --->   "%shl_ln46_69 = shl i16 %data_6_val_read, i16 6" [firmware/nnet_utils/nnet_activation.h:46]   --->   Operation 72 'shl' 'shl_ln46_69' <Predicate = (!icmp_ln46_69 & icmp_ln45_69)> <Delay = 0.00>
ST_1 : Operation 73 [1/1] (0.00ns)   --->   "%tmp_66 = partselect i6 @_ssdm_op_PartSelect.i6.i16.i32.i32, i16 %data_6_val_read, i32 10, i32 15" [firmware/nnet_utils/nnet_activation.h:46]   --->   Operation 73 'partselect' 'tmp_66' <Predicate = (icmp_ln45_69)> <Delay = 0.00>
ST_1 : Operation 74 [1/1] (0.70ns)   --->   "%icmp_ln46_69 = icmp_ne  i6 %tmp_66, i6 0" [firmware/nnet_utils/nnet_activation.h:46]   --->   Operation 74 'icmp' 'icmp_ln46_69' <Predicate = (icmp_ln45_69)> <Delay = 0.70> <CoreInst = "Cmp">   --->   Core 9 'Cmp' <Latency = 0> <II = 1> <Delay = 0.70> <FuncUnit> <Opcode : 'icmp'> <InPorts = 2> <OutPorts = 1>
ST_1 : Operation 75 [1/1] (0.00ns) (grouped into LUT with out node select_ln45_69)   --->   "%select_ln46_69 = select i1 %icmp_ln46_69, i16 65535, i16 %shl_ln46_69" [firmware/nnet_utils/nnet_activation.h:46]   --->   Operation 75 'select' 'select_ln46_69' <Predicate = (icmp_ln45_69)> <Delay = 0.00> <CoreInst = "Sel">   --->   Core 73 'Sel' <Latency = 0> <II = 1> <Delay = 0.24> <FuncUnit> <Opcode : 'select'> <InPorts = 3> <OutPorts = 1>
ST_1 : Operation 76 [1/1] (0.24ns) (out node of the LUT)   --->   "%select_ln45_69 = select i1 %icmp_ln45_69, i16 %select_ln46_69, i16 0" [firmware/nnet_utils/nnet_activation.h:45]   --->   Operation 76 'select' 'select_ln45_69' <Predicate = true> <Delay = 0.24> <CoreInst = "Sel">   --->   Core 73 'Sel' <Latency = 0> <II = 1> <Delay = 0.24> <FuncUnit> <Opcode : 'select'> <InPorts = 3> <OutPorts = 1>
ST_1 : Operation 77 [1/1] (0.78ns)   --->   "%icmp_ln45_70 = icmp_sgt  i16 %data_7_val_read, i16 0" [firmware/nnet_utils/nnet_activation.h:45]   --->   Operation 77 'icmp' 'icmp_ln45_70' <Predicate = true> <Delay = 0.78> <CoreInst = "Cmp">   --->   Core 9 'Cmp' <Latency = 0> <II = 1> <Delay = 0.78> <FuncUnit> <Opcode : 'icmp'> <InPorts = 2> <OutPorts = 1>
ST_1 : Operation 78 [1/1] (0.00ns) (grouped into LUT with out node select_ln45_70)   --->   "%shl_ln46_70 = shl i16 %data_7_val_read, i16 6" [firmware/nnet_utils/nnet_activation.h:46]   --->   Operation 78 'shl' 'shl_ln46_70' <Predicate = (!icmp_ln46_70 & icmp_ln45_70)> <Delay = 0.00>
ST_1 : Operation 79 [1/1] (0.00ns)   --->   "%tmp_67 = partselect i6 @_ssdm_op_PartSelect.i6.i16.i32.i32, i16 %data_7_val_read, i32 10, i32 15" [firmware/nnet_utils/nnet_activation.h:46]   --->   Operation 79 'partselect' 'tmp_67' <Predicate = (icmp_ln45_70)> <Delay = 0.00>
ST_1 : Operation 80 [1/1] (0.70ns)   --->   "%icmp_ln46_70 = icmp_ne  i6 %tmp_67, i6 0" [firmware/nnet_utils/nnet_activation.h:46]   --->   Operation 80 'icmp' 'icmp_ln46_70' <Predicate = (icmp_ln45_70)> <Delay = 0.70> <CoreInst = "Cmp">   --->   Core 9 'Cmp' <Latency = 0> <II = 1> <Delay = 0.70> <FuncUnit> <Opcode : 'icmp'> <InPorts = 2> <OutPorts = 1>
ST_1 : Operation 81 [1/1] (0.00ns) (grouped into LUT with out node select_ln45_70)   --->   "%select_ln46_70 = select i1 %icmp_ln46_70, i16 65535, i16 %shl_ln46_70" [firmware/nnet_utils/nnet_activation.h:46]   --->   Operation 81 'select' 'select_ln46_70' <Predicate = (icmp_ln45_70)> <Delay = 0.00> <CoreInst = "Sel">   --->   Core 73 'Sel' <Latency = 0> <II = 1> <Delay = 0.24> <FuncUnit> <Opcode : 'select'> <InPorts = 3> <OutPorts = 1>
ST_1 : Operation 82 [1/1] (0.24ns) (out node of the LUT)   --->   "%select_ln45_70 = select i1 %icmp_ln45_70, i16 %select_ln46_70, i16 0" [firmware/nnet_utils/nnet_activation.h:45]   --->   Operation 82 'select' 'select_ln45_70' <Predicate = true> <Delay = 0.24> <CoreInst = "Sel">   --->   Core 73 'Sel' <Latency = 0> <II = 1> <Delay = 0.24> <FuncUnit> <Opcode : 'select'> <InPorts = 3> <OutPorts = 1>
ST_1 : Operation 83 [1/1] (0.78ns)   --->   "%icmp_ln45_71 = icmp_sgt  i16 %data_8_val_read, i16 0" [firmware/nnet_utils/nnet_activation.h:45]   --->   Operation 83 'icmp' 'icmp_ln45_71' <Predicate = true> <Delay = 0.78> <CoreInst = "Cmp">   --->   Core 9 'Cmp' <Latency = 0> <II = 1> <Delay = 0.78> <FuncUnit> <Opcode : 'icmp'> <InPorts = 2> <OutPorts = 1>
ST_1 : Operation 84 [1/1] (0.00ns) (grouped into LUT with out node select_ln45_71)   --->   "%shl_ln46_71 = shl i16 %data_8_val_read, i16 6" [firmware/nnet_utils/nnet_activation.h:46]   --->   Operation 84 'shl' 'shl_ln46_71' <Predicate = (!icmp_ln46_71 & icmp_ln45_71)> <Delay = 0.00>
ST_1 : Operation 85 [1/1] (0.00ns)   --->   "%tmp_68 = partselect i6 @_ssdm_op_PartSelect.i6.i16.i32.i32, i16 %data_8_val_read, i32 10, i32 15" [firmware/nnet_utils/nnet_activation.h:46]   --->   Operation 85 'partselect' 'tmp_68' <Predicate = (icmp_ln45_71)> <Delay = 0.00>
ST_1 : Operation 86 [1/1] (0.70ns)   --->   "%icmp_ln46_71 = icmp_ne  i6 %tmp_68, i6 0" [firmware/nnet_utils/nnet_activation.h:46]   --->   Operation 86 'icmp' 'icmp_ln46_71' <Predicate = (icmp_ln45_71)> <Delay = 0.70> <CoreInst = "Cmp">   --->   Core 9 'Cmp' <Latency = 0> <II = 1> <Delay = 0.70> <FuncUnit> <Opcode : 'icmp'> <InPorts = 2> <OutPorts = 1>
ST_1 : Operation 87 [1/1] (0.00ns) (grouped into LUT with out node select_ln45_71)   --->   "%select_ln46_71 = select i1 %icmp_ln46_71, i16 65535, i16 %shl_ln46_71" [firmware/nnet_utils/nnet_activation.h:46]   --->   Operation 87 'select' 'select_ln46_71' <Predicate = (icmp_ln45_71)> <Delay = 0.00> <CoreInst = "Sel">   --->   Core 73 'Sel' <Latency = 0> <II = 1> <Delay = 0.24> <FuncUnit> <Opcode : 'select'> <InPorts = 3> <OutPorts = 1>
ST_1 : Operation 88 [1/1] (0.24ns) (out node of the LUT)   --->   "%select_ln45_71 = select i1 %icmp_ln45_71, i16 %select_ln46_71, i16 0" [firmware/nnet_utils/nnet_activation.h:45]   --->   Operation 88 'select' 'select_ln45_71' <Predicate = true> <Delay = 0.24> <CoreInst = "Sel">   --->   Core 73 'Sel' <Latency = 0> <II = 1> <Delay = 0.24> <FuncUnit> <Opcode : 'select'> <InPorts = 3> <OutPorts = 1>
ST_1 : Operation 89 [1/1] (0.78ns)   --->   "%icmp_ln45_72 = icmp_sgt  i16 %data_9_val_read, i16 0" [firmware/nnet_utils/nnet_activation.h:45]   --->   Operation 89 'icmp' 'icmp_ln45_72' <Predicate = true> <Delay = 0.78> <CoreInst = "Cmp">   --->   Core 9 'Cmp' <Latency = 0> <II = 1> <Delay = 0.78> <FuncUnit> <Opcode : 'icmp'> <InPorts = 2> <OutPorts = 1>
ST_1 : Operation 90 [1/1] (0.00ns) (grouped into LUT with out node select_ln45_72)   --->   "%shl_ln46_72 = shl i16 %data_9_val_read, i16 6" [firmware/nnet_utils/nnet_activation.h:46]   --->   Operation 90 'shl' 'shl_ln46_72' <Predicate = (!icmp_ln46_72 & icmp_ln45_72)> <Delay = 0.00>
ST_1 : Operation 91 [1/1] (0.00ns)   --->   "%tmp_69 = partselect i6 @_ssdm_op_PartSelect.i6.i16.i32.i32, i16 %data_9_val_read, i32 10, i32 15" [firmware/nnet_utils/nnet_activation.h:46]   --->   Operation 91 'partselect' 'tmp_69' <Predicate = (icmp_ln45_72)> <Delay = 0.00>
ST_1 : Operation 92 [1/1] (0.70ns)   --->   "%icmp_ln46_72 = icmp_ne  i6 %tmp_69, i6 0" [firmware/nnet_utils/nnet_activation.h:46]   --->   Operation 92 'icmp' 'icmp_ln46_72' <Predicate = (icmp_ln45_72)> <Delay = 0.70> <CoreInst = "Cmp">   --->   Core 9 'Cmp' <Latency = 0> <II = 1> <Delay = 0.70> <FuncUnit> <Opcode : 'icmp'> <InPorts = 2> <OutPorts = 1>
ST_1 : Operation 93 [1/1] (0.00ns) (grouped into LUT with out node select_ln45_72)   --->   "%select_ln46_72 = select i1 %icmp_ln46_72, i16 65535, i16 %shl_ln46_72" [firmware/nnet_utils/nnet_activation.h:46]   --->   Operation 93 'select' 'select_ln46_72' <Predicate = (icmp_ln45_72)> <Delay = 0.00> <CoreInst = "Sel">   --->   Core 73 'Sel' <Latency = 0> <II = 1> <Delay = 0.24> <FuncUnit> <Opcode : 'select'> <InPorts = 3> <OutPorts = 1>
ST_1 : Operation 94 [1/1] (0.24ns) (out node of the LUT)   --->   "%select_ln45_72 = select i1 %icmp_ln45_72, i16 %select_ln46_72, i16 0" [firmware/nnet_utils/nnet_activation.h:45]   --->   Operation 94 'select' 'select_ln45_72' <Predicate = true> <Delay = 0.24> <CoreInst = "Sel">   --->   Core 73 'Sel' <Latency = 0> <II = 1> <Delay = 0.24> <FuncUnit> <Opcode : 'select'> <InPorts = 3> <OutPorts = 1>
ST_1 : Operation 95 [1/1] (0.78ns)   --->   "%icmp_ln45_73 = icmp_sgt  i16 %data_10_val_read, i16 0" [firmware/nnet_utils/nnet_activation.h:45]   --->   Operation 95 'icmp' 'icmp_ln45_73' <Predicate = true> <Delay = 0.78> <CoreInst = "Cmp">   --->   Core 9 'Cmp' <Latency = 0> <II = 1> <Delay = 0.78> <FuncUnit> <Opcode : 'icmp'> <InPorts = 2> <OutPorts = 1>
ST_1 : Operation 96 [1/1] (0.00ns) (grouped into LUT with out node select_ln45_73)   --->   "%shl_ln46_73 = shl i16 %data_10_val_read, i16 6" [firmware/nnet_utils/nnet_activation.h:46]   --->   Operation 96 'shl' 'shl_ln46_73' <Predicate = (!icmp_ln46_73 & icmp_ln45_73)> <Delay = 0.00>
ST_1 : Operation 97 [1/1] (0.00ns)   --->   "%tmp_70 = partselect i6 @_ssdm_op_PartSelect.i6.i16.i32.i32, i16 %data_10_val_read, i32 10, i32 15" [firmware/nnet_utils/nnet_activation.h:46]   --->   Operation 97 'partselect' 'tmp_70' <Predicate = (icmp_ln45_73)> <Delay = 0.00>
ST_1 : Operation 98 [1/1] (0.70ns)   --->   "%icmp_ln46_73 = icmp_ne  i6 %tmp_70, i6 0" [firmware/nnet_utils/nnet_activation.h:46]   --->   Operation 98 'icmp' 'icmp_ln46_73' <Predicate = (icmp_ln45_73)> <Delay = 0.70> <CoreInst = "Cmp">   --->   Core 9 'Cmp' <Latency = 0> <II = 1> <Delay = 0.70> <FuncUnit> <Opcode : 'icmp'> <InPorts = 2> <OutPorts = 1>
ST_1 : Operation 99 [1/1] (0.00ns) (grouped into LUT with out node select_ln45_73)   --->   "%select_ln46_73 = select i1 %icmp_ln46_73, i16 65535, i16 %shl_ln46_73" [firmware/nnet_utils/nnet_activation.h:46]   --->   Operation 99 'select' 'select_ln46_73' <Predicate = (icmp_ln45_73)> <Delay = 0.00> <CoreInst = "Sel">   --->   Core 73 'Sel' <Latency = 0> <II = 1> <Delay = 0.24> <FuncUnit> <Opcode : 'select'> <InPorts = 3> <OutPorts = 1>
ST_1 : Operation 100 [1/1] (0.24ns) (out node of the LUT)   --->   "%select_ln45_73 = select i1 %icmp_ln45_73, i16 %select_ln46_73, i16 0" [firmware/nnet_utils/nnet_activation.h:45]   --->   Operation 100 'select' 'select_ln45_73' <Predicate = true> <Delay = 0.24> <CoreInst = "Sel">   --->   Core 73 'Sel' <Latency = 0> <II = 1> <Delay = 0.24> <FuncUnit> <Opcode : 'select'> <InPorts = 3> <OutPorts = 1>
ST_1 : Operation 101 [1/1] (0.78ns)   --->   "%icmp_ln45_74 = icmp_sgt  i16 %data_11_val_read, i16 0" [firmware/nnet_utils/nnet_activation.h:45]   --->   Operation 101 'icmp' 'icmp_ln45_74' <Predicate = true> <Delay = 0.78> <CoreInst = "Cmp">   --->   Core 9 'Cmp' <Latency = 0> <II = 1> <Delay = 0.78> <FuncUnit> <Opcode : 'icmp'> <InPorts = 2> <OutPorts = 1>
ST_1 : Operation 102 [1/1] (0.00ns) (grouped into LUT with out node select_ln45_74)   --->   "%shl_ln46_74 = shl i16 %data_11_val_read, i16 6" [firmware/nnet_utils/nnet_activation.h:46]   --->   Operation 102 'shl' 'shl_ln46_74' <Predicate = (!icmp_ln46_74 & icmp_ln45_74)> <Delay = 0.00>
ST_1 : Operation 103 [1/1] (0.00ns)   --->   "%tmp_71 = partselect i6 @_ssdm_op_PartSelect.i6.i16.i32.i32, i16 %data_11_val_read, i32 10, i32 15" [firmware/nnet_utils/nnet_activation.h:46]   --->   Operation 103 'partselect' 'tmp_71' <Predicate = (icmp_ln45_74)> <Delay = 0.00>
ST_1 : Operation 104 [1/1] (0.70ns)   --->   "%icmp_ln46_74 = icmp_ne  i6 %tmp_71, i6 0" [firmware/nnet_utils/nnet_activation.h:46]   --->   Operation 104 'icmp' 'icmp_ln46_74' <Predicate = (icmp_ln45_74)> <Delay = 0.70> <CoreInst = "Cmp">   --->   Core 9 'Cmp' <Latency = 0> <II = 1> <Delay = 0.70> <FuncUnit> <Opcode : 'icmp'> <InPorts = 2> <OutPorts = 1>
ST_1 : Operation 105 [1/1] (0.00ns) (grouped into LUT with out node select_ln45_74)   --->   "%select_ln46_74 = select i1 %icmp_ln46_74, i16 65535, i16 %shl_ln46_74" [firmware/nnet_utils/nnet_activation.h:46]   --->   Operation 105 'select' 'select_ln46_74' <Predicate = (icmp_ln45_74)> <Delay = 0.00> <CoreInst = "Sel">   --->   Core 73 'Sel' <Latency = 0> <II = 1> <Delay = 0.24> <FuncUnit> <Opcode : 'select'> <InPorts = 3> <OutPorts = 1>
ST_1 : Operation 106 [1/1] (0.24ns) (out node of the LUT)   --->   "%select_ln45_74 = select i1 %icmp_ln45_74, i16 %select_ln46_74, i16 0" [firmware/nnet_utils/nnet_activation.h:45]   --->   Operation 106 'select' 'select_ln45_74' <Predicate = true> <Delay = 0.24> <CoreInst = "Sel">   --->   Core 73 'Sel' <Latency = 0> <II = 1> <Delay = 0.24> <FuncUnit> <Opcode : 'select'> <InPorts = 3> <OutPorts = 1>
ST_1 : Operation 107 [1/1] (0.78ns)   --->   "%icmp_ln45_75 = icmp_sgt  i16 %data_12_val_read, i16 0" [firmware/nnet_utils/nnet_activation.h:45]   --->   Operation 107 'icmp' 'icmp_ln45_75' <Predicate = true> <Delay = 0.78> <CoreInst = "Cmp">   --->   Core 9 'Cmp' <Latency = 0> <II = 1> <Delay = 0.78> <FuncUnit> <Opcode : 'icmp'> <InPorts = 2> <OutPorts = 1>
ST_1 : Operation 108 [1/1] (0.00ns) (grouped into LUT with out node select_ln45_75)   --->   "%shl_ln46_75 = shl i16 %data_12_val_read, i16 6" [firmware/nnet_utils/nnet_activation.h:46]   --->   Operation 108 'shl' 'shl_ln46_75' <Predicate = (!icmp_ln46_75 & icmp_ln45_75)> <Delay = 0.00>
ST_1 : Operation 109 [1/1] (0.00ns)   --->   "%tmp_72 = partselect i6 @_ssdm_op_PartSelect.i6.i16.i32.i32, i16 %data_12_val_read, i32 10, i32 15" [firmware/nnet_utils/nnet_activation.h:46]   --->   Operation 109 'partselect' 'tmp_72' <Predicate = (icmp_ln45_75)> <Delay = 0.00>
ST_1 : Operation 110 [1/1] (0.70ns)   --->   "%icmp_ln46_75 = icmp_ne  i6 %tmp_72, i6 0" [firmware/nnet_utils/nnet_activation.h:46]   --->   Operation 110 'icmp' 'icmp_ln46_75' <Predicate = (icmp_ln45_75)> <Delay = 0.70> <CoreInst = "Cmp">   --->   Core 9 'Cmp' <Latency = 0> <II = 1> <Delay = 0.70> <FuncUnit> <Opcode : 'icmp'> <InPorts = 2> <OutPorts = 1>
ST_1 : Operation 111 [1/1] (0.00ns) (grouped into LUT with out node select_ln45_75)   --->   "%select_ln46_75 = select i1 %icmp_ln46_75, i16 65535, i16 %shl_ln46_75" [firmware/nnet_utils/nnet_activation.h:46]   --->   Operation 111 'select' 'select_ln46_75' <Predicate = (icmp_ln45_75)> <Delay = 0.00> <CoreInst = "Sel">   --->   Core 73 'Sel' <Latency = 0> <II = 1> <Delay = 0.24> <FuncUnit> <Opcode : 'select'> <InPorts = 3> <OutPorts = 1>
ST_1 : Operation 112 [1/1] (0.24ns) (out node of the LUT)   --->   "%select_ln45_75 = select i1 %icmp_ln45_75, i16 %select_ln46_75, i16 0" [firmware/nnet_utils/nnet_activation.h:45]   --->   Operation 112 'select' 'select_ln45_75' <Predicate = true> <Delay = 0.24> <CoreInst = "Sel">   --->   Core 73 'Sel' <Latency = 0> <II = 1> <Delay = 0.24> <FuncUnit> <Opcode : 'select'> <InPorts = 3> <OutPorts = 1>
ST_1 : Operation 113 [1/1] (0.78ns)   --->   "%icmp_ln45_76 = icmp_sgt  i16 %data_13_val_read, i16 0" [firmware/nnet_utils/nnet_activation.h:45]   --->   Operation 113 'icmp' 'icmp_ln45_76' <Predicate = true> <Delay = 0.78> <CoreInst = "Cmp">   --->   Core 9 'Cmp' <Latency = 0> <II = 1> <Delay = 0.78> <FuncUnit> <Opcode : 'icmp'> <InPorts = 2> <OutPorts = 1>
ST_1 : Operation 114 [1/1] (0.00ns) (grouped into LUT with out node select_ln45_76)   --->   "%shl_ln46_76 = shl i16 %data_13_val_read, i16 6" [firmware/nnet_utils/nnet_activation.h:46]   --->   Operation 114 'shl' 'shl_ln46_76' <Predicate = (!icmp_ln46_76 & icmp_ln45_76)> <Delay = 0.00>
ST_1 : Operation 115 [1/1] (0.00ns)   --->   "%tmp_73 = partselect i6 @_ssdm_op_PartSelect.i6.i16.i32.i32, i16 %data_13_val_read, i32 10, i32 15" [firmware/nnet_utils/nnet_activation.h:46]   --->   Operation 115 'partselect' 'tmp_73' <Predicate = (icmp_ln45_76)> <Delay = 0.00>
ST_1 : Operation 116 [1/1] (0.70ns)   --->   "%icmp_ln46_76 = icmp_ne  i6 %tmp_73, i6 0" [firmware/nnet_utils/nnet_activation.h:46]   --->   Operation 116 'icmp' 'icmp_ln46_76' <Predicate = (icmp_ln45_76)> <Delay = 0.70> <CoreInst = "Cmp">   --->   Core 9 'Cmp' <Latency = 0> <II = 1> <Delay = 0.70> <FuncUnit> <Opcode : 'icmp'> <InPorts = 2> <OutPorts = 1>
ST_1 : Operation 117 [1/1] (0.00ns) (grouped into LUT with out node select_ln45_76)   --->   "%select_ln46_76 = select i1 %icmp_ln46_76, i16 65535, i16 %shl_ln46_76" [firmware/nnet_utils/nnet_activation.h:46]   --->   Operation 117 'select' 'select_ln46_76' <Predicate = (icmp_ln45_76)> <Delay = 0.00> <CoreInst = "Sel">   --->   Core 73 'Sel' <Latency = 0> <II = 1> <Delay = 0.24> <FuncUnit> <Opcode : 'select'> <InPorts = 3> <OutPorts = 1>
ST_1 : Operation 118 [1/1] (0.24ns) (out node of the LUT)   --->   "%select_ln45_76 = select i1 %icmp_ln45_76, i16 %select_ln46_76, i16 0" [firmware/nnet_utils/nnet_activation.h:45]   --->   Operation 118 'select' 'select_ln45_76' <Predicate = true> <Delay = 0.24> <CoreInst = "Sel">   --->   Core 73 'Sel' <Latency = 0> <II = 1> <Delay = 0.24> <FuncUnit> <Opcode : 'select'> <InPorts = 3> <OutPorts = 1>
ST_1 : Operation 119 [1/1] (0.78ns)   --->   "%icmp_ln45_77 = icmp_sgt  i16 %data_14_val_read, i16 0" [firmware/nnet_utils/nnet_activation.h:45]   --->   Operation 119 'icmp' 'icmp_ln45_77' <Predicate = true> <Delay = 0.78> <CoreInst = "Cmp">   --->   Core 9 'Cmp' <Latency = 0> <II = 1> <Delay = 0.78> <FuncUnit> <Opcode : 'icmp'> <InPorts = 2> <OutPorts = 1>
ST_1 : Operation 120 [1/1] (0.00ns) (grouped into LUT with out node select_ln45_77)   --->   "%shl_ln46_77 = shl i16 %data_14_val_read, i16 6" [firmware/nnet_utils/nnet_activation.h:46]   --->   Operation 120 'shl' 'shl_ln46_77' <Predicate = (!icmp_ln46_77 & icmp_ln45_77)> <Delay = 0.00>
ST_1 : Operation 121 [1/1] (0.00ns)   --->   "%tmp_74 = partselect i6 @_ssdm_op_PartSelect.i6.i16.i32.i32, i16 %data_14_val_read, i32 10, i32 15" [firmware/nnet_utils/nnet_activation.h:46]   --->   Operation 121 'partselect' 'tmp_74' <Predicate = (icmp_ln45_77)> <Delay = 0.00>
ST_1 : Operation 122 [1/1] (0.70ns)   --->   "%icmp_ln46_77 = icmp_ne  i6 %tmp_74, i6 0" [firmware/nnet_utils/nnet_activation.h:46]   --->   Operation 122 'icmp' 'icmp_ln46_77' <Predicate = (icmp_ln45_77)> <Delay = 0.70> <CoreInst = "Cmp">   --->   Core 9 'Cmp' <Latency = 0> <II = 1> <Delay = 0.70> <FuncUnit> <Opcode : 'icmp'> <InPorts = 2> <OutPorts = 1>
ST_1 : Operation 123 [1/1] (0.00ns) (grouped into LUT with out node select_ln45_77)   --->   "%select_ln46_77 = select i1 %icmp_ln46_77, i16 65535, i16 %shl_ln46_77" [firmware/nnet_utils/nnet_activation.h:46]   --->   Operation 123 'select' 'select_ln46_77' <Predicate = (icmp_ln45_77)> <Delay = 0.00> <CoreInst = "Sel">   --->   Core 73 'Sel' <Latency = 0> <II = 1> <Delay = 0.24> <FuncUnit> <Opcode : 'select'> <InPorts = 3> <OutPorts = 1>
ST_1 : Operation 124 [1/1] (0.24ns) (out node of the LUT)   --->   "%select_ln45_77 = select i1 %icmp_ln45_77, i16 %select_ln46_77, i16 0" [firmware/nnet_utils/nnet_activation.h:45]   --->   Operation 124 'select' 'select_ln45_77' <Predicate = true> <Delay = 0.24> <CoreInst = "Sel">   --->   Core 73 'Sel' <Latency = 0> <II = 1> <Delay = 0.24> <FuncUnit> <Opcode : 'select'> <InPorts = 3> <OutPorts = 1>
ST_1 : Operation 125 [1/1] (0.78ns)   --->   "%icmp_ln45_78 = icmp_sgt  i16 %data_15_val_read, i16 0" [firmware/nnet_utils/nnet_activation.h:45]   --->   Operation 125 'icmp' 'icmp_ln45_78' <Predicate = true> <Delay = 0.78> <CoreInst = "Cmp">   --->   Core 9 'Cmp' <Latency = 0> <II = 1> <Delay = 0.78> <FuncUnit> <Opcode : 'icmp'> <InPorts = 2> <OutPorts = 1>
ST_1 : Operation 126 [1/1] (0.00ns) (grouped into LUT with out node select_ln45_78)   --->   "%shl_ln46_78 = shl i16 %data_15_val_read, i16 6" [firmware/nnet_utils/nnet_activation.h:46]   --->   Operation 126 'shl' 'shl_ln46_78' <Predicate = (!icmp_ln46_78 & icmp_ln45_78)> <Delay = 0.00>
ST_1 : Operation 127 [1/1] (0.00ns)   --->   "%tmp_75 = partselect i6 @_ssdm_op_PartSelect.i6.i16.i32.i32, i16 %data_15_val_read, i32 10, i32 15" [firmware/nnet_utils/nnet_activation.h:46]   --->   Operation 127 'partselect' 'tmp_75' <Predicate = (icmp_ln45_78)> <Delay = 0.00>
ST_1 : Operation 128 [1/1] (0.70ns)   --->   "%icmp_ln46_78 = icmp_ne  i6 %tmp_75, i6 0" [firmware/nnet_utils/nnet_activation.h:46]   --->   Operation 128 'icmp' 'icmp_ln46_78' <Predicate = (icmp_ln45_78)> <Delay = 0.70> <CoreInst = "Cmp">   --->   Core 9 'Cmp' <Latency = 0> <II = 1> <Delay = 0.70> <FuncUnit> <Opcode : 'icmp'> <InPorts = 2> <OutPorts = 1>
ST_1 : Operation 129 [1/1] (0.00ns) (grouped into LUT with out node select_ln45_78)   --->   "%select_ln46_78 = select i1 %icmp_ln46_78, i16 65535, i16 %shl_ln46_78" [firmware/nnet_utils/nnet_activation.h:46]   --->   Operation 129 'select' 'select_ln46_78' <Predicate = (icmp_ln45_78)> <Delay = 0.00> <CoreInst = "Sel">   --->   Core 73 'Sel' <Latency = 0> <II = 1> <Delay = 0.24> <FuncUnit> <Opcode : 'select'> <InPorts = 3> <OutPorts = 1>
ST_1 : Operation 130 [1/1] (0.24ns) (out node of the LUT)   --->   "%select_ln45_78 = select i1 %icmp_ln45_78, i16 %select_ln46_78, i16 0" [firmware/nnet_utils/nnet_activation.h:45]   --->   Operation 130 'select' 'select_ln45_78' <Predicate = true> <Delay = 0.24> <CoreInst = "Sel">   --->   Core 73 'Sel' <Latency = 0> <II = 1> <Delay = 0.24> <FuncUnit> <Opcode : 'select'> <InPorts = 3> <OutPorts = 1>
ST_1 : Operation 131 [1/1] (0.78ns)   --->   "%icmp_ln45_79 = icmp_sgt  i16 %data_16_val_read, i16 0" [firmware/nnet_utils/nnet_activation.h:45]   --->   Operation 131 'icmp' 'icmp_ln45_79' <Predicate = true> <Delay = 0.78> <CoreInst = "Cmp">   --->   Core 9 'Cmp' <Latency = 0> <II = 1> <Delay = 0.78> <FuncUnit> <Opcode : 'icmp'> <InPorts = 2> <OutPorts = 1>
ST_1 : Operation 132 [1/1] (0.00ns) (grouped into LUT with out node select_ln45_79)   --->   "%shl_ln46_79 = shl i16 %data_16_val_read, i16 6" [firmware/nnet_utils/nnet_activation.h:46]   --->   Operation 132 'shl' 'shl_ln46_79' <Predicate = (!icmp_ln46_79 & icmp_ln45_79)> <Delay = 0.00>
ST_1 : Operation 133 [1/1] (0.00ns)   --->   "%tmp_76 = partselect i6 @_ssdm_op_PartSelect.i6.i16.i32.i32, i16 %data_16_val_read, i32 10, i32 15" [firmware/nnet_utils/nnet_activation.h:46]   --->   Operation 133 'partselect' 'tmp_76' <Predicate = (icmp_ln45_79)> <Delay = 0.00>
ST_1 : Operation 134 [1/1] (0.70ns)   --->   "%icmp_ln46_79 = icmp_ne  i6 %tmp_76, i6 0" [firmware/nnet_utils/nnet_activation.h:46]   --->   Operation 134 'icmp' 'icmp_ln46_79' <Predicate = (icmp_ln45_79)> <Delay = 0.70> <CoreInst = "Cmp">   --->   Core 9 'Cmp' <Latency = 0> <II = 1> <Delay = 0.70> <FuncUnit> <Opcode : 'icmp'> <InPorts = 2> <OutPorts = 1>
ST_1 : Operation 135 [1/1] (0.00ns) (grouped into LUT with out node select_ln45_79)   --->   "%select_ln46_79 = select i1 %icmp_ln46_79, i16 65535, i16 %shl_ln46_79" [firmware/nnet_utils/nnet_activation.h:46]   --->   Operation 135 'select' 'select_ln46_79' <Predicate = (icmp_ln45_79)> <Delay = 0.00> <CoreInst = "Sel">   --->   Core 73 'Sel' <Latency = 0> <II = 1> <Delay = 0.24> <FuncUnit> <Opcode : 'select'> <InPorts = 3> <OutPorts = 1>
ST_1 : Operation 136 [1/1] (0.24ns) (out node of the LUT)   --->   "%select_ln45_79 = select i1 %icmp_ln45_79, i16 %select_ln46_79, i16 0" [firmware/nnet_utils/nnet_activation.h:45]   --->   Operation 136 'select' 'select_ln45_79' <Predicate = true> <Delay = 0.24> <CoreInst = "Sel">   --->   Core 73 'Sel' <Latency = 0> <II = 1> <Delay = 0.24> <FuncUnit> <Opcode : 'select'> <InPorts = 3> <OutPorts = 1>
ST_1 : Operation 137 [1/1] (0.78ns)   --->   "%icmp_ln45_80 = icmp_sgt  i16 %data_17_val_read, i16 0" [firmware/nnet_utils/nnet_activation.h:45]   --->   Operation 137 'icmp' 'icmp_ln45_80' <Predicate = true> <Delay = 0.78> <CoreInst = "Cmp">   --->   Core 9 'Cmp' <Latency = 0> <II = 1> <Delay = 0.78> <FuncUnit> <Opcode : 'icmp'> <InPorts = 2> <OutPorts = 1>
ST_1 : Operation 138 [1/1] (0.00ns) (grouped into LUT with out node select_ln45_80)   --->   "%shl_ln46_80 = shl i16 %data_17_val_read, i16 6" [firmware/nnet_utils/nnet_activation.h:46]   --->   Operation 138 'shl' 'shl_ln46_80' <Predicate = (!icmp_ln46_80 & icmp_ln45_80)> <Delay = 0.00>
ST_1 : Operation 139 [1/1] (0.00ns)   --->   "%tmp_77 = partselect i6 @_ssdm_op_PartSelect.i6.i16.i32.i32, i16 %data_17_val_read, i32 10, i32 15" [firmware/nnet_utils/nnet_activation.h:46]   --->   Operation 139 'partselect' 'tmp_77' <Predicate = (icmp_ln45_80)> <Delay = 0.00>
ST_1 : Operation 140 [1/1] (0.70ns)   --->   "%icmp_ln46_80 = icmp_ne  i6 %tmp_77, i6 0" [firmware/nnet_utils/nnet_activation.h:46]   --->   Operation 140 'icmp' 'icmp_ln46_80' <Predicate = (icmp_ln45_80)> <Delay = 0.70> <CoreInst = "Cmp">   --->   Core 9 'Cmp' <Latency = 0> <II = 1> <Delay = 0.70> <FuncUnit> <Opcode : 'icmp'> <InPorts = 2> <OutPorts = 1>
ST_1 : Operation 141 [1/1] (0.00ns) (grouped into LUT with out node select_ln45_80)   --->   "%select_ln46_80 = select i1 %icmp_ln46_80, i16 65535, i16 %shl_ln46_80" [firmware/nnet_utils/nnet_activation.h:46]   --->   Operation 141 'select' 'select_ln46_80' <Predicate = (icmp_ln45_80)> <Delay = 0.00> <CoreInst = "Sel">   --->   Core 73 'Sel' <Latency = 0> <II = 1> <Delay = 0.24> <FuncUnit> <Opcode : 'select'> <InPorts = 3> <OutPorts = 1>
ST_1 : Operation 142 [1/1] (0.24ns) (out node of the LUT)   --->   "%select_ln45_80 = select i1 %icmp_ln45_80, i16 %select_ln46_80, i16 0" [firmware/nnet_utils/nnet_activation.h:45]   --->   Operation 142 'select' 'select_ln45_80' <Predicate = true> <Delay = 0.24> <CoreInst = "Sel">   --->   Core 73 'Sel' <Latency = 0> <II = 1> <Delay = 0.24> <FuncUnit> <Opcode : 'select'> <InPorts = 3> <OutPorts = 1>
ST_1 : Operation 143 [1/1] (0.78ns)   --->   "%icmp_ln45_81 = icmp_sgt  i16 %data_18_val_read, i16 0" [firmware/nnet_utils/nnet_activation.h:45]   --->   Operation 143 'icmp' 'icmp_ln45_81' <Predicate = true> <Delay = 0.78> <CoreInst = "Cmp">   --->   Core 9 'Cmp' <Latency = 0> <II = 1> <Delay = 0.78> <FuncUnit> <Opcode : 'icmp'> <InPorts = 2> <OutPorts = 1>
ST_1 : Operation 144 [1/1] (0.00ns) (grouped into LUT with out node select_ln45_81)   --->   "%shl_ln46_81 = shl i16 %data_18_val_read, i16 6" [firmware/nnet_utils/nnet_activation.h:46]   --->   Operation 144 'shl' 'shl_ln46_81' <Predicate = (!icmp_ln46_81 & icmp_ln45_81)> <Delay = 0.00>
ST_1 : Operation 145 [1/1] (0.00ns)   --->   "%tmp_78 = partselect i6 @_ssdm_op_PartSelect.i6.i16.i32.i32, i16 %data_18_val_read, i32 10, i32 15" [firmware/nnet_utils/nnet_activation.h:46]   --->   Operation 145 'partselect' 'tmp_78' <Predicate = (icmp_ln45_81)> <Delay = 0.00>
ST_1 : Operation 146 [1/1] (0.70ns)   --->   "%icmp_ln46_81 = icmp_ne  i6 %tmp_78, i6 0" [firmware/nnet_utils/nnet_activation.h:46]   --->   Operation 146 'icmp' 'icmp_ln46_81' <Predicate = (icmp_ln45_81)> <Delay = 0.70> <CoreInst = "Cmp">   --->   Core 9 'Cmp' <Latency = 0> <II = 1> <Delay = 0.70> <FuncUnit> <Opcode : 'icmp'> <InPorts = 2> <OutPorts = 1>
ST_1 : Operation 147 [1/1] (0.00ns) (grouped into LUT with out node select_ln45_81)   --->   "%select_ln46_81 = select i1 %icmp_ln46_81, i16 65535, i16 %shl_ln46_81" [firmware/nnet_utils/nnet_activation.h:46]   --->   Operation 147 'select' 'select_ln46_81' <Predicate = (icmp_ln45_81)> <Delay = 0.00> <CoreInst = "Sel">   --->   Core 73 'Sel' <Latency = 0> <II = 1> <Delay = 0.24> <FuncUnit> <Opcode : 'select'> <InPorts = 3> <OutPorts = 1>
ST_1 : Operation 148 [1/1] (0.24ns) (out node of the LUT)   --->   "%select_ln45_81 = select i1 %icmp_ln45_81, i16 %select_ln46_81, i16 0" [firmware/nnet_utils/nnet_activation.h:45]   --->   Operation 148 'select' 'select_ln45_81' <Predicate = true> <Delay = 0.24> <CoreInst = "Sel">   --->   Core 73 'Sel' <Latency = 0> <II = 1> <Delay = 0.24> <FuncUnit> <Opcode : 'select'> <InPorts = 3> <OutPorts = 1>
ST_1 : Operation 149 [1/1] (0.78ns)   --->   "%icmp_ln45_82 = icmp_sgt  i16 %data_19_val_read, i16 0" [firmware/nnet_utils/nnet_activation.h:45]   --->   Operation 149 'icmp' 'icmp_ln45_82' <Predicate = true> <Delay = 0.78> <CoreInst = "Cmp">   --->   Core 9 'Cmp' <Latency = 0> <II = 1> <Delay = 0.78> <FuncUnit> <Opcode : 'icmp'> <InPorts = 2> <OutPorts = 1>
ST_1 : Operation 150 [1/1] (0.00ns) (grouped into LUT with out node select_ln45_82)   --->   "%shl_ln46_82 = shl i16 %data_19_val_read, i16 6" [firmware/nnet_utils/nnet_activation.h:46]   --->   Operation 150 'shl' 'shl_ln46_82' <Predicate = (!icmp_ln46_82 & icmp_ln45_82)> <Delay = 0.00>
ST_1 : Operation 151 [1/1] (0.00ns)   --->   "%tmp_79 = partselect i6 @_ssdm_op_PartSelect.i6.i16.i32.i32, i16 %data_19_val_read, i32 10, i32 15" [firmware/nnet_utils/nnet_activation.h:46]   --->   Operation 151 'partselect' 'tmp_79' <Predicate = (icmp_ln45_82)> <Delay = 0.00>
ST_1 : Operation 152 [1/1] (0.70ns)   --->   "%icmp_ln46_82 = icmp_ne  i6 %tmp_79, i6 0" [firmware/nnet_utils/nnet_activation.h:46]   --->   Operation 152 'icmp' 'icmp_ln46_82' <Predicate = (icmp_ln45_82)> <Delay = 0.70> <CoreInst = "Cmp">   --->   Core 9 'Cmp' <Latency = 0> <II = 1> <Delay = 0.70> <FuncUnit> <Opcode : 'icmp'> <InPorts = 2> <OutPorts = 1>
ST_1 : Operation 153 [1/1] (0.00ns) (grouped into LUT with out node select_ln45_82)   --->   "%select_ln46_82 = select i1 %icmp_ln46_82, i16 65535, i16 %shl_ln46_82" [firmware/nnet_utils/nnet_activation.h:46]   --->   Operation 153 'select' 'select_ln46_82' <Predicate = (icmp_ln45_82)> <Delay = 0.00> <CoreInst = "Sel">   --->   Core 73 'Sel' <Latency = 0> <II = 1> <Delay = 0.24> <FuncUnit> <Opcode : 'select'> <InPorts = 3> <OutPorts = 1>
ST_1 : Operation 154 [1/1] (0.24ns) (out node of the LUT)   --->   "%select_ln45_82 = select i1 %icmp_ln45_82, i16 %select_ln46_82, i16 0" [firmware/nnet_utils/nnet_activation.h:45]   --->   Operation 154 'select' 'select_ln45_82' <Predicate = true> <Delay = 0.24> <CoreInst = "Sel">   --->   Core 73 'Sel' <Latency = 0> <II = 1> <Delay = 0.24> <FuncUnit> <Opcode : 'select'> <InPorts = 3> <OutPorts = 1>
ST_1 : Operation 155 [1/1] (0.78ns)   --->   "%icmp_ln45_83 = icmp_sgt  i16 %data_20_val_read, i16 0" [firmware/nnet_utils/nnet_activation.h:45]   --->   Operation 155 'icmp' 'icmp_ln45_83' <Predicate = true> <Delay = 0.78> <CoreInst = "Cmp">   --->   Core 9 'Cmp' <Latency = 0> <II = 1> <Delay = 0.78> <FuncUnit> <Opcode : 'icmp'> <InPorts = 2> <OutPorts = 1>
ST_1 : Operation 156 [1/1] (0.00ns) (grouped into LUT with out node select_ln45_83)   --->   "%shl_ln46_83 = shl i16 %data_20_val_read, i16 6" [firmware/nnet_utils/nnet_activation.h:46]   --->   Operation 156 'shl' 'shl_ln46_83' <Predicate = (!icmp_ln46_83 & icmp_ln45_83)> <Delay = 0.00>
ST_1 : Operation 157 [1/1] (0.00ns)   --->   "%tmp_80 = partselect i6 @_ssdm_op_PartSelect.i6.i16.i32.i32, i16 %data_20_val_read, i32 10, i32 15" [firmware/nnet_utils/nnet_activation.h:46]   --->   Operation 157 'partselect' 'tmp_80' <Predicate = (icmp_ln45_83)> <Delay = 0.00>
ST_1 : Operation 158 [1/1] (0.70ns)   --->   "%icmp_ln46_83 = icmp_ne  i6 %tmp_80, i6 0" [firmware/nnet_utils/nnet_activation.h:46]   --->   Operation 158 'icmp' 'icmp_ln46_83' <Predicate = (icmp_ln45_83)> <Delay = 0.70> <CoreInst = "Cmp">   --->   Core 9 'Cmp' <Latency = 0> <II = 1> <Delay = 0.70> <FuncUnit> <Opcode : 'icmp'> <InPorts = 2> <OutPorts = 1>
ST_1 : Operation 159 [1/1] (0.00ns) (grouped into LUT with out node select_ln45_83)   --->   "%select_ln46_83 = select i1 %icmp_ln46_83, i16 65535, i16 %shl_ln46_83" [firmware/nnet_utils/nnet_activation.h:46]   --->   Operation 159 'select' 'select_ln46_83' <Predicate = (icmp_ln45_83)> <Delay = 0.00> <CoreInst = "Sel">   --->   Core 73 'Sel' <Latency = 0> <II = 1> <Delay = 0.24> <FuncUnit> <Opcode : 'select'> <InPorts = 3> <OutPorts = 1>
ST_1 : Operation 160 [1/1] (0.24ns) (out node of the LUT)   --->   "%select_ln45_83 = select i1 %icmp_ln45_83, i16 %select_ln46_83, i16 0" [firmware/nnet_utils/nnet_activation.h:45]   --->   Operation 160 'select' 'select_ln45_83' <Predicate = true> <Delay = 0.24> <CoreInst = "Sel">   --->   Core 73 'Sel' <Latency = 0> <II = 1> <Delay = 0.24> <FuncUnit> <Opcode : 'select'> <InPorts = 3> <OutPorts = 1>
ST_1 : Operation 161 [1/1] (0.78ns)   --->   "%icmp_ln45_84 = icmp_sgt  i16 %data_21_val_read, i16 0" [firmware/nnet_utils/nnet_activation.h:45]   --->   Operation 161 'icmp' 'icmp_ln45_84' <Predicate = true> <Delay = 0.78> <CoreInst = "Cmp">   --->   Core 9 'Cmp' <Latency = 0> <II = 1> <Delay = 0.78> <FuncUnit> <Opcode : 'icmp'> <InPorts = 2> <OutPorts = 1>
ST_1 : Operation 162 [1/1] (0.00ns) (grouped into LUT with out node select_ln45_84)   --->   "%shl_ln46_84 = shl i16 %data_21_val_read, i16 6" [firmware/nnet_utils/nnet_activation.h:46]   --->   Operation 162 'shl' 'shl_ln46_84' <Predicate = (!icmp_ln46_84 & icmp_ln45_84)> <Delay = 0.00>
ST_1 : Operation 163 [1/1] (0.00ns)   --->   "%tmp_81 = partselect i6 @_ssdm_op_PartSelect.i6.i16.i32.i32, i16 %data_21_val_read, i32 10, i32 15" [firmware/nnet_utils/nnet_activation.h:46]   --->   Operation 163 'partselect' 'tmp_81' <Predicate = (icmp_ln45_84)> <Delay = 0.00>
ST_1 : Operation 164 [1/1] (0.70ns)   --->   "%icmp_ln46_84 = icmp_ne  i6 %tmp_81, i6 0" [firmware/nnet_utils/nnet_activation.h:46]   --->   Operation 164 'icmp' 'icmp_ln46_84' <Predicate = (icmp_ln45_84)> <Delay = 0.70> <CoreInst = "Cmp">   --->   Core 9 'Cmp' <Latency = 0> <II = 1> <Delay = 0.70> <FuncUnit> <Opcode : 'icmp'> <InPorts = 2> <OutPorts = 1>
ST_1 : Operation 165 [1/1] (0.00ns) (grouped into LUT with out node select_ln45_84)   --->   "%select_ln46_84 = select i1 %icmp_ln46_84, i16 65535, i16 %shl_ln46_84" [firmware/nnet_utils/nnet_activation.h:46]   --->   Operation 165 'select' 'select_ln46_84' <Predicate = (icmp_ln45_84)> <Delay = 0.00> <CoreInst = "Sel">   --->   Core 73 'Sel' <Latency = 0> <II = 1> <Delay = 0.24> <FuncUnit> <Opcode : 'select'> <InPorts = 3> <OutPorts = 1>
ST_1 : Operation 166 [1/1] (0.24ns) (out node of the LUT)   --->   "%select_ln45_84 = select i1 %icmp_ln45_84, i16 %select_ln46_84, i16 0" [firmware/nnet_utils/nnet_activation.h:45]   --->   Operation 166 'select' 'select_ln45_84' <Predicate = true> <Delay = 0.24> <CoreInst = "Sel">   --->   Core 73 'Sel' <Latency = 0> <II = 1> <Delay = 0.24> <FuncUnit> <Opcode : 'select'> <InPorts = 3> <OutPorts = 1>
ST_1 : Operation 167 [1/1] (0.78ns)   --->   "%icmp_ln45_85 = icmp_sgt  i16 %data_22_val_read, i16 0" [firmware/nnet_utils/nnet_activation.h:45]   --->   Operation 167 'icmp' 'icmp_ln45_85' <Predicate = true> <Delay = 0.78> <CoreInst = "Cmp">   --->   Core 9 'Cmp' <Latency = 0> <II = 1> <Delay = 0.78> <FuncUnit> <Opcode : 'icmp'> <InPorts = 2> <OutPorts = 1>
ST_1 : Operation 168 [1/1] (0.00ns) (grouped into LUT with out node select_ln45_85)   --->   "%shl_ln46_85 = shl i16 %data_22_val_read, i16 6" [firmware/nnet_utils/nnet_activation.h:46]   --->   Operation 168 'shl' 'shl_ln46_85' <Predicate = (!icmp_ln46_85 & icmp_ln45_85)> <Delay = 0.00>
ST_1 : Operation 169 [1/1] (0.00ns)   --->   "%tmp_82 = partselect i6 @_ssdm_op_PartSelect.i6.i16.i32.i32, i16 %data_22_val_read, i32 10, i32 15" [firmware/nnet_utils/nnet_activation.h:46]   --->   Operation 169 'partselect' 'tmp_82' <Predicate = (icmp_ln45_85)> <Delay = 0.00>
ST_1 : Operation 170 [1/1] (0.70ns)   --->   "%icmp_ln46_85 = icmp_ne  i6 %tmp_82, i6 0" [firmware/nnet_utils/nnet_activation.h:46]   --->   Operation 170 'icmp' 'icmp_ln46_85' <Predicate = (icmp_ln45_85)> <Delay = 0.70> <CoreInst = "Cmp">   --->   Core 9 'Cmp' <Latency = 0> <II = 1> <Delay = 0.70> <FuncUnit> <Opcode : 'icmp'> <InPorts = 2> <OutPorts = 1>
ST_1 : Operation 171 [1/1] (0.00ns) (grouped into LUT with out node select_ln45_85)   --->   "%select_ln46_85 = select i1 %icmp_ln46_85, i16 65535, i16 %shl_ln46_85" [firmware/nnet_utils/nnet_activation.h:46]   --->   Operation 171 'select' 'select_ln46_85' <Predicate = (icmp_ln45_85)> <Delay = 0.00> <CoreInst = "Sel">   --->   Core 73 'Sel' <Latency = 0> <II = 1> <Delay = 0.24> <FuncUnit> <Opcode : 'select'> <InPorts = 3> <OutPorts = 1>
ST_1 : Operation 172 [1/1] (0.24ns) (out node of the LUT)   --->   "%select_ln45_85 = select i1 %icmp_ln45_85, i16 %select_ln46_85, i16 0" [firmware/nnet_utils/nnet_activation.h:45]   --->   Operation 172 'select' 'select_ln45_85' <Predicate = true> <Delay = 0.24> <CoreInst = "Sel">   --->   Core 73 'Sel' <Latency = 0> <II = 1> <Delay = 0.24> <FuncUnit> <Opcode : 'select'> <InPorts = 3> <OutPorts = 1>
ST_1 : Operation 173 [1/1] (0.78ns)   --->   "%icmp_ln45_86 = icmp_sgt  i16 %data_23_val_read, i16 0" [firmware/nnet_utils/nnet_activation.h:45]   --->   Operation 173 'icmp' 'icmp_ln45_86' <Predicate = true> <Delay = 0.78> <CoreInst = "Cmp">   --->   Core 9 'Cmp' <Latency = 0> <II = 1> <Delay = 0.78> <FuncUnit> <Opcode : 'icmp'> <InPorts = 2> <OutPorts = 1>
ST_1 : Operation 174 [1/1] (0.00ns) (grouped into LUT with out node select_ln45_86)   --->   "%shl_ln46_86 = shl i16 %data_23_val_read, i16 6" [firmware/nnet_utils/nnet_activation.h:46]   --->   Operation 174 'shl' 'shl_ln46_86' <Predicate = (!icmp_ln46_86 & icmp_ln45_86)> <Delay = 0.00>
ST_1 : Operation 175 [1/1] (0.00ns)   --->   "%tmp_83 = partselect i6 @_ssdm_op_PartSelect.i6.i16.i32.i32, i16 %data_23_val_read, i32 10, i32 15" [firmware/nnet_utils/nnet_activation.h:46]   --->   Operation 175 'partselect' 'tmp_83' <Predicate = (icmp_ln45_86)> <Delay = 0.00>
ST_1 : Operation 176 [1/1] (0.70ns)   --->   "%icmp_ln46_86 = icmp_ne  i6 %tmp_83, i6 0" [firmware/nnet_utils/nnet_activation.h:46]   --->   Operation 176 'icmp' 'icmp_ln46_86' <Predicate = (icmp_ln45_86)> <Delay = 0.70> <CoreInst = "Cmp">   --->   Core 9 'Cmp' <Latency = 0> <II = 1> <Delay = 0.70> <FuncUnit> <Opcode : 'icmp'> <InPorts = 2> <OutPorts = 1>
ST_1 : Operation 177 [1/1] (0.00ns) (grouped into LUT with out node select_ln45_86)   --->   "%select_ln46_86 = select i1 %icmp_ln46_86, i16 65535, i16 %shl_ln46_86" [firmware/nnet_utils/nnet_activation.h:46]   --->   Operation 177 'select' 'select_ln46_86' <Predicate = (icmp_ln45_86)> <Delay = 0.00> <CoreInst = "Sel">   --->   Core 73 'Sel' <Latency = 0> <II = 1> <Delay = 0.24> <FuncUnit> <Opcode : 'select'> <InPorts = 3> <OutPorts = 1>
ST_1 : Operation 178 [1/1] (0.24ns) (out node of the LUT)   --->   "%select_ln45_86 = select i1 %icmp_ln45_86, i16 %select_ln46_86, i16 0" [firmware/nnet_utils/nnet_activation.h:45]   --->   Operation 178 'select' 'select_ln45_86' <Predicate = true> <Delay = 0.24> <CoreInst = "Sel">   --->   Core 73 'Sel' <Latency = 0> <II = 1> <Delay = 0.24> <FuncUnit> <Opcode : 'select'> <InPorts = 3> <OutPorts = 1>
ST_1 : Operation 179 [1/1] (0.78ns)   --->   "%icmp_ln45_87 = icmp_sgt  i16 %data_24_val_read, i16 0" [firmware/nnet_utils/nnet_activation.h:45]   --->   Operation 179 'icmp' 'icmp_ln45_87' <Predicate = true> <Delay = 0.78> <CoreInst = "Cmp">   --->   Core 9 'Cmp' <Latency = 0> <II = 1> <Delay = 0.78> <FuncUnit> <Opcode : 'icmp'> <InPorts = 2> <OutPorts = 1>
ST_1 : Operation 180 [1/1] (0.00ns) (grouped into LUT with out node select_ln45_87)   --->   "%shl_ln46_87 = shl i16 %data_24_val_read, i16 6" [firmware/nnet_utils/nnet_activation.h:46]   --->   Operation 180 'shl' 'shl_ln46_87' <Predicate = (!icmp_ln46_87 & icmp_ln45_87)> <Delay = 0.00>
ST_1 : Operation 181 [1/1] (0.00ns)   --->   "%tmp_84 = partselect i6 @_ssdm_op_PartSelect.i6.i16.i32.i32, i16 %data_24_val_read, i32 10, i32 15" [firmware/nnet_utils/nnet_activation.h:46]   --->   Operation 181 'partselect' 'tmp_84' <Predicate = (icmp_ln45_87)> <Delay = 0.00>
ST_1 : Operation 182 [1/1] (0.70ns)   --->   "%icmp_ln46_87 = icmp_ne  i6 %tmp_84, i6 0" [firmware/nnet_utils/nnet_activation.h:46]   --->   Operation 182 'icmp' 'icmp_ln46_87' <Predicate = (icmp_ln45_87)> <Delay = 0.70> <CoreInst = "Cmp">   --->   Core 9 'Cmp' <Latency = 0> <II = 1> <Delay = 0.70> <FuncUnit> <Opcode : 'icmp'> <InPorts = 2> <OutPorts = 1>
ST_1 : Operation 183 [1/1] (0.00ns) (grouped into LUT with out node select_ln45_87)   --->   "%select_ln46_87 = select i1 %icmp_ln46_87, i16 65535, i16 %shl_ln46_87" [firmware/nnet_utils/nnet_activation.h:46]   --->   Operation 183 'select' 'select_ln46_87' <Predicate = (icmp_ln45_87)> <Delay = 0.00> <CoreInst = "Sel">   --->   Core 73 'Sel' <Latency = 0> <II = 1> <Delay = 0.24> <FuncUnit> <Opcode : 'select'> <InPorts = 3> <OutPorts = 1>
ST_1 : Operation 184 [1/1] (0.24ns) (out node of the LUT)   --->   "%select_ln45_87 = select i1 %icmp_ln45_87, i16 %select_ln46_87, i16 0" [firmware/nnet_utils/nnet_activation.h:45]   --->   Operation 184 'select' 'select_ln45_87' <Predicate = true> <Delay = 0.24> <CoreInst = "Sel">   --->   Core 73 'Sel' <Latency = 0> <II = 1> <Delay = 0.24> <FuncUnit> <Opcode : 'select'> <InPorts = 3> <OutPorts = 1>
ST_1 : Operation 185 [1/1] (0.78ns)   --->   "%icmp_ln45_88 = icmp_sgt  i16 %data_25_val_read, i16 0" [firmware/nnet_utils/nnet_activation.h:45]   --->   Operation 185 'icmp' 'icmp_ln45_88' <Predicate = true> <Delay = 0.78> <CoreInst = "Cmp">   --->   Core 9 'Cmp' <Latency = 0> <II = 1> <Delay = 0.78> <FuncUnit> <Opcode : 'icmp'> <InPorts = 2> <OutPorts = 1>
ST_1 : Operation 186 [1/1] (0.00ns) (grouped into LUT with out node select_ln45_88)   --->   "%shl_ln46_88 = shl i16 %data_25_val_read, i16 6" [firmware/nnet_utils/nnet_activation.h:46]   --->   Operation 186 'shl' 'shl_ln46_88' <Predicate = (!icmp_ln46_88 & icmp_ln45_88)> <Delay = 0.00>
ST_1 : Operation 187 [1/1] (0.00ns)   --->   "%tmp_85 = partselect i6 @_ssdm_op_PartSelect.i6.i16.i32.i32, i16 %data_25_val_read, i32 10, i32 15" [firmware/nnet_utils/nnet_activation.h:46]   --->   Operation 187 'partselect' 'tmp_85' <Predicate = (icmp_ln45_88)> <Delay = 0.00>
ST_1 : Operation 188 [1/1] (0.70ns)   --->   "%icmp_ln46_88 = icmp_ne  i6 %tmp_85, i6 0" [firmware/nnet_utils/nnet_activation.h:46]   --->   Operation 188 'icmp' 'icmp_ln46_88' <Predicate = (icmp_ln45_88)> <Delay = 0.70> <CoreInst = "Cmp">   --->   Core 9 'Cmp' <Latency = 0> <II = 1> <Delay = 0.70> <FuncUnit> <Opcode : 'icmp'> <InPorts = 2> <OutPorts = 1>
ST_1 : Operation 189 [1/1] (0.00ns) (grouped into LUT with out node select_ln45_88)   --->   "%select_ln46_88 = select i1 %icmp_ln46_88, i16 65535, i16 %shl_ln46_88" [firmware/nnet_utils/nnet_activation.h:46]   --->   Operation 189 'select' 'select_ln46_88' <Predicate = (icmp_ln45_88)> <Delay = 0.00> <CoreInst = "Sel">   --->   Core 73 'Sel' <Latency = 0> <II = 1> <Delay = 0.24> <FuncUnit> <Opcode : 'select'> <InPorts = 3> <OutPorts = 1>
ST_1 : Operation 190 [1/1] (0.24ns) (out node of the LUT)   --->   "%select_ln45_88 = select i1 %icmp_ln45_88, i16 %select_ln46_88, i16 0" [firmware/nnet_utils/nnet_activation.h:45]   --->   Operation 190 'select' 'select_ln45_88' <Predicate = true> <Delay = 0.24> <CoreInst = "Sel">   --->   Core 73 'Sel' <Latency = 0> <II = 1> <Delay = 0.24> <FuncUnit> <Opcode : 'select'> <InPorts = 3> <OutPorts = 1>
ST_1 : Operation 191 [1/1] (0.78ns)   --->   "%icmp_ln45_89 = icmp_sgt  i16 %data_26_val_read, i16 0" [firmware/nnet_utils/nnet_activation.h:45]   --->   Operation 191 'icmp' 'icmp_ln45_89' <Predicate = true> <Delay = 0.78> <CoreInst = "Cmp">   --->   Core 9 'Cmp' <Latency = 0> <II = 1> <Delay = 0.78> <FuncUnit> <Opcode : 'icmp'> <InPorts = 2> <OutPorts = 1>
ST_1 : Operation 192 [1/1] (0.00ns) (grouped into LUT with out node select_ln45_89)   --->   "%shl_ln46_89 = shl i16 %data_26_val_read, i16 6" [firmware/nnet_utils/nnet_activation.h:46]   --->   Operation 192 'shl' 'shl_ln46_89' <Predicate = (!icmp_ln46_89 & icmp_ln45_89)> <Delay = 0.00>
ST_1 : Operation 193 [1/1] (0.00ns)   --->   "%tmp_86 = partselect i6 @_ssdm_op_PartSelect.i6.i16.i32.i32, i16 %data_26_val_read, i32 10, i32 15" [firmware/nnet_utils/nnet_activation.h:46]   --->   Operation 193 'partselect' 'tmp_86' <Predicate = (icmp_ln45_89)> <Delay = 0.00>
ST_1 : Operation 194 [1/1] (0.70ns)   --->   "%icmp_ln46_89 = icmp_ne  i6 %tmp_86, i6 0" [firmware/nnet_utils/nnet_activation.h:46]   --->   Operation 194 'icmp' 'icmp_ln46_89' <Predicate = (icmp_ln45_89)> <Delay = 0.70> <CoreInst = "Cmp">   --->   Core 9 'Cmp' <Latency = 0> <II = 1> <Delay = 0.70> <FuncUnit> <Opcode : 'icmp'> <InPorts = 2> <OutPorts = 1>
ST_1 : Operation 195 [1/1] (0.00ns) (grouped into LUT with out node select_ln45_89)   --->   "%select_ln46_89 = select i1 %icmp_ln46_89, i16 65535, i16 %shl_ln46_89" [firmware/nnet_utils/nnet_activation.h:46]   --->   Operation 195 'select' 'select_ln46_89' <Predicate = (icmp_ln45_89)> <Delay = 0.00> <CoreInst = "Sel">   --->   Core 73 'Sel' <Latency = 0> <II = 1> <Delay = 0.24> <FuncUnit> <Opcode : 'select'> <InPorts = 3> <OutPorts = 1>
ST_1 : Operation 196 [1/1] (0.24ns) (out node of the LUT)   --->   "%select_ln45_89 = select i1 %icmp_ln45_89, i16 %select_ln46_89, i16 0" [firmware/nnet_utils/nnet_activation.h:45]   --->   Operation 196 'select' 'select_ln45_89' <Predicate = true> <Delay = 0.24> <CoreInst = "Sel">   --->   Core 73 'Sel' <Latency = 0> <II = 1> <Delay = 0.24> <FuncUnit> <Opcode : 'select'> <InPorts = 3> <OutPorts = 1>
ST_1 : Operation 197 [1/1] (0.78ns)   --->   "%icmp_ln45_90 = icmp_sgt  i16 %data_27_val_read, i16 0" [firmware/nnet_utils/nnet_activation.h:45]   --->   Operation 197 'icmp' 'icmp_ln45_90' <Predicate = true> <Delay = 0.78> <CoreInst = "Cmp">   --->   Core 9 'Cmp' <Latency = 0> <II = 1> <Delay = 0.78> <FuncUnit> <Opcode : 'icmp'> <InPorts = 2> <OutPorts = 1>
ST_1 : Operation 198 [1/1] (0.00ns) (grouped into LUT with out node select_ln45_90)   --->   "%shl_ln46_90 = shl i16 %data_27_val_read, i16 6" [firmware/nnet_utils/nnet_activation.h:46]   --->   Operation 198 'shl' 'shl_ln46_90' <Predicate = (!icmp_ln46_90 & icmp_ln45_90)> <Delay = 0.00>
ST_1 : Operation 199 [1/1] (0.00ns)   --->   "%tmp_87 = partselect i6 @_ssdm_op_PartSelect.i6.i16.i32.i32, i16 %data_27_val_read, i32 10, i32 15" [firmware/nnet_utils/nnet_activation.h:46]   --->   Operation 199 'partselect' 'tmp_87' <Predicate = (icmp_ln45_90)> <Delay = 0.00>
ST_1 : Operation 200 [1/1] (0.70ns)   --->   "%icmp_ln46_90 = icmp_ne  i6 %tmp_87, i6 0" [firmware/nnet_utils/nnet_activation.h:46]   --->   Operation 200 'icmp' 'icmp_ln46_90' <Predicate = (icmp_ln45_90)> <Delay = 0.70> <CoreInst = "Cmp">   --->   Core 9 'Cmp' <Latency = 0> <II = 1> <Delay = 0.70> <FuncUnit> <Opcode : 'icmp'> <InPorts = 2> <OutPorts = 1>
ST_1 : Operation 201 [1/1] (0.00ns) (grouped into LUT with out node select_ln45_90)   --->   "%select_ln46_90 = select i1 %icmp_ln46_90, i16 65535, i16 %shl_ln46_90" [firmware/nnet_utils/nnet_activation.h:46]   --->   Operation 201 'select' 'select_ln46_90' <Predicate = (icmp_ln45_90)> <Delay = 0.00> <CoreInst = "Sel">   --->   Core 73 'Sel' <Latency = 0> <II = 1> <Delay = 0.24> <FuncUnit> <Opcode : 'select'> <InPorts = 3> <OutPorts = 1>
ST_1 : Operation 202 [1/1] (0.24ns) (out node of the LUT)   --->   "%select_ln45_90 = select i1 %icmp_ln45_90, i16 %select_ln46_90, i16 0" [firmware/nnet_utils/nnet_activation.h:45]   --->   Operation 202 'select' 'select_ln45_90' <Predicate = true> <Delay = 0.24> <CoreInst = "Sel">   --->   Core 73 'Sel' <Latency = 0> <II = 1> <Delay = 0.24> <FuncUnit> <Opcode : 'select'> <InPorts = 3> <OutPorts = 1>
ST_1 : Operation 203 [1/1] (0.78ns)   --->   "%icmp_ln45_91 = icmp_sgt  i16 %data_28_val_read, i16 0" [firmware/nnet_utils/nnet_activation.h:45]   --->   Operation 203 'icmp' 'icmp_ln45_91' <Predicate = true> <Delay = 0.78> <CoreInst = "Cmp">   --->   Core 9 'Cmp' <Latency = 0> <II = 1> <Delay = 0.78> <FuncUnit> <Opcode : 'icmp'> <InPorts = 2> <OutPorts = 1>
ST_1 : Operation 204 [1/1] (0.00ns) (grouped into LUT with out node select_ln45_91)   --->   "%shl_ln46_91 = shl i16 %data_28_val_read, i16 6" [firmware/nnet_utils/nnet_activation.h:46]   --->   Operation 204 'shl' 'shl_ln46_91' <Predicate = (!icmp_ln46_91 & icmp_ln45_91)> <Delay = 0.00>
ST_1 : Operation 205 [1/1] (0.00ns)   --->   "%tmp_88 = partselect i6 @_ssdm_op_PartSelect.i6.i16.i32.i32, i16 %data_28_val_read, i32 10, i32 15" [firmware/nnet_utils/nnet_activation.h:46]   --->   Operation 205 'partselect' 'tmp_88' <Predicate = (icmp_ln45_91)> <Delay = 0.00>
ST_1 : Operation 206 [1/1] (0.70ns)   --->   "%icmp_ln46_91 = icmp_ne  i6 %tmp_88, i6 0" [firmware/nnet_utils/nnet_activation.h:46]   --->   Operation 206 'icmp' 'icmp_ln46_91' <Predicate = (icmp_ln45_91)> <Delay = 0.70> <CoreInst = "Cmp">   --->   Core 9 'Cmp' <Latency = 0> <II = 1> <Delay = 0.70> <FuncUnit> <Opcode : 'icmp'> <InPorts = 2> <OutPorts = 1>
ST_1 : Operation 207 [1/1] (0.00ns) (grouped into LUT with out node select_ln45_91)   --->   "%select_ln46_91 = select i1 %icmp_ln46_91, i16 65535, i16 %shl_ln46_91" [firmware/nnet_utils/nnet_activation.h:46]   --->   Operation 207 'select' 'select_ln46_91' <Predicate = (icmp_ln45_91)> <Delay = 0.00> <CoreInst = "Sel">   --->   Core 73 'Sel' <Latency = 0> <II = 1> <Delay = 0.24> <FuncUnit> <Opcode : 'select'> <InPorts = 3> <OutPorts = 1>
ST_1 : Operation 208 [1/1] (0.24ns) (out node of the LUT)   --->   "%select_ln45_91 = select i1 %icmp_ln45_91, i16 %select_ln46_91, i16 0" [firmware/nnet_utils/nnet_activation.h:45]   --->   Operation 208 'select' 'select_ln45_91' <Predicate = true> <Delay = 0.24> <CoreInst = "Sel">   --->   Core 73 'Sel' <Latency = 0> <II = 1> <Delay = 0.24> <FuncUnit> <Opcode : 'select'> <InPorts = 3> <OutPorts = 1>
ST_1 : Operation 209 [1/1] (0.78ns)   --->   "%icmp_ln45_92 = icmp_sgt  i16 %data_29_val_read, i16 0" [firmware/nnet_utils/nnet_activation.h:45]   --->   Operation 209 'icmp' 'icmp_ln45_92' <Predicate = true> <Delay = 0.78> <CoreInst = "Cmp">   --->   Core 9 'Cmp' <Latency = 0> <II = 1> <Delay = 0.78> <FuncUnit> <Opcode : 'icmp'> <InPorts = 2> <OutPorts = 1>
ST_1 : Operation 210 [1/1] (0.00ns) (grouped into LUT with out node select_ln45_92)   --->   "%shl_ln46_92 = shl i16 %data_29_val_read, i16 6" [firmware/nnet_utils/nnet_activation.h:46]   --->   Operation 210 'shl' 'shl_ln46_92' <Predicate = (!icmp_ln46_92 & icmp_ln45_92)> <Delay = 0.00>
ST_1 : Operation 211 [1/1] (0.00ns)   --->   "%tmp_89 = partselect i6 @_ssdm_op_PartSelect.i6.i16.i32.i32, i16 %data_29_val_read, i32 10, i32 15" [firmware/nnet_utils/nnet_activation.h:46]   --->   Operation 211 'partselect' 'tmp_89' <Predicate = (icmp_ln45_92)> <Delay = 0.00>
ST_1 : Operation 212 [1/1] (0.70ns)   --->   "%icmp_ln46_92 = icmp_ne  i6 %tmp_89, i6 0" [firmware/nnet_utils/nnet_activation.h:46]   --->   Operation 212 'icmp' 'icmp_ln46_92' <Predicate = (icmp_ln45_92)> <Delay = 0.70> <CoreInst = "Cmp">   --->   Core 9 'Cmp' <Latency = 0> <II = 1> <Delay = 0.70> <FuncUnit> <Opcode : 'icmp'> <InPorts = 2> <OutPorts = 1>
ST_1 : Operation 213 [1/1] (0.00ns) (grouped into LUT with out node select_ln45_92)   --->   "%select_ln46_92 = select i1 %icmp_ln46_92, i16 65535, i16 %shl_ln46_92" [firmware/nnet_utils/nnet_activation.h:46]   --->   Operation 213 'select' 'select_ln46_92' <Predicate = (icmp_ln45_92)> <Delay = 0.00> <CoreInst = "Sel">   --->   Core 73 'Sel' <Latency = 0> <II = 1> <Delay = 0.24> <FuncUnit> <Opcode : 'select'> <InPorts = 3> <OutPorts = 1>
ST_1 : Operation 214 [1/1] (0.24ns) (out node of the LUT)   --->   "%select_ln45_92 = select i1 %icmp_ln45_92, i16 %select_ln46_92, i16 0" [firmware/nnet_utils/nnet_activation.h:45]   --->   Operation 214 'select' 'select_ln45_92' <Predicate = true> <Delay = 0.24> <CoreInst = "Sel">   --->   Core 73 'Sel' <Latency = 0> <II = 1> <Delay = 0.24> <FuncUnit> <Opcode : 'select'> <InPorts = 3> <OutPorts = 1>
ST_1 : Operation 215 [1/1] (0.78ns)   --->   "%icmp_ln45_93 = icmp_sgt  i16 %data_30_val_read, i16 0" [firmware/nnet_utils/nnet_activation.h:45]   --->   Operation 215 'icmp' 'icmp_ln45_93' <Predicate = true> <Delay = 0.78> <CoreInst = "Cmp">   --->   Core 9 'Cmp' <Latency = 0> <II = 1> <Delay = 0.78> <FuncUnit> <Opcode : 'icmp'> <InPorts = 2> <OutPorts = 1>
ST_1 : Operation 216 [1/1] (0.00ns) (grouped into LUT with out node select_ln45_93)   --->   "%shl_ln46_93 = shl i16 %data_30_val_read, i16 6" [firmware/nnet_utils/nnet_activation.h:46]   --->   Operation 216 'shl' 'shl_ln46_93' <Predicate = (!icmp_ln46_93 & icmp_ln45_93)> <Delay = 0.00>
ST_1 : Operation 217 [1/1] (0.00ns)   --->   "%tmp_90 = partselect i6 @_ssdm_op_PartSelect.i6.i16.i32.i32, i16 %data_30_val_read, i32 10, i32 15" [firmware/nnet_utils/nnet_activation.h:46]   --->   Operation 217 'partselect' 'tmp_90' <Predicate = (icmp_ln45_93)> <Delay = 0.00>
ST_1 : Operation 218 [1/1] (0.70ns)   --->   "%icmp_ln46_93 = icmp_ne  i6 %tmp_90, i6 0" [firmware/nnet_utils/nnet_activation.h:46]   --->   Operation 218 'icmp' 'icmp_ln46_93' <Predicate = (icmp_ln45_93)> <Delay = 0.70> <CoreInst = "Cmp">   --->   Core 9 'Cmp' <Latency = 0> <II = 1> <Delay = 0.70> <FuncUnit> <Opcode : 'icmp'> <InPorts = 2> <OutPorts = 1>
ST_1 : Operation 219 [1/1] (0.00ns) (grouped into LUT with out node select_ln45_93)   --->   "%select_ln46_93 = select i1 %icmp_ln46_93, i16 65535, i16 %shl_ln46_93" [firmware/nnet_utils/nnet_activation.h:46]   --->   Operation 219 'select' 'select_ln46_93' <Predicate = (icmp_ln45_93)> <Delay = 0.00> <CoreInst = "Sel">   --->   Core 73 'Sel' <Latency = 0> <II = 1> <Delay = 0.24> <FuncUnit> <Opcode : 'select'> <InPorts = 3> <OutPorts = 1>
ST_1 : Operation 220 [1/1] (0.24ns) (out node of the LUT)   --->   "%select_ln45_93 = select i1 %icmp_ln45_93, i16 %select_ln46_93, i16 0" [firmware/nnet_utils/nnet_activation.h:45]   --->   Operation 220 'select' 'select_ln45_93' <Predicate = true> <Delay = 0.24> <CoreInst = "Sel">   --->   Core 73 'Sel' <Latency = 0> <II = 1> <Delay = 0.24> <FuncUnit> <Opcode : 'select'> <InPorts = 3> <OutPorts = 1>
ST_1 : Operation 221 [1/1] (0.78ns)   --->   "%icmp_ln45_94 = icmp_sgt  i16 %data_31_val_read, i16 0" [firmware/nnet_utils/nnet_activation.h:45]   --->   Operation 221 'icmp' 'icmp_ln45_94' <Predicate = true> <Delay = 0.78> <CoreInst = "Cmp">   --->   Core 9 'Cmp' <Latency = 0> <II = 1> <Delay = 0.78> <FuncUnit> <Opcode : 'icmp'> <InPorts = 2> <OutPorts = 1>
ST_1 : Operation 222 [1/1] (0.00ns) (grouped into LUT with out node select_ln45_94)   --->   "%shl_ln46_94 = shl i16 %data_31_val_read, i16 6" [firmware/nnet_utils/nnet_activation.h:46]   --->   Operation 222 'shl' 'shl_ln46_94' <Predicate = (!icmp_ln46_94 & icmp_ln45_94)> <Delay = 0.00>
ST_1 : Operation 223 [1/1] (0.00ns)   --->   "%tmp_91 = partselect i6 @_ssdm_op_PartSelect.i6.i16.i32.i32, i16 %data_31_val_read, i32 10, i32 15" [firmware/nnet_utils/nnet_activation.h:46]   --->   Operation 223 'partselect' 'tmp_91' <Predicate = (icmp_ln45_94)> <Delay = 0.00>
ST_1 : Operation 224 [1/1] (0.70ns)   --->   "%icmp_ln46_94 = icmp_ne  i6 %tmp_91, i6 0" [firmware/nnet_utils/nnet_activation.h:46]   --->   Operation 224 'icmp' 'icmp_ln46_94' <Predicate = (icmp_ln45_94)> <Delay = 0.70> <CoreInst = "Cmp">   --->   Core 9 'Cmp' <Latency = 0> <II = 1> <Delay = 0.70> <FuncUnit> <Opcode : 'icmp'> <InPorts = 2> <OutPorts = 1>
ST_1 : Operation 225 [1/1] (0.00ns) (grouped into LUT with out node select_ln45_94)   --->   "%select_ln46_94 = select i1 %icmp_ln46_94, i16 65535, i16 %shl_ln46_94" [firmware/nnet_utils/nnet_activation.h:46]   --->   Operation 225 'select' 'select_ln46_94' <Predicate = (icmp_ln45_94)> <Delay = 0.00> <CoreInst = "Sel">   --->   Core 73 'Sel' <Latency = 0> <II = 1> <Delay = 0.24> <FuncUnit> <Opcode : 'select'> <InPorts = 3> <OutPorts = 1>
ST_1 : Operation 226 [1/1] (0.24ns) (out node of the LUT)   --->   "%select_ln45_94 = select i1 %icmp_ln45_94, i16 %select_ln46_94, i16 0" [firmware/nnet_utils/nnet_activation.h:45]   --->   Operation 226 'select' 'select_ln45_94' <Predicate = true> <Delay = 0.24> <CoreInst = "Sel">   --->   Core 73 'Sel' <Latency = 0> <II = 1> <Delay = 0.24> <FuncUnit> <Opcode : 'select'> <InPorts = 3> <OutPorts = 1>
ST_1 : Operation 227 [1/1] (0.00ns)   --->   "%mrv = insertvalue i512 <undef>, i16 %select_ln45" [firmware/nnet_utils/nnet_activation.h:50]   --->   Operation 227 'insertvalue' 'mrv' <Predicate = true> <Delay = 0.00>
ST_1 : Operation 228 [1/1] (0.00ns)   --->   "%mrv_1 = insertvalue i512 %mrv, i16 %select_ln45_64" [firmware/nnet_utils/nnet_activation.h:50]   --->   Operation 228 'insertvalue' 'mrv_1' <Predicate = true> <Delay = 0.00>
ST_1 : Operation 229 [1/1] (0.00ns)   --->   "%mrv_2 = insertvalue i512 %mrv_1, i16 %select_ln45_65" [firmware/nnet_utils/nnet_activation.h:50]   --->   Operation 229 'insertvalue' 'mrv_2' <Predicate = true> <Delay = 0.00>
ST_1 : Operation 230 [1/1] (0.00ns)   --->   "%mrv_3 = insertvalue i512 %mrv_2, i16 %select_ln45_66" [firmware/nnet_utils/nnet_activation.h:50]   --->   Operation 230 'insertvalue' 'mrv_3' <Predicate = true> <Delay = 0.00>
ST_1 : Operation 231 [1/1] (0.00ns)   --->   "%mrv_4 = insertvalue i512 %mrv_3, i16 %select_ln45_67" [firmware/nnet_utils/nnet_activation.h:50]   --->   Operation 231 'insertvalue' 'mrv_4' <Predicate = true> <Delay = 0.00>
ST_1 : Operation 232 [1/1] (0.00ns)   --->   "%mrv_5 = insertvalue i512 %mrv_4, i16 %select_ln45_68" [firmware/nnet_utils/nnet_activation.h:50]   --->   Operation 232 'insertvalue' 'mrv_5' <Predicate = true> <Delay = 0.00>
ST_1 : Operation 233 [1/1] (0.00ns)   --->   "%mrv_6 = insertvalue i512 %mrv_5, i16 %select_ln45_69" [firmware/nnet_utils/nnet_activation.h:50]   --->   Operation 233 'insertvalue' 'mrv_6' <Predicate = true> <Delay = 0.00>
ST_1 : Operation 234 [1/1] (0.00ns)   --->   "%mrv_7 = insertvalue i512 %mrv_6, i16 %select_ln45_70" [firmware/nnet_utils/nnet_activation.h:50]   --->   Operation 234 'insertvalue' 'mrv_7' <Predicate = true> <Delay = 0.00>
ST_1 : Operation 235 [1/1] (0.00ns)   --->   "%mrv_8 = insertvalue i512 %mrv_7, i16 %select_ln45_71" [firmware/nnet_utils/nnet_activation.h:50]   --->   Operation 235 'insertvalue' 'mrv_8' <Predicate = true> <Delay = 0.00>
ST_1 : Operation 236 [1/1] (0.00ns)   --->   "%mrv_9 = insertvalue i512 %mrv_8, i16 %select_ln45_72" [firmware/nnet_utils/nnet_activation.h:50]   --->   Operation 236 'insertvalue' 'mrv_9' <Predicate = true> <Delay = 0.00>
ST_1 : Operation 237 [1/1] (0.00ns)   --->   "%mrv_10 = insertvalue i512 %mrv_9, i16 %select_ln45_73" [firmware/nnet_utils/nnet_activation.h:50]   --->   Operation 237 'insertvalue' 'mrv_10' <Predicate = true> <Delay = 0.00>
ST_1 : Operation 238 [1/1] (0.00ns)   --->   "%mrv_11 = insertvalue i512 %mrv_10, i16 %select_ln45_74" [firmware/nnet_utils/nnet_activation.h:50]   --->   Operation 238 'insertvalue' 'mrv_11' <Predicate = true> <Delay = 0.00>
ST_1 : Operation 239 [1/1] (0.00ns)   --->   "%mrv_12 = insertvalue i512 %mrv_11, i16 %select_ln45_75" [firmware/nnet_utils/nnet_activation.h:50]   --->   Operation 239 'insertvalue' 'mrv_12' <Predicate = true> <Delay = 0.00>
ST_1 : Operation 240 [1/1] (0.00ns)   --->   "%mrv_13 = insertvalue i512 %mrv_12, i16 %select_ln45_76" [firmware/nnet_utils/nnet_activation.h:50]   --->   Operation 240 'insertvalue' 'mrv_13' <Predicate = true> <Delay = 0.00>
ST_1 : Operation 241 [1/1] (0.00ns)   --->   "%mrv_14 = insertvalue i512 %mrv_13, i16 %select_ln45_77" [firmware/nnet_utils/nnet_activation.h:50]   --->   Operation 241 'insertvalue' 'mrv_14' <Predicate = true> <Delay = 0.00>
ST_1 : Operation 242 [1/1] (0.00ns)   --->   "%mrv_15 = insertvalue i512 %mrv_14, i16 %select_ln45_78" [firmware/nnet_utils/nnet_activation.h:50]   --->   Operation 242 'insertvalue' 'mrv_15' <Predicate = true> <Delay = 0.00>
ST_1 : Operation 243 [1/1] (0.00ns)   --->   "%mrv_16 = insertvalue i512 %mrv_15, i16 %select_ln45_79" [firmware/nnet_utils/nnet_activation.h:50]   --->   Operation 243 'insertvalue' 'mrv_16' <Predicate = true> <Delay = 0.00>
ST_1 : Operation 244 [1/1] (0.00ns)   --->   "%mrv_17 = insertvalue i512 %mrv_16, i16 %select_ln45_80" [firmware/nnet_utils/nnet_activation.h:50]   --->   Operation 244 'insertvalue' 'mrv_17' <Predicate = true> <Delay = 0.00>
ST_1 : Operation 245 [1/1] (0.00ns)   --->   "%mrv_18 = insertvalue i512 %mrv_17, i16 %select_ln45_81" [firmware/nnet_utils/nnet_activation.h:50]   --->   Operation 245 'insertvalue' 'mrv_18' <Predicate = true> <Delay = 0.00>
ST_1 : Operation 246 [1/1] (0.00ns)   --->   "%mrv_19 = insertvalue i512 %mrv_18, i16 %select_ln45_82" [firmware/nnet_utils/nnet_activation.h:50]   --->   Operation 246 'insertvalue' 'mrv_19' <Predicate = true> <Delay = 0.00>
ST_1 : Operation 247 [1/1] (0.00ns)   --->   "%mrv_20 = insertvalue i512 %mrv_19, i16 %select_ln45_83" [firmware/nnet_utils/nnet_activation.h:50]   --->   Operation 247 'insertvalue' 'mrv_20' <Predicate = true> <Delay = 0.00>
ST_1 : Operation 248 [1/1] (0.00ns)   --->   "%mrv_21 = insertvalue i512 %mrv_20, i16 %select_ln45_84" [firmware/nnet_utils/nnet_activation.h:50]   --->   Operation 248 'insertvalue' 'mrv_21' <Predicate = true> <Delay = 0.00>
ST_1 : Operation 249 [1/1] (0.00ns)   --->   "%mrv_22 = insertvalue i512 %mrv_21, i16 %select_ln45_85" [firmware/nnet_utils/nnet_activation.h:50]   --->   Operation 249 'insertvalue' 'mrv_22' <Predicate = true> <Delay = 0.00>
ST_1 : Operation 250 [1/1] (0.00ns)   --->   "%mrv_23 = insertvalue i512 %mrv_22, i16 %select_ln45_86" [firmware/nnet_utils/nnet_activation.h:50]   --->   Operation 250 'insertvalue' 'mrv_23' <Predicate = true> <Delay = 0.00>
ST_1 : Operation 251 [1/1] (0.00ns)   --->   "%mrv_24 = insertvalue i512 %mrv_23, i16 %select_ln45_87" [firmware/nnet_utils/nnet_activation.h:50]   --->   Operation 251 'insertvalue' 'mrv_24' <Predicate = true> <Delay = 0.00>
ST_1 : Operation 252 [1/1] (0.00ns)   --->   "%mrv_25 = insertvalue i512 %mrv_24, i16 %select_ln45_88" [firmware/nnet_utils/nnet_activation.h:50]   --->   Operation 252 'insertvalue' 'mrv_25' <Predicate = true> <Delay = 0.00>
ST_1 : Operation 253 [1/1] (0.00ns)   --->   "%mrv_26 = insertvalue i512 %mrv_25, i16 %select_ln45_89" [firmware/nnet_utils/nnet_activation.h:50]   --->   Operation 253 'insertvalue' 'mrv_26' <Predicate = true> <Delay = 0.00>
ST_1 : Operation 254 [1/1] (0.00ns)   --->   "%mrv_27 = insertvalue i512 %mrv_26, i16 %select_ln45_90" [firmware/nnet_utils/nnet_activation.h:50]   --->   Operation 254 'insertvalue' 'mrv_27' <Predicate = true> <Delay = 0.00>
ST_1 : Operation 255 [1/1] (0.00ns)   --->   "%mrv_28 = insertvalue i512 %mrv_27, i16 %select_ln45_91" [firmware/nnet_utils/nnet_activation.h:50]   --->   Operation 255 'insertvalue' 'mrv_28' <Predicate = true> <Delay = 0.00>
ST_1 : Operation 256 [1/1] (0.00ns)   --->   "%mrv_29 = insertvalue i512 %mrv_28, i16 %select_ln45_92" [firmware/nnet_utils/nnet_activation.h:50]   --->   Operation 256 'insertvalue' 'mrv_29' <Predicate = true> <Delay = 0.00>
ST_1 : Operation 257 [1/1] (0.00ns)   --->   "%mrv_30 = insertvalue i512 %mrv_29, i16 %select_ln45_93" [firmware/nnet_utils/nnet_activation.h:50]   --->   Operation 257 'insertvalue' 'mrv_30' <Predicate = true> <Delay = 0.00>
ST_1 : Operation 258 [1/1] (0.00ns)   --->   "%mrv_31 = insertvalue i512 %mrv_30, i16 %select_ln45_94" [firmware/nnet_utils/nnet_activation.h:50]   --->   Operation 258 'insertvalue' 'mrv_31' <Predicate = true> <Delay = 0.00>
ST_1 : Operation 259 [1/1] (0.00ns)   --->   "%ret_ln50 = ret i512 %mrv_31" [firmware/nnet_utils/nnet_activation.h:50]   --->   Operation 259 'ret' 'ret_ln50' <Predicate = true> <Delay = 0.00>


============================================================
+ Verbose Summary: Timing violations
============================================================
Target clock period: 5.000ns, clock uncertainty: 0.625ns.

 <State 1>: 1.028ns
The critical path consists of the following:
	wire read operation ('data_0_val_read', firmware/nnet_utils/nnet_activation.h:42) on port 'data_0_val' (firmware/nnet_utils/nnet_activation.h:42) [65]  (0.000 ns)
	'icmp' operation ('icmp_ln45', firmware/nnet_utils/nnet_activation.h:45) [66]  (0.785 ns)
	'select' operation ('select_ln45', firmware/nnet_utils/nnet_activation.h:45) [71]  (0.243 ns)


============================================================
+ Verbose Summary: Binding
============================================================
N/A
* FSMD analyzer results:
  - Output states:
 - Input state : 
  - Chain level:
	State 1


============================================================
+ Verbose Summary: Datapath Resource usage 
============================================================
N/A
